
2023-05-06T01:55:50.229Z ::1 GET /api/v1/products/search/suggest?keyword=
2023-05-06T01:55:50.238Z ::1 GET /api/v1/products/search/suggest?keyword= (404)
2023-05-06T01:55:50.240Z ::1 GET /api/v1/categories?fields=name%20slug%20image
2023-05-06T01:55:50.257Z ::1 GET /api/v1/brands?fields=name%20slug%20image
2023-05-06T01:55:50.268Z ::1 GET /api/v1/discounts?fields=name,desc,code,beginDate,endDate,quantity,unlimitedQty,discount,discountType,minimumTotal,maximumApplied,image
2023-05-06T01:55:51.000Z ::1 GET /api/v1/products?search=&page=1&limit=20&b=&c=
2023-05-06T01:55:51.228Z ::1 GET /api/v1/products/best-seller
2023-05-06T01:56:01.021Z ::1 GET /api/v1/products?search=&page=1&limit=20&b=&c= (500)
2023-05-06T01:56:01.255Z ::1 GET /api/v1/products/best-seller (500)
2023-05-06T03:09:15.459Z ::1 GET /api/v1/products/search/suggest?keyword=
2023-05-06T03:09:15.479Z ::1 GET /api/v1/products/search/suggest?keyword= (404)
2023-05-06T03:09:15.497Z ::1 GET /api/v1/categories?fields=name%20slug%20image
2023-05-06T03:09:15.596Z ::1 GET /api/v1/brands?fields=name%20slug%20image
2023-05-06T03:09:15.620Z ::1 GET /api/v1/discounts?fields=name,desc,code,beginDate,endDate,quantity,unlimitedQty,discount,discountType,minimumTotal,maximumApplied,image
2023-05-06T03:09:15.985Z ::1 GET /api/v1/products?search=&page=1&limit=20&b=&c=
2023-05-06T03:09:16.152Z ::1 GET /api/v1/products/best-seller
2023-05-06T03:09:25.369Z ::1 POST /api/v1/auth/google
2023-05-06T03:09:25.743Z ::1 POST /api/v1/auth/google (500)
2023-05-06T03:09:30.217Z ::1 POST /api/v1/auth/google
2023-05-06T03:09:30.436Z ::1 POST /api/v1/auth/google (500)
2023-05-06T03:09:41.169Z ::1 POST /api/v1/auth/login
2023-05-06T03:09:51.198Z ::1 POST /api/v1/auth/login (500)
2023-05-06T03:10:24.943Z ::ffff:127.0.0.1 POST /api/v1/auth/login
2023-05-06T03:10:34.967Z ::ffff:127.0.0.1 POST /api/v1/auth/login (500)
2023-05-06T03:11:30.392Z ::ffff:127.0.0.1 POST /api/v1/auth/login
2023-05-06T03:11:40.456Z ::ffff:127.0.0.1 POST /api/v1/auth/login (500)
2023-05-06T03:12:10.457Z ::ffff:127.0.0.1 POST /api/v1/auth/login
2023-05-06T03:12:10.493Z ::ffff:127.0.0.1 POST /login (200)
2023-05-06T16:04:58.158Z ::1 GET /api/v1/products/search/suggest?keyword=
2023-05-06T16:04:58.173Z ::1 GET /api/v1/products/search/suggest?keyword= (404)
2023-05-06T16:04:58.177Z ::1 GET /api/v1/categories?fields=name%20slug%20image
2023-05-06T16:04:58.202Z ::1 GET /api/v1/brands?fields=name%20slug%20image
2023-05-06T16:04:58.208Z ::1 GET /api/v1/discounts?fields=name,desc,code,beginDate,endDate,quantity,unlimitedQty,discount,discountType,minimumTotal,maximumApplied,image
2023-05-06T16:04:58.805Z ::1 GET /api/v1/products?search=&page=1&limit=20&b=&c=
2023-05-06T16:04:58.973Z ::1 GET /api/v1/products/best-seller
2023-05-06T16:05:08.838Z ::1 GET /api/v1/products?search=&page=1&limit=20&b=&c= (500)
2023-05-06T16:05:09.023Z ::1 GET /api/v1/products/best-seller (500)
2023-05-06T16:05:57.473Z ::1 POST /api/v1/auth/google
2023-05-06T16:05:58.071Z ::1 POST /api/v1/auth/google (500)
2023-05-06T16:06:03.814Z ::1 POST /api/v1/auth/google
2023-05-06T16:06:04.128Z ::1 POST /api/v1/auth/google (500)
2023-05-06T16:06:10.424Z ::1 POST /api/v1/auth/google
2023-05-06T16:06:10.709Z ::1 POST /api/v1/auth/google (500)
2023-05-06T16:06:21.262Z ::1 POST /api/v1/auth/login
2023-05-06T16:06:31.336Z ::1 POST /api/v1/auth/login (500)
2023-05-06T16:08:18.913Z ::1 POST /api/v1/auth/login
2023-05-06T16:08:28.992Z ::1 POST /api/v1/auth/login (500)
2023-05-06T16:11:08.307Z ::1 POST /api/v1/auth/login
2023-05-06T16:11:18.415Z ::1 POST /api/v1/auth/login (500)
2023-05-06T16:16:03.990Z ::ffff:127.0.0.1 POST /api/v1/auth/login
2023-05-06T16:16:14.080Z ::ffff:127.0.0.1 POST /api/v1/auth/login (500)
2023-05-06T16:30:48.436Z ::ffff:127.0.0.1 GET /api/v2/testing/insert
2023-05-06T16:30:49.039Z ::ffff:127.0.0.1 GET /insert (200)