
2023-07-11T01:18:29.725Z ::1 GET /api/v1/account
2023-07-11T01:18:30.258Z ::1 GET / (304)
2023-07-11T01:18:30.819Z ::1 GET /api/v1/products/search/suggest?keyword=
2023-07-11T01:18:30.831Z ::1 GET /api/v1/categories?fields=name%20slug%20image
2023-07-11T01:18:30.839Z ::1 POST /api/v1/cart
2023-07-11T01:18:30.892Z ::1 GET /api/v1/brands?fields=name%20slug%20image&isHidden=0
2023-07-11T01:18:30.918Z ::1 GET /api/v1/discounts?fields=name,desc,code,beginDate,endDate,quantity,unlimitedQty,discount,discountType,minimumTotal,maximumApplied,image
2023-07-11T01:18:31.103Z ::1 GET /search/suggest?keyword= (304)
2023-07-11T01:18:31.111Z ::1 GET /api/v1/products/search/suggest?keyword=
2023-07-11T01:18:31.143Z ::1 POST / (200)
2023-07-11T01:18:31.313Z ::1 GET /?fields=name%20slug%20image&isHidden=0 (304)
2023-07-11T01:18:31.364Z ::1 GET /?fields=name,desc,code,beginDate,endDate,quantity,unlimitedQty,discount,discountType,minimumTotal,maximumApplied,image (304)
2023-07-11T01:18:31.377Z ::1 GET /search/suggest?keyword= (304)
2023-07-11T01:18:31.421Z ::1 GET /api/v1/products?search=&page=1&limit=20&b=&c=
2023-07-11T01:18:32.868Z ::1 GET /?fields=name%20slug%20image (304)
2023-07-11T01:18:35.727Z ::1 GET /?search=&page=1&limit=20&b=&c= (200)
2023-07-11T01:18:41.382Z ::1 GET /api/v1/products?search=&page=2&limit=20&b=&c=
2023-07-11T01:18:44.524Z ::1 GET /?search=&page=2&limit=20&b=&c= (200)
2023-07-11T01:18:58.825Z ::1 GET /api/v1/products?search=&c=&b=&page=1&limit=10&sort=asc&sortBy=default&getBrandFilter=1&getCategoryFilter=1&isShowHidden=0&fullTextSearch=1
2023-07-11T01:18:58.830Z ::1 GET /api/v1/categories?fields=_id%20name%20slug
2023-07-11T01:19:00.132Z ::1 GET /?fields=_id%20name%20slug (304)
2023-07-11T01:19:00.152Z ::1 GET /api/v1/brands?fields=_id%20name%20slug&isHidden=undefined
2023-07-11T01:19:00.540Z ::1 GET /?fields=_id%20name%20slug&isHidden=undefined (304)
2023-07-11T01:19:00.673Z ::1 GET /api/v1/products?search=&c=c00000000000000000000002&b=&page=1&limit=10&sort=asc&sortBy=default&getBrandFilter=1&getCategoryFilter=1&isShowHidden=0&fullTextSearch=1
2023-07-11T01:19:02.198Z ::1 GET /?search=&c=&b=&page=1&limit=10&sort=asc&sortBy=default&getBrandFilter=1&getCategoryFilter=1&isShowHidden=0&fullTextSearch=1 (200)
2023-07-11T01:19:03.580Z ::1 GET /?search=&c=c00000000000000000000002&b=&page=1&limit=10&sort=asc&sortBy=default&getBrandFilter=1&getCategoryFilter=1&isShowHidden=0&fullTextSearch=1 (200)
2023-07-11T01:19:14.070Z ::1 GET /api/v1/orders?page=1&status=&paymentStatus=&limit=1000000000
2023-07-11T01:19:14.325Z ::1 GET /?page=1&status=&paymentStatus=&limit=1000000000 (200)
2023-07-11T01:19:17.436Z ::1 GET /api/v1/account/addresses
2023-07-11T01:19:17.449Z ::1 GET /api/v1/account/addresses (500)
2023-07-11T01:20:37.653Z ::1 GET /api/v1/account
2023-07-11T01:20:38.187Z ::1 GET / (304)
2023-07-11T01:20:38.971Z ::1 GET /api/v1/products/search/suggest?keyword=
2023-07-11T01:20:38.984Z ::1 GET /api/v1/categories?fields=name%20slug%20image
2023-07-11T01:20:39.002Z ::1 GET /api/v1/discounts?fields=name,desc,code,beginDate,endDate,quantity,unlimitedQty,discount,discountType,minimumTotal,maximumApplied,image
2023-07-11T01:20:39.012Z ::1 GET /api/v1/brands?fields=name%20slug%20image&isHidden=0
2023-07-11T01:20:39.021Z ::1 POST /api/v1/cart
2023-07-11T01:20:39.232Z ::1 GET /search/suggest?keyword= (304)
2023-07-11T01:20:39.615Z ::1 GET /?fields=name%20slug%20image&isHidden=0 (304)
2023-07-11T01:20:39.639Z ::1 GET /?fields=name,desc,code,beginDate,endDate,quantity,unlimitedQty,discount,discountType,minimumTotal,maximumApplied,image (304)
2023-07-11T01:20:39.647Z ::1 POST / (200)
2023-07-11T01:20:39.669Z ::1 GET /api/v1/products/search/suggest?keyword=
2023-07-11T01:20:39.941Z ::1 GET /search/suggest?keyword= (304)
2023-07-11T01:20:40.623Z ::1 GET /?fields=name%20slug%20image (304)
2023-07-11T01:20:40.845Z ::1 GET /api/v1/account/addresses
2023-07-11T01:20:41.356Z ::1 GET /addresses (200)
2023-07-11T01:20:50.106Z ::1 GET /api/v1/categories?fields=_id%20name%20slug
2023-07-11T01:20:50.114Z ::1 GET /api/v1/products?search=&c=&b=&page=1&limit=10&sort=asc&sortBy=default&getBrandFilter=1&getCategoryFilter=1&isShowHidden=0&fullTextSearch=1
2023-07-11T01:20:51.431Z ::1 GET /?fields=_id%20name%20slug (304)
2023-07-11T01:20:51.449Z ::1 GET /api/v1/brands?fields=_id%20name%20slug&isHidden=undefined
2023-07-11T01:20:51.817Z ::1 GET /?fields=_id%20name%20slug&isHidden=undefined (304)
2023-07-11T01:20:52.123Z ::1 GET /api/v1/products?search=&c=c00000000000000000000002&b=&page=1&limit=10&sort=asc&sortBy=default&getBrandFilter=1&getCategoryFilter=1&isShowHidden=0&fullTextSearch=1
2023-07-11T01:20:53.627Z ::1 GET /?search=&c=&b=&page=1&limit=10&sort=asc&sortBy=default&getBrandFilter=1&getCategoryFilter=1&isShowHidden=0&fullTextSearch=1 (304)
2023-07-11T01:20:55.210Z ::1 GET /?search=&c=c00000000000000000000002&b=&page=1&limit=10&sort=asc&sortBy=default&getBrandFilter=1&getCategoryFilter=1&isShowHidden=0&fullTextSearch=1 (304)
2023-07-11T01:20:57.090Z ::1 GET /api/v1/products/nokia-tab-t20-wifi?fields=_id%20name%20slug%20desc%20video%20overSpecs%20policies%20detailSpecs%20origin%20category%20brand%20tags%20views%20rate%20variants%20quantity%20warrantyPeriod%20isHide%20createdAt%20updatedAt
2023-07-11T01:20:57.613Z ::1 POST /api/v1/user-behavior
2023-07-11T01:20:57.620Z ::1 POST / (200)
2023-07-11T01:20:57.687Z ::1 GET /nokia-tab-t20-wifi?fields=_id%20name%20slug%20desc%20video%20overSpecs%20policies%20detailSpecs%20origin%20category%20brand%20tags%20views%20rate%20variants%20quantity%20warrantyPeriod%20isHide%20createdAt%20updatedAt (200)
2023-07-11T01:20:58.175Z ::1 GET /api/v1/products?search=&page=0&limit=5&b=b00000000000000000000010&c=c00000000000000000000002
2023-07-11T01:20:59.522Z ::1 GET /?search=&page=0&limit=5&b=b00000000000000000000010&c=c00000000000000000000002 (200)
2023-07-11T01:21:06.367Z ::1 POST /api/v1/cart/add
2023-07-11T01:21:06.770Z ::1 POST /api/v1/cart
2023-07-11T01:21:07.030Z ::1 POST / (200)
2023-07-11T01:21:07.399Z ::1 POST /add (200)
2023-07-11T01:21:07.989Z ::1 POST /api/v1/user-behavior
2023-07-11T01:21:07.993Z ::1 POST / (200)
2023-07-11T01:21:11.244Z ::1 GET /api/v1/account/addresses
2023-07-11T01:21:11.751Z ::1 GET /addresses (304)
2023-07-11T01:21:41.186Z ::1 GET /api/v1/discounts/estAmount?code=FFFFFC2&orderSubtotal=5690000
2023-07-11T01:21:41.442Z ::1 GET /estAmount?code=FFFFFC2&orderSubtotal=5690000 (200)
2023-07-11T01:21:49.488Z ::1 POST /api/v1/orders
2023-07-11T01:21:51.625Z ::1 POST / (200)
2023-07-11T01:21:51.852Z ::1 DELETE /api/v1/cart/d00000000000000000000154/0000000000968
2023-07-11T01:21:53.601Z ::1 GET /api/v1/account
2023-07-11T01:21:54.115Z ::1 GET / (304)
2023-07-11T01:21:54.740Z ::1 GET /api/v1/products/search/suggest?keyword=
2023-07-11T01:21:54.754Z ::1 GET /api/v1/categories?fields=name%20slug%20image
2023-07-11T01:21:54.761Z ::1 GET /api/v1/brands?fields=name%20slug%20image&isHidden=0
2023-07-11T01:21:54.780Z ::1 POST /api/v1/cart
2023-07-11T01:21:54.794Z ::1 GET /api/v1/discounts?fields=name,desc,code,beginDate,endDate,quantity,unlimitedQty,discount,discountType,minimumTotal,maximumApplied,image
2023-07-11T01:21:55.002Z ::1 GET /search/suggest?keyword= (304)
2023-07-11T01:21:55.138Z ::1 GET /?fields=name%20slug%20image&isHidden=0 (304)
2023-07-11T01:21:55.144Z ::1 POST / (200)
2023-07-11T01:21:55.158Z ::1 GET /?fields=name,desc,code,beginDate,endDate,quantity,unlimitedQty,discount,discountType,minimumTotal,maximumApplied,image (200)
2023-07-11T01:21:55.220Z ::1 GET /api/v1/products/search/suggest?keyword=
2023-07-11T01:21:55.515Z ::1 GET /search/suggest?keyword= (304)
2023-07-11T01:21:56.206Z ::1 GET /?fields=name%20slug%20image (304)
2023-07-11T01:21:56.718Z ::1 GET /api/v1/orders/64acaeadc81051808208c24f
2023-07-11T01:21:57.231Z ::1 GET /64acaeadc81051808208c24f (200)
2023-07-11T01:22:07.621Z ::1 GET /api/v1/products?search=&page=1&limit=20&b=&c=
2023-07-11T01:22:10.895Z ::1 GET /?search=&page=1&limit=20&b=&c= (304)
2023-07-11T01:22:13.766Z ::1 POST /api/v1/user-behavior
2023-07-11T01:22:13.773Z ::1 POST / (200)
2023-07-11T01:22:14.319Z ::1 GET /api/v1/products/xiaomi-11t-pro-5g-8gb?fields=_id%20name%20slug%20desc%20video%20overSpecs%20policies%20detailSpecs%20origin%20category%20brand%20tags%20views%20rate%20variants%20quantity%20warrantyPeriod%20isHide%20createdAt%20updatedAt
2023-07-11T01:22:15.147Z ::1 GET /xiaomi-11t-pro-5g-8gb?fields=_id%20name%20slug%20desc%20video%20overSpecs%20policies%20detailSpecs%20origin%20category%20brand%20tags%20views%20rate%20variants%20quantity%20warrantyPeriod%20isHide%20createdAt%20updatedAt (200)
2023-07-11T01:22:15.464Z ::1 GET /api/v1/products?search=&page=0&limit=5&b=b00000000000000000000008&c=c00000000000000000000001
2023-07-11T01:22:17.268Z ::1 GET /?search=&page=0&limit=5&b=b00000000000000000000008&c=c00000000000000000000001 (304)
2023-07-11T01:22:25.460Z ::1 POST /api/v1/cart/add
2023-07-11T01:22:25.467Z ::1 POST /api/v1/cart/add (401)
2023-07-11T01:23:39.980Z ::1 POST /api/v1/cart
2023-07-11T01:23:40.772Z ::1 POST / (200)
2023-07-11T01:23:42.616Z ::1 GET /api/v1/products/xiaomi-11t-pro-5g-8gb?fields=_id%20name%20slug%20desc%20video%20overSpecs%20policies%20detailSpecs%20origin%20category%20brand%20tags%20views%20rate%20variants%20quantity%20warrantyPeriod%20isHide%20createdAt%20updatedAt
2023-07-11T01:23:43.495Z ::1 GET /xiaomi-11t-pro-5g-8gb?fields=_id%20name%20slug%20desc%20video%20overSpecs%20policies%20detailSpecs%20origin%20category%20brand%20tags%20views%20rate%20variants%20quantity%20warrantyPeriod%20isHide%20createdAt%20updatedAt (200)
2023-07-11T01:23:43.940Z ::1 GET /api/v1/products?search=&page=0&limit=5&b=b00000000000000000000008&c=c00000000000000000000001
2023-07-11T01:23:45.870Z ::1 GET /?search=&page=0&limit=5&b=b00000000000000000000008&c=c00000000000000000000001 (304)
2023-07-11T01:23:51.919Z ::1 POST /api/v1/cart
2023-07-11T01:23:52.727Z ::1 POST / (200)
2023-07-11T01:23:59.299Z ::1 POST /api/v1/user-behavior
2023-07-11T01:23:59.304Z ::1 POST / (200)
2023-07-11T01:24:18.471Z ::1 POST /api/v1/user-behavior
2023-07-11T01:24:18.481Z ::1 POST / (200)
2023-07-11T01:24:29.282Z ::1 POST /api/v1/user-behavior
2023-07-11T01:24:29.288Z ::1 POST / (200)
2023-07-11T01:24:38.472Z ::1 POST /api/v1/user-behavior
2023-07-11T01:24:38.489Z ::1 POST / (200)
2023-07-11T01:24:49.295Z ::1 POST /api/v1/user-behavior
2023-07-11T01:24:49.298Z ::1 POST / (200)
2023-07-11T01:24:56.901Z ::1 GET /api/v1/account/addresses
2023-07-11T01:24:56.907Z ::1 GET /api/v1/account/addresses (401)
2023-07-11T01:25:50.998Z ::1 POST /api/v1/cart
2023-07-11T01:25:51.814Z ::1 POST / (200)
2023-07-11T01:25:53.797Z ::1 GET /api/v1/account/addresses
2023-07-11T01:25:53.811Z ::1 GET /api/v1/account/addresses (500)
2023-07-11T01:26:28.949Z ::1 GET /api/v1/discounts/estAmount?code=FDSFWE&orderSubtotal=74950000
2023-07-11T01:26:29.209Z ::1 GET /estAmount?code=FDSFWE&orderSubtotal=74950000 (200)
2023-07-11T01:26:35.584Z ::1 POST /api/v1/orders
2023-07-11T01:26:37.505Z ::1 POST / (200)
2023-07-11T01:26:39.246Z ::1 GET /api/v1/products/search/suggest?keyword=
2023-07-11T01:26:39.254Z ::1 GET /api/v1/categories?fields=name%20slug%20image
2023-07-11T01:26:39.265Z ::1 GET /api/v1/brands?fields=name%20slug%20image&isHidden=0
2023-07-11T01:26:39.271Z ::1 GET /api/v1/discounts?fields=name,desc,code,beginDate,endDate,quantity,unlimitedQty,discount,discountType,minimumTotal,maximumApplied,image
2023-07-11T01:26:39.508Z ::1 GET /search/suggest?keyword= (304)
2023-07-11T01:26:39.756Z ::1 GET /?fields=name%20slug%20image&isHidden=0 (304)
2023-07-11T01:26:39.777Z ::1 GET /?fields=name,desc,code,beginDate,endDate,quantity,unlimitedQty,discount,discountType,minimumTotal,maximumApplied,image (304)
2023-07-11T01:26:39.791Z ::1 GET /api/v1/products/search/suggest?keyword=
2023-07-11T01:26:40.047Z ::1 GET /search/suggest?keyword= (304)
2023-07-11T01:26:40.659Z ::1 GET /?fields=name%20slug%20image (304)
2023-07-11T01:26:41.613Z ::1 GET /api/v1/orders/64acafcbd27cdc21ce2ce749
2023-07-11T01:26:41.868Z ::1 GET /64acafcbd27cdc21ce2ce749 (200)
2023-07-11T01:27:18.460Z ::1 GET /api/v1/products/search/suggest?keyword=
2023-07-11T01:27:18.469Z ::1 GET /api/v1/categories?fields=name%20slug%20image
2023-07-11T01:27:18.478Z ::1 GET /api/v1/brands?fields=name%20slug%20image&isHidden=0
2023-07-11T01:27:18.484Z ::1 GET /api/v1/discounts?fields=name,desc,code,beginDate,endDate,quantity,unlimitedQty,discount,discountType,minimumTotal,maximumApplied,image
2023-07-11T01:27:18.713Z ::1 GET /search/suggest?keyword= (304)
2023-07-11T01:27:18.718Z ::1 GET /api/v1/products/search/suggest?keyword=
2023-07-11T01:27:18.997Z ::1 GET /?fields=name%20slug%20image&isHidden=0 (304)
2023-07-11T01:27:19.020Z ::1 GET /?fields=name,desc,code,beginDate,endDate,quantity,unlimitedQty,discount,discountType,minimumTotal,maximumApplied,image (304)
2023-07-11T01:27:19.029Z ::1 GET /search/suggest?keyword= (304)
2023-07-11T01:27:19.928Z ::1 GET /?fields=name%20slug%20image (304)
2023-07-11T01:27:20.173Z ::1 POST /api/v1/cart
2023-07-11T01:27:20.944Z ::1 POST / (200)
2023-07-11T01:27:25.502Z ::1 GET /api/v1/products?search=&page=1&limit=20&b=&c=
2023-07-11T01:27:27.529Z ::1 GET /api/v1/products/search/suggest?keyword=i
2023-07-11T01:27:28.882Z ::1 GET /?search=&page=1&limit=20&b=&c= (200)
2023-07-11T01:27:28.903Z ::1 GET /search/suggest?keyword=i (200)
2023-07-11T01:27:28.976Z ::1 GET /api/v1/products/search/suggest?keyword=ihp
2023-07-11T01:27:28.986Z ::1 GET /api/v1/products/search/suggest?keyword=ihpone
2023-07-11T01:27:29.005Z ::1 GET /api/v1/products/search/suggest?keyword=ih
2023-07-11T01:27:29.017Z ::1 GET /api/v1/products/search/suggest?keyword=ihpo
2023-07-11T01:27:29.029Z ::1 GET /api/v1/products/search/suggest?keyword=ihpon
2023-07-11T01:27:29.246Z ::1 GET /search/suggest?keyword=ihp (200)
2023-07-11T01:27:29.259Z ::1 GET /search/suggest?keyword=ihpone (200)
2023-07-11T01:27:29.267Z ::1 GET /search/suggest?keyword=ih (200)
2023-07-11T01:27:29.279Z ::1 GET /search/suggest?keyword=ihpo (200)
2023-07-11T01:27:29.286Z ::1 GET /search/suggest?keyword=ihpon (200)
2023-07-11T01:27:29.308Z ::1 GET /api/v1/products/search/suggest?keyword=ihpo
2023-07-11T01:27:29.314Z ::1 GET /api/v1/products/search/suggest?keyword=ihpon
2023-07-11T01:27:29.558Z ::1 GET /search/suggest?keyword=ihpo (304)
2023-07-11T01:27:29.567Z ::1 GET /search/suggest?keyword=ihpon (304)
2023-07-11T01:27:29.744Z ::1 GET /api/v1/products/search/suggest?keyword=ihp
2023-07-11T01:27:29.772Z ::1 GET /api/v1/products/search/suggest?keyword=ih
2023-07-11T01:27:29.795Z ::1 GET /api/v1/products/search/suggest?keyword=i
2023-07-11T01:27:30.000Z ::1 GET /search/suggest?keyword=ihp (304)
2023-07-11T01:27:30.025Z ::1 GET /search/suggest?keyword=ih (304)
2023-07-11T01:27:30.045Z ::1 GET /search/suggest?keyword=i (304)
2023-07-11T01:27:30.683Z ::1 GET /api/v1/products/search/suggest?keyword=ip
2023-07-11T01:27:30.785Z ::1 GET /api/v1/products/search/suggest?keyword=iph
2023-07-11T01:27:30.900Z ::1 GET /api/v1/products/search/suggest?keyword=ipho
2023-07-11T01:27:31.006Z ::1 GET /search/suggest?keyword=ip (200)
2023-07-11T01:27:31.031Z ::1 GET /search/suggest?keyword=iph (200)
2023-07-11T01:27:31.046Z ::1 GET /api/v1/products/search/suggest?keyword=iphon
2023-07-11T01:27:31.151Z ::1 GET /search/suggest?keyword=ipho (200)
2023-07-11T01:27:31.230Z ::1 GET /api/v1/products/search/suggest?keyword=iphone
2023-07-11T01:27:31.352Z ::1 GET /search/suggest?keyword=iphon (200)
2023-07-11T01:27:31.664Z ::1 GET /search/suggest?keyword=iphone (200)
2023-07-11T01:27:33.643Z ::1 GET /api/v1/products/search/suggest?keyword=iphone+1
2023-07-11T01:27:33.804Z ::1 GET /api/v1/products/search/suggest?keyword=iphone+11
2023-07-11T01:27:34.197Z ::1 GET /search/suggest?keyword=iphone+11 (200)
2023-07-11T01:27:35.057Z ::1 GET /search/suggest?keyword=iphone+1 (200)
2023-07-11T01:27:36.912Z ::1 GET /api/v1/products?search=iphone+11&c=&b=&page=1&limit=10&sort=asc&sortBy=default&getBrandFilter=1&getCategoryFilter=1&isShowHidden=0&fullTextSearch=1
2023-07-11T01:27:36.916Z ::1 GET /api/v1/categories?fields=_id%20name%20slug
2023-07-11T01:27:38.233Z ::1 GET /?fields=_id%20name%20slug (304)
2023-07-11T01:27:38.261Z ::1 GET /api/v1/brands?fields=_id%20name%20slug&isHidden=undefined
2023-07-11T01:27:38.618Z ::1 GET /?fields=_id%20name%20slug&isHidden=undefined (304)
2023-07-11T01:27:40.027Z ::1 GET /?search=iphone+11&c=&b=&page=1&limit=10&sort=asc&sortBy=default&getBrandFilter=1&getCategoryFilter=1&isShowHidden=0&fullTextSearch=1 (200)
2023-07-11T01:27:40.043Z ::1 GET /api/v1/products?search=iphone+11&c=&b=&page=1&limit=10&sort=asc&sortBy=default&getBrandFilter=1&getCategoryFilter=1&isShowHidden=0&fullTextSearch=1
2023-07-11T01:27:42.961Z ::1 GET /?search=iphone+11&c=&b=&page=1&limit=10&sort=asc&sortBy=default&getBrandFilter=1&getCategoryFilter=1&isShowHidden=0&fullTextSearch=1 (200)
2023-07-11T01:27:54.068Z ::1 GET /api/v1/products?search=&page=1&limit=20&b=&c=
2023-07-11T01:27:57.411Z ::1 GET /?search=&page=1&limit=20&b=&c= (304)
2023-07-11T01:28:11.668Z ::1 GET /api/v1/categories?fields=_id%20name%20slug
2023-07-11T01:28:11.672Z ::1 GET /api/v1/products?search=iphone+11&c=&b=&page=1&limit=10&sort=asc&sortBy=default&getBrandFilter=1&getCategoryFilter=1&isShowHidden=0&fullTextSearch=1
2023-07-11T01:28:13.026Z ::1 GET /?fields=_id%20name%20slug (304)
2023-07-11T01:28:13.057Z ::1 GET /api/v1/brands?fields=_id%20name%20slug&isHidden=undefined
2023-07-11T01:28:13.422Z ::1 GET /?fields=_id%20name%20slug&isHidden=undefined (304)
2023-07-11T01:28:15.069Z ::1 GET /?search=iphone+11&c=&b=&page=1&limit=10&sort=asc&sortBy=default&getBrandFilter=1&getCategoryFilter=1&isShowHidden=0&fullTextSearch=1 (200)
2023-07-11T01:28:17.721Z ::1 GET /api/v1/products?search=iphone+11&c=&b=&page=2&limit=10&sort=asc&sortBy=default&getBrandFilter=1&getCategoryFilter=1&isShowHidden=0&fullTextSearch=1
2023-07-11T01:28:19.901Z ::1 GET /?search=iphone+11&c=&b=&page=2&limit=10&sort=asc&sortBy=default&getBrandFilter=1&getCategoryFilter=1&isShowHidden=0&fullTextSearch=1 (200)
2023-07-11T01:28:23.332Z ::1 GET /api/v1/products?search=iphone+11&c=&b=&page=3&limit=10&sort=asc&sortBy=default&getBrandFilter=1&getCategoryFilter=1&isShowHidden=0&fullTextSearch=1
2023-07-11T01:28:25.593Z ::1 GET /?search=iphone+11&c=&b=&page=3&limit=10&sort=asc&sortBy=default&getBrandFilter=1&getCategoryFilter=1&isShowHidden=0&fullTextSearch=1 (200)
2023-07-11T01:28:29.543Z ::1 GET /api/v1/products/op-lung-iphone-11-nhua-deo-silicone-felt-cosano?fields=_id%20name%20slug%20desc%20video%20overSpecs%20policies%20detailSpecs%20origin%20category%20brand%20tags%20views%20rate%20variants%20quantity%20warrantyPeriod%20isHide%20createdAt%20updatedAt
2023-07-11T01:28:30.080Z ::1 GET /op-lung-iphone-11-nhua-deo-silicone-felt-cosano?fields=_id%20name%20slug%20desc%20video%20overSpecs%20policies%20detailSpecs%20origin%20category%20brand%20tags%20views%20rate%20variants%20quantity%20warrantyPeriod%20isHide%20createdAt%20updatedAt (200)
2023-07-11T01:28:30.256Z ::1 GET /api/v1/products?search=&page=0&limit=5&b=b00000000000000000000048&c=c00000000000000000000006
2023-07-11T01:28:31.352Z ::1 GET /?search=&page=0&limit=5&b=b00000000000000000000048&c=c00000000000000000000006 (200)
2023-07-11T01:28:37.972Z ::1 POST /api/v1/user-behavior
2023-07-11T01:28:37.978Z ::1 POST / (200)
2023-07-11T01:28:42.975Z ::1 GET /api/v1/comments/d00000000000000000001074
2023-07-11T01:28:43.229Z ::1 GET /d00000000000000000001074 (404)
2023-07-11T01:28:43.236Z ::1 GET /api/v1/comments/d00000000000000000001074
2023-07-11T01:28:43.493Z ::1 GET /d00000000000000000001074 (404)
2023-07-11T01:30:12.799Z ::1 GET /api/v1/products/search/suggest?keyword=
2023-07-11T01:30:12.804Z ::1 GET /api/v1/categories?fields=name%20slug%20image
2023-07-11T01:30:12.811Z ::1 GET /api/v1/brands?fields=name%20slug%20image&isHidden=0
2023-07-11T01:30:12.814Z ::1 GET /api/v1/discounts?fields=name,desc,code,beginDate,endDate,quantity,unlimitedQty,discount,discountType,minimumTotal,maximumApplied,image
2023-07-11T01:30:13.050Z ::1 GET /search/suggest?keyword= (304)
2023-07-11T01:30:13.057Z ::1 GET /api/v1/products/search/suggest?keyword=
2023-07-11T01:30:13.181Z ::1 GET /?fields=name%20slug%20image&isHidden=0 (304)
2023-07-11T01:30:13.236Z ::1 GET /?fields=name,desc,code,beginDate,endDate,quantity,unlimitedQty,discount,discountType,minimumTotal,maximumApplied,image (304)
2023-07-11T01:30:13.308Z ::1 GET /search/suggest?keyword= (304)
2023-07-11T01:30:13.666Z ::1 GET /api/v1/categories?fields=_id%20name%20slug
2023-07-11T01:30:13.670Z ::1 GET /api/v1/products?search=&c=&b=&page=1&limit=10&sort=asc&sortBy=default&getBrandFilter=1&getCategoryFilter=1&isShowHidden=0&fullTextSearch=1
2023-07-11T01:30:14.108Z ::1 GET /?fields=name%20slug%20image (304)
2023-07-11T01:30:15.225Z ::1 GET /?fields=_id%20name%20slug (304)
2023-07-11T01:30:15.241Z ::1 GET /api/v1/brands?fields=_id%20name%20slug&isHidden=undefined
2023-07-11T01:30:15.641Z ::1 GET /?fields=_id%20name%20slug&isHidden=undefined (304)
2023-07-11T01:30:15.743Z ::1 GET /api/v1/products?search=&c=c00000000000000000000006&b=b00000000000000000000048&page=1&limit=10&sort=asc&sortBy=default&getBrandFilter=1&getCategoryFilter=1&isShowHidden=0&fullTextSearch=1
2023-07-11T01:30:17.225Z ::1 GET /?search=&c=&b=&page=1&limit=10&sort=asc&sortBy=default&getBrandFilter=1&getCategoryFilter=1&isShowHidden=0&fullTextSearch=1 (304)
2023-07-11T01:30:18.413Z ::1 GET /?search=&c=c00000000000000000000006&b=b00000000000000000000048&page=1&limit=10&sort=asc&sortBy=default&getBrandFilter=1&getCategoryFilter=1&isShowHidden=0&fullTextSearch=1 (200)
2023-07-11T01:30:33.762Z ::1 GET /api/v1/products?search=&c=c00000000000000000000006&b=b00000000000000000000048&page=1&limit=10&sort=desc&sortBy=variants.price&minPrice=0&getBrandFilter=1&getCategoryFilter=1&isShowHidden=0&fullTextSearch=1
2023-07-11T01:30:33.771Z ::1 GET /api/v1/products?search=&c=c00000000000000000000006&b=b00000000000000000000048&page=1&limit=10&sort=desc&sortBy=variants.price&getBrandFilter=1&getCategoryFilter=1&isShowHidden=0&fullTextSearch=1
2023-07-11T01:30:36.495Z ::1 GET /?search=&c=c00000000000000000000006&b=b00000000000000000000048&page=1&limit=10&sort=desc&sortBy=variants.price&getBrandFilter=1&getCategoryFilter=1&isShowHidden=0&fullTextSearch=1 (200)
2023-07-11T01:30:36.703Z ::1 GET /?search=&c=c00000000000000000000006&b=b00000000000000000000048&page=1&limit=10&sort=desc&sortBy=variants.price&minPrice=0&getBrandFilter=1&getCategoryFilter=1&isShowHidden=0&fullTextSearch=1 (200)
2023-07-11T01:30:49.751Z ::1 GET /api/v1/products?search=&c=c00000000000000000000006,c00000000000000000000005&b=b00000000000000000000048&page=1&limit=10&sort=desc&sortBy=variants.price&minPrice=0&getBrandFilter=1&getCategoryFilter=1&isShowHidden=0&fullTextSearch=1
2023-07-11T01:30:49.758Z ::1 GET /api/v1/products?search=&c=c00000000000000000000005,c00000000000000000000006&b=b00000000000000000000048&page=1&limit=10&sort=desc&sortBy=variants.price&getBrandFilter=1&getCategoryFilter=1&isShowHidden=0&fullTextSearch=1
2023-07-11T01:30:52.845Z ::1 GET /?search=&c=c00000000000000000000006,c00000000000000000000005&b=b00000000000000000000048&page=1&limit=10&sort=desc&sortBy=variants.price&minPrice=0&getBrandFilter=1&getCategoryFilter=1&isShowHidden=0&fullTextSearch=1 (200)
2023-07-11T01:30:53.064Z ::1 GET /?search=&c=c00000000000000000000005,c00000000000000000000006&b=b00000000000000000000048&page=1&limit=10&sort=desc&sortBy=variants.price&getBrandFilter=1&getCategoryFilter=1&isShowHidden=0&fullTextSearch=1 (200)
2023-07-11T01:31:09.926Z ::1 GET /api/v1/products?search=&c=c00000000000000000000005,c00000000000000000000006,c00000000000000000000001&b=b00000000000000000000048&page=1&limit=10&sort=desc&sortBy=variants.price&minPrice=0&getBrandFilter=1&getCategoryFilter=1&isShowHidden=0&fullTextSearch=1
2023-07-11T01:31:09.935Z ::1 GET /api/v1/products?search=&c=c00000000000000000000001,c00000000000000000000005,c00000000000000000000006&b=b00000000000000000000048&page=1&limit=10&sort=desc&sortBy=variants.price&getBrandFilter=1&getCategoryFilter=1&isShowHidden=0&fullTextSearch=1
2023-07-11T01:31:12.907Z ::1 GET /?search=&c=c00000000000000000000001,c00000000000000000000005,c00000000000000000000006&b=b00000000000000000000048&page=1&limit=10&sort=desc&sortBy=variants.price&getBrandFilter=1&getCategoryFilter=1&isShowHidden=0&fullTextSearch=1 (200)
2023-07-11T01:31:13.159Z ::1 GET /?search=&c=c00000000000000000000005,c00000000000000000000006,c00000000000000000000001&b=b00000000000000000000048&page=1&limit=10&sort=desc&sortBy=variants.price&minPrice=0&getBrandFilter=1&getCategoryFilter=1&isShowHidden=0&fullTextSearch=1 (200)
2023-07-11T01:31:52.199Z ::1 GET /api/v1/products/search/suggest?keyword=
2023-07-11T01:31:52.212Z ::1 GET /api/v1/categories?fields=name%20slug%20image
2023-07-11T01:31:52.220Z ::1 GET /api/v1/brands?fields=name%20slug%20image&isHidden=0
2023-07-11T01:31:52.224Z ::1 GET /api/v1/discounts?fields=name,desc,code,beginDate,endDate,quantity,unlimitedQty,discount,discountType,minimumTotal,maximumApplied,image
2023-07-11T01:31:52.453Z ::1 GET /search/suggest?keyword= (304)
2023-07-11T01:31:52.464Z ::1 GET /api/v1/products/search/suggest?keyword=
2023-07-11T01:31:52.576Z ::1 GET /?fields=name%20slug%20image&isHidden=0 (304)
2023-07-11T01:31:52.657Z ::1 GET /?fields=name,desc,code,beginDate,endDate,quantity,unlimitedQty,discount,discountType,minimumTotal,maximumApplied,image (304)
2023-07-11T01:31:52.718Z ::1 GET /search/suggest?keyword= (304)
2023-07-11T01:31:53.413Z ::1 GET /?fields=name%20slug%20image (304)
2023-07-11T01:31:53.934Z ::1 GET /api/v1/products?search=&page=1&limit=20&b=&c=
2023-07-11T01:31:57.387Z ::1 GET /?search=&page=1&limit=20&b=&c= (304)
2023-07-11T01:31:59.656Z ::1 GET /api/v1/products/vivo-y72-5g?fields=_id%20name%20slug%20desc%20video%20overSpecs%20policies%20detailSpecs%20origin%20category%20brand%20tags%20views%20rate%20variants%20quantity%20warrantyPeriod%20isHide%20createdAt%20updatedAt
2023-07-11T01:32:00.477Z ::1 GET /vivo-y72-5g?fields=_id%20name%20slug%20desc%20video%20overSpecs%20policies%20detailSpecs%20origin%20category%20brand%20tags%20views%20rate%20variants%20quantity%20warrantyPeriod%20isHide%20createdAt%20updatedAt (200)
2023-07-11T01:32:00.695Z ::1 GET /api/v1/products?search=&page=0&limit=5&b=b00000000000000000000007&c=c00000000000000000000001
2023-07-11T01:32:01.867Z ::1 POST /api/v1/user-behavior
2023-07-11T01:32:01.875Z ::1 POST / (200)
2023-07-11T01:32:02.402Z ::1 GET /?search=&page=0&limit=5&b=b00000000000000000000007&c=c00000000000000000000001 (200)
2023-07-11T01:32:11.917Z ::1 POST /api/v1/cart
2023-07-11T01:32:11.971Z ::1 POST /api/v1/user-behavior
2023-07-11T01:32:11.976Z ::1 POST / (200)
2023-07-11T01:32:12.675Z ::1 POST / (200)
2023-07-11T01:32:19.087Z ::1 GET /api/v1/account/addresses
2023-07-11T01:32:19.099Z ::1 GET /api/v1/account/addresses (500)
2023-07-11T01:33:28.505Z ::1 POST /api/v1/cart
2023-07-11T01:33:29.260Z ::1 POST / (200)
2023-07-11T01:33:30.426Z ::1 GET /api/v1/account/addresses
2023-07-11T01:33:30.436Z ::1 GET /api/v1/account/addresses (500)
2023-07-11T01:34:27.240Z ::1 GET /api/v1/discounts/estAmount?code=FDSFWE&orderSubtotal=119850000
2023-07-11T01:34:27.492Z ::1 GET /estAmount?code=FDSFWE&orderSubtotal=119850000 (200)
2023-07-11T01:34:35.366Z ::1 POST /api/v1/orders
2023-07-11T01:34:37.125Z ::1 POST / (200)
2023-07-11T01:34:41.757Z ::1 GET /api/v1/products/search/suggest?keyword=
2023-07-11T01:34:41.762Z ::1 GET /api/v1/categories?fields=name%20slug%20image
2023-07-11T01:34:41.781Z ::1 GET /api/v1/brands?fields=name%20slug%20image&isHidden=0
2023-07-11T01:34:41.785Z ::1 GET /api/v1/discounts?fields=name,desc,code,beginDate,endDate,quantity,unlimitedQty,discount,discountType,minimumTotal,maximumApplied,image
2023-07-11T01:34:42.003Z ::1 GET /search/suggest?keyword= (304)
2023-07-11T01:34:42.006Z ::1 GET /api/v1/products/search/suggest?keyword=
2023-07-11T01:34:42.192Z ::1 GET /?fields=name%20slug%20image&isHidden=0 (304)
2023-07-11T01:34:42.257Z ::1 GET /?fields=name,desc,code,beginDate,endDate,quantity,unlimitedQty,discount,discountType,minimumTotal,maximumApplied,image (304)
2023-07-11T01:34:42.308Z ::1 GET /search/suggest?keyword= (304)
2023-07-11T01:34:43.075Z ::1 GET /?fields=name%20slug%20image (304)
2023-07-11T01:34:44.274Z ::1 GET /api/v1/orders/64acb1abd27cdc21ce2ce842
2023-07-11T01:34:44.526Z ::1 GET /64acb1abd27cdc21ce2ce842 (200)