
2023-06-14T02:23:01.161Z ::1 GET /api/v1/brands
2023-06-14T02:23:01.319Z ::1 GET / (200)
2023-06-14T02:28:28.231Z ::1 GET /api/v1/brands
2023-06-14T02:28:28.341Z ::1 GET / (200)
2023-06-14T02:29:06.671Z ::1 GET /api/v1/brands
2023-06-14T02:29:06.821Z ::1 GET / (200)
2023-06-14T02:30:49.543Z ::1 POST /api/v1/brands
2023-06-14T02:30:49.747Z ::1 POST / (200)
2023-06-14T04:15:45.693Z ::1 GET /api/v1/orders/manager
2023-06-14T04:15:45.718Z ::1 GET /api/v1/orders/manager (401)
2023-06-14T04:15:57.234Z ::1 POST /api/v1/auth/login
2023-06-14T04:15:57.428Z ::1 POST /login (200)
2023-06-14T04:16:13.119Z ::1 GET /api/v1/orders/manager
2023-06-14T04:16:13.216Z ::1 GET /manager (200)
2023-06-14T04:18:06.991Z ::1 GET /api/v1/orders/manager
2023-06-14T04:18:07.050Z ::1 GET /manager (200)
2023-06-14T04:19:25.038Z ::1 GET /api/v1/orders/manager
2023-06-14T04:19:25.164Z ::1 GET /manager (200)
2023-06-14T04:20:37.045Z ::1 GET /api/v1/orders/manager
2023-06-14T04:20:37.113Z ::1 GET /manager (200)
2023-06-14T04:22:29.370Z ::1 GET /api/v1/orders/manager
2023-06-14T04:22:29.480Z ::1 GET /manager (200)
2023-06-14T05:00:25.646Z ::1 POST /api/v1/orders/manager
2023-06-14T05:00:25.899Z ::1 POST /manager (200)
2023-06-14T05:18:08.843Z ::1 PATCH /api/v1/orders/manager/648949694b761f9ed1b19a80
2023-06-14T05:18:08.957Z ::1 PATCH /manager/648949694b761f9ed1b19a80 (200)
2023-06-14T05:21:30.639Z ::1 PATCH /api/v1/orders/manager/648949694b761f9ed1b19a80
2023-06-14T05:21:30.706Z ::1 PATCH /manager/648949694b761f9ed1b19a80 (200)
2023-06-14T15:36:14.625Z ::1 GET /api/v1/account
2023-06-14T15:36:14.679Z ::1 GET /api/v1/account (401)
2023-06-14T15:36:15.425Z ::1 GET /api/v1/products/search/suggest?keyword=
2023-06-14T15:36:15.436Z ::1 GET /api/v1/products/search/suggest?keyword= (404)
2023-06-14T15:36:15.447Z ::1 GET /api/v1/categories?fields=name%20slug%20image
2023-06-14T15:36:15.460Z ::1 GET /api/v1/products/search/suggest?keyword=
2023-06-14T15:36:15.467Z ::1 GET /api/v1/products/search/suggest?keyword= (404)
2023-06-14T15:36:15.484Z ::1 GET /?fields=name%20slug%20image (200)
2023-06-14T15:36:15.492Z ::1 GET /api/v1/brands?fields=name%20slug%20image
2023-06-14T15:36:15.497Z ::1 GET /api/v1/discounts?fields=name,desc,code,beginDate,endDate,quantity,unlimitedQty,discount,discountType,minimumTotal,maximumApplied,image
2023-06-14T15:36:15.506Z ::1 GET /?fields=name%20slug%20image (200)
2023-06-14T15:36:15.519Z ::1 GET /?fields=name,desc,code,beginDate,endDate,quantity,unlimitedQty,discount,discountType,minimumTotal,maximumApplied,image (200)
2023-06-14T15:36:16.747Z ::1 GET /api/v1/products?search=&page=1&limit=20&b=&c=
2023-06-14T15:36:16.771Z ::1 GET /?search=&page=1&limit=20&b=&c= (200)
2023-06-14T15:37:31.939Z ::1 GET /api/v1/account
2023-06-14T15:37:32.002Z ::1 GET / (200)
2023-06-14T15:37:32.501Z ::1 GET /api/v1/products/search/suggest?keyword=
2023-06-14T15:37:32.508Z ::1 GET /api/v1/products/search/suggest?keyword= (404)
2023-06-14T15:37:32.510Z ::1 GET /api/v1/categories?fields=name%20slug%20image
2023-06-14T15:37:32.517Z ::1 GET /api/v1/brands?fields=name%20slug%20image
2023-06-14T15:37:32.522Z ::1 POST /api/v1/cart
2023-06-14T15:37:32.890Z ::1 GET /?fields=name%20slug%20image (200)
2023-06-14T15:37:32.976Z ::1 GET /?fields=name%20slug%20image (200)
2023-06-14T15:37:32.979Z ::1 GET /api/v1/discounts?fields=name,desc,code,beginDate,endDate,quantity,unlimitedQty,discount,discountType,minimumTotal,maximumApplied,image
2023-06-14T15:37:32.996Z ::1 GET /api/v1/products/search/suggest?keyword=
2023-06-14T15:37:33.007Z ::1 GET /api/v1/products/search/suggest?keyword= (404)
2023-06-14T15:37:33.041Z ::1 GET /?fields=name,desc,code,beginDate,endDate,quantity,unlimitedQty,discount,discountType,minimumTotal,maximumApplied,image (304)
2023-06-14T15:37:33.066Z ::1 POST / (200)
2023-06-14T15:37:33.269Z ::1 GET /api/v1/products?search=&page=1&limit=20&b=&c=
2023-06-14T15:37:33.530Z ::1 GET /?search=&page=1&limit=20&b=&c= (200)
2023-06-14T15:37:37.461Z ::1 GET /api/v1/products/iphone-11-quoc-te-like-new-99?fields=_id%20name%20slug%20desc%20video%20overSpecs%20policies%20detailSpecs%20origin%20category%20brand%20tags%20views%20rate%20variants%20quantity%20warrantyPeriod%20isHide%20createdAt%20updatedAt
2023-06-14T15:37:37.610Z ::1 GET /iphone-11-quoc-te-like-new-99?fields=_id%20name%20slug%20desc%20video%20overSpecs%20policies%20detailSpecs%20origin%20category%20brand%20tags%20views%20rate%20variants%20quantity%20warrantyPeriod%20isHide%20createdAt%20updatedAt (200)
2023-06-14T15:37:47.570Z ::1 GET /api/v1/categories?fields=_id%20name%20slug
2023-06-14T15:37:47.600Z ::1 GET /?fields=_id%20name%20slug (200)
2023-06-14T15:37:47.639Z ::1 GET /api/v1/brands?fields=_id%20name%20slug
2023-06-14T15:37:47.658Z ::1 GET /?fields=_id%20name%20slug (200)
2023-06-14T15:37:53.575Z ::1 GET /api/v1/products?search=&page=1&limit=20&b=&c=
2023-06-14T15:37:53.683Z ::1 GET /?search=&page=1&limit=20&b=&c= (200)
2023-06-14T15:38:00.089Z ::1 GET /api/v1/account
2023-06-14T15:38:00.119Z ::1 GET / (304)
2023-06-14T15:38:00.506Z ::1 GET /api/v1/products/search/suggest?keyword=
2023-06-14T15:38:00.511Z ::1 GET /api/v1/products/search/suggest?keyword= (404)
2023-06-14T15:38:00.514Z ::1 POST /api/v1/cart
2023-06-14T15:38:00.527Z ::1 GET /api/v1/categories?fields=name%20slug%20image
2023-06-14T15:38:00.538Z ::1 GET /api/v1/brands?fields=name%20slug%20image
2023-06-14T15:38:00.541Z ::1 GET /api/v1/discounts?fields=name,desc,code,beginDate,endDate,quantity,unlimitedQty,discount,discountType,minimumTotal,maximumApplied,image
2023-06-14T15:38:00.546Z ::1 GET /api/v1/products/search/suggest?keyword=
2023-06-14T15:38:00.556Z ::1 GET /api/v1/products/search/suggest?keyword= (404)
2023-06-14T15:38:00.582Z ::1 POST / (200)
2023-06-14T15:38:00.611Z ::1 GET /?fields=name%20slug%20image (304)
2023-06-14T15:38:00.746Z ::1 GET /?fields=name%20slug%20image (304)
2023-06-14T15:38:00.783Z ::1 GET /?fields=name,desc,code,beginDate,endDate,quantity,unlimitedQty,discount,discountType,minimumTotal,maximumApplied,image (304)
2023-06-14T15:38:01.108Z ::1 GET /api/v1/products?search=&page=1&limit=20&b=&c=
2023-06-14T15:38:01.246Z ::1 GET /?search=&page=1&limit=20&b=&c= (304)
2023-06-14T15:38:07.989Z ::1 GET /api/v1/categories?fields=_id%20name%20slug
2023-06-14T15:38:08.034Z ::1 GET /?fields=_id%20name%20slug (304)
2023-06-14T15:38:08.056Z ::1 GET /api/v1/brands?fields=_id%20name%20slug
2023-06-14T15:38:08.080Z ::1 GET /?fields=_id%20name%20slug (304)
2023-06-14T15:38:28.454Z ::1 GET /api/v1/account
2023-06-14T15:38:28.482Z ::1 GET / (304)
2023-06-14T15:41:13.366Z ::1 GET /api/v1/account
2023-06-14T15:41:13.621Z ::1 GET / (200)
2023-06-14T15:41:15.254Z ::1 POST /api/v1/cart
2023-06-14T15:41:15.276Z ::1 GET /api/v1/categories?fields=name%20slug%20image
2023-06-14T15:41:15.298Z ::1 GET /api/v1/brands?fields=name%20slug%20image
2023-06-14T15:41:15.309Z ::1 GET /api/v1/products/search/suggest?keyword=
2023-06-14T15:41:15.319Z ::1 GET /api/v1/products/search/suggest?keyword= (404)
2023-06-14T15:41:15.321Z ::1 GET /api/v1/discounts?fields=name,desc,code,beginDate,endDate,quantity,unlimitedQty,discount,discountType,minimumTotal,maximumApplied,image
2023-06-14T15:41:15.329Z ::1 GET /api/v1/products/search/suggest?keyword=
2023-06-14T15:41:15.336Z ::1 GET /api/v1/products/search/suggest?keyword= (404)
2023-06-14T15:41:15.440Z ::1 GET /?fields=name%20slug%20image (304)
2023-06-14T15:41:15.444Z ::1 POST / (200)
2023-06-14T15:41:15.461Z ::1 GET /?fields=name%20slug%20image (304)
2023-06-14T15:41:15.465Z ::1 GET /?fields=name,desc,code,beginDate,endDate,quantity,unlimitedQty,discount,discountType,minimumTotal,maximumApplied,image (304)
2023-06-14T15:41:16.512Z ::1 GET /api/v1/account
2023-06-14T15:41:16.533Z ::1 GET / (304)
2023-06-14T15:42:01.593Z ::1 GET /api/v1/account
2023-06-14T15:42:01.612Z ::1 GET / (304)
2023-06-14T15:42:02.805Z ::1 GET /api/v1/products/search/suggest?keyword=
2023-06-14T15:42:02.812Z ::1 GET /api/v1/products/search/suggest?keyword= (404)
2023-06-14T15:42:02.819Z ::1 GET /api/v1/products/search/suggest?keyword=
2023-06-14T15:42:02.824Z ::1 GET /api/v1/products/search/suggest?keyword= (404)
2023-06-14T15:42:02.828Z ::1 GET /api/v1/categories?fields=name%20slug%20image
2023-06-14T15:42:02.855Z ::1 GET /?fields=name%20slug%20image (304)
2023-06-14T15:42:02.861Z ::1 GET /api/v1/brands?fields=name%20slug%20image
2023-06-14T15:42:02.866Z ::1 GET /api/v1/discounts?fields=name,desc,code,beginDate,endDate,quantity,unlimitedQty,discount,discountType,minimumTotal,maximumApplied,image
2023-06-14T15:42:02.889Z ::1 GET /?fields=name%20slug%20image (304)
2023-06-14T15:42:02.896Z ::1 GET /?fields=name,desc,code,beginDate,endDate,quantity,unlimitedQty,discount,discountType,minimumTotal,maximumApplied,image (304)
2023-06-14T15:42:02.927Z ::1 POST /api/v1/cart
2023-06-14T15:42:02.952Z ::1 POST / (200)
2023-06-14T15:42:04.271Z ::1 GET /api/v1/account
2023-06-14T15:42:04.291Z ::1 GET / (304)
2023-06-14T15:44:00.262Z ::1 GET /api/v1/account
2023-06-14T15:44:00.371Z ::1 GET / (304)
2023-06-14T15:44:02.858Z ::1 POST /api/v1/cart
2023-06-14T15:44:02.882Z ::1 GET /api/v1/categories?fields=name%20slug%20image
2023-06-14T15:44:02.887Z ::1 GET /api/v1/brands?fields=name%20slug%20image
2023-06-14T15:44:02.891Z ::1 GET /api/v1/discounts?fields=name,desc,code,beginDate,endDate,quantity,unlimitedQty,discount,discountType,minimumTotal,maximumApplied,image
2023-06-14T15:44:02.905Z ::1 GET /api/v1/products/search/suggest?keyword=
2023-06-14T15:44:02.916Z ::1 GET /api/v1/products/search/suggest?keyword= (404)
2023-06-14T15:44:02.922Z ::1 GET /api/v1/products/search/suggest?keyword=
2023-06-14T15:44:02.929Z ::1 GET /api/v1/products/search/suggest?keyword= (404)
2023-06-14T15:44:03.031Z ::1 GET /?fields=name,desc,code,beginDate,endDate,quantity,unlimitedQty,discount,discountType,minimumTotal,maximumApplied,image (304)
2023-06-14T15:44:03.068Z ::1 GET /?fields=name%20slug%20image (304)
2023-06-14T15:44:03.115Z ::1 GET /?fields=name%20slug%20image (304)
2023-06-14T15:44:03.321Z ::1 POST / (200)
2023-06-14T15:44:04.987Z ::1 GET /api/v1/account
2023-06-14T15:44:05.571Z ::1 GET / (304)
2023-06-14T15:45:41.725Z ::1 GET /api/v1/account
2023-06-14T15:45:41.783Z ::1 GET / (304)
2023-06-14T15:45:43.114Z ::1 GET /api/v1/products/search/suggest?keyword=
2023-06-14T15:45:43.119Z ::1 GET /api/v1/products/search/suggest?keyword= (404)
2023-06-14T15:45:43.124Z ::1 GET /api/v1/categories?fields=name%20slug%20image
2023-06-14T15:45:43.133Z ::1 GET /api/v1/brands?fields=name%20slug%20image
2023-06-14T15:45:43.146Z ::1 GET /api/v1/products/search/suggest?keyword=
2023-06-14T15:45:43.152Z ::1 GET /api/v1/products/search/suggest?keyword= (404)
2023-06-14T15:45:43.155Z ::1 GET /api/v1/discounts?fields=name,desc,code,beginDate,endDate,quantity,unlimitedQty,discount,discountType,minimumTotal,maximumApplied,image
2023-06-14T15:45:43.186Z ::1 GET /?fields=name%20slug%20image (304)
2023-06-14T15:45:43.199Z ::1 GET /?fields=name%20slug%20image (304)
2023-06-14T15:45:43.202Z ::1 GET /?fields=name,desc,code,beginDate,endDate,quantity,unlimitedQty,discount,discountType,minimumTotal,maximumApplied,image (304)
2023-06-14T15:45:43.209Z ::1 POST /api/v1/cart
2023-06-14T15:45:43.252Z ::1 POST / (200)
2023-06-14T15:45:44.282Z ::1 GET /api/v1/account
2023-06-14T15:45:44.321Z ::1 GET / (304)
2023-06-14T15:48:07.743Z ::1 GET /api/v1/account
2023-06-14T15:48:07.769Z ::1 GET / (304)
2023-06-14T15:48:08.981Z ::1 GET /api/v1/products/search/suggest?keyword=
2023-06-14T15:48:08.986Z ::1 GET /api/v1/products/search/suggest?keyword= (404)
2023-06-14T15:48:08.990Z ::1 GET /api/v1/products/search/suggest?keyword=
2023-06-14T15:48:08.994Z ::1 GET /api/v1/products/search/suggest?keyword= (404)
2023-06-14T15:48:08.999Z ::1 GET /api/v1/categories?fields=name%20slug%20image
2023-06-14T15:48:09.043Z ::1 GET /?fields=name%20slug%20image (304)
2023-06-14T15:48:09.067Z ::1 GET /api/v1/brands?fields=name%20slug%20image
2023-06-14T15:48:09.091Z ::1 GET /?fields=name%20slug%20image (304)
2023-06-14T15:48:09.112Z ::1 GET /api/v1/discounts?fields=name,desc,code,beginDate,endDate,quantity,unlimitedQty,discount,discountType,minimumTotal,maximumApplied,image
2023-06-14T15:48:09.117Z ::1 POST /api/v1/cart
2023-06-14T15:48:09.166Z ::1 GET /?fields=name,desc,code,beginDate,endDate,quantity,unlimitedQty,discount,discountType,minimumTotal,maximumApplied,image (304)
2023-06-14T15:48:09.220Z ::1 POST / (200)
2023-06-14T15:48:10.540Z ::1 GET /api/v1/account
2023-06-14T15:48:10.553Z ::1 GET / (304)
2023-06-14T15:48:43.550Z ::1 GET /api/v1/account
2023-06-14T15:48:43.583Z ::1 GET / (304)
2023-06-14T15:48:44.948Z ::1 POST /api/v1/cart
2023-06-14T15:48:44.989Z ::1 POST / (200)
2023-06-14T15:48:58.049Z ::1 GET /api/v1/categories
2023-06-14T15:48:58.089Z ::1 GET / (200)
2023-06-14T15:49:36.472Z ::1 GET /api/v1/account
2023-06-14T15:49:36.549Z ::1 GET / (304)
2023-06-14T15:49:37.472Z ::1 POST /api/v1/cart
2023-06-14T15:49:37.544Z ::1 POST / (200)
2023-06-14T15:49:38.122Z ::1 GET /api/v1/categories
2023-06-14T15:49:38.166Z ::1 GET / (304)
2023-06-14T15:54:55.239Z ::1 GET /api/v1/account
2023-06-14T15:54:55.524Z ::1 GET / (304)
2023-06-14T15:54:57.734Z ::1 POST /api/v1/cart
2023-06-14T15:54:57.785Z ::1 POST / (200)
2023-06-14T15:54:58.666Z ::1 GET /api/v1/categories
2023-06-14T15:54:58.711Z ::1 GET / (304)
2023-06-14T15:55:24.268Z ::1 GET /api/v1/account
2023-06-14T15:55:24.290Z ::1 GET / (304)
2023-06-14T15:55:24.600Z ::1 POST /api/v1/cart
2023-06-14T15:55:24.642Z ::1 POST / (200)
2023-06-14T15:55:30.708Z ::1 GET /api/v1/account
2023-06-14T15:55:30.742Z ::1 GET / (304)
2023-06-14T15:55:31.114Z ::1 POST /api/v1/cart
2023-06-14T15:55:31.122Z ::1 GET /api/v1/products/search/suggest?keyword=
2023-06-14T15:55:31.133Z ::1 GET /api/v1/products/search/suggest?keyword= (404)
2023-06-14T15:55:31.135Z ::1 GET /api/v1/categories?fields=name%20slug%20image
2023-06-14T15:55:31.143Z ::1 GET /api/v1/brands?fields=name%20slug%20image
2023-06-14T15:55:31.156Z ::1 GET /api/v1/discounts?fields=name,desc,code,beginDate,endDate,quantity,unlimitedQty,discount,discountType,minimumTotal,maximumApplied,image
2023-06-14T15:55:31.191Z ::1 GET /api/v1/products/search/suggest?keyword=
2023-06-14T15:55:31.197Z ::1 GET /api/v1/products/search/suggest?keyword= (404)
2023-06-14T15:55:31.235Z ::1 GET /?fields=name%20slug%20image (304)
2023-06-14T15:55:31.256Z ::1 GET /?fields=name%20slug%20image (304)
2023-06-14T15:55:31.276Z ::1 POST / (200)
2023-06-14T15:55:31.322Z ::1 GET /?fields=name,desc,code,beginDate,endDate,quantity,unlimitedQty,discount,discountType,minimumTotal,maximumApplied,image (304)
2023-06-14T15:55:31.793Z ::1 GET /api/v1/products?search=&page=1&limit=20&b=&c=
2023-06-14T15:55:31.938Z ::1 GET /?search=&page=1&limit=20&b=&c= (304)
2023-06-14T15:55:34.451Z ::1 GET /api/v1/account
2023-06-14T15:55:34.501Z ::1 GET / (304)
2023-06-14T16:01:11.503Z ::1 GET /api/v1/account
2023-06-14T16:01:11.542Z ::1 GET / (304)
2023-06-14T16:01:12.228Z ::1 GET /api/v1/account
2023-06-14T16:01:12.249Z ::1 GET / (304)
2023-06-14T16:01:15.960Z ::1 POST /api/v1/cart
2023-06-14T16:01:16.006Z ::1 POST / (200)
2023-06-14T16:01:17.505Z ::1 GET /api/v1/categories
2023-06-14T16:01:17.577Z ::1 GET / (304)
2023-06-14T16:01:17.759Z ::1 GET /api/v1/products/search/suggest?keyword=
2023-06-14T16:01:17.764Z ::1 GET /api/v1/products/search/suggest?keyword= (404)
2023-06-14T16:01:17.770Z ::1 GET /api/v1/products/search/suggest?keyword=
2023-06-14T16:01:17.776Z ::1 GET /api/v1/products/search/suggest?keyword= (404)
2023-06-14T16:01:17.825Z ::1 GET /api/v1/categories?fields=name%20slug%20image
2023-06-14T16:01:17.849Z ::1 GET /?fields=name%20slug%20image (304)
2023-06-14T16:01:17.866Z ::1 GET /api/v1/brands?fields=name%20slug%20image
2023-06-14T16:01:17.875Z ::1 POST /api/v1/cart
2023-06-14T16:01:17.885Z ::1 GET /api/v1/discounts?fields=name,desc,code,beginDate,endDate,quantity,unlimitedQty,discount,discountType,minimumTotal,maximumApplied,image
2023-06-14T16:01:17.904Z ::1 GET /?fields=name%20slug%20image (304)
2023-06-14T16:01:17.927Z ::1 GET /?fields=name,desc,code,beginDate,endDate,quantity,unlimitedQty,discount,discountType,minimumTotal,maximumApplied,image (304)
2023-06-14T16:01:17.939Z ::1 POST / (200)
2023-06-14T16:01:20.362Z ::1 GET /api/v1/account
2023-06-14T16:01:20.379Z ::1 GET / (304)
2023-06-14T16:03:49.330Z ::1 GET /api/v1/account
2023-06-14T16:03:49.392Z ::1 GET / (304)
2023-06-14T16:03:50.838Z ::1 GET /api/v1/products/search/suggest?keyword=
2023-06-14T16:03:50.844Z ::1 GET /api/v1/products/search/suggest?keyword= (404)
2023-06-14T16:03:50.852Z ::1 POST /api/v1/cart
2023-06-14T16:03:50.862Z ::1 GET /api/v1/brands?fields=name%20slug%20image
2023-06-14T16:03:50.866Z ::1 GET /api/v1/categories?fields=name%20slug%20image
2023-06-14T16:03:50.870Z ::1 GET /api/v1/discounts?fields=name,desc,code,beginDate,endDate,quantity,unlimitedQty,discount,discountType,minimumTotal,maximumApplied,image
2023-06-14T16:03:50.890Z ::1 GET /api/v1/products/search/suggest?keyword=
2023-06-14T16:03:50.930Z ::1 GET /api/v1/products/search/suggest?keyword= (404)
2023-06-14T16:03:51.058Z ::1 GET /?fields=name,desc,code,beginDate,endDate,quantity,unlimitedQty,discount,discountType,minimumTotal,maximumApplied,image (304)
2023-06-14T16:03:51.076Z ::1 GET /?fields=name%20slug%20image (304)
2023-06-14T16:03:51.123Z ::1 GET /?fields=name%20slug%20image (304)
2023-06-14T16:03:51.146Z ::1 POST / (200)
2023-06-14T16:03:51.943Z ::1 GET /api/v1/account
2023-06-14T16:03:51.993Z ::1 GET / (304)
2023-06-14T16:03:55.768Z ::1 GET /api/v1/account
2023-06-14T16:03:55.784Z ::1 GET / (304)
2023-06-14T16:03:57.142Z ::1 POST /api/v1/cart
2023-06-14T16:03:57.159Z ::1 POST / (200)
2023-06-14T16:03:58.061Z ::1 GET /api/v1/categories
2023-06-14T16:03:58.095Z ::1 GET / (304)
2023-06-14T16:05:34.723Z ::1 GET /api/v1/account
2023-06-14T16:05:34.777Z ::1 GET / (304)
2023-06-14T16:05:36.570Z ::1 POST /api/v1/cart
2023-06-14T16:05:36.597Z ::1 GET /api/v1/products/search/suggest?keyword=
2023-06-14T16:05:36.602Z ::1 GET /api/v1/products/search/suggest?keyword= (404)
2023-06-14T16:05:36.619Z ::1 GET /api/v1/discounts?fields=name,desc,code,beginDate,endDate,quantity,unlimitedQty,discount,discountType,minimumTotal,maximumApplied,image
2023-06-14T16:05:36.624Z ::1 GET /api/v1/products/search/suggest?keyword=
2023-06-14T16:05:36.632Z ::1 GET /api/v1/products/search/suggest?keyword= (404)
2023-06-14T16:05:36.646Z ::1 GET /api/v1/categories?fields=name%20slug%20image
2023-06-14T16:05:36.651Z ::1 GET /api/v1/brands?fields=name%20slug%20image
2023-06-14T16:05:36.696Z ::1 GET /?fields=name%20slug%20image (304)
2023-06-14T16:05:36.699Z ::1 GET /?fields=name,desc,code,beginDate,endDate,quantity,unlimitedQty,discount,discountType,minimumTotal,maximumApplied,image (304)
2023-06-14T16:05:36.737Z ::1 GET /?fields=name%20slug%20image (304)
2023-06-14T16:05:36.755Z ::1 POST / (200)
2023-06-14T16:05:37.744Z ::1 GET /api/v1/account
2023-06-14T16:05:37.807Z ::1 GET / (304)
2023-06-14T16:05:40.938Z ::1 GET /api/v1/account
2023-06-14T16:05:41.005Z ::1 GET / (304)
2023-06-14T16:05:45.271Z ::1 POST /api/v1/cart
2023-06-14T16:05:45.295Z ::1 POST / (200)
2023-06-14T16:05:46.190Z ::1 GET /api/v1/categories
2023-06-14T16:05:46.228Z ::1 GET / (304)
2023-06-14T16:06:42.842Z ::1 GET /api/v1/account
2023-06-14T16:06:42.880Z ::1 GET / (304)
2023-06-14T16:06:44.260Z ::1 GET /api/v1/products/search/suggest?keyword=
2023-06-14T16:06:44.282Z ::1 GET /api/v1/products/search/suggest?keyword= (404)
2023-06-14T16:06:44.289Z ::1 POST /api/v1/cart
2023-06-14T16:06:44.307Z ::1 GET /api/v1/discounts?fields=name,desc,code,beginDate,endDate,quantity,unlimitedQty,discount,discountType,minimumTotal,maximumApplied,image
2023-06-14T16:06:44.319Z ::1 GET /api/v1/products/search/suggest?keyword=
2023-06-14T16:06:44.325Z ::1 GET /api/v1/products/search/suggest?keyword= (404)
2023-06-14T16:06:44.341Z ::1 GET /api/v1/categories?fields=name%20slug%20image
2023-06-14T16:06:44.346Z ::1 GET /api/v1/brands?fields=name%20slug%20image
2023-06-14T16:06:44.508Z ::1 GET /?fields=name%20slug%20image (304)
2023-06-14T16:06:44.545Z ::1 GET /?fields=name%20slug%20image (304)
2023-06-14T16:06:44.548Z ::1 GET /?fields=name,desc,code,beginDate,endDate,quantity,unlimitedQty,discount,discountType,minimumTotal,maximumApplied,image (304)
2023-06-14T16:06:44.551Z ::1 POST / (200)
2023-06-14T16:06:46.041Z ::1 GET /api/v1/account
2023-06-14T16:06:46.060Z ::1 GET / (304)
2023-06-14T16:06:55.782Z ::1 GET /api/v1/account
2023-06-14T16:06:55.805Z ::1 GET / (304)
2023-06-14T16:06:57.441Z ::1 POST /api/v1/cart
2023-06-14T16:06:57.460Z ::1 POST / (200)
2023-06-14T16:06:58.347Z ::1 GET /api/v1/categories
2023-06-14T16:06:58.386Z ::1 GET / (304)
2023-06-14T16:15:14.734Z ::1 GET /api/v1/account
2023-06-14T16:15:14.900Z ::1 GET / (304)
2023-06-14T16:15:16.109Z ::1 POST /api/v1/cart
2023-06-14T16:15:16.238Z ::1 GET /api/v1/brands?fields=name%20slug%20image
2023-06-14T16:15:16.256Z ::1 GET /api/v1/products/search/suggest?keyword=
2023-06-14T16:15:16.277Z ::1 GET /api/v1/products/search/suggest?keyword= (404)
2023-06-14T16:15:16.290Z ::1 GET /api/v1/categories?fields=name%20slug%20image
2023-06-14T16:15:16.329Z ::1 GET /api/v1/discounts?fields=name,desc,code,beginDate,endDate,quantity,unlimitedQty,discount,discountType,minimumTotal,maximumApplied,image
2023-06-14T16:15:16.384Z ::1 GET /api/v1/products/search/suggest?keyword=
2023-06-14T16:15:16.407Z ::1 GET /api/v1/products/search/suggest?keyword= (404)
2023-06-14T16:15:16.429Z ::1 POST / (200)
2023-06-14T16:15:16.451Z ::1 GET /?fields=name%20slug%20image (304)
2023-06-14T16:15:16.456Z ::1 GET /?fields=name,desc,code,beginDate,endDate,quantity,unlimitedQty,discount,discountType,minimumTotal,maximumApplied,image (304)
2023-06-14T16:15:16.531Z ::1 GET /?fields=name%20slug%20image (304)
2023-06-14T16:15:17.124Z ::1 GET /api/v1/products?search=&page=1&limit=20&b=&c=
2023-06-14T16:15:17.285Z ::1 GET /?search=&page=1&limit=20&b=&c= (304)
2023-06-14T16:15:20.249Z ::1 GET /api/v1/account
2023-06-14T16:15:20.278Z ::1 GET / (304)
2023-06-14T16:17:53.775Z ::1 GET /api/v1/account
2023-06-14T16:17:53.964Z ::1 GET / (304)
2023-06-14T16:17:55.416Z ::1 GET /api/v1/products/search/suggest?keyword=
2023-06-14T16:17:55.423Z ::1 GET /api/v1/products/search/suggest?keyword= (404)
2023-06-14T16:17:55.426Z ::1 POST /api/v1/cart
2023-06-14T16:17:55.443Z ::1 GET /api/v1/discounts?fields=name,desc,code,beginDate,endDate,quantity,unlimitedQty,discount,discountType,minimumTotal,maximumApplied,image
2023-06-14T16:17:55.470Z ::1 GET /api/v1/products/search/suggest?keyword=
2023-06-14T16:17:55.477Z ::1 GET /api/v1/products/search/suggest?keyword= (404)
2023-06-14T16:17:55.502Z ::1 GET /api/v1/brands?fields=name%20slug%20image
2023-06-14T16:17:55.522Z ::1 GET /api/v1/categories?fields=name%20slug%20image
2023-06-14T16:17:55.590Z ::1 POST / (200)
2023-06-14T16:17:55.617Z ::1 GET /?fields=name%20slug%20image (304)
2023-06-14T16:17:55.620Z ::1 GET /?fields=name,desc,code,beginDate,endDate,quantity,unlimitedQty,discount,discountType,minimumTotal,maximumApplied,image (304)
2023-06-14T16:17:55.644Z ::1 GET /?fields=name%20slug%20image (304)
2023-06-14T16:17:56.555Z ::1 GET /api/v1/account
2023-06-14T16:17:56.578Z ::1 GET / (304)
2023-06-14T16:19:45.921Z ::1 GET /api/v1/account
2023-06-14T16:19:45.940Z ::1 GET / (304)
2023-06-14T16:19:47.447Z ::1 GET /api/v1/products/search/suggest?keyword=
2023-06-14T16:19:47.454Z ::1 GET /api/v1/products/search/suggest?keyword= (404)
2023-06-14T16:19:47.476Z ::1 GET /api/v1/products/search/suggest?keyword=
2023-06-14T16:19:47.482Z ::1 GET /api/v1/products/search/suggest?keyword= (404)
2023-06-14T16:19:47.491Z ::1 GET /api/v1/categories?fields=name%20slug%20image
2023-06-14T16:19:47.498Z ::1 POST /api/v1/cart
2023-06-14T16:19:47.512Z ::1 GET /api/v1/brands?fields=name%20slug%20image
2023-06-14T16:19:47.517Z ::1 GET /api/v1/discounts?fields=name,desc,code,beginDate,endDate,quantity,unlimitedQty,discount,discountType,minimumTotal,maximumApplied,image
2023-06-14T16:19:47.548Z ::1 GET /?fields=name%20slug%20image (304)
2023-06-14T16:19:47.572Z ::1 GET /?fields=name%20slug%20image (304)
2023-06-14T16:19:47.576Z ::1 GET /?fields=name,desc,code,beginDate,endDate,quantity,unlimitedQty,discount,discountType,minimumTotal,maximumApplied,image (304)
2023-06-14T16:19:47.586Z ::1 POST / (200)
2023-06-14T16:19:48.535Z ::1 GET /api/v1/account
2023-06-14T16:19:48.550Z ::1 GET / (304)
2023-06-14T16:20:54.052Z ::1 GET /api/v1/account
2023-06-14T16:20:54.093Z ::1 GET / (304)
2023-06-14T16:20:55.255Z ::1 GET /api/v1/products/search/suggest?keyword=
2023-06-14T16:20:55.260Z ::1 GET /api/v1/products/search/suggest?keyword= (404)
2023-06-14T16:20:55.268Z ::1 GET /api/v1/products/search/suggest?keyword=
2023-06-14T16:20:55.272Z ::1 GET /api/v1/products/search/suggest?keyword= (404)
2023-06-14T16:20:55.276Z ::1 GET /api/v1/brands?fields=name%20slug%20image
2023-06-14T16:20:55.280Z ::1 GET /api/v1/categories?fields=name%20slug%20image
2023-06-14T16:20:55.302Z ::1 GET /?fields=name%20slug%20image (304)
2023-06-14T16:20:55.308Z ::1 POST /api/v1/cart
2023-06-14T16:20:55.320Z ::1 GET /api/v1/discounts?fields=name,desc,code,beginDate,endDate,quantity,unlimitedQty,discount,discountType,minimumTotal,maximumApplied,image
2023-06-14T16:20:55.358Z ::1 GET /?fields=name%20slug%20image (304)
2023-06-14T16:20:55.372Z ::1 GET /?fields=name,desc,code,beginDate,endDate,quantity,unlimitedQty,discount,discountType,minimumTotal,maximumApplied,image (304)
2023-06-14T16:20:55.384Z ::1 POST / (200)
2023-06-14T16:20:56.521Z ::1 GET /api/v1/account
2023-06-14T16:20:56.539Z ::1 GET / (304)
2023-06-14T16:21:18.673Z ::1 GET /api/v1/account
2023-06-14T16:21:18.698Z ::1 GET / (304)
2023-06-14T16:21:19.894Z ::1 GET /api/v1/products/search/suggest?keyword=
2023-06-14T16:21:19.900Z ::1 GET /api/v1/products/search/suggest?keyword= (404)
2023-06-14T16:21:19.915Z ::1 GET /api/v1/categories?fields=name%20slug%20image
2023-06-14T16:21:19.919Z ::1 GET /api/v1/products/search/suggest?keyword=
2023-06-14T16:21:19.925Z ::1 GET /api/v1/products/search/suggest?keyword= (404)
2023-06-14T16:21:19.927Z ::1 GET /api/v1/brands?fields=name%20slug%20image
2023-06-14T16:21:19.934Z ::1 POST /api/v1/cart
2023-06-14T16:21:19.966Z ::1 GET /api/v1/discounts?fields=name,desc,code,beginDate,endDate,quantity,unlimitedQty,discount,discountType,minimumTotal,maximumApplied,image
2023-06-14T16:21:19.992Z ::1 GET /?fields=name%20slug%20image (304)
2023-06-14T16:21:20.010Z ::1 GET /?fields=name%20slug%20image (304)
2023-06-14T16:21:20.017Z ::1 GET /?fields=name,desc,code,beginDate,endDate,quantity,unlimitedQty,discount,discountType,minimumTotal,maximumApplied,image (304)
2023-06-14T16:21:20.041Z ::1 POST / (200)
2023-06-14T16:21:20.778Z ::1 GET /api/v1/account
2023-06-14T16:21:20.804Z ::1 GET / (304)
2023-06-14T16:21:29.485Z ::1 GET /api/v1/products/search/suggest?keyword=
2023-06-14T16:21:29.490Z ::1 GET /api/v1/products/search/suggest?keyword= (404)
2023-06-14T16:21:29.749Z ::1 GET /api/v1/products/search/suggest?keyword=
2023-06-14T16:21:29.753Z ::1 GET /api/v1/products/search/suggest?keyword= (404)
2023-06-14T16:21:43.427Z ::1 GET /api/v1/account
2023-06-14T16:21:43.451Z ::1 GET / (304)
2023-06-14T16:21:44.693Z ::1 GET /api/v1/products/search/suggest?keyword=
2023-06-14T16:21:44.699Z ::1 GET /api/v1/products/search/suggest?keyword= (404)
2023-06-14T16:21:44.709Z ::1 POST /api/v1/cart
2023-06-14T16:21:44.718Z ::1 GET /api/v1/categories?fields=name%20slug%20image
2023-06-14T16:21:44.722Z ::1 GET /api/v1/brands?fields=name%20slug%20image
2023-06-14T16:21:44.728Z ::1 GET /api/v1/products/search/suggest?keyword=
2023-06-14T16:21:44.732Z ::1 GET /api/v1/products/search/suggest?keyword= (404)
2023-06-14T16:21:44.734Z ::1 GET /api/v1/discounts?fields=name,desc,code,beginDate,endDate,quantity,unlimitedQty,discount,discountType,minimumTotal,maximumApplied,image
2023-06-14T16:21:44.773Z ::1 GET /?fields=name%20slug%20image (304)
2023-06-14T16:21:44.777Z ::1 GET /?fields=name,desc,code,beginDate,endDate,quantity,unlimitedQty,discount,discountType,minimumTotal,maximumApplied,image (304)
2023-06-14T16:21:44.799Z ::1 GET /?fields=name%20slug%20image (304)
2023-06-14T16:21:44.815Z ::1 POST / (200)
2023-06-14T16:21:45.678Z ::1 GET /api/v1/account
2023-06-14T16:21:45.714Z ::1 GET / (304)
2023-06-14T16:22:07.789Z ::1 GET /api/v1/account
2023-06-14T16:22:07.843Z ::1 GET / (304)
2023-06-14T16:22:08.714Z ::1 GET /api/v1/products/search/suggest?keyword=
2023-06-14T16:22:08.719Z ::1 GET /api/v1/products/search/suggest?keyword= (404)
2023-06-14T16:22:08.731Z ::1 POST /api/v1/cart
2023-06-14T16:22:08.744Z ::1 GET /api/v1/categories?fields=name%20slug%20image
2023-06-14T16:22:08.752Z ::1 GET /api/v1/brands?fields=name%20slug%20image
2023-06-14T16:22:08.757Z ::1 GET /api/v1/discounts?fields=name,desc,code,beginDate,endDate,quantity,unlimitedQty,discount,discountType,minimumTotal,maximumApplied,image
2023-06-14T16:22:08.762Z ::1 GET /api/v1/products/search/suggest?keyword=
2023-06-14T16:22:08.771Z ::1 GET /api/v1/products/search/suggest?keyword= (404)
2023-06-14T16:22:08.835Z ::1 GET /?fields=name%20slug%20image (304)
2023-06-14T16:22:08.861Z ::1 GET /?fields=name,desc,code,beginDate,endDate,quantity,unlimitedQty,discount,discountType,minimumTotal,maximumApplied,image (304)
2023-06-14T16:22:08.864Z ::1 POST / (200)
2023-06-14T16:22:08.880Z ::1 GET /?fields=name%20slug%20image (304)
2023-06-14T16:22:11.209Z ::1 GET /api/v1/account
2023-06-14T16:22:11.245Z ::1 GET / (304)
2023-06-14T16:22:48.842Z ::1 GET /api/v1/account
2023-06-14T16:22:48.860Z ::1 GET / (304)
2023-06-14T16:22:49.945Z ::1 GET /api/v1/products/search/suggest?keyword=
2023-06-14T16:22:49.953Z ::1 GET /api/v1/products/search/suggest?keyword= (404)
2023-06-14T16:22:49.971Z ::1 GET /api/v1/products/search/suggest?keyword=
2023-06-14T16:22:49.987Z ::1 GET /api/v1/products/search/suggest?keyword= (404)
2023-06-14T16:22:49.999Z ::1 POST /api/v1/cart
2023-06-14T16:22:50.008Z ::1 GET /api/v1/categories?fields=name%20slug%20image
2023-06-14T16:22:50.013Z ::1 GET /api/v1/brands?fields=name%20slug%20image
2023-06-14T16:22:50.019Z ::1 GET /api/v1/discounts?fields=name,desc,code,beginDate,endDate,quantity,unlimitedQty,discount,discountType,minimumTotal,maximumApplied,image
2023-06-14T16:22:50.065Z ::1 GET /?fields=name%20slug%20image (304)
2023-06-14T16:22:50.084Z ::1 GET /?fields=name%20slug%20image (304)
2023-06-14T16:22:50.088Z ::1 GET /?fields=name,desc,code,beginDate,endDate,quantity,unlimitedQty,discount,discountType,minimumTotal,maximumApplied,image (304)
2023-06-14T16:22:50.093Z ::1 POST / (200)
2023-06-14T16:22:51.741Z ::1 GET /api/v1/account
2023-06-14T16:22:51.757Z ::1 GET / (304)
2023-06-14T16:23:23.387Z ::1 GET /api/v1/account
2023-06-14T16:23:23.410Z ::1 GET / (304)
2023-06-14T16:23:25.082Z ::1 GET /api/v1/products/search/suggest?keyword=
2023-06-14T16:23:25.087Z ::1 GET /api/v1/products/search/suggest?keyword= (404)
2023-06-14T16:23:25.095Z ::1 GET /api/v1/categories?fields=name%20slug%20image
2023-06-14T16:23:25.099Z ::1 GET /api/v1/brands?fields=name%20slug%20image
2023-06-14T16:23:25.103Z ::1 GET /api/v1/products/search/suggest?keyword=
2023-06-14T16:23:25.109Z ::1 GET /api/v1/products/search/suggest?keyword= (404)
2023-06-14T16:23:25.135Z ::1 GET /?fields=name%20slug%20image (304)
2023-06-14T16:23:25.162Z ::1 GET /?fields=name%20slug%20image (304)
2023-06-14T16:23:25.169Z ::1 POST /api/v1/cart
2023-06-14T16:23:25.184Z ::1 GET /api/v1/discounts?fields=name,desc,code,beginDate,endDate,quantity,unlimitedQty,discount,discountType,minimumTotal,maximumApplied,image
2023-06-14T16:23:25.269Z ::1 POST / (200)
2023-06-14T16:23:25.283Z ::1 GET /?fields=name,desc,code,beginDate,endDate,quantity,unlimitedQty,discount,discountType,minimumTotal,maximumApplied,image (304)
2023-06-14T16:23:27.124Z ::1 GET /api/v1/account
2023-06-14T16:23:27.140Z ::1 GET / (304)
2023-06-14T16:24:01.648Z ::1 GET /api/v1/account
2023-06-14T16:24:01.677Z ::1 GET / (304)
2023-06-14T16:24:03.329Z ::1 GET /api/v1/products/search/suggest?keyword=
2023-06-14T16:24:03.334Z ::1 GET /api/v1/products/search/suggest?keyword= (404)
2023-06-14T16:24:03.352Z ::1 GET /api/v1/products/search/suggest?keyword=
2023-06-14T16:24:03.359Z ::1 GET /api/v1/products/search/suggest?keyword= (404)
2023-06-14T16:24:03.365Z ::1 GET /api/v1/categories?fields=name%20slug%20image
2023-06-14T16:24:03.370Z ::1 POST /api/v1/cart
2023-06-14T16:24:03.380Z ::1 GET /api/v1/brands?fields=name%20slug%20image
2023-06-14T16:24:03.384Z ::1 GET /api/v1/discounts?fields=name,desc,code,beginDate,endDate,quantity,unlimitedQty,discount,discountType,minimumTotal,maximumApplied,image
2023-06-14T16:24:03.423Z ::1 GET /?fields=name%20slug%20image (304)
2023-06-14T16:24:03.435Z ::1 GET /?fields=name%20slug%20image (304)
2023-06-14T16:24:03.439Z ::1 GET /?fields=name,desc,code,beginDate,endDate,quantity,unlimitedQty,discount,discountType,minimumTotal,maximumApplied,image (304)
2023-06-14T16:24:03.443Z ::1 POST / (200)
2023-06-14T16:24:04.666Z ::1 GET /api/v1/account
2023-06-14T16:24:04.690Z ::1 GET / (304)
2023-06-14T16:24:22.638Z ::1 GET /api/v1/account
2023-06-14T16:24:22.666Z ::1 GET / (304)
2023-06-14T16:24:23.851Z ::1 GET /api/v1/products/search/suggest?keyword=
2023-06-14T16:24:23.857Z ::1 GET /api/v1/products/search/suggest?keyword= (404)
2023-06-14T16:24:23.868Z ::1 GET /api/v1/categories?fields=name%20slug%20image
2023-06-14T16:24:23.874Z ::1 GET /api/v1/products/search/suggest?keyword=
2023-06-14T16:24:23.880Z ::1 GET /api/v1/products/search/suggest?keyword= (404)
2023-06-14T16:24:23.916Z ::1 GET /?fields=name%20slug%20image (304)
2023-06-14T16:24:23.926Z ::1 GET /api/v1/brands?fields=name%20slug%20image
2023-06-14T16:24:23.956Z ::1 GET /?fields=name%20slug%20image (304)
2023-06-14T16:24:23.960Z ::1 GET /api/v1/discounts?fields=name,desc,code,beginDate,endDate,quantity,unlimitedQty,discount,discountType,minimumTotal,maximumApplied,image
2023-06-14T16:24:23.973Z ::1 POST /api/v1/cart
2023-06-14T16:24:23.984Z ::1 GET /?fields=name,desc,code,beginDate,endDate,quantity,unlimitedQty,discount,discountType,minimumTotal,maximumApplied,image (304)
2023-06-14T16:24:24.002Z ::1 POST / (200)
2023-06-14T16:24:26.342Z ::1 GET /api/v1/account
2023-06-14T16:24:26.360Z ::1 GET / (304)
2023-06-14T16:26:05.681Z ::1 GET /api/v1/account
2023-06-14T16:26:05.696Z ::1 GET / (304)
2023-06-14T16:26:07.163Z ::1 GET /api/v1/products/search/suggest?keyword=
2023-06-14T16:26:07.168Z ::1 GET /api/v1/products/search/suggest?keyword= (404)
2023-06-14T16:26:07.172Z ::1 GET /api/v1/products/search/suggest?keyword=
2023-06-14T16:26:07.177Z ::1 GET /api/v1/products/search/suggest?keyword= (404)
2023-06-14T16:26:07.180Z ::1 GET /api/v1/categories?fields=name%20slug%20image
2023-06-14T16:26:07.219Z ::1 GET /?fields=name%20slug%20image (304)
2023-06-14T16:26:07.224Z ::1 GET /api/v1/brands?fields=name%20slug%20image
2023-06-14T16:26:07.243Z ::1 GET /?fields=name%20slug%20image (304)
2023-06-14T16:26:07.255Z ::1 GET /api/v1/discounts?fields=name,desc,code,beginDate,endDate,quantity,unlimitedQty,discount,discountType,minimumTotal,maximumApplied,image
2023-06-14T16:26:07.262Z ::1 GET /?fields=name,desc,code,beginDate,endDate,quantity,unlimitedQty,discount,discountType,minimumTotal,maximumApplied,image (304)
2023-06-14T16:26:07.268Z ::1 POST /api/v1/cart
2023-06-14T16:26:07.287Z ::1 POST / (200)
2023-06-14T16:26:08.980Z ::1 GET /api/v1/account
2023-06-14T16:26:09.061Z ::1 GET / (304)
2023-06-14T16:27:07.650Z ::1 GET /api/v1/account
2023-06-14T16:27:07.670Z ::1 GET / (304)
2023-06-14T16:27:08.077Z ::1 POST /api/v1/cart
2023-06-14T16:27:08.096Z ::1 POST / (200)
2023-06-14T16:28:00.101Z ::1 GET /api/v1/account
2023-06-14T16:28:00.117Z ::1 GET / (304)
2023-06-14T16:28:01.621Z ::1 GET /api/v1/products/search/suggest?keyword=
2023-06-14T16:28:01.626Z ::1 GET /api/v1/products/search/suggest?keyword= (404)
2023-06-14T16:28:01.631Z ::1 GET /api/v1/categories?fields=name%20slug%20image
2023-06-14T16:28:01.635Z ::1 GET /api/v1/brands?fields=name%20slug%20image
2023-06-14T16:28:01.639Z ::1 GET /api/v1/products/search/suggest?keyword=
2023-06-14T16:28:01.644Z ::1 GET /api/v1/products/search/suggest?keyword= (404)
2023-06-14T16:28:01.646Z ::1 GET /api/v1/discounts?fields=name,desc,code,beginDate,endDate,quantity,unlimitedQty,discount,discountType,minimumTotal,maximumApplied,image
2023-06-14T16:28:01.674Z ::1 GET /?fields=name%20slug%20image (304)
2023-06-14T16:28:01.692Z ::1 GET /?fields=name%20slug%20image (304)
2023-06-14T16:28:01.703Z ::1 GET /?fields=name,desc,code,beginDate,endDate,quantity,unlimitedQty,discount,discountType,minimumTotal,maximumApplied,image (304)
2023-06-14T16:28:01.710Z ::1 POST /api/v1/cart
2023-06-14T16:28:01.735Z ::1 POST / (200)
2023-06-14T16:28:03.490Z ::1 GET /api/v1/account
2023-06-14T16:28:03.507Z ::1 GET / (304)
2023-06-14T16:29:14.749Z ::1 GET /api/v1/account
2023-06-14T16:29:14.767Z ::1 GET / (304)
2023-06-14T16:29:16.129Z ::1 POST /api/v1/cart
2023-06-14T16:29:16.147Z ::1 GET /api/v1/categories?fields=name%20slug%20image
2023-06-14T16:29:16.161Z ::1 GET /api/v1/products/search/suggest?keyword=
2023-06-14T16:29:16.166Z ::1 GET /api/v1/products/search/suggest?keyword= (404)
2023-06-14T16:29:16.168Z ::1 GET /api/v1/discounts?fields=name,desc,code,beginDate,endDate,quantity,unlimitedQty,discount,discountType,minimumTotal,maximumApplied,image
2023-06-14T16:29:16.172Z ::1 GET /api/v1/brands?fields=name%20slug%20image
2023-06-14T16:29:16.260Z ::1 GET /?fields=name%20slug%20image (304)
2023-06-14T16:29:16.277Z ::1 GET /?fields=name,desc,code,beginDate,endDate,quantity,unlimitedQty,discount,discountType,minimumTotal,maximumApplied,image (304)
2023-06-14T16:29:16.293Z ::1 POST / (200)
2023-06-14T16:29:16.316Z ::1 GET /?fields=name%20slug%20image (304)
2023-06-14T16:29:16.323Z ::1 GET /api/v1/products/search/suggest?keyword=
2023-06-14T16:29:16.356Z ::1 GET /api/v1/products/search/suggest?keyword= (404)
2023-06-14T16:29:17.795Z ::1 GET /api/v1/account
2023-06-14T16:29:17.811Z ::1 GET / (304)
2023-06-14T16:31:35.744Z ::1 GET /api/v1/account
2023-06-14T16:31:35.778Z ::1 GET / (304)
2023-06-14T16:31:37.105Z ::1 POST /api/v1/cart
2023-06-14T16:31:37.121Z ::1 GET /api/v1/products/search/suggest?keyword=
2023-06-14T16:31:37.127Z ::1 GET /api/v1/products/search/suggest?keyword= (404)
2023-06-14T16:31:37.130Z ::1 GET /api/v1/categories?fields=name%20slug%20image
2023-06-14T16:31:37.134Z ::1 GET /api/v1/brands?fields=name%20slug%20image
2023-06-14T16:31:37.140Z ::1 GET /api/v1/products/search/suggest?keyword=
2023-06-14T16:31:37.146Z ::1 GET /api/v1/products/search/suggest?keyword= (404)
2023-06-14T16:31:37.168Z ::1 GET /api/v1/discounts?fields=name,desc,code,beginDate,endDate,quantity,unlimitedQty,discount,discountType,minimumTotal,maximumApplied,image
2023-06-14T16:31:37.242Z ::1 GET /?fields=name%20slug%20image (304)
2023-06-14T16:31:37.280Z ::1 GET /?fields=name%20slug%20image (304)
2023-06-14T16:31:37.292Z ::1 GET /?fields=name,desc,code,beginDate,endDate,quantity,unlimitedQty,discount,discountType,minimumTotal,maximumApplied,image (304)
2023-06-14T16:31:37.389Z ::1 POST / (200)
2023-06-14T16:31:38.117Z ::1 GET /api/v1/account
2023-06-14T16:31:38.188Z ::1 GET / (304)
2023-06-14T16:31:54.099Z ::1 PATCH /api/v1/account
2023-06-14T16:31:54.278Z ::1 PATCH / (200)
2023-06-14T16:31:54.349Z ::1 GET /api/v1/account
2023-06-14T16:31:54.369Z ::1 GET / (200)
2023-06-14T16:31:54.383Z ::1 GET /api/v1/account
2023-06-14T16:31:54.407Z ::1 GET / (304)
2023-06-14T16:34:54.926Z ::1 PATCH /api/v1/account
2023-06-14T16:34:55.186Z ::1 PATCH / (200)
2023-06-14T16:34:55.419Z ::1 GET /api/v1/account
2023-06-14T16:34:55.472Z ::1 GET / (200)
2023-06-14T16:34:55.484Z ::1 GET /api/v1/account
2023-06-14T16:34:55.562Z ::1 GET / (304)
2023-06-14T16:38:23.261Z ::1 PATCH /api/v1/account
2023-06-14T16:38:23.485Z ::1 PATCH / (200)
2023-06-14T16:38:23.624Z ::1 GET /api/v1/account
2023-06-14T16:38:23.792Z ::1 GET / (200)
2023-06-14T16:38:23.844Z ::1 GET /api/v1/account
2023-06-14T16:38:23.935Z ::1 GET / (304)
2023-06-14T16:54:00.953Z ::1 GET /api/v1/account
2023-06-14T16:54:01.168Z ::1 GET / (304)
2023-06-14T16:54:02.584Z ::1 POST /api/v1/cart
2023-06-14T16:54:02.717Z ::1 POST / (200)
2023-06-14T16:54:08.470Z ::1 GET /api/v1/categories
2023-06-14T16:54:08.597Z ::1 GET / (304)
2023-06-14T16:54:38.668Z ::1 GET /api/v1/account
2023-06-14T16:54:38.841Z ::1 GET / (304)
2023-06-14T16:54:40.202Z ::1 POST /api/v1/cart
2023-06-14T16:54:40.542Z ::1 POST / (200)
2023-06-14T16:54:41.132Z ::1 GET /api/v1/categories
2023-06-14T16:54:41.202Z ::1 GET / (304)
2023-06-14T17:16:40.818Z ::1 POST /api/v1/auth/login
2023-06-14T17:16:41.103Z ::1 POST /login (200)
2023-06-14T17:16:41.495Z ::1 POST /api/v1/cart
2023-06-14T17:16:41.659Z ::1 POST / (200)
2023-06-14T17:16:41.946Z ::1 GET /api/v1/categories
2023-06-14T17:16:42.019Z ::1 GET / (304)
2023-06-14T17:17:10.626Z ::1 GET /api/v1/account
2023-06-14T17:17:10.713Z ::1 GET / (304)
2023-06-14T17:17:11.592Z ::1 POST /api/v1/cart
2023-06-14T17:17:11.611Z ::1 GET /api/v1/products/search/suggest?keyword=
2023-06-14T17:17:11.619Z ::1 GET /api/v1/products/search/suggest?keyword= (404)
2023-06-14T17:17:11.624Z ::1 GET /api/v1/categories?fields=name%20slug%20image
2023-06-14T17:17:11.670Z ::1 GET /api/v1/brands?fields=name%20slug%20image
2023-06-14T17:17:11.713Z ::1 GET /api/v1/discounts?fields=name,desc,code,beginDate,endDate,quantity,unlimitedQty,discount,discountType,minimumTotal,maximumApplied,image
2023-06-14T17:17:11.986Z ::1 GET /?fields=name%20slug%20image (304)
2023-06-14T17:17:12.064Z ::1 GET /?fields=name%20slug%20image (304)
2023-06-14T17:17:12.070Z ::1 GET /api/v1/products/search/suggest?keyword=
2023-06-14T17:17:12.119Z ::1 GET /api/v1/products/search/suggest?keyword= (404)
2023-06-14T17:17:12.146Z ::1 GET /?fields=name,desc,code,beginDate,endDate,quantity,unlimitedQty,discount,discountType,minimumTotal,maximumApplied,image (304)
2023-06-14T17:17:12.184Z ::1 POST / (200)
2023-06-14T17:17:12.971Z ::1 GET /api/v1/products?search=&page=1&limit=20&b=&c=
2023-06-14T17:17:13.228Z ::1 GET /?search=&page=1&limit=20&b=&c= (304)
2023-06-14T17:17:15.486Z ::1 GET /api/v1/account
2023-06-14T17:17:15.531Z ::1 GET / (304)
2023-06-14T17:18:02.453Z ::1 GET /api/v1/account
2023-06-14T17:18:02.499Z ::1 GET / (304)
2023-06-14T17:18:03.458Z ::1 POST /api/v1/cart
2023-06-14T17:18:03.512Z ::1 POST / (200)
2023-06-14T17:18:06.874Z ::1 GET /api/v1/categories
2023-06-14T17:18:06.955Z ::1 GET / (304)
2023-06-14T17:18:30.079Z ::1 POST /api/v1/categories
2023-06-14T17:18:30.229Z ::1 POST / (200)
2023-06-14T17:19:05.854Z ::1 PATCH /api/v1/categories/6489f666ef6f586b5fa6c735
2023-06-14T17:19:05.992Z ::1 PATCH /6489f666ef6f586b5fa6c735 (200)
2023-06-14T17:19:31.158Z ::1 PATCH /api/v1/categories/6489f666ef6f586b5fa6c735
2023-06-14T17:19:31.287Z ::1 PATCH /6489f666ef6f586b5fa6c735 (200)
2023-06-14T17:20:46.612Z ::1 GET /api/v1/account
2023-06-14T17:20:46.640Z ::1 GET / (304)
2023-06-14T17:20:47.258Z ::1 POST /api/v1/cart
2023-06-14T17:20:47.284Z ::1 POST / (200)
2023-06-14T17:20:49.005Z ::1 GET /api/v1/categories
2023-06-14T17:20:49.051Z ::1 GET / (200)
2023-06-14T17:22:21.144Z ::1 GET /api/v1/account
2023-06-14T17:22:21.169Z ::1 GET / (304)
2023-06-14T17:22:22.458Z ::1 POST /api/v1/cart
2023-06-14T17:22:22.481Z ::1 POST / (200)
2023-06-14T17:22:23.211Z ::1 GET /api/v1/categories
2023-06-14T17:22:23.259Z ::1 GET / (304)
2023-06-14T17:24:12.105Z ::1 PATCH /api/v1/categories/6489f666ef6f586b5fa6c735
2023-06-14T17:24:12.421Z ::1 PATCH /6489f666ef6f586b5fa6c735 (200)
2023-06-14T17:26:05.794Z ::1 DELETE /api/v1/categories/6489f666ef6f586b5fa6c735
2023-06-14T17:26:06.014Z ::1 DELETE /6489f666ef6f586b5fa6c735 (200)
2023-06-14T17:26:19.643Z ::1 POST /api/v1/categories
2023-06-14T17:26:20.184Z ::1 POST / (200)
2023-06-14T17:27:35.450Z ::1 PATCH /api/v1/categories/6489f83c66216ce22d98ab31
2023-06-14T17:27:35.912Z ::1 PATCH /6489f83c66216ce22d98ab31 (200)
2023-06-14T17:29:50.772Z ::1 PATCH /api/v1/categories/6489f83c66216ce22d98ab31
2023-06-14T17:29:51.043Z ::1 PATCH /6489f83c66216ce22d98ab31 (200)
2023-06-14T17:31:34.552Z ::1 GET /api/v1/account
2023-06-14T17:31:34.606Z ::1 GET / (304)
2023-06-14T17:31:35.604Z ::1 POST /api/v1/cart
2023-06-14T17:31:35.656Z ::1 GET /api/v1/categories?fields=name%20slug%20image
2023-06-14T17:31:35.676Z ::1 GET /api/v1/brands?fields=name%20slug%20image
2023-06-14T17:31:35.713Z ::1 GET /api/v1/discounts?fields=name,desc,code,beginDate,endDate,quantity,unlimitedQty,discount,discountType,minimumTotal,maximumApplied,image
2023-06-14T17:31:35.743Z ::1 GET /api/v1/products/search/suggest?keyword=
2023-06-14T17:31:35.792Z ::1 GET /api/v1/products/search/suggest?keyword= (404)
2023-06-14T17:31:36.123Z ::1 GET /?fields=name%20slug%20image (200)
2023-06-14T17:31:36.246Z ::1 GET /?fields=name%20slug%20image (304)
2023-06-14T17:31:36.278Z ::1 GET /?fields=name,desc,code,beginDate,endDate,quantity,unlimitedQty,discount,discountType,minimumTotal,maximumApplied,image (304)
2023-06-14T17:31:36.302Z ::1 POST / (200)
2023-06-14T17:31:36.305Z ::1 GET /api/v1/products/search/suggest?keyword=
2023-06-14T17:31:36.312Z ::1 GET /api/v1/products/search/suggest?keyword= (404)
2023-06-14T17:31:36.572Z ::1 GET /api/v1/products?search=&page=1&limit=20&b=&c=
2023-06-14T17:31:36.757Z ::1 GET /?search=&page=1&limit=20&b=&c= (304)
2023-06-14T17:31:39.285Z ::1 GET /api/v1/account
2023-06-14T17:31:39.354Z ::1 GET / (304)
2023-06-14T17:31:47.255Z ::1 PATCH /api/v1/account
2023-06-14T17:31:47.386Z ::1 PATCH / (200)
2023-06-14T17:31:47.491Z ::1 GET /api/v1/account
2023-06-14T17:31:47.562Z ::1 GET / (200)
2023-06-14T17:31:47.607Z ::1 GET /api/v1/account
2023-06-14T17:31:47.662Z ::1 GET / (304)
2023-06-14T17:33:32.464Z ::1 GET /api/v1/account
2023-06-14T17:33:32.508Z ::1 GET / (304)
2023-06-14T17:33:33.567Z ::1 POST /api/v1/cart
2023-06-14T17:33:33.642Z ::1 POST / (200)
2023-06-14T17:33:37.868Z ::1 GET /api/v1/categories
2023-06-14T17:33:37.940Z ::1 GET / (200)
2023-06-14T17:34:31.519Z ::1 PATCH /api/v1/categories/6489f83c66216ce22d98ab31
2023-06-14T17:34:31.694Z ::1 PATCH /6489f83c66216ce22d98ab31 (200)
2023-06-14T17:35:34.122Z ::1 GET /api/v1/account
2023-06-14T17:35:34.154Z ::1 GET / (304)
2023-06-14T17:35:34.689Z ::1 POST /api/v1/cart
2023-06-14T17:35:34.714Z ::1 POST / (200)
2023-06-14T17:35:36.949Z ::1 GET /api/v1/categories
2023-06-14T17:35:37.041Z ::1 GET / (200)
2023-06-14T17:35:55.181Z ::1 PATCH /api/v1/categories/6489f83c66216ce22d98ab31
2023-06-14T17:35:55.330Z ::1 PATCH /6489f83c66216ce22d98ab31 (200)
2023-06-14T17:36:15.987Z ::1 GET /api/v1/account
2023-06-14T17:36:16.041Z ::1 GET / (304)
2023-06-14T17:36:16.699Z ::1 POST /api/v1/cart
2023-06-14T17:36:16.738Z ::1 POST / (200)
2023-06-14T17:36:18.925Z ::1 GET /api/v1/categories
2023-06-14T17:36:18.978Z ::1 GET / (200)
2023-06-14T17:38:36.977Z ::1 PATCH /api/v1/categories/6489f83c66216ce22d98ab31
2023-06-14T17:38:37.146Z ::1 PATCH /6489f83c66216ce22d98ab31 (200)