
2023-06-11T13:15:14.432Z ::1 GET /api/v1/products/search/suggest?keyword=
2023-06-11T13:15:14.454Z ::1 GET /api/v1/products/search/suggest?keyword= (404)
2023-06-11T13:15:14.458Z ::1 GET /api/v1/categories?fields=name%20slug%20image
2023-06-11T13:15:14.496Z ::1 GET /api/v1/brands?fields=name%20slug%20image
2023-06-11T13:15:14.504Z ::1 GET /api/v1/discounts?fields=name,desc,code,beginDate,endDate,quantity,unlimitedQty,discount,discountType,minimumTotal,maximumApplied,image
2023-06-11T13:15:14.530Z ::1 GET /api/v1/products/search/suggest?keyword=
2023-06-11T13:15:14.545Z ::1 GET /api/v1/products/search/suggest?keyword= (404)
2023-06-11T13:15:14.594Z ::1 GET /?fields=name%20slug%20image (304)
2023-06-11T13:15:14.610Z ::1 GET /?fields=name%20slug%20image (304)
2023-06-11T13:15:14.632Z ::1 GET /?fields=name,desc,code,beginDate,endDate,quantity,unlimitedQty,discount,discountType,minimumTotal,maximumApplied,image (304)
2023-06-11T13:15:15.327Z ::1 GET /api/v1/products?search=&page=1&limit=20&b=&c=
2023-06-11T13:15:15.475Z ::1 GET /?search=&page=1&limit=20&b=&c= (200)
2023-06-11T13:15:25.455Z ::1 GET /api/v1/products/search/suggest?keyword=
2023-06-11T13:15:25.462Z ::1 GET /api/v1/products/search/suggest?keyword= (404)
2023-06-11T13:15:25.466Z ::1 GET /api/v1/categories?fields=name%20slug%20image
2023-06-11T13:15:25.469Z ::1 GET /api/v1/brands?fields=name%20slug%20image
2023-06-11T13:15:25.474Z ::1 GET /api/v1/products/search/suggest?keyword=
2023-06-11T13:15:25.480Z ::1 GET /api/v1/products/search/suggest?keyword= (404)
2023-06-11T13:15:25.492Z ::1 GET /api/v1/discounts?fields=name,desc,code,beginDate,endDate,quantity,unlimitedQty,discount,discountType,minimumTotal,maximumApplied,image
2023-06-11T13:15:25.544Z ::1 GET /?fields=name%20slug%20image (304)
2023-06-11T13:15:25.559Z ::1 GET /?fields=name%20slug%20image (304)
2023-06-11T13:15:25.564Z ::1 GET /?fields=name,desc,code,beginDate,endDate,quantity,unlimitedQty,discount,discountType,minimumTotal,maximumApplied,image (304)
2023-06-11T13:15:25.822Z ::1 GET /api/v1/products?search=&page=1&limit=20&b=&c=
2023-06-11T13:15:25.949Z ::1 GET /?search=&page=1&limit=20&b=&c= (304)
2023-06-11T13:15:29.321Z ::1 GET /api/v1/products/search/suggest?keyword=
2023-06-11T13:15:29.326Z ::1 GET /api/v1/products/search/suggest?keyword= (404)
2023-06-11T13:15:29.330Z ::1 GET /api/v1/categories?fields=name%20slug%20image
2023-06-11T13:15:29.339Z ::1 GET /api/v1/products/search/suggest?keyword=
2023-06-11T13:15:29.344Z ::1 GET /api/v1/products/search/suggest?keyword= (404)
2023-06-11T13:15:29.397Z ::1 GET /api/v1/brands?fields=name%20slug%20image
2023-06-11T13:15:29.403Z ::1 GET /api/v1/discounts?fields=name,desc,code,beginDate,endDate,quantity,unlimitedQty,discount,discountType,minimumTotal,maximumApplied,image
2023-06-11T13:15:29.529Z ::1 GET /?fields=name%20slug%20image (304)
2023-06-11T13:15:29.544Z ::1 GET /?fields=name%20slug%20image (304)
2023-06-11T13:15:29.561Z ::1 GET /?fields=name,desc,code,beginDate,endDate,quantity,unlimitedQty,discount,discountType,minimumTotal,maximumApplied,image (304)
2023-06-11T13:15:30.014Z ::1 GET /api/v1/products?search=&page=1&limit=20&b=&c=
2023-06-11T13:15:30.184Z ::1 GET /?search=&page=1&limit=20&b=&c= (304)
2023-06-11T13:15:35.387Z ::1 GET /api/v1/products/iphone-11-quoc-te-like-new-99?fields=_id%20name%20slug%20desc%20video%20overSpecs%20policies%20detailSpecs%20origin%20category%20brand%20tags%20views%20rate%20variants%20quantity%20warrantyPeriod%20isHide%20createdAt%20updatedAt
2023-06-11T13:15:35.499Z ::1 GET /iphone-11-quoc-te-like-new-99?fields=_id%20name%20slug%20desc%20video%20overSpecs%20policies%20detailSpecs%20origin%20category%20brand%20tags%20views%20rate%20variants%20quantity%20warrantyPeriod%20isHide%20createdAt%20updatedAt (200)
2023-06-11T13:15:39.299Z ::1 GET /api/v1/products/search/suggest?keyword=
2023-06-11T13:15:39.303Z ::1 GET /api/v1/products/search/suggest?keyword= (404)
2023-06-11T13:15:39.305Z ::1 GET /api/v1/categories?fields=name%20slug%20image
2023-06-11T13:15:39.310Z ::1 GET /api/v1/brands?fields=name%20slug%20image
2023-06-11T13:15:39.313Z ::1 GET /api/v1/discounts?fields=name,desc,code,beginDate,endDate,quantity,unlimitedQty,discount,discountType,minimumTotal,maximumApplied,image
2023-06-11T13:15:39.337Z ::1 GET /?fields=name%20slug%20image (304)
2023-06-11T13:15:39.366Z ::1 GET /?fields=name%20slug%20image (304)
2023-06-11T13:15:39.373Z ::1 GET /?fields=name,desc,code,beginDate,endDate,quantity,unlimitedQty,discount,discountType,minimumTotal,maximumApplied,image (304)
2023-06-11T13:15:39.379Z ::1 GET /api/v1/products/search/suggest?keyword=
2023-06-11T13:15:39.389Z ::1 GET /api/v1/products/search/suggest?keyword= (404)
2023-06-11T13:15:39.945Z ::1 POST /api/v1/cart
2023-06-11T13:15:40.020Z ::1 POST / (200)
2023-06-11T13:15:44.313Z ::1 GET /api/v1/account/addresses
2023-06-11T13:15:44.319Z ::1 GET /api/v1/account/addresses (401)
2023-06-11T13:16:04.918Z ::1 POST /api/v1/orders
2023-06-11T13:16:04.927Z ::1 POST /api/v1/orders (500)
2023-06-11T13:17:57.101Z ::1 POST /api/v1/orders
2023-06-11T13:17:57.156Z ::1 POST /api/v1/orders (500)
2023-06-11T13:19:01.341Z ::1 POST /api/v1/orders
2023-06-11T13:19:01.385Z ::1 POST /api/v1/orders (500)
2023-06-11T13:20:06.973Z ::1 POST /api/v1/orders
2023-06-11T13:20:07.291Z ::1 POST /api/v1/orders (500)
2023-06-11T13:21:54.357Z ::1 POST /api/v1/orders
2023-06-11T13:21:54.407Z ::1 POST /api/v1/orders (500)
2023-06-11T13:22:22.828Z ::1 POST /api/v1/orders
2023-06-11T13:22:23.207Z ::1 POST / (200)
2023-06-11T13:22:26.863Z ::1 GET /api/v1/products/search/suggest?keyword=
2023-06-11T13:22:26.873Z ::1 GET /api/v1/products/search/suggest?keyword= (404)
2023-06-11T13:22:26.887Z ::1 GET /api/v1/products/search/suggest?keyword=
2023-06-11T13:22:26.892Z ::1 GET /api/v1/products/search/suggest?keyword= (404)
2023-06-11T13:22:26.896Z ::1 GET /api/v1/categories?fields=name%20slug%20image
2023-06-11T13:22:26.907Z ::1 GET /api/v1/brands?fields=name%20slug%20image
2023-06-11T13:22:26.921Z ::1 GET /api/v1/discounts?fields=name,desc,code,beginDate,endDate,quantity,unlimitedQty,discount,discountType,minimumTotal,maximumApplied,image
2023-06-11T13:22:27.046Z ::1 GET /?fields=name%20slug%20image (304)
2023-06-11T13:22:27.077Z ::1 GET /?fields=name%20slug%20image (304)
2023-06-11T13:22:27.084Z ::1 GET /?fields=name,desc,code,beginDate,endDate,quantity,unlimitedQty,discount,discountType,minimumTotal,maximumApplied,image (304)
2023-06-11T13:22:30.038Z ::1 GET /api/v1/orders/6485ca8ed72219bf85d2139c
2023-06-11T13:22:30.065Z ::1 GET /6485ca8ed72219bf85d2139c (200)
2023-06-11T13:22:58.296Z ::1 GET /api/v1/products/search/suggest?keyword=
2023-06-11T13:22:58.302Z ::1 GET /api/v1/products/search/suggest?keyword= (404)
2023-06-11T13:22:58.309Z ::1 GET /api/v1/categories?fields=name%20slug%20image
2023-06-11T13:22:58.316Z ::1 GET /api/v1/brands?fields=name%20slug%20image
2023-06-11T13:22:58.321Z ::1 GET /api/v1/products/search/suggest?keyword=
2023-06-11T13:22:58.325Z ::1 GET /api/v1/products/search/suggest?keyword= (404)
2023-06-11T13:22:58.328Z ::1 GET /api/v1/discounts?fields=name,desc,code,beginDate,endDate,quantity,unlimitedQty,discount,discountType,minimumTotal,maximumApplied,image
2023-06-11T13:22:58.375Z ::1 GET /?fields=name%20slug%20image (304)
2023-06-11T13:22:58.397Z ::1 GET /?fields=name%20slug%20image (304)
2023-06-11T13:22:58.420Z ::1 GET /?fields=name,desc,code,beginDate,endDate,quantity,unlimitedQty,discount,discountType,minimumTotal,maximumApplied,image (304)
2023-06-11T13:22:59.348Z ::1 GET /api/v1/products/6482c4843ff75c40e0fb9265?fields=_id%20name%20slug%20desc%20video%20overSpecs%20policies%20detailSpecs%20origin%20category%20brand%20tags%20views%20rate%20variants%20quantity%20warrantyPeriod%20isHide%20createdAt%20updatedAt
2023-06-11T13:22:59.459Z ::1 GET /6482c4843ff75c40e0fb9265?fields=_id%20name%20slug%20desc%20video%20overSpecs%20policies%20detailSpecs%20origin%20category%20brand%20tags%20views%20rate%20variants%20quantity%20warrantyPeriod%20isHide%20createdAt%20updatedAt (200)
2023-06-11T13:23:32.485Z ::1 GET /api/v1/comments/6482c4843ff75c40e0fb9265
2023-06-11T13:23:32.490Z ::1 GET /api/v1/comments/6482c4843ff75c40e0fb9265 (404)
2023-06-11T13:23:32.493Z ::1 GET /api/v1/account
2023-06-11T13:23:32.499Z ::1 GET /api/v1/account (401)
2023-06-11T13:23:32.502Z ::1 GET /api/v1/comments/6482c4843ff75c40e0fb9265
2023-06-11T13:23:32.506Z ::1 GET /api/v1/comments/6482c4843ff75c40e0fb9265 (404)
2023-06-11T13:24:11.520Z ::1 GET /api/v1/categories?fields=_id%20name%20slug
2023-06-11T13:24:11.601Z ::1 GET /?fields=_id%20name%20slug (200)
2023-06-11T13:24:11.618Z ::1 GET /api/v1/brands?fields=_id%20name%20slug
2023-06-11T13:24:11.646Z ::1 GET /?fields=_id%20name%20slug (200)
2023-06-11T13:24:17.189Z ::1 GET /api/v1/products?search=&page=1&limit=20&b=&c=
2023-06-11T13:24:17.309Z ::1 GET /?search=&page=1&limit=20&b=&c= (200)
2023-06-11T13:24:24.653Z ::1 GET /api/v1/products/search/suggest?keyword=
2023-06-11T13:24:24.660Z ::1 GET /api/v1/products/search/suggest?keyword= (404)
2023-06-11T13:24:24.662Z ::1 GET /api/v1/categories?fields=name%20slug%20image
2023-06-11T13:24:24.672Z ::1 GET /api/v1/brands?fields=name%20slug%20image
2023-06-11T13:24:24.680Z ::1 GET /api/v1/discounts?fields=name,desc,code,beginDate,endDate,quantity,unlimitedQty,discount,discountType,minimumTotal,maximumApplied,image
2023-06-11T13:24:24.687Z ::1 GET /api/v1/products/search/suggest?keyword=
2023-06-11T13:24:24.695Z ::1 GET /api/v1/products/search/suggest?keyword= (404)
2023-06-11T13:24:24.731Z ::1 GET /?fields=name,desc,code,beginDate,endDate,quantity,unlimitedQty,discount,discountType,minimumTotal,maximumApplied,image (304)
2023-06-11T13:24:24.747Z ::1 GET /?fields=name%20slug%20image (304)
2023-06-11T13:24:24.761Z ::1 GET /?fields=name%20slug%20image (304)
2023-06-11T13:24:25.314Z ::1 GET /api/v1/products?search=&page=1&limit=20&b=&c=
2023-06-11T13:24:25.423Z ::1 GET /?search=&page=1&limit=20&b=&c= (304)
2023-06-11T13:24:28.889Z ::1 GET /api/v1/categories?fields=_id%20name%20slug
2023-06-11T13:24:28.915Z ::1 GET /?fields=_id%20name%20slug (304)
2023-06-11T13:24:28.929Z ::1 GET /api/v1/brands?fields=_id%20name%20slug
2023-06-11T13:24:28.951Z ::1 GET /?fields=_id%20name%20slug (304)
2023-06-11T13:24:30.768Z ::1 GET /api/v1/products?search=&page=1&limit=20&b=&c=
2023-06-11T13:24:30.882Z ::1 GET /?search=&page=1&limit=20&b=&c= (304)
2023-06-11T13:24:33.342Z ::1 GET /api/v1/categories?fields=_id%20name%20slug
2023-06-11T13:24:33.368Z ::1 GET /?fields=_id%20name%20slug (304)
2023-06-11T13:24:33.403Z ::1 GET /api/v1/brands?fields=_id%20name%20slug
2023-06-11T13:24:33.421Z ::1 GET /?fields=_id%20name%20slug (304)
2023-06-11T13:24:35.406Z ::1 GET /api/v1/products?search=&page=1&limit=20&b=&c=
2023-06-11T13:24:35.498Z ::1 GET /?search=&page=1&limit=20&b=&c= (304)
2023-06-11T13:26:42.659Z ::1 GET /api/v1/products/search/suggest?keyword=
2023-06-11T13:26:42.694Z ::1 GET /api/v1/products/search/suggest?keyword= (404)
2023-06-11T13:26:43.086Z ::1 GET /api/v1/products/search/suggest?keyword=
2023-06-11T13:26:43.096Z ::1 GET /api/v1/products/search/suggest?keyword= (404)
2023-06-11T13:26:43.617Z ::1 GET /api/v1/products/search/suggest?keyword=
2023-06-11T13:26:43.624Z ::1 GET /api/v1/products/search/suggest?keyword= (404)
2023-06-11T13:26:49.647Z ::1 GET /api/v1/products/search/suggest?keyword=
2023-06-11T13:26:49.663Z ::1 GET /api/v1/products/search/suggest?keyword= (404)
2023-06-11T13:30:44.800Z ::1 GET /api/v1/products/search/suggest?keyword=
2023-06-11T13:30:44.825Z ::1 GET /api/v1/products/search/suggest?keyword= (404)
2023-06-11T13:30:44.843Z ::1 GET /api/v1/categories?fields=name%20slug%20image
2023-06-11T13:30:44.954Z ::1 GET /api/v1/brands?fields=name%20slug%20image
2023-06-11T13:30:44.960Z ::1 GET /api/v1/discounts?fields=name,desc,code,beginDate,endDate,quantity,unlimitedQty,discount,discountType,minimumTotal,maximumApplied,image
2023-06-11T13:30:44.973Z ::1 GET /api/v1/products/search/suggest?keyword=
2023-06-11T13:30:45.036Z ::1 GET /api/v1/products/search/suggest?keyword= (404)
2023-06-11T13:30:45.216Z ::1 GET /?fields=name,desc,code,beginDate,endDate,quantity,unlimitedQty,discount,discountType,minimumTotal,maximumApplied,image (304)
2023-06-11T13:30:45.232Z ::1 GET /?fields=name%20slug%20image (304)
2023-06-11T13:30:45.258Z ::1 GET /?fields=name%20slug%20image (304)
2023-06-11T13:30:46.736Z ::1 GET /api/v1/products/search/suggest?keyword=
2023-06-11T13:30:46.745Z ::1 GET /api/v1/products/search/suggest?keyword= (404)
2023-06-11T13:30:46.959Z ::1 GET /api/v1/categories?fields=name%20slug%20image
2023-06-11T13:30:47.065Z ::1 GET /api/v1/brands?fields=name%20slug%20image
2023-06-11T13:30:47.071Z ::1 GET /api/v1/discounts?fields=name,desc,code,beginDate,endDate,quantity,unlimitedQty,discount,discountType,minimumTotal,maximumApplied,image
2023-06-11T13:30:47.075Z ::1 GET /api/v1/products/search/suggest?keyword=
2023-06-11T13:30:47.084Z ::1 GET /api/v1/products/search/suggest?keyword= (404)
2023-06-11T13:30:47.424Z ::1 GET /?fields=name%20slug%20image (304)
2023-06-11T13:30:47.442Z ::1 GET /?fields=name%20slug%20image (304)
2023-06-11T13:30:47.627Z ::1 GET /?fields=name,desc,code,beginDate,endDate,quantity,unlimitedQty,discount,discountType,minimumTotal,maximumApplied,image (304)
2023-06-11T13:30:49.398Z ::1 GET /api/v1/products?search=&page=1&limit=20&b=&c=
2023-06-11T13:30:49.617Z ::1 GET /?search=&page=1&limit=20&b=&c= (304)
2023-06-11T13:35:35.632Z ::1 GET /api/v1/discounts?fields=name,desc,code,beginDate,endDate,quantity,unlimitedQty,discount,discountType,minimumTotal,maximumApplied,image
2023-06-11T13:35:35.734Z ::1 GET /api/v1/brands?fields=name%20slug%20image
2023-06-11T13:35:35.743Z ::1 GET /api/v1/products/search/suggest?keyword=
2023-06-11T13:35:35.777Z ::1 GET /api/v1/products/search/suggest?keyword= (404)
2023-06-11T13:35:35.780Z ::1 GET /api/v1/categories?fields=name%20slug%20image
2023-06-11T13:35:35.835Z ::1 GET /api/v1/products/search/suggest?keyword=
2023-06-11T13:35:35.844Z ::1 GET /api/v1/products/search/suggest?keyword= (404)
2023-06-11T13:35:35.950Z ::1 GET /?fields=name%20slug%20image (304)
2023-06-11T13:35:35.976Z ::1 GET /?fields=name%20slug%20image (304)
2023-06-11T13:35:36.006Z ::1 GET /?fields=name,desc,code,beginDate,endDate,quantity,unlimitedQty,discount,discountType,minimumTotal,maximumApplied,image (304)
2023-06-11T13:35:38.455Z ::1 GET /api/v1/products?search=&page=1&limit=20&b=&c=
2023-06-11T13:35:38.643Z ::1 GET /?search=&page=1&limit=20&b=&c= (304)
2023-06-11T13:38:22.903Z ::1 GET /api/v1/brands?fields=name%20slug%20image
2023-06-11T13:38:22.933Z ::1 GET /api/v1/products/search/suggest?keyword=
2023-06-11T13:38:22.954Z ::1 GET /api/v1/products/search/suggest?keyword= (404)
2023-06-11T13:38:22.958Z ::1 GET /api/v1/categories?fields=name%20slug%20image
2023-06-11T13:38:22.973Z ::1 GET /api/v1/discounts?fields=name,desc,code,beginDate,endDate,quantity,unlimitedQty,discount,discountType,minimumTotal,maximumApplied,image
2023-06-11T13:38:23.112Z ::1 GET /api/v1/products/search/suggest?keyword=
2023-06-11T13:38:23.119Z ::1 GET /api/v1/products/search/suggest?keyword= (404)
2023-06-11T13:38:23.260Z ::1 GET /?fields=name%20slug%20image (304)
2023-06-11T13:38:23.286Z ::1 GET /?fields=name%20slug%20image (304)
2023-06-11T13:38:23.331Z ::1 GET /?fields=name,desc,code,beginDate,endDate,quantity,unlimitedQty,discount,discountType,minimumTotal,maximumApplied,image (304)
2023-06-11T13:38:24.600Z ::1 GET /api/v1/products?search=&page=1&limit=20&b=&c=
2023-06-11T13:38:24.815Z ::1 GET /?search=&page=1&limit=20&b=&c= (304)
2023-06-11T13:48:34.930Z ::1 GET /api/v1/products/search/suggest?keyword=
2023-06-11T13:48:34.996Z ::1 GET /api/v1/products/search/suggest?keyword= (404)
2023-06-11T13:48:35.010Z ::1 GET /api/v1/brands?fields=name%20slug%20image
2023-06-11T13:48:35.080Z ::1 GET /api/v1/categories?fields=name%20slug%20image
2023-06-11T13:48:35.088Z ::1 GET /api/v1/discounts?fields=name,desc,code,beginDate,endDate,quantity,unlimitedQty,discount,discountType,minimumTotal,maximumApplied,image
2023-06-11T13:48:35.118Z ::1 GET /api/v1/products/search/suggest?keyword=
2023-06-11T13:48:35.126Z ::1 GET /api/v1/products/search/suggest?keyword= (404)
2023-06-11T13:48:35.184Z ::1 GET /?fields=name%20slug%20image (304)
2023-06-11T13:48:35.186Z ::1 GET /?fields=name,desc,code,beginDate,endDate,quantity,unlimitedQty,discount,discountType,minimumTotal,maximumApplied,image (304)
2023-06-11T13:48:35.201Z ::1 GET /?fields=name%20slug%20image (304)
2023-06-11T13:48:36.798Z ::1 GET /api/v1/products?search=&page=1&limit=20&b=&c=
2023-06-11T13:48:36.948Z ::1 GET /?search=&page=1&limit=20&b=&c= (304)
2023-06-11T13:51:51.458Z ::1 GET /api/v1/categories?fields=name%20slug%20image
2023-06-11T13:51:51.543Z ::1 GET /api/v1/products/search/suggest?keyword=
2023-06-11T13:51:51.555Z ::1 GET /api/v1/products/search/suggest?keyword= (404)
2023-06-11T13:51:51.557Z ::1 GET /api/v1/brands?fields=name%20slug%20image
2023-06-11T13:51:51.594Z ::1 GET /api/v1/discounts?fields=name,desc,code,beginDate,endDate,quantity,unlimitedQty,discount,discountType,minimumTotal,maximumApplied,image
2023-06-11T13:51:51.613Z ::1 GET /api/v1/products/search/suggest?keyword=
2023-06-11T13:51:51.682Z ::1 GET /api/v1/products/search/suggest?keyword= (404)
2023-06-11T13:51:52.140Z ::1 GET /?fields=name%20slug%20image (304)
2023-06-11T13:51:52.151Z ::1 GET /?fields=name%20slug%20image (304)
2023-06-11T13:51:52.153Z ::1 GET /?fields=name,desc,code,beginDate,endDate,quantity,unlimitedQty,discount,discountType,minimumTotal,maximumApplied,image (304)
2023-06-11T13:51:54.303Z ::1 GET /api/v1/products?search=&page=1&limit=20&b=&c=
2023-06-11T13:51:54.406Z ::1 GET /?search=&page=1&limit=20&b=&c= (304)
2023-06-11T13:52:44.187Z ::1 GET /api/v1/products/search/suggest?keyword=
2023-06-11T13:52:44.194Z ::1 GET /api/v1/products/search/suggest?keyword= (404)
2023-06-11T13:52:44.205Z ::1 GET /api/v1/products/search/suggest?keyword=
2023-06-11T13:52:44.209Z ::1 GET /api/v1/products/search/suggest?keyword= (404)
2023-06-11T13:52:44.248Z ::1 GET /api/v1/categories?fields=name%20slug%20image
2023-06-11T13:52:44.253Z ::1 GET /api/v1/brands?fields=name%20slug%20image
2023-06-11T13:52:44.259Z ::1 GET /api/v1/discounts?fields=name,desc,code,beginDate,endDate,quantity,unlimitedQty,discount,discountType,minimumTotal,maximumApplied,image
2023-06-11T13:52:44.289Z ::1 GET /?fields=name%20slug%20image (304)
2023-06-11T13:52:44.302Z ::1 GET /?fields=name%20slug%20image (304)
2023-06-11T13:52:44.305Z ::1 GET /?fields=name,desc,code,beginDate,endDate,quantity,unlimitedQty,discount,discountType,minimumTotal,maximumApplied,image (304)
2023-06-11T13:52:45.543Z ::1 GET /api/v1/products?search=&page=1&limit=20&b=&c=
2023-06-11T13:52:45.648Z ::1 GET /?search=&page=1&limit=20&b=&c= (304)
2023-06-11T13:52:48.457Z ::1 GET /api/v1/products/search/suggest?keyword=
2023-06-11T13:52:48.461Z ::1 GET /api/v1/products/search/suggest?keyword= (404)
2023-06-11T13:52:48.467Z ::1 GET /api/v1/categories?fields=name%20slug%20image
2023-06-11T13:52:48.472Z ::1 GET /api/v1/brands?fields=name%20slug%20image
2023-06-11T13:52:48.485Z ::1 GET /api/v1/products/search/suggest?keyword=
2023-06-11T13:52:48.489Z ::1 GET /api/v1/products/search/suggest?keyword= (404)
2023-06-11T13:52:48.499Z ::1 GET /api/v1/discounts?fields=name,desc,code,beginDate,endDate,quantity,unlimitedQty,discount,discountType,minimumTotal,maximumApplied,image
2023-06-11T13:52:48.545Z ::1 GET /?fields=name%20slug%20image (304)
2023-06-11T13:52:48.567Z ::1 GET /?fields=name%20slug%20image (304)
2023-06-11T13:52:48.583Z ::1 GET /?fields=name,desc,code,beginDate,endDate,quantity,unlimitedQty,discount,discountType,minimumTotal,maximumApplied,image (304)
2023-06-11T13:52:49.721Z ::1 GET /api/v1/products?search=&page=1&limit=20&b=&c=
2023-06-11T13:52:49.810Z ::1 GET /?search=&page=1&limit=20&b=&c= (304)
2023-06-11T13:53:10.185Z ::1 GET /api/v1/products/search/suggest?keyword=
2023-06-11T13:53:10.191Z ::1 GET /api/v1/products/search/suggest?keyword= (404)
2023-06-11T13:54:07.353Z ::1 GET /api/v1/products/search/suggest?keyword=
2023-06-11T13:54:07.359Z ::1 GET /api/v1/products/search/suggest?keyword= (404)
2023-06-11T13:54:07.362Z ::1 GET /api/v1/discounts?fields=name,desc,code,beginDate,endDate,quantity,unlimitedQty,discount,discountType,minimumTotal,maximumApplied,image
2023-06-11T13:54:07.369Z ::1 GET /api/v1/products/search/suggest?keyword=
2023-06-11T13:54:07.374Z ::1 GET /api/v1/products/search/suggest?keyword= (404)
2023-06-11T13:54:07.384Z ::1 GET /api/v1/categories?fields=name%20slug%20image
2023-06-11T13:54:07.388Z ::1 GET /api/v1/brands?fields=name%20slug%20image
2023-06-11T13:54:07.631Z ::1 GET /?fields=name,desc,code,beginDate,endDate,quantity,unlimitedQty,discount,discountType,minimumTotal,maximumApplied,image (304)
2023-06-11T13:54:07.649Z ::1 GET /?fields=name%20slug%20image (304)
2023-06-11T13:54:07.716Z ::1 GET /?fields=name%20slug%20image (304)
2023-06-11T13:54:08.588Z ::1 GET /api/v1/products?search=&page=1&limit=20&b=&c=
2023-06-11T13:54:08.676Z ::1 GET /?search=&page=1&limit=20&b=&c= (304)
2023-06-11T13:54:31.052Z ::1 GET /api/v1/products/search/suggest?keyword=
2023-06-11T13:54:31.058Z ::1 GET /api/v1/products/search/suggest?keyword= (404)
2023-06-11T13:54:31.061Z ::1 GET /api/v1/categories?fields=name%20slug%20image
2023-06-11T13:54:31.072Z ::1 GET /api/v1/brands?fields=name%20slug%20image
2023-06-11T13:54:31.077Z ::1 GET /api/v1/discounts?fields=name,desc,code,beginDate,endDate,quantity,unlimitedQty,discount,discountType,minimumTotal,maximumApplied,image
2023-06-11T13:54:31.097Z ::1 GET /api/v1/products/search/suggest?keyword=
2023-06-11T13:54:31.101Z ::1 GET /api/v1/products/search/suggest?keyword= (404)
2023-06-11T13:54:31.135Z ::1 GET /?fields=name%20slug%20image (304)
2023-06-11T13:54:31.138Z ::1 GET /?fields=name,desc,code,beginDate,endDate,quantity,unlimitedQty,discount,discountType,minimumTotal,maximumApplied,image (304)
2023-06-11T13:54:31.175Z ::1 GET /?fields=name%20slug%20image (304)
2023-06-11T13:54:33.146Z ::1 GET /api/v1/products?search=&page=1&limit=20&b=&c=
2023-06-11T13:54:33.237Z ::1 GET /?search=&page=1&limit=20&b=&c= (304)
2023-06-11T13:54:41.961Z ::1 GET /api/v1/products/search/suggest?keyword=
2023-06-11T13:54:41.966Z ::1 GET /api/v1/products/search/suggest?keyword= (404)
2023-06-11T13:55:36.242Z ::1 GET /api/v1/products/search/suggest?keyword=
2023-06-11T13:55:36.251Z ::1 GET /api/v1/products/search/suggest?keyword= (404)
2023-06-11T13:55:36.254Z ::1 GET /api/v1/categories?fields=name%20slug%20image
2023-06-11T13:55:36.258Z ::1 GET /api/v1/discounts?fields=name,desc,code,beginDate,endDate,quantity,unlimitedQty,discount,discountType,minimumTotal,maximumApplied,image
2023-06-11T13:55:36.261Z ::1 GET /api/v1/brands?fields=name%20slug%20image
2023-06-11T13:55:36.265Z ::1 GET /api/v1/products/search/suggest?keyword=
2023-06-11T13:55:36.269Z ::1 GET /api/v1/products/search/suggest?keyword= (404)
2023-06-11T13:55:36.329Z ::1 GET /?fields=name%20slug%20image (304)
2023-06-11T13:55:36.342Z ::1 GET /?fields=name%20slug%20image (304)
2023-06-11T13:55:36.345Z ::1 GET /?fields=name,desc,code,beginDate,endDate,quantity,unlimitedQty,discount,discountType,minimumTotal,maximumApplied,image (304)
2023-06-11T13:55:37.378Z ::1 GET /api/v1/products?search=&page=1&limit=20&b=&c=
2023-06-11T13:55:37.481Z ::1 GET /?search=&page=1&limit=20&b=&c= (304)
2023-06-11T13:56:31.782Z ::1 GET /api/v1/products/search/suggest?keyword=
2023-06-11T13:56:31.788Z ::1 GET /api/v1/products/search/suggest?keyword= (404)
2023-06-11T13:56:31.790Z ::1 GET /api/v1/categories?fields=name%20slug%20image
2023-06-11T13:56:31.794Z ::1 GET /api/v1/brands?fields=name%20slug%20image
2023-06-11T13:56:31.798Z ::1 GET /api/v1/discounts?fields=name,desc,code,beginDate,endDate,quantity,unlimitedQty,discount,discountType,minimumTotal,maximumApplied,image
2023-06-11T13:56:31.802Z ::1 GET /api/v1/products/search/suggest?keyword=
2023-06-11T13:56:31.807Z ::1 GET /api/v1/products/search/suggest?keyword= (404)
2023-06-11T13:56:31.881Z ::1 GET /?fields=name,desc,code,beginDate,endDate,quantity,unlimitedQty,discount,discountType,minimumTotal,maximumApplied,image (304)
2023-06-11T13:56:31.898Z ::1 GET /?fields=name%20slug%20image (304)
2023-06-11T13:56:31.913Z ::1 GET /?fields=name%20slug%20image (304)
2023-06-11T13:56:33.092Z ::1 GET /api/v1/products?search=&page=1&limit=20&b=&c=
2023-06-11T13:56:33.208Z ::1 GET /?search=&page=1&limit=20&b=&c= (304)
2023-06-11T13:56:51.994Z ::1 GET /api/v1/products/search/suggest?keyword=
2023-06-11T13:56:51.998Z ::1 GET /api/v1/products/search/suggest?keyword= (404)
2023-06-11T13:56:52.005Z ::1 GET /api/v1/products/search/suggest?keyword=
2023-06-11T13:56:52.011Z ::1 GET /api/v1/products/search/suggest?keyword= (404)
2023-06-11T13:56:52.015Z ::1 GET /api/v1/categories?fields=name%20slug%20image
2023-06-11T13:56:52.023Z ::1 GET /api/v1/brands?fields=name%20slug%20image
2023-06-11T13:56:52.066Z ::1 GET /?fields=name%20slug%20image (304)
2023-06-11T13:56:52.080Z ::1 GET /?fields=name%20slug%20image (304)
2023-06-11T13:56:52.104Z ::1 GET /api/v1/discounts?fields=name,desc,code,beginDate,endDate,quantity,unlimitedQty,discount,discountType,minimumTotal,maximumApplied,image
2023-06-11T13:56:52.118Z ::1 GET /?fields=name,desc,code,beginDate,endDate,quantity,unlimitedQty,discount,discountType,minimumTotal,maximumApplied,image (304)
2023-06-11T13:56:53.452Z ::1 GET /api/v1/products?search=&page=1&limit=20&b=&c=
2023-06-11T13:56:53.532Z ::1 GET /?search=&page=1&limit=20&b=&c= (304)
2023-06-11T13:57:39.604Z ::1 GET /api/v1/products/search/suggest?keyword=
2023-06-11T13:57:39.610Z ::1 GET /api/v1/products/search/suggest?keyword= (404)
2023-06-11T13:57:39.646Z ::1 GET /api/v1/products/search/suggest?keyword=
2023-06-11T13:57:39.650Z ::1 GET /api/v1/products/search/suggest?keyword= (404)
2023-06-11T13:57:39.654Z ::1 GET /api/v1/categories?fields=name%20slug%20image
2023-06-11T13:57:39.675Z ::1 GET /api/v1/brands?fields=name%20slug%20image
2023-06-11T13:57:39.679Z ::1 GET /api/v1/discounts?fields=name,desc,code,beginDate,endDate,quantity,unlimitedQty,discount,discountType,minimumTotal,maximumApplied,image
2023-06-11T13:57:39.758Z ::1 GET /?fields=name%20slug%20image (304)
2023-06-11T13:57:39.774Z ::1 GET /?fields=name%20slug%20image (304)
2023-06-11T13:57:39.864Z ::1 GET /?fields=name,desc,code,beginDate,endDate,quantity,unlimitedQty,discount,discountType,minimumTotal,maximumApplied,image (304)
2023-06-11T13:57:40.932Z ::1 GET /api/v1/products?search=&page=1&limit=20&b=&c=
2023-06-11T13:57:41.050Z ::1 GET /?search=&page=1&limit=20&b=&c= (304)
2023-06-11T13:57:55.234Z ::1 GET /api/v1/products/search/suggest?keyword=
2023-06-11T13:57:55.238Z ::1 GET /api/v1/products/search/suggest?keyword= (404)
2023-06-11T13:57:55.244Z ::1 GET /api/v1/categories?fields=name%20slug%20image
2023-06-11T13:57:55.251Z ::1 GET /api/v1/brands?fields=name%20slug%20image
2023-06-11T13:57:55.263Z ::1 GET /api/v1/discounts?fields=name,desc,code,beginDate,endDate,quantity,unlimitedQty,discount,discountType,minimumTotal,maximumApplied,image
2023-06-11T13:57:55.303Z ::1 GET /?fields=name%20slug%20image (304)
2023-06-11T13:57:55.316Z ::1 GET /?fields=name%20slug%20image (304)
2023-06-11T13:57:55.319Z ::1 GET /?fields=name,desc,code,beginDate,endDate,quantity,unlimitedQty,discount,discountType,minimumTotal,maximumApplied,image (304)
2023-06-11T13:57:55.342Z ::1 GET /api/v1/products/search/suggest?keyword=
2023-06-11T13:57:55.378Z ::1 GET /api/v1/products/search/suggest?keyword= (404)
2023-06-11T13:57:56.065Z ::1 GET /api/v1/products?search=&page=1&limit=20&b=&c=
2023-06-11T13:57:56.149Z ::1 GET /?search=&page=1&limit=20&b=&c= (304)
2023-06-11T13:58:55.627Z ::1 GET /api/v1/products/search/suggest?keyword=
2023-06-11T13:58:55.632Z ::1 GET /api/v1/products/search/suggest?keyword= (404)
2023-06-11T13:58:55.652Z ::1 GET /api/v1/categories?fields=name%20slug%20image
2023-06-11T13:58:55.657Z ::1 GET /api/v1/brands?fields=name%20slug%20image
2023-06-11T13:58:55.662Z ::1 GET /api/v1/discounts?fields=name,desc,code,beginDate,endDate,quantity,unlimitedQty,discount,discountType,minimumTotal,maximumApplied,image
2023-06-11T13:58:55.672Z ::1 GET /api/v1/products/search/suggest?keyword=
2023-06-11T13:58:55.676Z ::1 GET /api/v1/products/search/suggest?keyword= (404)
2023-06-11T13:58:55.762Z ::1 GET /?fields=name%20slug%20image (304)
2023-06-11T13:58:55.777Z ::1 GET /?fields=name,desc,code,beginDate,endDate,quantity,unlimitedQty,discount,discountType,minimumTotal,maximumApplied,image (304)
2023-06-11T13:58:55.810Z ::1 GET /?fields=name%20slug%20image (304)
2023-06-11T13:58:56.597Z ::1 GET /api/v1/products?search=&page=1&limit=20&b=&c=
2023-06-11T13:58:56.717Z ::1 GET /?search=&page=1&limit=20&b=&c= (304)
2023-06-11T13:59:43.862Z ::1 GET /api/v1/products/search/suggest?keyword=
2023-06-11T13:59:43.868Z ::1 GET /api/v1/products/search/suggest?keyword= (404)
2023-06-11T13:59:43.872Z ::1 GET /api/v1/categories?fields=name%20slug%20image
2023-06-11T13:59:43.879Z ::1 GET /api/v1/discounts?fields=name,desc,code,beginDate,endDate,quantity,unlimitedQty,discount,discountType,minimumTotal,maximumApplied,image
2023-06-11T13:59:43.884Z ::1 GET /api/v1/brands?fields=name%20slug%20image
2023-06-11T13:59:43.887Z ::1 GET /api/v1/products/search/suggest?keyword=
2023-06-11T13:59:43.891Z ::1 GET /api/v1/products/search/suggest?keyword= (404)
2023-06-11T13:59:43.953Z ::1 GET /?fields=name%20slug%20image (304)
2023-06-11T13:59:43.961Z ::1 GET /?fields=name,desc,code,beginDate,endDate,quantity,unlimitedQty,discount,discountType,minimumTotal,maximumApplied,image (304)
2023-06-11T13:59:43.980Z ::1 GET /?fields=name%20slug%20image (304)
2023-06-11T13:59:44.363Z ::1 GET /api/v1/products?search=&page=1&limit=20&b=&c=
2023-06-11T13:59:44.465Z ::1 GET /?search=&page=1&limit=20&b=&c= (304)
2023-06-11T14:02:14.017Z ::1 GET /api/v1/products/search/suggest?keyword=
2023-06-11T14:02:14.065Z ::1 GET /api/v1/products/search/suggest?keyword= (404)
2023-06-11T14:02:14.068Z ::1 GET /api/v1/categories?fields=name%20slug%20image
2023-06-11T14:02:14.123Z ::1 GET /api/v1/discounts?fields=name,desc,code,beginDate,endDate,quantity,unlimitedQty,discount,discountType,minimumTotal,maximumApplied,image
2023-06-11T14:02:14.143Z ::1 GET /api/v1/brands?fields=name%20slug%20image
2023-06-11T14:02:14.514Z ::1 GET /api/v1/products/search/suggest?keyword=
2023-06-11T14:02:14.552Z ::1 GET /api/v1/products/search/suggest?keyword= (404)
2023-06-11T14:02:14.728Z ::1 GET /?fields=name%20slug%20image (304)
2023-06-11T14:02:14.740Z ::1 GET /?fields=name,desc,code,beginDate,endDate,quantity,unlimitedQty,discount,discountType,minimumTotal,maximumApplied,image (304)
2023-06-11T14:02:14.775Z ::1 GET /?fields=name%20slug%20image (304)
2023-06-11T14:02:16.684Z ::1 GET /api/v1/products?search=&page=1&limit=20&b=&c=
2023-06-11T14:02:16.860Z ::1 GET /?search=&page=1&limit=20&b=&c= (304)
2023-06-11T14:02:42.384Z ::1 GET /api/v1/products/search/suggest?keyword=
2023-06-11T14:02:42.389Z ::1 GET /api/v1/products/search/suggest?keyword= (404)
2023-06-11T14:02:52.399Z ::1 GET /api/v1/products/search/suggest?keyword=
2023-06-11T14:02:52.404Z ::1 GET /api/v1/products/search/suggest?keyword= (404)
2023-06-11T14:03:14.655Z ::1 GET /api/v1/categories?fields=name%20slug%20image
2023-06-11T14:03:14.660Z ::1 GET /api/v1/products/search/suggest?keyword=
2023-06-11T14:03:14.664Z ::1 GET /api/v1/products/search/suggest?keyword= (404)
2023-06-11T14:03:14.667Z ::1 GET /api/v1/discounts?fields=name,desc,code,beginDate,endDate,quantity,unlimitedQty,discount,discountType,minimumTotal,maximumApplied,image
2023-06-11T14:03:14.677Z ::1 GET /api/v1/brands?fields=name%20slug%20image
2023-06-11T14:03:14.679Z ::1 GET /api/v1/products/search/suggest?keyword=
2023-06-11T14:03:14.684Z ::1 GET /api/v1/products/search/suggest?keyword= (404)
2023-06-11T14:03:14.694Z ::1 GET /?fields=name,desc,code,beginDate,endDate,quantity,unlimitedQty,discount,discountType,minimumTotal,maximumApplied,image (304)
2023-06-11T14:03:14.708Z ::1 GET /?fields=name%20slug%20image (304)
2023-06-11T14:03:14.812Z ::1 GET /?fields=name%20slug%20image (304)
2023-06-11T14:03:15.858Z ::1 GET /api/v1/products?search=&page=1&limit=20&b=&c=
2023-06-11T14:03:15.974Z ::1 GET /?search=&page=1&limit=20&b=&c= (304)
2023-06-11T14:04:53.662Z ::1 GET /api/v1/products/search/suggest?keyword=
2023-06-11T14:04:53.666Z ::1 GET /api/v1/products/search/suggest?keyword= (404)
2023-06-11T14:04:58.689Z ::1 GET /api/v1/products/search/suggest?keyword=
2023-06-11T14:04:58.693Z ::1 GET /api/v1/products/search/suggest?keyword= (404)
2023-06-11T14:04:58.696Z ::1 GET /api/v1/categories?fields=name%20slug%20image
2023-06-11T14:04:58.701Z ::1 GET /api/v1/brands?fields=name%20slug%20image
2023-06-11T14:04:58.704Z ::1 GET /api/v1/discounts?fields=name,desc,code,beginDate,endDate,quantity,unlimitedQty,discount,discountType,minimumTotal,maximumApplied,image
2023-06-11T14:04:58.709Z ::1 GET /api/v1/products/search/suggest?keyword=
2023-06-11T14:04:58.713Z ::1 GET /api/v1/products/search/suggest?keyword= (404)
2023-06-11T14:04:58.812Z ::1 GET /?fields=name%20slug%20image (304)
2023-06-11T14:04:58.823Z ::1 GET /?fields=name%20slug%20image (304)
2023-06-11T14:04:58.837Z ::1 GET /?fields=name,desc,code,beginDate,endDate,quantity,unlimitedQty,discount,discountType,minimumTotal,maximumApplied,image (304)
2023-06-11T14:04:59.649Z ::1 GET /api/v1/products?search=&page=1&limit=20&b=&c=
2023-06-11T14:04:59.781Z ::1 GET /?search=&page=1&limit=20&b=&c= (304)
2023-06-11T14:05:15.033Z ::1 GET /api/v1/products/search/suggest?keyword=
2023-06-11T14:05:15.038Z ::1 GET /api/v1/products/search/suggest?keyword= (404)
2023-06-11T14:05:15.040Z ::1 GET /api/v1/categories?fields=name%20slug%20image
2023-06-11T14:05:15.055Z ::1 GET /api/v1/brands?fields=name%20slug%20image
2023-06-11T14:05:15.061Z ::1 GET /api/v1/products/search/suggest?keyword=
2023-06-11T14:05:15.064Z ::1 GET /api/v1/products/search/suggest?keyword= (404)
2023-06-11T14:05:15.066Z ::1 GET /api/v1/discounts?fields=name,desc,code,beginDate,endDate,quantity,unlimitedQty,discount,discountType,minimumTotal,maximumApplied,image
2023-06-11T14:05:15.162Z ::1 GET /?fields=name%20slug%20image (304)
2023-06-11T14:05:15.165Z ::1 GET /?fields=name,desc,code,beginDate,endDate,quantity,unlimitedQty,discount,discountType,minimumTotal,maximumApplied,image (304)
2023-06-11T14:05:15.177Z ::1 GET /?fields=name%20slug%20image (304)
2023-06-11T14:05:16.261Z ::1 GET /api/v1/products?search=&page=1&limit=20&b=&c=
2023-06-11T14:05:16.397Z ::1 GET /?search=&page=1&limit=20&b=&c= (304)
2023-06-11T14:05:19.438Z ::1 GET /api/v1/products/search/suggest?keyword=
2023-06-11T14:05:19.442Z ::1 GET /api/v1/products/search/suggest?keyword= (404)
2023-06-11T14:07:02.539Z ::1 GET /api/v1/products/search/suggest?keyword=
2023-06-11T14:07:02.546Z ::1 GET /api/v1/products/search/suggest?keyword= (404)
2023-06-11T14:07:07.621Z ::1 GET /api/v1/products/search/suggest?keyword=
2023-06-11T14:07:07.625Z ::1 GET /api/v1/products/search/suggest?keyword= (404)
2023-06-11T14:07:07.647Z ::1 GET /api/v1/categories?fields=name%20slug%20image
2023-06-11T14:07:07.655Z ::1 GET /api/v1/products/search/suggest?keyword=
2023-06-11T14:07:07.663Z ::1 GET /api/v1/products/search/suggest?keyword= (404)
2023-06-11T14:07:07.664Z ::1 GET /api/v1/brands?fields=name%20slug%20image
2023-06-11T14:07:07.706Z ::1 GET /api/v1/discounts?fields=name,desc,code,beginDate,endDate,quantity,unlimitedQty,discount,discountType,minimumTotal,maximumApplied,image
2023-06-11T14:07:07.763Z ::1 GET /?fields=name%20slug%20image (304)
2023-06-11T14:07:07.779Z ::1 GET /?fields=name%20slug%20image (304)
2023-06-11T14:07:07.782Z ::1 GET /?fields=name,desc,code,beginDate,endDate,quantity,unlimitedQty,discount,discountType,minimumTotal,maximumApplied,image (304)
2023-06-11T14:07:08.730Z ::1 GET /api/v1/products?search=&page=1&limit=20&b=&c=
2023-06-11T14:07:08.818Z ::1 GET /?search=&page=1&limit=20&b=&c= (304)
2023-06-11T14:07:15.518Z ::1 GET /api/v1/products/search/suggest?keyword=
2023-06-11T14:07:15.524Z ::1 GET /api/v1/products/search/suggest?keyword= (404)
2023-06-11T14:07:50.092Z ::1 GET /api/v1/products/search/suggest?keyword=
2023-06-11T14:07:50.096Z ::1 GET /api/v1/products/search/suggest?keyword= (404)
2023-06-11T14:07:50.101Z ::1 GET /api/v1/categories?fields=name%20slug%20image
2023-06-11T14:07:50.105Z ::1 GET /api/v1/brands?fields=name%20slug%20image
2023-06-11T14:07:50.110Z ::1 GET /api/v1/discounts?fields=name,desc,code,beginDate,endDate,quantity,unlimitedQty,discount,discountType,minimumTotal,maximumApplied,image
2023-06-11T14:07:50.118Z ::1 GET /api/v1/products/search/suggest?keyword=
2023-06-11T14:07:50.122Z ::1 GET /api/v1/products/search/suggest?keyword= (404)
2023-06-11T14:07:50.148Z ::1 GET /?fields=name%20slug%20image (304)
2023-06-11T14:07:50.286Z ::1 GET /?fields=name%20slug%20image (304)
2023-06-11T14:07:50.294Z ::1 GET /?fields=name,desc,code,beginDate,endDate,quantity,unlimitedQty,discount,discountType,minimumTotal,maximumApplied,image (304)
2023-06-11T14:07:51.438Z ::1 GET /api/v1/products?search=&page=1&limit=20&b=&c=
2023-06-11T14:07:51.582Z ::1 GET /?search=&page=1&limit=20&b=&c= (304)
2023-06-11T14:08:16.369Z ::1 GET /api/v1/products/search/suggest?keyword=
2023-06-11T14:08:16.385Z ::1 GET /api/v1/products/search/suggest?keyword= (404)
2023-06-11T14:08:16.409Z ::1 GET /api/v1/categories?fields=name%20slug%20image
2023-06-11T14:08:16.418Z ::1 GET /api/v1/brands?fields=name%20slug%20image
2023-06-11T14:08:16.444Z ::1 GET /api/v1/discounts?fields=name,desc,code,beginDate,endDate,quantity,unlimitedQty,discount,discountType,minimumTotal,maximumApplied,image
2023-06-11T14:08:16.471Z ::1 GET /api/v1/products/search/suggest?keyword=
2023-06-11T14:08:16.477Z ::1 GET /api/v1/products/search/suggest?keyword= (404)
2023-06-11T14:08:16.537Z ::1 GET /?fields=name%20slug%20image (304)
2023-06-11T14:08:16.580Z ::1 GET /?fields=name%20slug%20image (304)
2023-06-11T14:08:16.606Z ::1 GET /?fields=name,desc,code,beginDate,endDate,quantity,unlimitedQty,discount,discountType,minimumTotal,maximumApplied,image (304)
2023-06-11T14:08:17.169Z ::1 GET /api/v1/products?search=&page=1&limit=20&b=&c=
2023-06-11T14:08:17.265Z ::1 GET /?search=&page=1&limit=20&b=&c= (304)
2023-06-11T14:08:36.610Z ::1 GET /api/v1/brands?fields=name%20slug%20image
2023-06-11T14:08:36.616Z ::1 GET /api/v1/discounts?fields=name,desc,code,beginDate,endDate,quantity,unlimitedQty,discount,discountType,minimumTotal,maximumApplied,image
2023-06-11T14:08:36.621Z ::1 GET /api/v1/categories?fields=name%20slug%20image
2023-06-11T14:08:36.625Z ::1 GET /api/v1/products/search/suggest?keyword=
2023-06-11T14:08:36.629Z ::1 GET /api/v1/products/search/suggest?keyword= (404)
2023-06-11T14:08:36.632Z ::1 GET /api/v1/products/search/suggest?keyword=
2023-06-11T14:08:36.636Z ::1 GET /api/v1/products/search/suggest?keyword= (404)
2023-06-11T14:08:36.658Z ::1 GET /?fields=name,desc,code,beginDate,endDate,quantity,unlimitedQty,discount,discountType,minimumTotal,maximumApplied,image (304)
2023-06-11T14:08:36.676Z ::1 GET /?fields=name%20slug%20image (304)
2023-06-11T14:08:36.693Z ::1 GET /?fields=name%20slug%20image (304)
2023-06-11T14:08:37.723Z ::1 GET /api/v1/products?search=&page=1&limit=20&b=&c=
2023-06-11T14:08:37.810Z ::1 GET /?search=&page=1&limit=20&b=&c= (304)
2023-06-11T14:09:13.362Z ::1 GET /api/v1/products/search/suggest?keyword=
2023-06-11T14:09:13.368Z ::1 GET /api/v1/products/search/suggest?keyword= (404)
2023-06-11T14:09:13.372Z ::1 GET /api/v1/categories?fields=name%20slug%20image
2023-06-11T14:09:13.376Z ::1 GET /api/v1/brands?fields=name%20slug%20image
2023-06-11T14:09:13.379Z ::1 GET /api/v1/discounts?fields=name,desc,code,beginDate,endDate,quantity,unlimitedQty,discount,discountType,minimumTotal,maximumApplied,image
2023-06-11T14:09:13.387Z ::1 GET /api/v1/products/search/suggest?keyword=
2023-06-11T14:09:13.392Z ::1 GET /api/v1/products/search/suggest?keyword= (404)
2023-06-11T14:09:13.437Z ::1 GET /?fields=name%20slug%20image (304)
2023-06-11T14:09:13.463Z ::1 GET /?fields=name%20slug%20image (304)
2023-06-11T14:09:13.466Z ::1 GET /?fields=name,desc,code,beginDate,endDate,quantity,unlimitedQty,discount,discountType,minimumTotal,maximumApplied,image (304)
2023-06-11T14:09:15.276Z ::1 GET /api/v1/products?search=&page=1&limit=20&b=&c=
2023-06-11T14:09:15.498Z ::1 GET /?search=&page=1&limit=20&b=&c= (304)
2023-06-11T14:09:59.664Z ::1 GET /api/v1/products/search/suggest?keyword=
2023-06-11T14:09:59.670Z ::1 GET /api/v1/products/search/suggest?keyword= (404)
2023-06-11T14:09:59.683Z ::1 GET /api/v1/categories?fields=name%20slug%20image
2023-06-11T14:09:59.687Z ::1 GET /api/v1/brands?fields=name%20slug%20image
2023-06-11T14:09:59.690Z ::1 GET /api/v1/discounts?fields=name,desc,code,beginDate,endDate,quantity,unlimitedQty,discount,discountType,minimumTotal,maximumApplied,image
2023-06-11T14:09:59.693Z ::1 GET /api/v1/products/search/suggest?keyword=
2023-06-11T14:09:59.697Z ::1 GET /api/v1/products/search/suggest?keyword= (404)
2023-06-11T14:09:59.795Z ::1 GET /?fields=name%20slug%20image (304)
2023-06-11T14:09:59.808Z ::1 GET /?fields=name%20slug%20image (304)
2023-06-11T14:09:59.810Z ::1 GET /?fields=name,desc,code,beginDate,endDate,quantity,unlimitedQty,discount,discountType,minimumTotal,maximumApplied,image (304)
2023-06-11T14:10:00.754Z ::1 GET /api/v1/products?search=&page=1&limit=20&b=&c=
2023-06-11T14:10:00.844Z ::1 GET /?search=&page=1&limit=20&b=&c= (304)
2023-06-11T14:10:24.975Z ::1 GET /api/v1/products/search/suggest?keyword=
2023-06-11T14:10:24.981Z ::1 GET /api/v1/products/search/suggest?keyword= (404)
2023-06-11T14:10:24.987Z ::1 GET /api/v1/products/search/suggest?keyword=
2023-06-11T14:10:24.991Z ::1 GET /api/v1/products/search/suggest?keyword= (404)
2023-06-11T14:10:24.996Z ::1 GET /api/v1/categories?fields=name%20slug%20image
2023-06-11T14:10:25.001Z ::1 GET /api/v1/brands?fields=name%20slug%20image
2023-06-11T14:10:25.019Z ::1 GET /api/v1/discounts?fields=name,desc,code,beginDate,endDate,quantity,unlimitedQty,discount,discountType,minimumTotal,maximumApplied,image
2023-06-11T14:10:25.085Z ::1 GET /?fields=name,desc,code,beginDate,endDate,quantity,unlimitedQty,discount,discountType,minimumTotal,maximumApplied,image (304)
2023-06-11T14:10:25.103Z ::1 GET /?fields=name%20slug%20image (304)
2023-06-11T14:10:25.118Z ::1 GET /?fields=name%20slug%20image (304)
2023-06-11T14:10:26.445Z ::1 GET /api/v1/products?search=&page=1&limit=20&b=&c=
2023-06-11T14:10:26.533Z ::1 GET /?search=&page=1&limit=20&b=&c= (304)
2023-06-11T14:13:16.314Z ::1 GET /api/v1/products/search/suggest?keyword=
2023-06-11T14:13:16.344Z ::1 GET /api/v1/products/search/suggest?keyword= (404)
2023-06-11T14:13:16.348Z ::1 GET /api/v1/categories?fields=name%20slug%20image
2023-06-11T14:13:16.391Z ::1 GET /api/v1/brands?fields=name%20slug%20image
2023-06-11T14:13:16.410Z ::1 GET /api/v1/discounts?fields=name,desc,code,beginDate,endDate,quantity,unlimitedQty,discount,discountType,minimumTotal,maximumApplied,image
2023-06-11T14:13:16.422Z ::1 GET /api/v1/products/search/suggest?keyword=
2023-06-11T14:13:16.430Z ::1 GET /api/v1/products/search/suggest?keyword= (404)
2023-06-11T14:13:16.593Z ::1 GET /?fields=name%20slug%20image (304)
2023-06-11T14:13:16.615Z ::1 GET /?fields=name%20slug%20image (304)
2023-06-11T14:13:16.619Z ::1 GET /?fields=name,desc,code,beginDate,endDate,quantity,unlimitedQty,discount,discountType,minimumTotal,maximumApplied,image (304)
2023-06-11T14:13:18.796Z ::1 GET /api/v1/products?search=&page=1&limit=20&b=&c=
2023-06-11T14:13:18.919Z ::1 GET /?search=&page=1&limit=20&b=&c= (304)
2023-06-11T14:13:56.297Z ::1 GET /api/v1/products/search/suggest?keyword=
2023-06-11T14:13:56.305Z ::1 GET /api/v1/products/search/suggest?keyword= (404)
2023-06-11T14:13:56.308Z ::1 GET /api/v1/categories?fields=name%20slug%20image
2023-06-11T14:13:56.316Z ::1 GET /api/v1/brands?fields=name%20slug%20image
2023-06-11T14:13:56.320Z ::1 GET /api/v1/products/search/suggest?keyword=
2023-06-11T14:13:56.326Z ::1 GET /api/v1/products/search/suggest?keyword= (404)
2023-06-11T14:13:56.330Z ::1 GET /api/v1/discounts?fields=name,desc,code,beginDate,endDate,quantity,unlimitedQty,discount,discountType,minimumTotal,maximumApplied,image
2023-06-11T14:13:56.414Z ::1 GET /?fields=name%20slug%20image (304)
2023-06-11T14:13:56.419Z ::1 GET /?fields=name,desc,code,beginDate,endDate,quantity,unlimitedQty,discount,discountType,minimumTotal,maximumApplied,image (304)
2023-06-11T14:13:56.437Z ::1 GET /?fields=name%20slug%20image (304)
2023-06-11T14:13:57.647Z ::1 GET /api/v1/products?search=&page=1&limit=20&b=&c=
2023-06-11T14:13:57.760Z ::1 GET /?search=&page=1&limit=20&b=&c= (304)
2023-06-11T14:14:16.126Z ::1 GET /api/v1/products/search/suggest?keyword=
2023-06-11T14:14:16.132Z ::1 GET /api/v1/products/search/suggest?keyword= (404)
2023-06-11T14:14:18.523Z ::1 GET /api/v1/products/search/suggest?keyword=
2023-06-11T14:14:18.528Z ::1 GET /api/v1/products/search/suggest?keyword= (404)
2023-06-11T14:14:26.292Z ::1 GET /api/v1/categories?fields=_id%20name%20slug
2023-06-11T14:14:26.368Z ::1 GET /?fields=_id%20name%20slug (304)
2023-06-11T14:14:26.403Z ::1 GET /api/v1/brands?fields=_id%20name%20slug
2023-06-11T14:14:26.427Z ::1 GET /?fields=_id%20name%20slug (304)
2023-06-11T14:14:34.647Z ::1 POST /api/v1/auth/login
2023-06-11T14:14:35.047Z ::1 POST /login (200)
2023-06-11T14:14:35.425Z ::1 POST /api/v1/cart
2023-06-11T14:14:35.460Z ::1 POST / (200)
2023-06-11T14:20:02.769Z ::1 GET /api/v1/account
2023-06-11T14:20:03.095Z ::1 GET / (304)
2023-06-11T14:20:04.167Z ::1 POST /api/v1/cart
2023-06-11T14:20:04.568Z ::1 POST / (200)
2023-06-11T14:20:04.726Z ::1 GET /api/v1/categories
2023-06-11T14:20:04.818Z ::1 GET / (200)
2023-06-11T14:21:49.173Z ::1 GET /api/v1/categories
2023-06-11T14:21:49.275Z ::1 GET / (304)
2023-06-11T14:21:55.350Z ::1 GET /api/v1/categories
2023-06-11T14:21:55.428Z ::1 GET / (304)
2023-06-11T14:46:36.628Z ::1 GET /api/v1/categories
2023-06-11T14:46:36.799Z ::1 GET / (304)