
2023-06-08T12:50:34.991Z ::1 GET /api/v1/account
2023-06-08T12:50:35.108Z ::1 GET / (200)
2023-06-08T12:50:35.496Z ::1 GET /api/v1/products/search/suggest?keyword=
2023-06-08T12:50:35.511Z ::1 GET /api/v1/products/search/suggest?keyword= (404)
2023-06-08T12:50:35.518Z ::1 POST /api/v1/cart
2023-06-08T12:50:35.580Z ::1 GET /api/v1/brands?fields=name%20slug%20image
2023-06-08T12:50:35.607Z ::1 GET /api/v1/categories?fields=name%20slug%20image
2023-06-08T12:50:35.617Z ::1 GET /api/v1/discounts?fields=name,desc,code,beginDate,endDate,quantity,unlimitedQty,discount,discountType,minimumTotal,maximumApplied,image
2023-06-08T12:50:35.688Z ::1 GET /?fields=name%20slug%20image (304)
2023-06-08T12:50:35.724Z ::1 GET /?fields=name%20slug%20image (304)
2023-06-08T12:50:35.766Z ::1 GET /api/v1/products/search/suggest?keyword=
2023-06-08T12:50:35.789Z ::1 GET /api/v1/products/search/suggest?keyword= (404)
2023-06-08T12:50:35.801Z ::1 GET /?fields=name,desc,code,beginDate,endDate,quantity,unlimitedQty,discount,discountType,minimumTotal,maximumApplied,image (304)
2023-06-08T12:50:35.820Z ::1 POST /api/v1/cart (500)
2023-06-08T12:50:35.942Z ::1 GET /api/v1/products?search=&page=1&limit=20&b=&c=
2023-06-08T12:50:36.017Z ::1 GET /?search=&page=1&limit=20&b=&c= (304)
2023-06-08T12:53:11.341Z ::1 POST /api/v1/auth/login
2023-06-08T12:53:11.502Z ::1 POST /login (200)
2023-06-08T12:53:34.946Z ::1 POST /api/v1/brands
2023-06-08T12:53:35.016Z ::1 POST / (200)
2023-06-08T12:53:42.965Z ::1 POST /api/v1/brands
2023-06-08T12:53:43.042Z ::1 POST / (200)
2023-06-08T12:53:47.953Z ::1 POST /api/v1/brands
2023-06-08T12:53:47.991Z ::1 POST / (200)
2023-06-08T12:53:58.967Z ::1 GET /api/v1/account
2023-06-08T12:53:58.987Z ::1 GET / (304)
2023-06-08T12:53:59.255Z ::1 GET /api/v1/categories?fields=name%20slug%20image
2023-06-08T12:53:59.259Z ::1 GET /api/v1/products/search/suggest?keyword=
2023-06-08T12:53:59.266Z ::1 GET /api/v1/products/search/suggest?keyword= (404)
2023-06-08T12:53:59.268Z ::1 POST /api/v1/cart
2023-06-08T12:53:59.280Z ::1 GET /?fields=name%20slug%20image (304)
2023-06-08T12:53:59.287Z ::1 GET /api/v1/brands?fields=name%20slug%20image
2023-06-08T12:53:59.297Z ::1 GET /api/v1/discounts?fields=name,desc,code,beginDate,endDate,quantity,unlimitedQty,discount,discountType,minimumTotal,maximumApplied,image
2023-06-08T12:53:59.339Z ::1 GET /api/v1/products/search/suggest?keyword=
2023-06-08T12:53:59.361Z ::1 GET /api/v1/products/search/suggest?keyword= (404)
2023-06-08T12:53:59.392Z ::1 GET /?fields=name%20slug%20image (200)
2023-06-08T12:53:59.440Z ::1 POST /api/v1/cart (500)
2023-06-08T12:53:59.456Z ::1 GET /?fields=name,desc,code,beginDate,endDate,quantity,unlimitedQty,discount,discountType,minimumTotal,maximumApplied,image (304)
2023-06-08T12:54:00.254Z ::1 GET /api/v1/products?search=&page=1&limit=20&b=&c=
2023-06-08T12:54:00.375Z ::1 GET /?search=&page=1&limit=20&b=&c= (304)
2023-06-08T12:55:53.117Z ::1 GET /api/v1/account
2023-06-08T12:55:53.251Z ::1 GET / (304)
2023-06-08T12:55:53.961Z ::1 POST /api/v1/cart
2023-06-08T12:55:54.008Z ::1 GET /api/v1/brands?fields=name%20slug%20image
2023-06-08T12:55:54.015Z ::1 GET /api/v1/discounts?fields=name,desc,code,beginDate,endDate,quantity,unlimitedQty,discount,discountType,minimumTotal,maximumApplied,image
2023-06-08T12:55:54.024Z ::1 GET /api/v1/products/search/suggest?keyword=
2023-06-08T12:55:54.029Z ::1 GET /api/v1/products/search/suggest?keyword= (404)
2023-06-08T12:55:54.034Z ::1 GET /api/v1/categories?fields=name%20slug%20image
2023-06-08T12:55:54.045Z ::1 GET /?fields=name%20slug%20image (304)
2023-06-08T12:55:54.050Z ::1 GET /?fields=name,desc,code,beginDate,endDate,quantity,unlimitedQty,discount,discountType,minimumTotal,maximumApplied,image (304)
2023-06-08T12:55:54.062Z ::1 GET /?fields=name%20slug%20image (304)
2023-06-08T12:55:54.153Z ::1 GET /api/v1/products/search/suggest?keyword=
2023-06-08T12:55:54.241Z ::1 GET /api/v1/products/search/suggest?keyword= (404)
2023-06-08T12:55:54.320Z ::1 POST /api/v1/cart (500)
2023-06-08T12:55:54.827Z ::1 GET /api/v1/products?search=&page=1&limit=20&b=&c=
2023-06-08T12:55:55.019Z ::1 GET /?search=&page=1&limit=20&b=&c= (304)
2023-06-08T12:56:03.065Z ::1 GET /api/v1/products/search/suggest?keyword=
2023-06-08T12:56:03.069Z ::1 GET /api/v1/products/search/suggest?keyword= (404)
2023-06-08T12:56:12.688Z ::1 POST /api/v1/brands
2023-06-08T12:56:12.748Z ::1 POST / (200)
2023-06-08T12:56:32.843Z ::1 POST /api/v1/brands
2023-06-08T12:56:32.881Z ::1 POST / (200)
2023-06-08T12:56:38.127Z ::1 GET /api/v1/products/search/suggest?keyword=
2023-06-08T12:56:38.140Z ::1 GET /api/v1/products/search/suggest?keyword= (404)
2023-06-08T12:56:42.384Z ::1 GET /api/v1/account
2023-06-08T12:56:42.399Z ::1 GET / (304)
2023-06-08T12:56:42.699Z ::1 GET /api/v1/products/search/suggest?keyword=
2023-06-08T12:56:42.706Z ::1 GET /api/v1/products/search/suggest?keyword= (404)
2023-06-08T12:56:42.716Z ::1 GET /api/v1/categories?fields=name%20slug%20image
2023-06-08T12:56:42.720Z ::1 GET /api/v1/products/search/suggest?keyword=
2023-06-08T12:56:42.724Z ::1 GET /api/v1/products/search/suggest?keyword= (404)
2023-06-08T12:56:42.738Z ::1 GET /?fields=name%20slug%20image (304)
2023-06-08T12:56:42.747Z ::1 POST /api/v1/cart
2023-06-08T12:56:42.762Z ::1 GET /api/v1/brands?fields=name%20slug%20image
2023-06-08T12:56:42.765Z ::1 GET /api/v1/discounts?fields=name,desc,code,beginDate,endDate,quantity,unlimitedQty,discount,discountType,minimumTotal,maximumApplied,image
2023-06-08T12:56:42.830Z ::1 GET /?fields=name%20slug%20image (200)
2023-06-08T12:56:42.847Z ::1 POST /api/v1/cart (500)
2023-06-08T12:56:42.851Z ::1 GET /?fields=name,desc,code,beginDate,endDate,quantity,unlimitedQty,discount,discountType,minimumTotal,maximumApplied,image (304)
2023-06-08T12:56:43.229Z ::1 GET /api/v1/products?search=&page=1&limit=20&b=&c=
2023-06-08T12:56:43.316Z ::1 GET /?search=&page=1&limit=20&b=&c= (304)
2023-06-08T12:57:12.041Z ::1 GET /api/v1/account
2023-06-08T12:57:12.056Z ::1 GET / (304)
2023-06-08T12:57:12.409Z ::1 GET /api/v1/products/search/suggest?keyword=
2023-06-08T12:57:12.415Z ::1 GET /api/v1/products/search/suggest?keyword= (404)
2023-06-08T12:57:12.422Z ::1 GET /api/v1/categories?fields=name%20slug%20image
2023-06-08T12:57:12.435Z ::1 GET /?fields=name%20slug%20image (304)
2023-06-08T12:57:12.441Z ::1 GET /api/v1/discounts?fields=name,desc,code,beginDate,endDate,quantity,unlimitedQty,discount,discountType,minimumTotal,maximumApplied,image
2023-06-08T12:57:12.445Z ::1 GET /api/v1/brands?fields=name%20slug%20image
2023-06-08T12:57:12.449Z ::1 GET /api/v1/products/search/suggest?keyword=
2023-06-08T12:57:12.462Z ::1 GET /api/v1/products/search/suggest?keyword= (404)
2023-06-08T12:57:12.471Z ::1 GET /?fields=name,desc,code,beginDate,endDate,quantity,unlimitedQty,discount,discountType,minimumTotal,maximumApplied,image (304)
2023-06-08T12:57:12.508Z ::1 GET /?fields=name%20slug%20image (304)
2023-06-08T12:57:12.519Z ::1 POST /api/v1/cart
2023-06-08T12:57:12.539Z ::1 POST /api/v1/cart (500)
2023-06-08T12:57:12.809Z ::1 GET /api/v1/products?search=&page=1&limit=20&b=&c=
2023-06-08T12:57:13.022Z ::1 GET /?search=&page=1&limit=20&b=&c= (304)
2023-06-08T12:57:48.429Z ::1 GET /api/v1/account
2023-06-08T12:57:48.444Z ::1 GET / (304)
2023-06-08T12:57:48.977Z ::1 GET /api/v1/products/search/suggest?keyword=
2023-06-08T12:57:48.982Z ::1 GET /api/v1/products/search/suggest?keyword= (404)
2023-06-08T12:57:48.993Z ::1 GET /api/v1/products/search/suggest?keyword=
2023-06-08T12:57:48.998Z ::1 GET /api/v1/products/search/suggest?keyword= (404)
2023-06-08T12:57:49.010Z ::1 GET /api/v1/categories?fields=name%20slug%20image
2023-06-08T12:57:49.027Z ::1 GET /?fields=name%20slug%20image (304)
2023-06-08T12:57:49.066Z ::1 POST /api/v1/cart
2023-06-08T12:57:49.099Z ::1 POST /api/v1/cart (500)
2023-06-08T12:57:49.107Z ::1 GET /api/v1/discounts?fields=name,desc,code,beginDate,endDate,quantity,unlimitedQty,discount,discountType,minimumTotal,maximumApplied,image
2023-06-08T12:57:49.128Z ::1 GET /api/v1/brands?fields=name%20slug%20image
2023-06-08T12:57:49.144Z ::1 GET /?fields=name,desc,code,beginDate,endDate,quantity,unlimitedQty,discount,discountType,minimumTotal,maximumApplied,image (304)
2023-06-08T12:57:49.175Z ::1 GET /?fields=name%20slug%20image (304)
2023-06-08T12:57:49.522Z ::1 GET /api/v1/products?search=&page=1&limit=20&b=&c=
2023-06-08T12:57:49.573Z ::1 GET /?search=&page=1&limit=20&b=&c= (304)
2023-06-08T12:58:01.993Z ::1 GET /api/v1/account
2023-06-08T12:58:02.022Z ::1 GET / (304)
2023-06-08T12:58:02.324Z ::1 POST /api/v1/cart
2023-06-08T12:58:02.351Z ::1 GET /api/v1/products/search/suggest?keyword=
2023-06-08T12:58:02.355Z ::1 GET /api/v1/products/search/suggest?keyword= (404)
2023-06-08T12:58:02.369Z ::1 POST /api/v1/cart (500)
2023-06-08T12:58:02.372Z ::1 GET /api/v1/categories?fields=name%20slug%20image
2023-06-08T12:58:02.375Z ::1 GET /api/v1/brands?fields=name%20slug%20image
2023-06-08T12:58:02.392Z ::1 GET /?fields=name%20slug%20image (304)
2023-06-08T12:58:02.420Z ::1 GET /api/v1/discounts?fields=name,desc,code,beginDate,endDate,quantity,unlimitedQty,discount,discountType,minimumTotal,maximumApplied,image
2023-06-08T12:58:02.457Z ::1 GET /?fields=name%20slug%20image (304)
2023-06-08T12:58:02.469Z ::1 GET /api/v1/products/search/suggest?keyword=
2023-06-08T12:58:02.489Z ::1 GET /api/v1/products/search/suggest?keyword= (404)
2023-06-08T12:58:02.533Z ::1 GET /?fields=name,desc,code,beginDate,endDate,quantity,unlimitedQty,discount,discountType,minimumTotal,maximumApplied,image (304)
2023-06-08T12:58:03.260Z ::1 GET /api/v1/products?search=&page=1&limit=20&b=&c=
2023-06-08T12:58:03.394Z ::1 GET /?search=&page=1&limit=20&b=&c= (304)
2023-06-08T12:58:34.317Z ::1 GET /api/v1/account
2023-06-08T12:58:34.332Z ::1 GET / (304)
2023-06-08T12:58:34.762Z ::1 GET /api/v1/products/search/suggest?keyword=
2023-06-08T12:58:34.767Z ::1 GET /api/v1/products/search/suggest?keyword= (404)
2023-06-08T12:58:34.784Z ::1 GET /api/v1/brands?fields=name%20slug%20image
2023-06-08T12:58:34.787Z ::1 GET /api/v1/categories?fields=name%20slug%20image
2023-06-08T12:58:34.793Z ::1 POST /api/v1/cart
2023-06-08T12:58:34.819Z ::1 GET /?fields=name%20slug%20image (304)
2023-06-08T12:58:34.873Z ::1 GET /?fields=name%20slug%20image (304)
2023-06-08T12:58:34.920Z ::1 POST /api/v1/cart (500)
2023-06-08T12:58:34.934Z ::1 GET /api/v1/products/search/suggest?keyword=
2023-06-08T12:58:34.945Z ::1 GET /api/v1/products/search/suggest?keyword= (404)
2023-06-08T12:58:34.952Z ::1 GET /api/v1/discounts?fields=name,desc,code,beginDate,endDate,quantity,unlimitedQty,discount,discountType,minimumTotal,maximumApplied,image
2023-06-08T12:58:34.966Z ::1 GET /?fields=name,desc,code,beginDate,endDate,quantity,unlimitedQty,discount,discountType,minimumTotal,maximumApplied,image (304)
2023-06-08T12:58:35.314Z ::1 GET /api/v1/products?search=&page=1&limit=20&b=&c=
2023-06-08T12:58:35.382Z ::1 GET /?search=&page=1&limit=20&b=&c= (304)
2023-06-08T13:00:31.965Z ::1 GET /api/v1/account
2023-06-08T13:00:31.990Z ::1 GET / (304)
2023-06-08T13:00:32.211Z ::1 GET /api/v1/products/search/suggest?keyword=
2023-06-08T13:00:32.215Z ::1 GET /api/v1/products/search/suggest?keyword= (404)
2023-06-08T13:00:32.218Z ::1 POST /api/v1/cart
2023-06-08T13:00:32.233Z ::1 GET /api/v1/categories?fields=name%20slug%20image
2023-06-08T13:00:32.244Z ::1 GET /api/v1/brands?fields=name%20slug%20image
2023-06-08T13:00:32.249Z ::1 GET /api/v1/discounts?fields=name,desc,code,beginDate,endDate,quantity,unlimitedQty,discount,discountType,minimumTotal,maximumApplied,image
2023-06-08T13:00:32.295Z ::1 GET /?fields=name%20slug%20image (304)
2023-06-08T13:00:32.364Z ::1 GET /?fields=name%20slug%20image (304)
2023-06-08T13:00:32.376Z ::1 GET /?fields=name,desc,code,beginDate,endDate,quantity,unlimitedQty,discount,discountType,minimumTotal,maximumApplied,image (304)
2023-06-08T13:00:32.380Z ::1 GET /api/v1/products/search/suggest?keyword=
2023-06-08T13:00:32.394Z ::1 GET /api/v1/products/search/suggest?keyword= (404)
2023-06-08T13:00:32.424Z ::1 POST /api/v1/cart (500)
2023-06-08T13:00:32.753Z ::1 GET /api/v1/products?search=&page=1&limit=20&b=&c=
2023-06-08T13:00:32.845Z ::1 GET /?search=&page=1&limit=20&b=&c= (304)
2023-06-08T13:00:41.714Z ::1 GET /api/v1/account
2023-06-08T13:00:41.731Z ::1 GET / (304)
2023-06-08T13:00:42.163Z ::1 GET /api/v1/products/search/suggest?keyword=
2023-06-08T13:00:42.167Z ::1 GET /api/v1/products/search/suggest?keyword= (404)
2023-06-08T13:00:42.169Z ::1 GET /api/v1/categories?fields=name%20slug%20image
2023-06-08T13:00:42.182Z ::1 GET /?fields=name%20slug%20image (304)
2023-06-08T13:00:42.183Z ::1 POST /api/v1/cart
2023-06-08T13:00:42.189Z ::1 GET /api/v1/brands?fields=name%20slug%20image
2023-06-08T13:00:42.193Z ::1 GET /api/v1/discounts?fields=name,desc,code,beginDate,endDate,quantity,unlimitedQty,discount,discountType,minimumTotal,maximumApplied,image
2023-06-08T13:00:42.207Z ::1 GET /?fields=name%20slug%20image (304)
2023-06-08T13:00:42.209Z ::1 GET /?fields=name,desc,code,beginDate,endDate,quantity,unlimitedQty,discount,discountType,minimumTotal,maximumApplied,image (304)
2023-06-08T13:00:42.214Z ::1 GET /api/v1/products/search/suggest?keyword=
2023-06-08T13:00:42.220Z ::1 GET /api/v1/products/search/suggest?keyword= (404)
2023-06-08T13:00:42.230Z ::1 POST /api/v1/cart (500)
2023-06-08T13:00:42.705Z ::1 GET /api/v1/products?search=&page=1&limit=20&b=&c=
2023-06-08T13:00:42.750Z ::1 GET /?search=&page=1&limit=20&b=&c= (304)
2023-06-08T13:01:01.804Z ::1 POST /api/v1/brands
2023-06-08T13:01:01.850Z ::1 POST / (200)
2023-06-08T13:01:03.760Z ::1 POST /api/v1/brands
2023-06-08T13:01:03.809Z ::1 POST / (200)
2023-06-08T13:01:05.822Z ::1 POST /api/v1/brands
2023-06-08T13:01:05.848Z ::1 POST / (200)
2023-06-08T13:01:07.559Z ::1 POST /api/v1/brands
2023-06-08T13:01:07.586Z ::1 POST / (200)
2023-06-08T13:01:10.718Z ::1 GET /api/v1/account
2023-06-08T13:01:10.737Z ::1 GET / (304)
2023-06-08T13:01:10.944Z ::1 GET /api/v1/products/search/suggest?keyword=
2023-06-08T13:01:10.950Z ::1 GET /api/v1/products/search/suggest?keyword= (404)
2023-06-08T13:01:10.955Z ::1 GET /api/v1/categories?fields=name%20slug%20image
2023-06-08T13:01:10.959Z ::1 POST /api/v1/cart
2023-06-08T13:01:10.973Z ::1 GET /?fields=name%20slug%20image (304)
2023-06-08T13:01:10.980Z ::1 GET /api/v1/brands?fields=name%20slug%20image
2023-06-08T13:01:10.998Z ::1 GET /?fields=name%20slug%20image (200)
2023-06-08T13:01:11.003Z ::1 GET /api/v1/discounts?fields=name,desc,code,beginDate,endDate,quantity,unlimitedQty,discount,discountType,minimumTotal,maximumApplied,image
2023-06-08T13:01:11.028Z ::1 GET /api/v1/products/search/suggest?keyword=
2023-06-08T13:01:11.041Z ::1 GET /api/v1/products/search/suggest?keyword= (404)
2023-06-08T13:01:11.055Z ::1 POST /api/v1/cart (500)
2023-06-08T13:01:11.058Z ::1 GET /?fields=name,desc,code,beginDate,endDate,quantity,unlimitedQty,discount,discountType,minimumTotal,maximumApplied,image (304)
2023-06-08T13:01:11.360Z ::1 GET /api/v1/products?search=&page=1&limit=20&b=&c=
2023-06-08T13:01:11.439Z ::1 GET /?search=&page=1&limit=20&b=&c= (304)
2023-06-08T13:02:01.920Z ::1 GET /api/v1/account
2023-06-08T13:02:01.932Z ::1 GET / (304)
2023-06-08T13:02:02.279Z ::1 GET /api/v1/products/search/suggest?keyword=
2023-06-08T13:02:02.282Z ::1 GET /api/v1/products/search/suggest?keyword= (404)
2023-06-08T13:02:02.290Z ::1 GET /api/v1/categories?fields=name%20slug%20image
2023-06-08T13:02:02.294Z ::1 GET /api/v1/brands?fields=name%20slug%20image
2023-06-08T13:02:02.305Z ::1 GET /?fields=name%20slug%20image (304)
2023-06-08T13:02:02.321Z ::1 GET /?fields=name%20slug%20image (304)
2023-06-08T13:02:02.325Z ::1 POST /api/v1/cart
2023-06-08T13:02:02.345Z ::1 GET /api/v1/products/search/suggest?keyword=
2023-06-08T13:02:02.353Z ::1 GET /api/v1/products/search/suggest?keyword= (404)
2023-06-08T13:02:02.361Z ::1 GET /api/v1/discounts?fields=name,desc,code,beginDate,endDate,quantity,unlimitedQty,discount,discountType,minimumTotal,maximumApplied,image
2023-06-08T13:02:02.379Z ::1 POST /api/v1/cart (500)
2023-06-08T13:02:02.384Z ::1 GET /?fields=name,desc,code,beginDate,endDate,quantity,unlimitedQty,discount,discountType,minimumTotal,maximumApplied,image (304)
2023-06-08T13:02:02.714Z ::1 GET /api/v1/products?search=&page=1&limit=20&b=&c=
2023-06-08T13:02:02.795Z ::1 GET /?search=&page=1&limit=20&b=&c= (304)
2023-06-08T13:02:17.716Z ::1 POST /api/v1/brands
2023-06-08T13:02:17.751Z ::1 POST / (200)
2023-06-08T13:02:19.745Z ::1 POST /api/v1/brands
2023-06-08T13:02:19.767Z ::1 POST / (200)
2023-06-08T13:02:21.466Z ::1 POST /api/v1/brands
2023-06-08T13:02:21.490Z ::1 POST / (200)
2023-06-08T13:02:24.241Z ::1 GET /api/v1/account
2023-06-08T13:02:24.284Z ::1 GET / (304)
2023-06-08T13:02:24.543Z ::1 GET /api/v1/products/search/suggest?keyword=
2023-06-08T13:02:24.548Z ::1 GET /api/v1/products/search/suggest?keyword= (404)
2023-06-08T13:02:24.552Z ::1 POST /api/v1/cart
2023-06-08T13:02:24.556Z ::1 GET /api/v1/categories?fields=name%20slug%20image
2023-06-08T13:02:24.561Z ::1 GET /api/v1/brands?fields=name%20slug%20image
2023-06-08T13:02:24.574Z ::1 GET /?fields=name%20slug%20image (304)
2023-06-08T13:02:24.648Z ::1 GET /?fields=name%20slug%20image (200)
2023-06-08T13:02:24.666Z ::1 POST /api/v1/cart (500)
2023-06-08T13:02:24.678Z ::1 GET /api/v1/discounts?fields=name,desc,code,beginDate,endDate,quantity,unlimitedQty,discount,discountType,minimumTotal,maximumApplied,image
2023-06-08T13:02:24.682Z ::1 GET /api/v1/products/search/suggest?keyword=
2023-06-08T13:02:24.694Z ::1 GET /api/v1/products/search/suggest?keyword= (404)
2023-06-08T13:02:24.698Z ::1 GET /?fields=name,desc,code,beginDate,endDate,quantity,unlimitedQty,discount,discountType,minimumTotal,maximumApplied,image (304)
2023-06-08T13:02:25.322Z ::1 GET /api/v1/products?search=&page=1&limit=20&b=&c=
2023-06-08T13:02:25.414Z ::1 GET /?search=&page=1&limit=20&b=&c= (304)
2023-06-08T13:03:10.600Z ::1 GET /api/v1/account
2023-06-08T13:03:10.618Z ::1 GET / (304)
2023-06-08T13:03:10.855Z ::1 POST /api/v1/cart
2023-06-08T13:03:10.860Z ::1 GET /api/v1/products/search/suggest?keyword=
2023-06-08T13:03:10.866Z ::1 GET /api/v1/products/search/suggest?keyword= (404)
2023-06-08T13:03:10.871Z ::1 GET /api/v1/categories?fields=name%20slug%20image
2023-06-08T13:03:10.875Z ::1 GET /api/v1/brands?fields=name%20slug%20image
2023-06-08T13:03:10.887Z ::1 GET /?fields=name%20slug%20image (304)
2023-06-08T13:03:10.908Z ::1 GET /?fields=name%20slug%20image (304)
2023-06-08T13:03:11.118Z ::1 GET /api/v1/discounts?fields=name,desc,code,beginDate,endDate,quantity,unlimitedQty,discount,discountType,minimumTotal,maximumApplied,image
2023-06-08T13:03:11.123Z ::1 GET /?fields=name,desc,code,beginDate,endDate,quantity,unlimitedQty,discount,discountType,minimumTotal,maximumApplied,image (304)
2023-06-08T13:03:11.269Z ::1 POST /api/v1/cart (500)
2023-06-08T13:03:11.337Z ::1 GET /api/v1/products/search/suggest?keyword=
2023-06-08T13:03:11.342Z ::1 GET /api/v1/products/search/suggest?keyword= (404)
2023-06-08T13:03:11.522Z ::1 GET /api/v1/products?search=&page=1&limit=20&b=&c=
2023-06-08T13:03:11.582Z ::1 GET /?search=&page=1&limit=20&b=&c= (304)
2023-06-08T13:03:23.401Z ::1 GET /api/v1/account
2023-06-08T13:03:23.436Z ::1 GET / (304)
2023-06-08T13:03:23.812Z ::1 GET /api/v1/products/search/suggest?keyword=
2023-06-08T13:03:23.816Z ::1 GET /api/v1/products/search/suggest?keyword= (404)
2023-06-08T13:03:23.835Z ::1 POST /api/v1/cart
2023-06-08T13:03:23.862Z ::1 GET /api/v1/categories?fields=name%20slug%20image
2023-06-08T13:03:23.868Z ::1 GET /api/v1/brands?fields=name%20slug%20image
2023-06-08T13:03:23.871Z ::1 GET /api/v1/discounts?fields=name,desc,code,beginDate,endDate,quantity,unlimitedQty,discount,discountType,minimumTotal,maximumApplied,image
2023-06-08T13:03:23.874Z ::1 GET /api/v1/products/search/suggest?keyword=
2023-06-08T13:03:23.882Z ::1 GET /api/v1/products/search/suggest?keyword= (404)
2023-06-08T13:03:23.891Z ::1 GET /?fields=name%20slug%20image (304)
2023-06-08T13:03:24.000Z ::1 GET /?fields=name%20slug%20image (304)
2023-06-08T13:03:24.107Z ::1 GET /?fields=name,desc,code,beginDate,endDate,quantity,unlimitedQty,discount,discountType,minimumTotal,maximumApplied,image (304)
2023-06-08T13:03:24.134Z ::1 POST /api/v1/cart (500)
2023-06-08T13:03:24.769Z ::1 GET /api/v1/products?search=&page=1&limit=20&b=&c=
2023-06-08T13:03:24.879Z ::1 GET /?search=&page=1&limit=20&b=&c= (304)
2023-06-08T13:03:44.545Z ::1 GET /api/v1/products/search/suggest?keyword=
2023-06-08T13:03:44.549Z ::1 GET /api/v1/products/search/suggest?keyword= (404)
2023-06-08T13:03:51.828Z ::1 GET /api/v1/products/search/suggest?keyword=
2023-06-08T13:03:51.834Z ::1 GET /api/v1/products/search/suggest?keyword= (404)
2023-06-08T13:05:59.497Z ::1 GET /api/v1/account
2023-06-08T13:05:59.526Z ::1 GET / (304)
2023-06-08T13:05:59.881Z ::1 GET /api/v1/products/search/suggest?keyword=
2023-06-08T13:05:59.886Z ::1 GET /api/v1/products/search/suggest?keyword= (404)
2023-06-08T13:05:59.888Z ::1 POST /api/v1/cart
2023-06-08T13:05:59.912Z ::1 GET /api/v1/categories?fields=name%20slug%20image
2023-06-08T13:05:59.916Z ::1 GET /api/v1/brands?fields=name%20slug%20image
2023-06-08T13:05:59.925Z ::1 POST /api/v1/cart (500)
2023-06-08T13:05:59.926Z ::1 GET /api/v1/discounts?fields=name,desc,code,beginDate,endDate,quantity,unlimitedQty,discount,discountType,minimumTotal,maximumApplied,image
2023-06-08T13:05:59.948Z ::1 GET /?fields=name%20slug%20image (304)
2023-06-08T13:06:00.008Z ::1 GET /?fields=name%20slug%20image (304)
2023-06-08T13:06:00.011Z ::1 GET /api/v1/products/search/suggest?keyword=
2023-06-08T13:06:00.025Z ::1 GET /api/v1/products/search/suggest?keyword= (404)
2023-06-08T13:06:00.046Z ::1 GET /?fields=name,desc,code,beginDate,endDate,quantity,unlimitedQty,discount,discountType,minimumTotal,maximumApplied,image (304)
2023-06-08T13:06:00.674Z ::1 GET /api/v1/products?search=&page=1&limit=20&b=&c=
2023-06-08T13:06:00.732Z ::1 GET /?search=&page=1&limit=20&b=&c= (304)
2023-06-08T13:06:06.596Z ::1 GET /api/v1/account
2023-06-08T13:06:06.618Z ::1 GET / (304)
2023-06-08T13:06:06.944Z ::1 GET /api/v1/products/search/suggest?keyword=
2023-06-08T13:06:06.948Z ::1 GET /api/v1/products/search/suggest?keyword= (404)
2023-06-08T13:06:06.950Z ::1 GET /api/v1/categories?fields=name%20slug%20image
2023-06-08T13:06:06.955Z ::1 POST /api/v1/cart
2023-06-08T13:06:06.970Z ::1 GET /?fields=name%20slug%20image (304)
2023-06-08T13:06:06.975Z ::1 GET /api/v1/brands?fields=name%20slug%20image
2023-06-08T13:06:06.978Z ::1 GET /api/v1/discounts?fields=name,desc,code,beginDate,endDate,quantity,unlimitedQty,discount,discountType,minimumTotal,maximumApplied,image
2023-06-08T13:06:06.987Z ::1 GET /?fields=name,desc,code,beginDate,endDate,quantity,unlimitedQty,discount,discountType,minimumTotal,maximumApplied,image (304)
2023-06-08T13:06:07.008Z ::1 GET /?fields=name%20slug%20image (304)
2023-06-08T13:06:07.010Z ::1 GET /api/v1/products/search/suggest?keyword=
2023-06-08T13:06:07.014Z ::1 GET /api/v1/products/search/suggest?keyword= (404)
2023-06-08T13:06:07.030Z ::1 POST /api/v1/cart (500)
2023-06-08T13:06:07.463Z ::1 GET /api/v1/products?search=&page=1&limit=20&b=&c=
2023-06-08T13:06:07.531Z ::1 GET /?search=&page=1&limit=20&b=&c= (304)
2023-06-08T13:08:33.733Z ::1 GET /api/v1/account
2023-06-08T13:08:33.757Z ::1 GET / (304)
2023-06-08T13:08:34.130Z ::1 POST /api/v1/cart
2023-06-08T13:08:34.161Z ::1 GET /api/v1/products/search/suggest?keyword=
2023-06-08T13:08:34.166Z ::1 GET /api/v1/products/search/suggest?keyword= (404)
2023-06-08T13:08:34.169Z ::1 GET /api/v1/brands?fields=name%20slug%20image
2023-06-08T13:08:34.194Z ::1 GET /?fields=name%20slug%20image (304)
2023-06-08T13:08:34.196Z ::1 GET /api/v1/products/search/suggest?keyword=
2023-06-08T13:08:34.200Z ::1 GET /api/v1/products/search/suggest?keyword= (404)
2023-06-08T13:08:34.214Z ::1 POST /api/v1/cart (500)
2023-06-08T13:08:34.217Z ::1 GET /api/v1/categories?fields=name%20slug%20image
2023-06-08T13:08:34.220Z ::1 GET /api/v1/discounts?fields=name,desc,code,beginDate,endDate,quantity,unlimitedQty,discount,discountType,minimumTotal,maximumApplied,image
2023-06-08T13:08:34.233Z ::1 GET /?fields=name,desc,code,beginDate,endDate,quantity,unlimitedQty,discount,discountType,minimumTotal,maximumApplied,image (304)
2023-06-08T13:08:34.313Z ::1 GET /?fields=name%20slug%20image (304)
2023-06-08T13:08:34.990Z ::1 GET /api/v1/products?search=&page=1&limit=20&b=&c=
2023-06-08T13:08:35.490Z ::1 GET /?search=&page=1&limit=20&b=&c= (304)
2023-06-08T13:10:18.946Z ::1 GET /api/v1/account
2023-06-08T13:10:18.978Z ::1 GET / (304)
2023-06-08T13:10:19.368Z ::1 GET /api/v1/products/search/suggest?keyword=
2023-06-08T13:10:19.373Z ::1 GET /api/v1/products/search/suggest?keyword= (404)
2023-06-08T13:10:19.374Z ::1 GET /api/v1/categories?fields=name%20slug%20image
2023-06-08T13:10:19.383Z ::1 POST /api/v1/cart
2023-06-08T13:10:19.406Z ::1 GET /?fields=name%20slug%20image (304)
2023-06-08T13:10:19.410Z ::1 GET /api/v1/brands?fields=name%20slug%20image
2023-06-08T13:10:19.420Z ::1 GET /api/v1/products/search/suggest?keyword=
2023-06-08T13:10:19.424Z ::1 GET /api/v1/products/search/suggest?keyword= (404)
2023-06-08T13:10:19.427Z ::1 GET /api/v1/discounts?fields=name,desc,code,beginDate,endDate,quantity,unlimitedQty,discount,discountType,minimumTotal,maximumApplied,image
2023-06-08T13:10:19.524Z ::1 GET /?fields=name%20slug%20image (304)
2023-06-08T13:10:19.543Z ::1 GET /?fields=name,desc,code,beginDate,endDate,quantity,unlimitedQty,discount,discountType,minimumTotal,maximumApplied,image (304)
2023-06-08T13:10:19.574Z ::1 POST /api/v1/cart (500)
2023-06-08T13:10:20.383Z ::1 GET /api/v1/products?search=&page=1&limit=20&b=&c=
2023-06-08T13:10:20.433Z ::1 GET /?search=&page=1&limit=20&b=&c= (304)
2023-06-08T13:10:38.324Z ::1 GET /api/v1/account
2023-06-08T13:10:38.349Z ::1 GET / (304)
2023-06-08T13:10:38.487Z ::1 POST /api/v1/cart
2023-06-08T13:10:38.514Z ::1 POST /api/v1/cart (500)
2023-06-08T13:10:51.429Z ::1 GET /api/v1/account
2023-06-08T13:10:51.470Z ::1 GET / (304)
2023-06-08T13:10:51.642Z ::1 POST /api/v1/cart
2023-06-08T13:10:51.660Z ::1 POST /api/v1/cart (500)
2023-06-08T13:11:01.374Z ::1 GET /api/v1/account
2023-06-08T13:11:01.391Z ::1 GET / (304)
2023-06-08T13:11:01.497Z ::1 POST /api/v1/cart
2023-06-08T13:11:01.514Z ::1 POST /api/v1/cart (500)
2023-06-08T13:11:10.866Z ::1 GET /api/v1/account
2023-06-08T13:11:10.889Z ::1 GET / (304)
2023-06-08T13:11:10.963Z ::1 POST /api/v1/cart
2023-06-08T13:11:10.980Z ::1 POST /api/v1/cart (500)
2023-06-08T13:14:28.939Z ::1 GET /api/v1/account
2023-06-08T13:14:28.956Z ::1 GET / (304)
2023-06-08T13:14:29.109Z ::1 POST /api/v1/cart
2023-06-08T13:14:29.126Z ::1 POST /api/v1/cart (500)
2023-06-08T13:35:03.303Z ::1 GET /api/v1/account
2023-06-08T13:35:03.384Z ::1 GET / (304)
2023-06-08T13:35:03.495Z ::1 POST /api/v1/cart
2023-06-08T13:35:03.564Z ::1 POST /api/v1/cart (500)
2023-06-08T13:35:58.926Z ::1 GET /api/v1/account
2023-06-08T13:35:58.959Z ::1 GET / (304)
2023-06-08T13:35:59.118Z ::1 POST /api/v1/cart
2023-06-08T13:35:59.143Z ::1 POST /api/v1/cart (500)
2023-06-08T13:36:13.156Z ::1 POST /api/v1/cart
2023-06-08T13:36:13.176Z ::1 POST /api/v1/cart (500)
2023-06-08T13:39:09.976Z ::1 GET /api/v1/account
2023-06-08T13:39:09.995Z ::1 GET / (304)
2023-06-08T13:39:10.156Z ::1 POST /api/v1/cart
2023-06-08T13:39:10.172Z ::1 POST /api/v1/cart (500)
2023-06-08T13:41:14.735Z ::1 GET /api/v1/account
2023-06-08T13:41:14.784Z ::1 GET / (304)
2023-06-08T13:41:15.028Z ::1 POST /api/v1/cart
2023-06-08T13:41:15.086Z ::1 POST / (200)
2023-06-08T13:42:41.942Z ::1 GET /api/v1/account
2023-06-08T13:42:41.989Z ::1 GET / (304)
2023-06-08T13:42:42.386Z ::1 POST /api/v1/cart
2023-06-08T13:42:42.412Z ::1 POST / (200)
2023-06-08T13:42:52.415Z ::1 POST /api/v1/auth/send-otp
2023-06-08T13:42:55.090Z ::1 POST /send-otp (200)
2023-06-08T13:43:36.315Z ::1 POST /api/v1/auth/check-otp
2023-06-08T13:43:36.445Z ::1 POST /check-otp (200)
2023-06-08T13:43:36.460Z ::1 PATCH /api/v1/auth/verify
2023-06-08T13:43:36.496Z ::1 PATCH /verify (200)
2023-06-08T13:44:40.296Z ::1 GET /api/v1/account
2023-06-08T13:44:40.318Z ::1 GET / (200)
2023-06-08T13:44:40.497Z ::1 POST /api/v1/cart
2023-06-08T13:44:40.534Z ::1 POST / (200)
2023-06-08T13:45:07.133Z ::1 GET /api/v1/account
2023-06-08T13:45:07.223Z ::1 GET / (304)
2023-06-08T13:45:08.117Z ::1 POST /api/v1/cart
2023-06-08T13:45:08.174Z ::1 POST / (200)
2023-06-08T13:45:08.188Z ::1 GET /api/v1/products/search/suggest?keyword=
2023-06-08T13:45:08.200Z ::1 GET /api/v1/products/search/suggest?keyword= (404)
2023-06-08T13:45:08.202Z ::1 GET /api/v1/categories?fields=name%20slug%20image
2023-06-08T13:45:08.213Z ::1 GET /api/v1/discounts?fields=name,desc,code,beginDate,endDate,quantity,unlimitedQty,discount,discountType,minimumTotal,maximumApplied,image
2023-06-08T13:45:08.220Z ::1 GET /api/v1/brands?fields=name%20slug%20image
2023-06-08T13:45:08.231Z ::1 GET /?fields=name,desc,code,beginDate,endDate,quantity,unlimitedQty,discount,discountType,minimumTotal,maximumApplied,image (304)
2023-06-08T13:45:08.330Z ::1 GET /?fields=name%20slug%20image (304)
2023-06-08T13:45:08.366Z ::1 GET /api/v1/products/search/suggest?keyword=
2023-06-08T13:45:08.492Z ::1 GET /api/v1/products/search/suggest?keyword= (404)
2023-06-08T13:45:08.649Z ::1 GET /?fields=name%20slug%20image (304)
2023-06-08T13:45:09.487Z ::1 GET /api/v1/products?search=&page=1&limit=20&b=&c=
2023-06-08T13:45:09.626Z ::1 GET /?search=&page=1&limit=20&b=&c= (304)
2023-06-08T13:46:07.691Z ::1 POST /api/v1/auth/login
2023-06-08T13:46:07.877Z ::1 POST /api/v1/auth/login (404)
2023-06-08T13:46:39.307Z ::1 POST /api/v1/auth/login
2023-06-08T13:46:39.411Z ::1 POST /api/v1/auth/login (404)
2023-06-08T13:49:52.651Z ::1 POST /api/v1/auth/login
2023-06-08T13:49:52.777Z ::1 POST /api/v1/auth/login (401)
2023-06-08T13:50:03.744Z ::1 POST /api/v1/auth/login
2023-06-08T13:50:03.871Z ::1 POST /api/v1/auth/login (401)
2023-06-08T13:50:09.097Z ::1 POST /api/v1/auth/login
2023-06-08T13:50:09.220Z ::1 POST /api/v1/auth/login (404)
2023-06-08T13:51:27.175Z ::1 POST /api/v1/auth/login
2023-06-08T13:51:27.298Z ::1 POST /api/v1/auth/login (404)
2023-06-08T13:52:26.678Z ::1 POST /api/v1/auth/login
2023-06-08T13:52:26.799Z ::1 POST /api/v1/auth/login (404)
2023-06-08T13:52:32.139Z ::1 POST /api/v1/auth/login
2023-06-08T13:52:32.265Z ::1 POST /api/v1/auth/login (404)
2023-06-08T13:52:59.710Z ::1 POST /api/v1/auth/login
2023-06-08T13:52:59.812Z ::1 POST /api/v1/auth/login (404)
2023-06-08T13:53:46.537Z ::1 POST /api/v1/auth/login
2023-06-08T13:53:46.643Z ::1 POST /api/v1/auth/login (404)
2023-06-08T13:55:40.437Z ::1 POST /api/v1/auth/login
2023-06-08T13:55:40.541Z ::1 POST /api/v1/auth/login (404)
2023-06-08T13:56:47.675Z ::1 POST /api/v1/auth/login
2023-06-08T13:56:47.779Z ::1 POST /api/v1/auth/login (401)
2023-06-08T14:00:31.484Z ::1 POST /api/v1/auth/login
2023-06-08T14:00:31.688Z ::1 POST /api/v1/auth/login (404)
2023-06-08T14:03:03.265Z ::1 POST /api/v1/auth/login
2023-06-08T14:03:03.384Z ::1 POST /api/v1/auth/login (404)
2023-06-08T14:06:13.903Z ::1 POST /api/v1/auth/login
2023-06-08T14:06:14.045Z ::1 POST /api/v1/auth/login (404)
2023-06-08T14:06:47.918Z ::1 POST /api/v1/auth/login
2023-06-08T14:06:48.065Z ::1 POST /api/v1/auth/login (404)
2023-06-08T14:06:54.237Z ::1 POST /api/v1/auth/login
2023-06-08T14:06:54.396Z ::1 POST /api/v1/auth/login (404)
2023-06-08T14:07:49.850Z ::1 POST /api/v1/auth/login
2023-06-08T14:07:49.958Z ::1 POST /api/v1/auth/login (404)
2023-06-08T14:08:31.063Z ::1 POST /api/v1/auth/login
2023-06-08T14:08:31.192Z ::1 POST /api/v1/auth/login (404)
2023-06-08T14:10:30.209Z ::1 POST /api/v1/auth/login
2023-06-08T14:10:30.320Z ::1 POST /api/v1/auth/login (404)
2023-06-08T14:11:43.912Z ::1 POST /api/v1/auth/login
2023-06-08T14:11:44.019Z ::1 POST /api/v1/auth/login (404)
2023-06-08T14:12:18.541Z ::1 POST /api/v1/auth/login
2023-06-08T14:12:18.656Z ::1 POST /api/v1/auth/login (404)
2023-06-08T14:20:27.560Z ::1 POST /api/v1/auth/login
2023-06-08T14:20:27.754Z ::1 POST /api/v1/auth/login (404)
2023-06-08T14:20:53.858Z ::1 POST /api/v1/auth/login
2023-06-08T14:20:54.015Z ::1 POST /api/v1/auth/login (404)
2023-06-08T14:24:12.344Z ::1 POST /api/v1/auth/login
2023-06-08T14:24:12.460Z ::1 POST /api/v1/auth/login (404)
2023-06-08T14:30:28.632Z ::1 POST /api/v1/auth/login
2023-06-08T14:30:28.784Z ::1 POST /api/v1/auth/login (404)
2023-06-08T14:31:18.780Z ::1 POST /api/v1/auth/login
2023-06-08T14:31:18.922Z ::1 POST /api/v1/auth/login (404)
2023-06-08T14:33:47.814Z ::1 POST /api/v1/auth/login
2023-06-08T14:33:47.962Z ::1 POST /api/v1/auth/login (404)
2023-06-08T14:34:16.315Z ::1 POST /api/v1/auth/login
2023-06-08T14:34:16.456Z ::1 POST /api/v1/auth/login (404)
2023-06-08T14:35:13.546Z ::1 POST /api/v1/auth/login
2023-06-08T14:35:13.651Z ::1 POST /api/v1/auth/login (404)
2023-06-08T14:35:21.264Z ::1 POST /api/v1/auth/send-otp
2023-06-08T14:35:23.565Z ::1 POST /send-otp (200)
2023-06-08T14:35:38.394Z ::1 POST /api/v1/auth/check-otp
2023-06-08T14:35:38.516Z ::1 POST /check-otp (200)
2023-06-08T14:35:38.525Z ::1 PATCH /api/v1/auth/verify
2023-06-08T14:35:38.546Z ::1 PATCH /verify (200)
2023-06-08T14:36:28.606Z ::1 POST /api/v1/auth/login
2023-06-08T14:36:28.754Z ::1 POST /login (200)
2023-06-08T14:36:29.496Z ::1 POST /api/v1/cart
2023-06-08T14:36:29.522Z ::1 POST / (200)
2023-06-08T14:36:29.593Z ::1 GET /api/v1/products/search/suggest?keyword=
2023-06-08T14:36:29.605Z ::1 GET /api/v1/products/search/suggest?keyword= (404)
2023-06-08T14:36:29.607Z ::1 GET /api/v1/categories?fields=name%20slug%20image
2023-06-08T14:36:29.613Z ::1 GET /api/v1/discounts?fields=name,desc,code,beginDate,endDate,quantity,unlimitedQty,discount,discountType,minimumTotal,maximumApplied,image
2023-06-08T14:36:29.621Z ::1 GET /api/v1/brands?fields=name%20slug%20image
2023-06-08T14:36:29.700Z ::1 GET /?fields=name%20slug%20image (304)
2023-06-08T14:36:29.719Z ::1 GET /?fields=name,desc,code,beginDate,endDate,quantity,unlimitedQty,discount,discountType,minimumTotal,maximumApplied,image (304)
2023-06-08T14:36:29.808Z ::1 GET /?fields=name%20slug%20image (304)
2023-06-08T14:36:29.831Z ::1 GET /api/v1/products/search/suggest?keyword=
2023-06-08T14:36:29.850Z ::1 GET /api/v1/products/search/suggest?keyword= (404)
2023-06-08T14:36:30.387Z ::1 GET /api/v1/products?search=&page=1&limit=20&b=&c=
2023-06-08T14:36:30.461Z ::1 GET /?search=&page=1&limit=20&b=&c= (304)