
2023-06-15T14:27:12.404Z ::1 GET /api/v1/account
2023-06-15T14:27:12.633Z ::1 GET / (200)
2023-06-15T14:27:13.356Z ::1 POST /api/v1/cart
2023-06-15T14:27:13.534Z ::1 GET /api/v1/products/search/suggest?keyword=
2023-06-15T14:27:13.552Z ::1 GET /api/v1/products/search/suggest?keyword= (404)
2023-06-15T14:27:13.565Z ::1 GET /api/v1/categories?fields=name%20slug%20image
2023-06-15T14:27:13.587Z ::1 GET /api/v1/brands?fields=name%20slug%20image
2023-06-15T14:27:13.595Z ::1 GET /api/v1/discounts?fields=name,desc,code,beginDate,endDate,quantity,unlimitedQty,discount,discountType,minimumTotal,maximumApplied,image
2023-06-15T14:27:13.696Z ::1 GET /api/v1/products/search/suggest?keyword=
2023-06-15T14:27:13.706Z ::1 GET /api/v1/products/search/suggest?keyword= (404)
2023-06-15T14:27:14.031Z ::1 GET /?fields=name%20slug%20image (200)
2023-06-15T14:27:14.035Z ::1 GET /?fields=name,desc,code,beginDate,endDate,quantity,unlimitedQty,discount,discountType,minimumTotal,maximumApplied,image (304)
2023-06-15T14:27:14.054Z ::1 GET /?fields=name%20slug%20image (304)
2023-06-15T14:27:14.081Z ::1 POST / (200)
2023-06-15T14:27:14.316Z ::1 GET /api/v1/products?search=&page=1&limit=20&b=&c=
2023-06-15T14:27:14.554Z ::1 GET /?search=&page=1&limit=20&b=&c= (200)
2023-06-15T14:27:20.119Z ::1 GET /api/v1/account
2023-06-15T14:27:20.171Z ::1 GET / (304)
2023-06-15T14:27:26.283Z ::1 GET /api/v1/account
2023-06-15T14:27:26.319Z ::1 GET / (304)
2023-06-15T14:27:26.766Z ::1 POST /api/v1/cart
2023-06-15T14:27:26.813Z ::1 POST / (200)
2023-06-15T14:27:31.282Z ::1 GET /api/v1/categories
2023-06-15T14:27:31.342Z ::1 GET / (200)
2023-06-15T14:30:38.945Z ::1 GET /api/v1/account
2023-06-15T14:30:39.235Z ::1 GET / (304)
2023-06-15T14:30:40.692Z ::1 POST /api/v1/cart
2023-06-15T14:30:41.095Z ::1 POST / (200)
2023-06-15T14:30:41.549Z ::1 GET /api/v1/categories
2023-06-15T14:30:41.669Z ::1 GET / (304)
2023-06-15T14:30:48.975Z ::1 GET /api/v1/categories
2023-06-15T14:30:49.050Z ::1 GET / (304)
2023-06-15T14:36:38.885Z ::1 GET /api/v1/categories
2023-06-15T14:36:39.079Z ::1 GET / (304)
2023-06-15T14:36:45.432Z ::1 DELETE /api/v1/categories/6482bacde5302aece9f4d211
2023-06-15T14:36:45.527Z ::1 DELETE /api/v1/categories/6482bacde5302aece9f4d211 (400)
2023-06-15T14:38:35.971Z ::1 GET /api/v1/products/search/suggest?keyword=
2023-06-15T14:38:36.027Z ::1 GET /api/v1/products/search/suggest?keyword= (404)
2023-06-15T14:38:36.030Z ::1 GET /api/v1/categories?fields=name%20slug%20image
2023-06-15T14:38:36.095Z ::1 GET /api/v1/brands?fields=name%20slug%20image
2023-06-15T14:38:36.106Z ::1 GET /api/v1/discounts?fields=name,desc,code,beginDate,endDate,quantity,unlimitedQty,discount,discountType,minimumTotal,maximumApplied,image
2023-06-15T14:38:36.187Z ::1 GET /?fields=name%20slug%20image (304)
2023-06-15T14:38:36.212Z ::1 GET /?fields=name%20slug%20image (304)
2023-06-15T14:38:36.219Z ::1 GET /api/v1/products/search/suggest?keyword=
2023-06-15T14:38:36.230Z ::1 GET /api/v1/products/search/suggest?keyword= (404)
2023-06-15T14:38:36.237Z ::1 GET /?fields=name,desc,code,beginDate,endDate,quantity,unlimitedQty,discount,discountType,minimumTotal,maximumApplied,image (304)
2023-06-15T14:38:36.497Z ::1 GET /api/v1/products?search=&page=1&limit=20&b=&c=
2023-06-15T14:38:37.379Z ::1 GET /?search=&page=1&limit=20&b=&c= (200)
2023-06-15T14:38:44.838Z ::1 POST /api/v1/auth/login
2023-06-15T14:38:45.061Z ::1 POST /api/v1/auth/login (401)
2023-06-15T14:38:47.289Z ::1 POST /api/v1/auth/login
2023-06-15T14:38:47.410Z ::1 POST /api/v1/auth/login (404)
2023-06-15T14:40:19.715Z ::1 POST /api/v1/auth/login
2023-06-15T14:40:20.188Z ::1 POST /api/v1/auth/login (404)
2023-06-15T14:41:13.693Z ::1 POST /api/v1/auth/send-otp
2023-06-15T14:41:13.807Z ::1 POST /api/v1/auth/send-otp (404)
2023-06-15T14:41:20.909Z ::1 POST /api/v1/auth/send-otp
2023-06-15T14:41:20.954Z ::1 POST /api/v1/auth/send-otp (404)
2023-06-15T14:41:47.416Z ::1 POST /api/v1/auth/send-otp
2023-06-15T14:41:50.803Z ::1 POST /send-otp (200)
2023-06-15T14:42:13.261Z ::1 POST /api/v1/auth/check-otp
2023-06-15T14:42:13.400Z ::1 POST /check-otp (200)
2023-06-15T14:42:13.421Z ::1 PATCH /api/v1/auth/verify
2023-06-15T14:42:13.584Z ::1 PATCH /verify (200)
2023-06-15T14:42:27.572Z ::1 POST /api/v1/auth/login
2023-06-15T14:42:27.789Z ::1 POST /login (200)
2023-06-15T14:42:28.624Z ::1 POST /api/v1/cart
2023-06-15T14:42:28.663Z ::1 GET /api/v1/categories?fields=name%20slug%20image
2023-06-15T14:42:28.713Z ::1 GET /api/v1/brands?fields=name%20slug%20image
2023-06-15T14:42:28.720Z ::1 GET /api/v1/discounts?fields=name,desc,code,beginDate,endDate,quantity,unlimitedQty,discount,discountType,minimumTotal,maximumApplied,image
2023-06-15T14:42:28.727Z ::1 GET /api/v1/products/search/suggest?keyword=
2023-06-15T14:42:28.734Z ::1 GET /api/v1/products/search/suggest?keyword= (404)
2023-06-15T14:42:28.821Z ::1 GET /api/v1/products/search/suggest?keyword=
2023-06-15T14:42:28.828Z ::1 GET /api/v1/products/search/suggest?keyword= (404)
2023-06-15T14:42:28.997Z ::1 GET /?fields=name%20slug%20image (304)
2023-06-15T14:42:29.047Z ::1 GET /?fields=name%20slug%20image (304)
2023-06-15T14:42:29.056Z ::1 POST / (200)
2023-06-15T14:42:29.072Z ::1 GET /?fields=name,desc,code,beginDate,endDate,quantity,unlimitedQty,discount,discountType,minimumTotal,maximumApplied,image (304)
2023-06-15T14:42:29.597Z ::1 GET /api/v1/products?search=&page=1&limit=20&b=&c=
2023-06-15T14:42:29.972Z ::1 GET /?search=&page=1&limit=20&b=&c= (304)
2023-06-15T14:42:53.315Z ::1 GET /api/v1/account
2023-06-15T14:42:53.362Z ::1 GET / (200)
2023-06-15T14:42:55.338Z ::1 POST /api/v1/cart
2023-06-15T14:42:55.376Z ::1 GET /api/v1/products/search/suggest?keyword=
2023-06-15T14:42:55.382Z ::1 GET /api/v1/products/search/suggest?keyword= (404)
2023-06-15T14:42:55.384Z ::1 GET /api/v1/discounts?fields=name,desc,code,beginDate,endDate,quantity,unlimitedQty,discount,discountType,minimumTotal,maximumApplied,image
2023-06-15T14:42:55.394Z ::1 GET /api/v1/products/search/suggest?keyword=
2023-06-15T14:42:55.401Z ::1 GET /api/v1/products/search/suggest?keyword= (404)
2023-06-15T14:42:55.412Z ::1 GET /api/v1/categories?fields=name%20slug%20image
2023-06-15T14:42:55.417Z ::1 GET /api/v1/brands?fields=name%20slug%20image
2023-06-15T14:42:55.433Z ::1 GET /?fields=name,desc,code,beginDate,endDate,quantity,unlimitedQty,discount,discountType,minimumTotal,maximumApplied,image (304)
2023-06-15T14:42:55.487Z ::1 GET /?fields=name%20slug%20image (304)
2023-06-15T14:42:55.518Z ::1 GET /?fields=name%20slug%20image (304)
2023-06-15T14:42:55.540Z ::1 POST / (200)
2023-06-15T14:42:56.356Z ::1 GET /api/v1/products?search=&page=1&limit=20&b=&c=
2023-06-15T14:42:56.552Z ::1 GET /?search=&page=1&limit=20&b=&c= (304)
2023-06-15T14:43:54.437Z ::1 POST /api/v1/auth/login
2023-06-15T14:43:54.625Z ::1 POST /login (200)
2023-06-15T14:43:55.161Z ::1 POST /api/v1/cart
2023-06-15T14:43:55.226Z ::1 POST / (200)
2023-06-15T14:43:57.296Z ::1 GET /api/v1/categories
2023-06-15T14:43:57.387Z ::1 GET / (304)
2023-06-15T14:52:30.896Z ::1 GET /api/v1/account
2023-06-15T14:52:31.123Z ::1 GET / (200)
2023-06-15T14:52:33.642Z ::1 POST /api/v1/cart
2023-06-15T14:52:33.743Z ::1 POST / (200)
2023-06-15T14:52:36.908Z ::1 GET /api/v1/categories
2023-06-15T14:52:36.990Z ::1 GET / (304)
2023-06-15T14:55:03.444Z ::1 GET /api/v1/account
2023-06-15T14:55:03.641Z ::1 GET / (304)
2023-06-15T14:55:06.091Z ::1 POST /api/v1/cart
2023-06-15T14:55:06.226Z ::1 POST / (200)
2023-06-15T14:55:08.620Z ::1 GET /api/v1/categories
2023-06-15T14:55:08.678Z ::1 GET / (304)
2023-06-15T14:58:06.152Z ::1 GET /api/v1/account
2023-06-15T14:58:06.286Z ::1 GET / (304)
2023-06-15T14:58:06.926Z ::1 POST /api/v1/cart
2023-06-15T14:58:06.996Z ::1 POST / (200)
2023-06-15T14:58:07.400Z ::1 GET /api/v1/categories
2023-06-15T14:58:07.464Z ::1 GET / (304)
2023-06-15T14:59:51.246Z ::1 GET /api/v1/account
2023-06-15T14:59:51.529Z ::1 GET / (304)
2023-06-15T14:59:51.938Z ::1 POST /api/v1/cart
2023-06-15T14:59:52.131Z ::1 POST / (200)
2023-06-15T14:59:53.036Z ::1 GET /api/v1/categories
2023-06-15T14:59:53.167Z ::1 GET / (304)
2023-06-15T15:00:37.116Z ::1 PATCH /api/v1/categories/6482bc49e5302aece9f4d21c
2023-06-15T15:00:37.373Z ::1 PATCH /6482bc49e5302aece9f4d21c (200)
2023-06-15T15:04:05.095Z ::1 GET /api/v1/account
2023-06-15T15:04:05.386Z ::1 GET / (304)
2023-06-15T15:04:06.661Z ::1 POST /api/v1/cart
2023-06-15T15:04:06.744Z ::1 POST / (200)
2023-06-15T15:04:07.056Z ::1 GET /api/v1/categories
2023-06-15T15:04:07.106Z ::1 GET / (200)
2023-06-15T15:07:10.258Z ::1 PATCH /api/v1/categories/6482ba75e5302aece9f4d20c
2023-06-15T15:07:10.969Z ::1 PATCH /6482ba75e5302aece9f4d20c (200)
2023-06-15T15:10:36.058Z ::1 PATCH /api/v1/categories/6482ba75e5302aece9f4d20c
2023-06-15T15:10:36.532Z ::1 PATCH /6482ba75e5302aece9f4d20c (200)
2023-06-15T15:12:08.727Z ::1 GET /api/v1/account
2023-06-15T15:12:08.905Z ::1 GET / (304)
2023-06-15T15:12:10.443Z ::1 POST /api/v1/cart
2023-06-15T15:12:10.714Z ::1 POST / (200)
2023-06-15T15:12:11.298Z ::1 GET /api/v1/categories
2023-06-15T15:12:11.393Z ::1 GET / (200)
2023-06-15T15:12:25.324Z ::1 PATCH /api/v1/categories/6482bacde5302aece9f4d211
2023-06-15T15:12:25.436Z ::1 PATCH /api/v1/categories/6482bacde5302aece9f4d211 (500)
2023-06-15T15:19:54.044Z ::1 PATCH /api/v1/categories/6482bacde5302aece9f4d211
2023-06-15T15:19:54.772Z ::1 PATCH /api/v1/categories/6482bacde5302aece9f4d211 (500)
2023-06-15T15:21:02.784Z ::1 POST /api/v1/auth/login
2023-06-15T15:21:03.559Z ::1 POST /login (200)
2023-06-15T15:21:05.009Z ::1 POST /api/v1/cart
2023-06-15T15:21:05.068Z ::1 POST / (200)
2023-06-15T15:21:05.404Z ::1 GET /api/v1/categories
2023-06-15T15:21:05.459Z ::1 GET / (200)
2023-06-15T15:32:23.430Z ::1 GET /api/v1/account
2023-06-15T15:32:24.073Z ::1 GET / (304)
2023-06-15T15:32:25.254Z ::1 POST /api/v1/cart
2023-06-15T15:32:25.467Z ::1 POST / (200)
2023-06-15T15:32:25.944Z ::1 GET /api/v1/categories
2023-06-15T15:32:26.069Z ::1 GET / (304)
2023-06-15T15:35:12.521Z ::1 GET /api/v1/categories
2023-06-15T15:35:12.675Z ::1 GET / (304)
2023-06-15T15:40:46.986Z ::1 GET /api/v1/products?search=iPhone&c=&b=&page=1&limit=10&sort=desc&sortBy=createdAt&getBrandFilter=1&getCategoryFilter=1&isShowHidden=1
2023-06-15T15:40:47.480Z ::1 GET /?search=iPhone&c=&b=&page=1&limit=10&sort=desc&sortBy=createdAt&getBrandFilter=1&getCategoryFilter=1&isShowHidden=1 (200)
2023-06-15T15:43:39.081Z ::1 GET /api/v1/products?search=iPhone&c=&b=&page=1&limit=10&sort=desc&sortBy=createdAt&getBrandFilter=1&getCategoryFilter=1&isShowHidden=1
2023-06-15T15:43:39.293Z ::1 GET /?search=iPhone&c=&b=&page=1&limit=10&sort=desc&sortBy=createdAt&getBrandFilter=1&getCategoryFilter=1&isShowHidden=1 (200)
2023-06-15T15:46:31.569Z ::1 GET /api/v1/products?search=iPhone&c=&b=&page=1&limit=10&sort=desc&sortBy=createdAt&getBrandFilter=1&getCategoryFilter=1&isShowHidden=1
2023-06-15T15:46:31.765Z ::1 GET /?search=iPhone&c=&b=&page=1&limit=10&sort=desc&sortBy=createdAt&getBrandFilter=1&getCategoryFilter=1&isShowHidden=1 (200)
2023-06-15T15:59:17.729Z ::1 GET /api/v1/products?search=iPhone&c=&b=&page=1&limit=10&isShowHidden=1&sort=desc1
2023-06-15T15:59:18.169Z ::1 GET /?search=iPhone&c=&b=&page=1&limit=10&isShowHidden=1&sort=desc1 (200)
2023-06-15T16:06:00.587Z ::1 GET /api/v1/products?q?c=dong-ho,phu-kien&b=asus&search=iPhone&c=&b=&page=1&limit=10&sort=desc1&isShowHidden=1
2023-06-15T16:06:00.662Z ::1 GET /api/v1/products?q?c=dong-ho,phu-kien&b=asus&search=iPhone&c=&b=&page=1&limit=10&sort=desc1&isShowHidden=1 (500)
2023-06-15T16:07:54.010Z ::1 GET /api/v1/products?search=iPhone&c=dong-ho,phu-kien&b=asus&page=1&limit=10&sort=desc1&isShowHidden=1
2023-06-15T16:07:54.308Z ::1 GET /api/v1/products?search=iPhone&c=dong-ho,phu-kien&b=asus&page=1&limit=10&sort=desc1&isShowHidden=1 (500)
2023-06-15T16:08:34.797Z ::1 GET /api/v1/products?search=iPhone&c=dong-ho,phu-kien&b=iPhone&page=1&limit=10&sort=desc1&isShowHidden=1
2023-06-15T16:08:34.835Z ::1 GET /api/v1/products?search=iPhone&c=dong-ho,phu-kien&b=iPhone&page=1&limit=10&sort=desc1&isShowHidden=1 (500)
2023-06-15T16:08:41.332Z ::1 GET /api/v1/products?search=iPhone&c=dong-ho,phu-kien&b=iphone&page=1&limit=10&sort=desc1&isShowHidden=1
2023-06-15T16:08:41.353Z ::1 GET /api/v1/products?search=iPhone&c=dong-ho,phu-kien&b=iphone&page=1&limit=10&sort=desc1&isShowHidden=1 (500)
2023-06-15T16:09:59.501Z ::1 GET /api/v1/products?search=iPhone&c=dong-ho,phu-kien&b=&page=1&limit=10&sort=desc1&isShowHidden=1
2023-06-15T16:09:59.519Z ::1 GET /api/v1/products?search=iPhone&c=dong-ho,phu-kien&b=&page=1&limit=10&sort=desc1&isShowHidden=1 (500)
2023-06-15T16:10:52.229Z ::1 GET /api/v1/products?search=iPhone&c=dong-ho,phu-kien&b=&page=1&limit=10&sort=desc1&isShowHidden=1
2023-06-15T16:10:53.434Z ::1 GET /api/v1/products?search=iPhone&c=dong-ho,phu-kien&b=&page=1&limit=10&sort=desc1&isShowHidden=1 (500)
2023-06-15T16:11:41.781Z ::1 GET /api/v1/products?search=iPhone&c=dong-ho,phu-kien&b=&page=1&limit=10&sort=desc1&isShowHidden=1
2023-06-15T16:11:41.891Z ::1 GET /api/v1/products?search=iPhone&c=dong-ho,phu-kien&b=&page=1&limit=10&sort=desc1&isShowHidden=1 (500)
2023-06-15T16:13:21.569Z ::1 GET /api/v1/products?search=iPhone&c=dong-ho,phu-kien&b=&page=1&limit=10&sort=desc1&isShowHidden=1
2023-06-15T16:13:21.643Z ::1 GET /api/v1/products?search=iPhone&c=dong-ho,phu-kien&b=&page=1&limit=10&sort=desc1&isShowHidden=1 (500)
2023-06-15T16:17:47.516Z ::1 GET /api/v1/products?search=&c=dong-ho,phu-kien&b=&page=1&limit=10&sort=desc1&isShowHidden=1
2023-06-15T16:17:47.711Z ::1 GET /api/v1/products?search=&c=dong-ho,phu-kien&b=&page=1&limit=10&sort=desc1&isShowHidden=1 (500)
2023-06-15T16:19:08.369Z ::1 GET /api/v1/products?search=&c=6482ba75e5302aece9f4d20c,6482bb57e5302aece9f4d216&b=&page=1&limit=10&sort=desc1&isShowHidden=1
2023-06-15T16:19:08.679Z ::1 GET /?search=&c=6482ba75e5302aece9f4d20c,6482bb57e5302aece9f4d216&b=&page=1&limit=10&sort=desc1&isShowHidden=1 (200)
2023-06-15T16:19:29.767Z ::1 GET /api/v1/categories
2023-06-15T16:19:29.830Z ::1 GET / (304)
2023-06-15T16:30:50.679Z ::1 GET /api/v1/account
2023-06-15T16:30:51.127Z ::1 GET / (304)
2023-06-15T16:31:36.056Z ::1 POST /api/v1/cart
2023-06-15T16:31:37.191Z ::1 POST / (200)
2023-06-15T16:31:42.526Z ::1 GET /api/v1/categories
2023-06-15T16:31:42.611Z ::1 GET / (304)
2023-06-15T16:37:50.905Z ::1 GET /api/v1/account
2023-06-15T16:37:51.087Z ::1 GET / (304)
2023-06-15T16:37:51.906Z ::1 POST /api/v1/cart
2023-06-15T16:37:52.007Z ::1 POST / (200)
2023-06-15T16:37:52.415Z ::1 GET /api/v1/categories
2023-06-15T16:37:52.486Z ::1 GET / (304)
2023-06-15T16:38:16.810Z ::1 GET /api/v1/account
2023-06-15T16:38:16.849Z ::1 GET / (304)
2023-06-15T16:38:17.199Z ::1 GET /api/v1/products/search/suggest?keyword=
2023-06-15T16:38:17.228Z ::1 GET /api/v1/products/search/suggest?keyword= (404)
2023-06-15T16:38:17.230Z ::1 POST /api/v1/cart
2023-06-15T16:38:17.241Z ::1 GET /api/v1/categories?fields=name%20slug%20image
2023-06-15T16:38:17.262Z ::1 GET /api/v1/brands?fields=name%20slug%20image
2023-06-15T16:38:17.393Z ::1 GET /?fields=name%20slug%20image (304)
2023-06-15T16:38:17.408Z ::1 GET /api/v1/discounts?fields=name,desc,code,beginDate,endDate,quantity,unlimitedQty,discount,discountType,minimumTotal,maximumApplied,image
2023-06-15T16:38:17.462Z ::1 GET /api/v1/products/search/suggest?keyword=
2023-06-15T16:38:17.468Z ::1 GET /api/v1/products/search/suggest?keyword= (404)
2023-06-15T16:38:17.506Z ::1 GET /?fields=name%20slug%20image (304)
2023-06-15T16:38:17.520Z ::1 POST / (200)
2023-06-15T16:38:17.542Z ::1 GET /?fields=name,desc,code,beginDate,endDate,quantity,unlimitedQty,discount,discountType,minimumTotal,maximumApplied,image (304)
2023-06-15T16:38:18.112Z ::1 GET /api/v1/products?search=&page=1&limit=20&b=&c=
2023-06-15T16:38:18.340Z ::1 GET /?search=&page=1&limit=20&b=&c= (304)
2023-06-15T16:38:53.062Z ::1 GET /api/v1/categories?fields=_id%20name%20slug
2023-06-15T16:38:53.104Z ::1 GET /?fields=_id%20name%20slug (200)
2023-06-15T16:38:53.127Z ::1 GET /api/v1/brands?fields=_id%20name%20slug
2023-06-15T16:38:53.143Z ::1 GET /?fields=_id%20name%20slug (200)
2023-06-15T16:39:03.142Z ::1 GET /api/v1/products?search=&page=1&limit=20&b=&c=
2023-06-15T16:39:03.336Z ::1 GET /?search=&page=1&limit=20&b=&c= (304)
2023-06-15T16:40:38.354Z ::1 GET /api/v1/account
2023-06-15T16:40:38.409Z ::1 GET / (304)
2023-06-15T16:40:39.895Z ::1 POST /api/v1/cart
2023-06-15T16:40:39.989Z ::1 POST / (200)
2023-06-15T16:40:44.378Z ::1 GET /api/v1/products/search/suggest?keyword=
2023-06-15T16:40:44.387Z ::1 GET /api/v1/products/search/suggest?keyword= (404)
2023-06-15T16:40:44.394Z ::1 GET /api/v1/categories?fields=name%20slug%20image
2023-06-15T16:40:44.408Z ::1 GET /api/v1/products/search/suggest?keyword=
2023-06-15T16:40:44.422Z ::1 GET /api/v1/products/search/suggest?keyword= (404)
2023-06-15T16:40:44.426Z ::1 GET /api/v1/discounts?fields=name,desc,code,beginDate,endDate,quantity,unlimitedQty,discount,discountType,minimumTotal,maximumApplied,image
2023-06-15T16:40:44.458Z ::1 GET /api/v1/brands?fields=name%20slug%20image
2023-06-15T16:40:44.577Z ::1 GET /?fields=name%20slug%20image (304)
2023-06-15T16:40:44.602Z ::1 GET /?fields=name,desc,code,beginDate,endDate,quantity,unlimitedQty,discount,discountType,minimumTotal,maximumApplied,image (304)
2023-06-15T16:40:44.640Z ::1 GET /?fields=name%20slug%20image (304)
2023-06-15T16:40:45.035Z ::1 GET /api/v1/products?search=&page=1&limit=20&b=&c=
2023-06-15T16:40:45.196Z ::1 GET /?search=&page=1&limit=20&b=&c= (304)
2023-06-15T16:41:04.248Z ::1 GET /api/v1/categories
2023-06-15T16:41:04.416Z ::1 GET / (304)
2023-06-15T16:44:58.094Z ::1 GET /api/v1/categories
2023-06-15T16:44:58.222Z ::1 GET / (304)
2023-06-15T16:56:44.936Z ::1 GET /api/v1/account
2023-06-15T16:56:45.261Z ::1 GET / (304)
2023-06-15T16:56:47.679Z ::1 POST /api/v1/cart
2023-06-15T16:56:47.826Z ::1 POST / (200)
2023-06-15T16:56:48.653Z ::1 GET /api/v1/categories
2023-06-15T16:56:48.801Z ::1 GET / (304)
2023-06-15T16:58:01.839Z ::1 GET /api/v1/account
2023-06-15T16:58:02.017Z ::1 GET / (304)
2023-06-15T16:58:03.367Z ::1 POST /api/v1/cart
2023-06-15T16:58:03.656Z ::1 POST / (200)
2023-06-15T16:58:05.381Z ::1 GET /api/v1/categories
2023-06-15T16:58:05.757Z ::1 GET / (304)
2023-06-15T17:00:29.904Z ::1 GET /api/v1/account
2023-06-15T17:00:30.128Z ::1 GET / (304)
2023-06-15T17:00:31.714Z ::1 POST /api/v1/cart
2023-06-15T17:00:31.891Z ::1 POST / (200)
2023-06-15T17:00:32.509Z ::1 GET /api/v1/categories
2023-06-15T17:00:32.602Z ::1 GET / (304)
2023-06-15T17:01:07.544Z ::1 GET /api/v1/account
2023-06-15T17:01:07.658Z ::1 GET / (304)
2023-06-15T17:01:09.470Z ::1 POST /api/v1/cart
2023-06-15T17:01:09.645Z ::1 POST / (200)
2023-06-15T17:01:10.473Z ::1 GET /api/v1/categories
2023-06-15T17:01:10.670Z ::1 GET / (304)
2023-06-15T17:02:41.694Z ::1 GET /api/v1/account
2023-06-15T17:02:41.982Z ::1 GET / (304)
2023-06-15T17:02:44.000Z ::1 POST /api/v1/cart
2023-06-15T17:02:44.507Z ::1 POST / (200)
2023-06-15T17:02:44.874Z ::1 GET /api/v1/categories
2023-06-15T17:02:45.002Z ::1 GET / (304)
2023-06-15T17:04:16.637Z ::1 GET /api/v1/account
2023-06-15T17:04:17.165Z ::1 GET / (304)
2023-06-15T17:04:18.650Z ::1 POST /api/v1/cart
2023-06-15T17:04:18.708Z ::1 POST / (200)
2023-06-15T17:04:19.851Z ::1 GET /api/v1/categories
2023-06-15T17:04:19.925Z ::1 GET / (304)
2023-06-15T17:04:21.308Z ::1 GET /api/v1/categories
2023-06-15T17:04:21.371Z ::1 GET / (304)
2023-06-15T17:04:21.994Z ::1 GET /api/v1/categories
2023-06-15T17:04:22.343Z ::1 GET / (304)
2023-06-15T17:04:23.245Z ::1 GET /api/v1/categories
2023-06-15T17:04:23.428Z ::1 GET / (304)
2023-06-15T17:04:23.805Z ::1 GET /api/v1/categories
2023-06-15T17:04:23.852Z ::1 GET / (304)
2023-06-15T17:04:24.266Z ::1 GET /api/v1/categories
2023-06-15T17:04:24.317Z ::1 GET / (304)
2023-06-15T17:04:24.769Z ::1 GET /api/v1/categories
2023-06-15T17:04:24.834Z ::1 GET / (304)
2023-06-15T17:04:25.166Z ::1 GET /api/v1/categories
2023-06-15T17:04:25.243Z ::1 GET / (304)
2023-06-15T17:04:25.712Z ::1 GET /api/v1/categories
2023-06-15T17:04:25.753Z ::1 GET / (304)
2023-06-15T17:04:26.231Z ::1 GET /api/v1/categories
2023-06-15T17:04:26.289Z ::1 GET / (304)
2023-06-15T17:04:26.718Z ::1 GET /api/v1/categories
2023-06-15T17:04:26.805Z ::1 GET / (304)
2023-06-15T17:04:27.325Z ::1 GET /api/v1/categories
2023-06-15T17:04:27.398Z ::1 GET / (304)
2023-06-15T17:04:29.684Z ::1 GET /api/v1/categories
2023-06-15T17:04:29.732Z ::1 GET / (304)
2023-06-15T17:04:30.637Z ::1 GET /api/v1/categories
2023-06-15T17:04:30.675Z ::1 GET / (304)
2023-06-15T17:04:30.945Z ::1 GET /api/v1/categories
2023-06-15T17:04:30.977Z ::1 GET / (304)
2023-06-15T17:04:34.597Z ::1 GET /api/v1/categories
2023-06-15T17:04:34.653Z ::1 GET / (304)
2023-06-15T17:04:41.203Z ::1 GET /api/v1/categories
2023-06-15T17:04:41.246Z ::1 GET / (304)
2023-06-15T17:04:41.553Z ::1 GET /api/v1/categories
2023-06-15T17:04:41.596Z ::1 GET / (304)
2023-06-15T17:04:44.406Z ::1 GET /api/v1/categories
2023-06-15T17:04:44.474Z ::1 GET / (304)
2023-06-15T17:04:45.773Z ::1 GET /api/v1/categories
2023-06-15T17:04:45.876Z ::1 GET / (304)
2023-06-15T17:04:46.576Z ::1 GET /api/v1/categories
2023-06-15T17:04:46.619Z ::1 GET / (304)
2023-06-15T17:04:48.246Z ::1 GET /api/v1/categories
2023-06-15T17:04:48.298Z ::1 GET / (304)
2023-06-15T17:04:48.812Z ::1 GET /api/v1/categories
2023-06-15T17:04:48.912Z ::1 GET / (304)
2023-06-15T17:04:50.400Z ::1 GET /api/v1/categories
2023-06-15T17:04:50.450Z ::1 GET / (304)
2023-06-15T17:04:50.889Z ::1 GET /api/v1/categories
2023-06-15T17:04:50.927Z ::1 GET / (304)
2023-06-15T17:04:51.200Z ::1 GET /api/v1/categories
2023-06-15T17:04:51.234Z ::1 GET / (304)
2023-06-15T17:04:51.432Z ::1 GET /api/v1/categories
2023-06-15T17:04:51.473Z ::1 GET / (304)
2023-06-15T17:04:53.179Z ::1 GET /api/v1/categories
2023-06-15T17:04:53.644Z ::1 GET / (304)
2023-06-15T17:04:54.705Z ::1 GET /api/v1/categories
2023-06-15T17:04:54.759Z ::1 GET / (304)
2023-06-15T17:04:55.136Z ::1 GET /api/v1/categories
2023-06-15T17:04:55.176Z ::1 GET / (304)
2023-06-15T17:04:55.600Z ::1 GET /api/v1/categories
2023-06-15T17:04:55.642Z ::1 GET / (304)
2023-06-15T17:05:01.977Z ::1 GET /api/v1/categories
2023-06-15T17:05:02.046Z ::1 GET / (304)
2023-06-15T17:05:02.809Z ::1 GET /api/v1/categories
2023-06-15T17:05:02.857Z ::1 GET / (304)
2023-06-15T17:05:03.336Z ::1 GET /api/v1/categories
2023-06-15T17:05:03.386Z ::1 GET / (304)
2023-06-15T17:05:03.715Z ::1 GET /api/v1/categories
2023-06-15T17:05:03.757Z ::1 GET / (304)
2023-06-15T17:05:04.327Z ::1 GET /api/v1/categories
2023-06-15T17:05:04.389Z ::1 GET / (304)
2023-06-15T17:05:04.700Z ::1 GET /api/v1/categories
2023-06-15T17:05:04.742Z ::1 GET / (304)
2023-06-15T17:05:05.342Z ::1 GET /api/v1/categories
2023-06-15T17:05:05.382Z ::1 GET / (304)
2023-06-15T17:05:10.273Z ::1 GET /api/v1/account
2023-06-15T17:05:10.317Z ::1 GET / (304)
2023-06-15T17:05:11.470Z ::1 POST /api/v1/cart
2023-06-15T17:05:11.514Z ::1 POST / (200)
2023-06-15T17:05:13.863Z ::1 GET /api/v1/categories
2023-06-15T17:05:13.917Z ::1 GET / (304)
2023-06-15T17:05:49.360Z ::1 GET /api/v1/account
2023-06-15T17:05:49.402Z ::1 GET / (304)
2023-06-15T17:05:50.364Z ::1 POST /api/v1/cart
2023-06-15T17:05:50.413Z ::1 POST / (200)
2023-06-15T17:06:05.210Z ::1 GET /api/v1/categories
2023-06-15T17:06:05.275Z ::1 GET / (304)
2023-06-15T17:08:08.447Z ::1 GET /api/v1/account
2023-06-15T17:08:08.648Z ::1 GET / (304)
2023-06-15T17:08:10.818Z ::1 POST /api/v1/cart
2023-06-15T17:08:10.961Z ::1 POST / (200)
2023-06-15T17:08:12.018Z ::1 GET /api/v1/categories
2023-06-15T17:08:12.178Z ::1 GET / (304)
2023-06-15T17:08:58.553Z ::1 GET /api/v1/account
2023-06-15T17:08:58.644Z ::1 GET / (304)
2023-06-15T17:09:00.590Z ::1 POST /api/v1/cart
2023-06-15T17:09:00.648Z ::1 POST / (200)
2023-06-15T17:09:01.532Z ::1 GET /api/v1/categories
2023-06-15T17:09:01.580Z ::1 GET / (304)
2023-06-15T17:09:53.299Z ::1 GET /api/v1/account
2023-06-15T17:09:53.378Z ::1 GET / (304)
2023-06-15T17:09:54.745Z ::1 POST /api/v1/cart
2023-06-15T17:09:54.837Z ::1 POST / (200)
2023-06-15T17:09:55.500Z ::1 GET /api/v1/categories
2023-06-15T17:09:55.613Z ::1 GET / (304)
2023-06-15T17:13:10.327Z ::1 GET /api/v1/account
2023-06-15T17:13:10.545Z ::1 GET / (304)
2023-06-15T17:13:12.601Z ::1 POST /api/v1/cart
2023-06-15T17:13:12.795Z ::1 POST / (200)
2023-06-15T17:13:13.876Z ::1 GET /api/v1/categories
2023-06-15T17:13:13.942Z ::1 GET / (304)
2023-06-15T17:15:49.962Z ::1 GET /api/v1/account
2023-06-15T17:15:50.136Z ::1 GET / (304)
2023-06-15T17:15:52.133Z ::1 POST /api/v1/cart
2023-06-15T17:15:52.205Z ::1 POST / (200)
2023-06-15T17:15:53.034Z ::1 GET /api/v1/categories
2023-06-15T17:15:53.203Z ::1 GET / (304)
2023-06-15T17:18:09.714Z ::1 GET /api/v1/account
2023-06-15T17:18:10.025Z ::1 GET / (304)
2023-06-15T17:18:12.177Z ::1 POST /api/v1/cart
2023-06-15T17:18:12.295Z ::1 POST / (200)
2023-06-15T17:18:13.082Z ::1 GET /api/v1/categories
2023-06-15T17:18:13.194Z ::1 GET / (304)
2023-06-15T17:19:18.835Z ::1 GET /api/v1/account
2023-06-15T17:19:19.421Z ::1 GET / (304)
2023-06-15T17:19:20.687Z ::1 POST /api/v1/cart
2023-06-15T17:19:21.266Z ::1 POST / (200)
2023-06-15T17:19:21.678Z ::1 GET /api/v1/categories
2023-06-15T17:19:21.750Z ::1 GET / (304)
2023-06-15T17:22:19.536Z ::1 GET /api/v1/account
2023-06-15T17:22:19.848Z ::1 GET / (304)
2023-06-15T17:22:20.726Z ::1 POST /api/v1/cart
2023-06-15T17:22:20.799Z ::1 POST / (200)
2023-06-15T17:22:21.453Z ::1 GET /api/v1/categories
2023-06-15T17:22:21.530Z ::1 GET / (304)
2023-06-15T17:24:27.322Z ::1 GET /api/v1/account
2023-06-15T17:24:27.545Z ::1 GET / (304)
2023-06-15T17:24:27.988Z ::1 POST /api/v1/cart
2023-06-15T17:24:28.073Z ::1 POST / (200)
2023-06-15T17:24:28.298Z ::1 GET /api/v1/categories
2023-06-15T17:24:28.421Z ::1 GET / (304)
2023-06-15T17:25:30.973Z ::1 GET /api/v1/account
2023-06-15T17:25:31.122Z ::1 GET / (304)
2023-06-15T17:25:32.143Z ::1 POST /api/v1/cart
2023-06-15T17:25:32.220Z ::1 POST / (200)
2023-06-15T17:25:33.468Z ::1 GET /api/v1/categories
2023-06-15T17:25:33.582Z ::1 GET / (304)
2023-06-15T17:26:53.257Z ::1 GET /api/v1/categories
2023-06-15T17:26:53.424Z ::1 GET / (304)
2023-06-15T17:27:40.565Z ::1 GET /api/v1/account
2023-06-15T17:27:40.721Z ::1 GET / (304)
2023-06-15T17:27:45.636Z ::1 POST /api/v1/cart
2023-06-15T17:27:45.753Z ::1 POST / (200)
2023-06-15T17:27:56.233Z ::1 GET /api/v1/categories
2023-06-15T17:27:56.324Z ::1 GET / (304)