
2023-05-21T03:44:10.821Z ::1 GET /api/v2/account
2023-05-21T03:44:11.486Z ::1 GET / (304)
2023-05-21T03:44:12.033Z ::1 POST /api/v2/cart
2023-05-21T03:44:12.093Z ::1 GET /api/v2/products/search/suggest?keyword=
2023-05-21T03:44:12.108Z ::1 GET /api/v2/brands?fields=name%20slug%20image
2023-05-21T03:44:12.117Z ::1 GET /api/v2/categories?fields=name%20slug%20image
2023-05-21T03:44:12.127Z ::1 GET /api/v2/discounts?fields=name,desc,code,beginDate,endDate,quantity,unlimitedQty,discount,discountType,minimumTotal,maximumApplied,image
2023-05-21T03:44:12.300Z ::1 GET /api/v2/products?search=&page=1&limit=20&b=&c=
2023-05-21T03:44:12.606Z ::1 POST / (200)
2023-05-21T03:44:13.110Z ::1 GET /?fields=name%20slug%20image (304)
2023-05-21T03:44:13.139Z ::1 GET /search/suggest?keyword= (304)
2023-05-21T03:44:13.225Z ::1 GET /?fields=name,desc,code,beginDate,endDate,quantity,unlimitedQty,discount,discountType,minimumTotal,maximumApplied,image (304)
2023-05-21T03:44:13.454Z ::1 GET /api/v2/products/best-seller
2023-05-21T03:44:14.078Z ::1 GET /best-seller (200)
2023-05-21T03:44:15.512Z ::1 GET /?fields=name%20slug%20image (200)
2023-05-21T03:44:22.101Z ::1 GET /?search=&page=1&limit=20&b=&c= (200)
2023-05-21T04:16:44.769Z ::1 GET /api/v2/products/search/suggest?keyword=
2023-05-21T04:16:44.830Z ::1 GET /api/v2/categories?fields=name%20slug%20image
2023-05-21T04:16:44.842Z ::1 GET /api/v2/brands?fields=name%20slug%20image
2023-05-21T04:16:44.852Z ::1 GET /api/v2/discounts?fields=name,desc,code,beginDate,endDate,quantity,unlimitedQty,discount,discountType,minimumTotal,maximumApplied,image
2023-05-21T04:16:45.211Z ::1 GET /api/v2/products?search=&page=1&limit=20&b=&c=
2023-05-21T04:16:45.351Z ::1 GET /search/suggest?keyword= (200)
2023-05-21T04:16:45.396Z ::1 GET /?fields=name,desc,code,beginDate,endDate,quantity,unlimitedQty,discount,discountType,minimumTotal,maximumApplied,image (200)
2023-05-21T04:16:46.912Z ::1 GET /?fields=name%20slug%20image (200)
2023-05-21T04:16:58.408Z ::1 POST /api/v2/auth/register
2023-05-21T04:16:58.703Z ::1 POST /register (400)
2023-05-21T04:17:04.790Z ::1 POST /api/v2/auth/register
2023-05-21T04:17:05.517Z ::1 POST /register (200)
2023-05-21T04:17:05.894Z ::1 POST /api/v2/auth/send-otp
2023-05-21T04:17:09.447Z ::1 POST /send-otp (200)
2023-05-21T04:17:40.615Z ::1 POST /api/v2/auth/check-otp
2023-05-21T04:17:40.977Z ::1 POST /check-otp (200)
2023-05-21T04:17:40.984Z ::1 PATCH /api/v2/auth/verify
2023-05-21T04:17:40.992Z ::1 PATCH /api/v2/auth/verify (404)
2023-05-21T04:19:30.573Z ::1 POST /api/v2/auth/check-otp
2023-05-21T04:19:30.974Z ::1 POST /check-otp (200)
2023-05-21T04:19:30.987Z ::1 PATCH /api/v2/auth/verify
2023-05-21T04:19:31.689Z ::1 PATCH /verify (200)
2023-05-21T04:19:49.740Z ::1 POST /api/v2/auth/login
2023-05-21T04:19:50.456Z ::1 POST /login (200)
2023-05-21T04:19:51.134Z ::1 POST /api/v2/cart
2023-05-21T04:19:51.158Z ::1 GET /api/v2/products/search/suggest?keyword=
2023-05-21T04:19:51.166Z ::1 GET /api/v2/categories?fields=name%20slug%20image
2023-05-21T04:19:51.175Z ::1 GET /api/v2/brands?fields=name%20slug%20image
2023-05-21T04:19:51.190Z ::1 GET /api/v2/discounts?fields=name,desc,code,beginDate,endDate,quantity,unlimitedQty,discount,discountType,minimumTotal,maximumApplied,image
2023-05-21T04:19:51.601Z ::1 GET /api/v2/products?search=&page=1&limit=20&b=&c=
2023-05-21T04:19:52.056Z ::1 GET /?fields=name%20slug%20image (200)
2023-05-21T04:19:52.113Z ::1 GET /?fields=name,desc,code,beginDate,endDate,quantity,unlimitedQty,discount,discountType,minimumTotal,maximumApplied,image (304)
2023-05-21T04:19:52.204Z ::1 POST / (200)
2023-05-21T04:19:52.341Z ::1 GET /search/suggest?keyword= (304)
2023-05-21T04:19:52.367Z ::1 GET /api/v2/products/best-seller
2023-05-21T04:19:52.797Z ::1 GET /best-seller (200)
2023-05-21T04:19:53.879Z ::1 GET /?fields=name%20slug%20image (200)
2023-05-21T04:19:59.736Z ::1 GET /?search=&page=1&limit=20&b=&c= (200)
2023-05-21T04:20:05.697Z ::1 GET /api/v2/products/iphone-13-mini-xanh-la?fields=_id%20name%20slug%20desc%20video%20overSpecs%20policies%20detailSpecs%20origin%20category%20brand%20tags%20views%20rate%20variants%20quantity%20warrantyPeriod%20isHide%20createdAt%20updatedAt
2023-05-21T04:20:06.320Z ::1 GET /iphone-13-mini-xanh-la?fields=_id%20name%20slug%20desc%20video%20overSpecs%20policies%20detailSpecs%20origin%20category%20brand%20tags%20views%20rate%20variants%20quantity%20warrantyPeriod%20isHide%20createdAt%20updatedAt (200)
2023-05-21T04:20:34.837Z ::1 POST /api/v2/cart/add
2023-05-21T04:20:35.925Z ::1 POST /add (200)
2023-05-21T04:20:38.134Z ::1 GET /api/v2/account
2023-05-21T04:20:38.663Z ::1 GET / (200)
2023-05-21T04:20:38.985Z ::1 GET /api/v2/products/search/suggest?keyword=
2023-05-21T04:20:38.990Z ::1 GET /api/v2/categories?fields=name%20slug%20image
2023-05-21T04:20:38.996Z ::1 POST /api/v2/cart
2023-05-21T04:20:39.001Z ::1 GET /api/v2/brands?fields=name%20slug%20image
2023-05-21T04:20:39.006Z ::1 GET /api/v2/discounts?fields=name,desc,code,beginDate,endDate,quantity,unlimitedQty,discount,discountType,minimumTotal,maximumApplied,image
2023-05-21T04:20:39.241Z ::1 GET /search/suggest?keyword= (304)
2023-05-21T04:20:39.682Z ::1 GET /?fields=name%20slug%20image (304)
2023-05-21T04:20:39.687Z ::1 GET /?fields=name,desc,code,beginDate,endDate,quantity,unlimitedQty,discount,discountType,minimumTotal,maximumApplied,image (304)
2023-05-21T04:20:39.701Z ::1 POST / (200)
2023-05-21T04:20:41.155Z ::1 GET /?fields=name%20slug%20image (304)
2023-05-21T04:20:42.339Z ::1 PATCH /api/v2/cart
2023-05-21T04:20:43.704Z ::1 PATCH / (200)
2023-05-21T04:20:44.589Z ::1 PATCH /api/v2/cart
2023-05-21T04:20:45.667Z ::1 PATCH / (200)
2023-05-21T04:20:46.529Z ::1 PATCH /api/v2/cart
2023-05-21T04:20:47.561Z ::1 PATCH / (200)
2023-05-21T04:20:48.313Z ::1 GET /api/v2/account/addresses
2023-05-21T04:20:48.828Z ::1 GET /addresses (200)
2023-05-21T04:21:01.002Z ::1 POST /api/v2/orders
2023-05-21T04:21:02.854Z ::1 POST /api/v2/orders (500)
2023-05-21T04:22:30.151Z ::1 POST /api/v2/orders
2023-05-21T04:22:31.921Z ::1 POST /api/v2/orders (500)
2023-05-21T04:23:26.020Z ::1 POST /api/v2/orders
2023-05-21T04:23:27.162Z ::1 POST /api/v2/orders (500)
2023-05-21T04:24:38.546Z ::1 POST /api/v2/orders
2023-05-21T04:24:40.850Z ::1 POST / (200)
2023-05-21T04:24:41.021Z ::1 DELETE /api/v2/cart/d00000000000000000000010/0000000000295
2023-05-21T04:24:44.451Z ::1 GET /api/v1/payment/vnpay/callback?vnp_Amount=11316000000&vnp_BankCode=VNPAY&vnp_CardType=QRCODE&vnp_OrderInfo=%7B%22orderId%22%3A%2264699d06d9ebbff84fc9c624%22%2C%22clientUrl%22%3A%22http%3A%2F%2Flocalhost%3A3000%22%7D&vnp_PayDate=20230521112446&vnp_TmnCode=QL509E3K&vnp_TransactionNo=0&vnp_TransactionStatus=02&vnp_TxnRef=110540&vnp_SecureHash=0d672cd645f29872b33d7c4bc79bfe5f0825b9ceaa7b8b907234b0f51b0e3f4c55661b78b762b132576ec2352f174f67831498ac8b68252ea109c6f1f334ad9d
2023-05-21T04:24:44.459Z ::1 GET /vnpay/callback?vnp_Amount=11316000000&vnp_BankCode=VNPAY&vnp_CardType=QRCODE&vnp_OrderInfo=%7B%22orderId%22%3A%2264699d06d9ebbff84fc9c624%22%2C%22clientUrl%22%3A%22http%3A%2F%2Flocalhost%3A3000%22%7D&vnp_PayDate=20230521112446&vnp_TmnCode=QL509E3K&vnp_TransactionNo=0&vnp_TransactionStatus=02&vnp_TxnRef=110540&vnp_SecureHash=0d672cd645f29872b33d7c4bc79bfe5f0825b9ceaa7b8b907234b0f51b0e3f4c55661b78b762b132576ec2352f174f67831498ac8b68252ea109c6f1f334ad9d (200)
2023-05-21T04:24:46.726Z ::1 GET /api/v2/account
2023-05-21T04:24:47.252Z ::1 GET / (304)
2023-05-21T04:24:47.712Z ::1 GET /api/v2/products/search/suggest?keyword=
2023-05-21T04:24:47.725Z ::1 GET /api/v2/categories?fields=name%20slug%20image
2023-05-21T04:24:47.735Z ::1 POST /api/v2/cart
2023-05-21T04:24:47.751Z ::1 GET /api/v2/discounts?fields=name,desc,code,beginDate,endDate,quantity,unlimitedQty,discount,discountType,minimumTotal,maximumApplied,image
2023-05-21T04:24:47.760Z ::1 GET /api/v2/brands?fields=name%20slug%20image
2023-05-21T04:24:47.975Z ::1 GET /search/suggest?keyword= (304)
2023-05-21T04:24:47.999Z ::1 POST / (200)
2023-05-21T04:24:48.041Z ::1 GET /?fields=name,desc,code,beginDate,endDate,quantity,unlimitedQty,discount,discountType,minimumTotal,maximumApplied,image (304)
2023-05-21T04:24:48.448Z ::1 GET /api/v2/orders/64699d06d9ebbff84fc9c624
2023-05-21T04:24:49.028Z ::1 GET /64699d06d9ebbff84fc9c624 (200)
2023-05-21T04:24:49.762Z ::1 GET /?fields=name%20slug%20image (304)
2023-05-21T04:24:50.952Z ::1 GET /?fields=name%20slug%20image (304)
2023-05-21T04:24:55.091Z ::1 GET /api/v2/orders/re-pay/64699d06d9ebbff84fc9c624
2023-05-21T04:24:55.618Z ::1 GET /re-pay/64699d06d9ebbff84fc9c624 (200)
2023-05-21T04:24:57.819Z ::1 GET /api/v1/payment/vnpay/callback?vnp_Amount=11316000000&vnp_BankCode=VNPAY&vnp_CardType=QRCODE&vnp_OrderInfo=%7B%22orderId%22%3A%2264699d06d9ebbff84fc9c624%22%2C%22clientUrl%22%3A%22http%3A%2F%2Flocalhost%3A3000%22%7D&vnp_PayDate=20230521112459&vnp_TmnCode=QL509E3K&vnp_TransactionNo=0&vnp_TransactionStatus=02&vnp_TxnRef=110555&vnp_SecureHash=5d3b45e9be2c4545dcfd07266b34bbb6bc33c6d26b01e22667290bb7c0a0b005787295dd7a14d9e97d41e492582eda9de2afc29a5e99b5fd75be86fa347c83da
2023-05-21T04:24:57.823Z ::1 GET /vnpay/callback?vnp_Amount=11316000000&vnp_BankCode=VNPAY&vnp_CardType=QRCODE&vnp_OrderInfo=%7B%22orderId%22%3A%2264699d06d9ebbff84fc9c624%22%2C%22clientUrl%22%3A%22http%3A%2F%2Flocalhost%3A3000%22%7D&vnp_PayDate=20230521112459&vnp_TmnCode=QL509E3K&vnp_TransactionNo=0&vnp_TransactionStatus=02&vnp_TxnRef=110555&vnp_SecureHash=5d3b45e9be2c4545dcfd07266b34bbb6bc33c6d26b01e22667290bb7c0a0b005787295dd7a14d9e97d41e492582eda9de2afc29a5e99b5fd75be86fa347c83da (200)
2023-05-21T04:25:00.239Z ::1 GET /api/v2/account
2023-05-21T04:25:00.870Z ::1 GET / (304)
2023-05-21T04:25:01.280Z ::1 GET /api/v2/products/search/suggest?keyword=
2023-05-21T04:25:01.286Z ::1 GET /api/v2/categories?fields=name%20slug%20image
2023-05-21T04:25:01.295Z ::1 GET /api/v2/brands?fields=name%20slug%20image
2023-05-21T04:25:01.299Z ::1 GET /api/v2/discounts?fields=name,desc,code,beginDate,endDate,quantity,unlimitedQty,discount,discountType,minimumTotal,maximumApplied,image
2023-05-21T04:25:01.307Z ::1 POST /api/v2/cart
2023-05-21T04:25:01.837Z ::1 GET /search/suggest?keyword= (304)
2023-05-21T04:25:01.879Z ::1 GET /api/v2/orders/64699d06d9ebbff84fc9c624
2023-05-21T04:25:02.106Z ::1 GET /?fields=name%20slug%20image (304)
2023-05-21T04:25:02.109Z ::1 GET /?fields=name,desc,code,beginDate,endDate,quantity,unlimitedQty,discount,discountType,minimumTotal,maximumApplied,image (304)
2023-05-21T04:25:02.113Z ::1 POST / (200)
2023-05-21T04:25:02.711Z ::1 GET /64699d06d9ebbff84fc9c624 (304)
2023-05-21T04:25:03.215Z ::1 GET /?fields=name%20slug%20image (304)
2023-05-21T04:25:12.133Z ::1 GET /api/v2/account
2023-05-21T04:25:12.676Z ::1 GET / (304)
2023-05-21T04:25:13.118Z ::1 GET /api/v2/products/search/suggest?keyword=
2023-05-21T04:25:13.125Z ::1 POST /api/v2/cart
2023-05-21T04:25:13.140Z ::1 GET /api/v2/categories?fields=name%20slug%20image
2023-05-21T04:25:13.144Z ::1 GET /api/v2/brands?fields=name%20slug%20image
2023-05-21T04:25:13.148Z ::1 GET /api/v2/discounts?fields=name,desc,code,beginDate,endDate,quantity,unlimitedQty,discount,discountType,minimumTotal,maximumApplied,image
2023-05-21T04:25:13.381Z ::1 GET /search/suggest?keyword= (304)
2023-05-21T04:25:13.393Z ::1 POST / (200)
2023-05-21T04:25:13.744Z ::1 GET /?fields=name%20slug%20image (304)
2023-05-21T04:25:13.762Z ::1 GET /?fields=name,desc,code,beginDate,endDate,quantity,unlimitedQty,discount,discountType,minimumTotal,maximumApplied,image (304)
2023-05-21T04:25:13.786Z ::1 GET /api/v2/products/d00000000000000000000010?fields=_id%20name%20slug%20desc%20video%20overSpecs%20policies%20detailSpecs%20origin%20category%20brand%20tags%20views%20rate%20variants%20quantity%20warrantyPeriod%20isHide%20createdAt%20updatedAt
2023-05-21T04:25:14.394Z ::1 GET /d00000000000000000000010?fields=_id%20name%20slug%20desc%20video%20overSpecs%20policies%20detailSpecs%20origin%20category%20brand%20tags%20views%20rate%20variants%20quantity%20warrantyPeriod%20isHide%20createdAt%20updatedAt (200)
2023-05-21T04:25:14.810Z ::1 GET /?fields=name%20slug%20image (304)