
2023-07-03T14:34:54.159Z ::1 GET /api/v1/account
2023-07-03T14:34:54.310Z ::1 GET / (304)
2023-07-03T14:34:54.762Z ::1 GET /api/v1/products/search/suggest?keyword=
2023-07-03T14:34:54.804Z ::1 POST /api/v1/cart
2023-07-03T14:34:54.895Z ::1 GET /api/v1/categories?fields=name%20slug%20image
2023-07-03T14:34:54.909Z ::1 GET /api/v1/brands?fields=name%20slug%20image&isHidden=0
2023-07-03T14:34:54.922Z ::1 GET /api/v1/discounts?fields=name,desc,code,beginDate,endDate,quantity,unlimitedQty,discount,discountType,minimumTotal,maximumApplied,image
2023-07-03T14:34:54.940Z ::1 GET /search/suggest?keyword= (200)
2023-07-03T14:34:55.014Z ::1 GET /?fields=name%20slug%20image (200)
2023-07-03T14:34:55.059Z ::1 GET /?fields=name%20slug%20image&isHidden=0 (200)
2023-07-03T14:34:55.084Z ::1 GET /?fields=name,desc,code,beginDate,endDate,quantity,unlimitedQty,discount,discountType,minimumTotal,maximumApplied,image (200)
2023-07-03T14:34:55.088Z ::1 GET /api/v1/products/search/suggest?keyword=
2023-07-03T14:34:55.103Z ::1 POST / (200)
2023-07-03T14:34:55.110Z ::1 GET /search/suggest?keyword= (304)
2023-07-03T14:34:55.511Z ::1 GET /api/v1/products?search=&page=1&limit=20&b=&c=
2023-07-03T14:34:56.066Z ::1 GET /?search=&page=1&limit=20&b=&c= (200)
2023-07-03T14:34:57.697Z ::1 GET /api/v1/account
2023-07-03T14:34:57.730Z ::1 GET / (304)
2023-07-03T14:34:58.135Z ::1 POST /api/v1/cart
2023-07-03T14:34:58.170Z ::1 POST / (200)
2023-07-03T14:34:59.102Z ::1 GET /api/v1/categories
2023-07-03T14:34:59.117Z ::1 GET /api/v1/users/customer
2023-07-03T14:34:59.132Z ::1 GET /api/v1/brands
2023-07-03T14:34:59.137Z ::1 GET /api/v1/products/all
2023-07-03T14:34:59.141Z ::1 GET /api/v1/products?search=&b=&c=
2023-07-03T14:34:59.171Z ::1 GET /api/v1/orders/manager/?search=&status=&paymentStatus=&page=1&limit=100000
2023-07-03T14:34:59.191Z ::1 GET /customer (304)
2023-07-03T14:34:59.231Z ::1 GET / (200)
2023-07-03T14:34:59.282Z ::1 GET / (200)
2023-07-03T14:34:59.962Z ::1 GET /all (304)
2023-07-03T14:35:00.599Z ::1 GET /?search=&b=&c= (200)
2023-07-03T14:35:00.634Z ::1 GET /manager/?search=&status=&paymentStatus=&page=1&limit=100000 (304)
2023-07-03T14:35:00.642Z ::1 GET /api/v1/products?search=&b=&c=
2023-07-03T14:35:00.646Z ::1 GET /api/v1/orders/manager/?search=&status=&paymentStatus=&page=1&limit=100000
2023-07-03T14:35:00.717Z ::1 GET /manager/?search=&status=&paymentStatus=&page=1&limit=100000 (304)
2023-07-03T14:35:01.193Z ::1 GET /?search=&b=&c= (304)
2023-07-03T14:35:02.079Z ::1 GET /api/v1/orders/manager/?search=&status=&paymentStatus=&page=1&limit=100000
2023-07-03T14:35:02.115Z ::1 GET /manager/?search=&status=&paymentStatus=&page=1&limit=100000 (304)
2023-07-03T14:38:20.161Z ::1 GET /api/v1/account
2023-07-03T14:38:20.185Z ::1 GET / (304)
2023-07-03T14:38:21.224Z ::1 POST /api/v1/cart
2023-07-03T14:38:21.262Z ::1 POST / (200)
2023-07-03T14:38:23.185Z ::1 GET /api/v1/orders/manager/?search=&status=&paymentStatus=&page=1&limit=100000
2023-07-03T14:38:23.244Z ::1 GET /manager/?search=&status=&paymentStatus=&page=1&limit=100000 (304)
2023-07-03T14:40:01.411Z ::1 GET /api/v1/account
2023-07-03T14:40:01.661Z ::1 GET / (304)
2023-07-03T14:40:02.627Z ::1 POST /api/v1/cart
2023-07-03T14:40:02.659Z ::1 POST / (200)
2023-07-03T14:40:03.939Z ::1 GET /api/v1/orders/manager/?search=&status=&paymentStatus=&page=1&limit=100000
2023-07-03T14:40:03.988Z ::1 GET /manager/?search=&status=&paymentStatus=&page=1&limit=100000 (304)
2023-07-03T14:40:41.263Z ::1 GET /api/v1/account
2023-07-03T14:40:41.277Z ::1 GET / (304)
2023-07-03T14:40:42.908Z ::1 POST /api/v1/cart
2023-07-03T14:40:42.925Z ::1 POST / (200)
2023-07-03T14:40:44.659Z ::1 GET /api/v1/orders/manager/?search=&status=&paymentStatus=&page=1&limit=100000
2023-07-03T14:40:44.677Z ::1 GET /manager/?search=&status=&paymentStatus=&page=1&limit=100000 (304)
2023-07-03T14:41:26.887Z ::1 GET /api/v1/account
2023-07-03T14:41:26.903Z ::1 GET / (304)
2023-07-03T14:41:29.732Z ::1 POST /api/v1/cart
2023-07-03T14:41:29.754Z ::1 POST / (200)
2023-07-03T14:41:32.662Z ::1 GET /api/v1/orders/manager/?search=&status=&paymentStatus=&page=1&limit=100000
2023-07-03T14:41:32.788Z ::1 GET /manager/?search=&status=&paymentStatus=&page=1&limit=100000 (304)
2023-07-03T14:41:53.124Z ::1 GET /api/v1/account
2023-07-03T14:41:53.148Z ::1 GET / (304)
2023-07-03T14:41:54.231Z ::1 POST /api/v1/cart
2023-07-03T14:41:54.267Z ::1 POST / (200)
2023-07-03T14:41:55.759Z ::1 GET /api/v1/orders/manager/?search=&status=&paymentStatus=&page=1&limit=100000
2023-07-03T14:41:55.809Z ::1 GET /manager/?search=&status=&paymentStatus=&page=1&limit=100000 (304)
2023-07-03T14:42:41.432Z ::1 GET /api/v1/account
2023-07-03T14:42:41.460Z ::1 GET / (304)
2023-07-03T14:42:42.409Z ::1 POST /api/v1/cart
2023-07-03T14:42:42.443Z ::1 POST / (200)
2023-07-03T14:42:43.966Z ::1 GET /api/v1/orders/manager/?search=&status=&paymentStatus=&page=1&limit=100000
2023-07-03T14:42:44.000Z ::1 GET /manager/?search=&status=&paymentStatus=&page=1&limit=100000 (304)
2023-07-03T14:44:30.220Z ::1 GET /api/v1/account
2023-07-03T14:44:30.248Z ::1 GET / (304)
2023-07-03T14:44:31.622Z ::1 POST /api/v1/cart
2023-07-03T14:44:31.751Z ::1 POST / (200)
2023-07-03T14:44:33.920Z ::1 GET /api/v1/orders/manager/?search=&status=&paymentStatus=&page=1&limit=100000
2023-07-03T14:44:34.267Z ::1 GET /manager/?search=&status=&paymentStatus=&page=1&limit=100000 (304)
2023-07-03T14:45:13.776Z ::1 GET /api/v1/account
2023-07-03T14:45:13.830Z ::1 GET / (304)
2023-07-03T14:45:15.311Z ::1 POST /api/v1/cart
2023-07-03T14:45:15.371Z ::1 POST / (200)
2023-07-03T14:45:17.931Z ::1 GET /api/v1/orders/manager/?search=&status=&paymentStatus=&page=1&limit=100000
2023-07-03T14:45:17.980Z ::1 GET /manager/?search=&status=&paymentStatus=&page=1&limit=100000 (304)
2023-07-03T14:47:41.755Z ::1 GET /api/v1/account
2023-07-03T14:47:41.806Z ::1 GET / (304)
2023-07-03T14:47:43.146Z ::1 POST /api/v1/cart
2023-07-03T14:47:43.186Z ::1 POST / (200)
2023-07-03T14:47:46.829Z ::1 GET /api/v1/orders/manager/?search=&status=&paymentStatus=&page=1&limit=100000
2023-07-03T14:47:46.866Z ::1 GET /manager/?search=&status=&paymentStatus=&page=1&limit=100000 (304)
2023-07-03T14:50:11.178Z ::1 GET /api/v1/account
2023-07-03T14:50:11.224Z ::1 GET / (304)
2023-07-03T14:50:12.941Z ::1 POST /api/v1/cart
2023-07-03T14:50:12.998Z ::1 POST / (200)
2023-07-03T14:50:15.007Z ::1 GET /api/v1/orders/manager/?search=&status=&paymentStatus=&page=1&limit=100000
2023-07-03T14:50:15.049Z ::1 GET /manager/?search=&status=&paymentStatus=&page=1&limit=100000 (304)
2023-07-03T14:52:31.360Z ::1 GET /api/v1/account
2023-07-03T14:52:31.436Z ::1 GET / (304)
2023-07-03T14:52:32.805Z ::1 POST /api/v1/cart
2023-07-03T14:52:32.869Z ::1 POST / (200)
2023-07-03T14:52:34.169Z ::1 GET /api/v1/orders/manager/?search=&status=&paymentStatus=&page=1&limit=100000
2023-07-03T14:52:34.227Z ::1 GET /manager/?search=&status=&paymentStatus=&page=1&limit=100000 (304)
2023-07-03T14:52:57.891Z ::1 GET /api/v1/account
2023-07-03T14:52:57.905Z ::1 GET / (304)
2023-07-03T14:52:58.977Z ::1 POST /api/v1/cart
2023-07-03T14:52:58.998Z ::1 POST / (200)
2023-07-03T14:53:00.661Z ::1 GET /api/v1/orders/manager/?search=&status=&paymentStatus=&page=1&limit=100000
2023-07-03T14:53:00.681Z ::1 GET /manager/?search=&status=&paymentStatus=&page=1&limit=100000 (304)
2023-07-03T14:57:52.302Z ::1 GET /api/v1/account
2023-07-03T14:57:52.816Z ::1 GET / (304)
2023-07-03T14:57:54.220Z ::1 POST /api/v1/cart
2023-07-03T14:57:54.354Z ::1 POST / (200)
2023-07-03T14:57:56.402Z ::1 GET /api/v1/orders/manager/?search=&status=&paymentStatus=&page=1&limit=100000
2023-07-03T14:57:56.544Z ::1 GET /manager/?search=&status=&paymentStatus=&page=1&limit=100000 (304)
2023-07-03T15:01:15.718Z ::1 GET /api/v1/account
2023-07-03T15:01:15.789Z ::1 GET / (304)
2023-07-03T15:01:17.181Z ::1 POST /api/v1/cart
2023-07-03T15:01:17.224Z ::1 POST / (200)
2023-07-03T15:01:19.614Z ::1 GET /api/v1/orders/manager/?search=&status=&paymentStatus=&page=1&limit=100000
2023-07-03T15:01:19.760Z ::1 GET /manager/?search=&status=&paymentStatus=&page=1&limit=100000 (304)
2023-07-03T15:02:36.583Z ::1 GET /api/v1/account
2023-07-03T15:02:36.622Z ::1 GET / (304)
2023-07-03T15:02:38.244Z ::1 POST /api/v1/cart
2023-07-03T15:02:38.441Z ::1 POST / (200)
2023-07-03T15:02:42.020Z ::1 GET /api/v1/orders/manager/?search=&status=&paymentStatus=&page=1&limit=100000
2023-07-03T15:02:45.062Z ::1 GET /manager/?search=&status=&paymentStatus=&page=1&limit=100000 (304)
2023-07-03T15:02:53.435Z ::1 GET /api/v1/account
2023-07-03T15:02:53.539Z ::1 GET / (304)
2023-07-03T15:02:55.211Z ::1 POST /api/v1/cart
2023-07-03T15:02:55.410Z ::1 POST / (200)
2023-07-03T15:02:57.406Z ::1 GET /api/v1/orders/manager/?search=&status=&paymentStatus=&page=1&limit=100000
2023-07-03T15:02:57.783Z ::1 GET /manager/?search=&status=&paymentStatus=&page=1&limit=100000 (304)
2023-07-03T15:04:09.343Z ::1 GET /api/v1/account
2023-07-03T15:04:09.365Z ::1 GET / (304)
2023-07-03T15:04:10.289Z ::1 POST /api/v1/cart
2023-07-03T15:04:10.318Z ::1 POST / (200)
2023-07-03T15:04:21.505Z ::1 GET /api/v1/orders/manager/?search=&status=&paymentStatus=&page=1&limit=100000
2023-07-03T15:04:21.552Z ::1 GET /manager/?search=&status=&paymentStatus=&page=1&limit=100000 (304)
2023-07-03T15:05:07.933Z ::1 GET /api/v1/account
2023-07-03T15:05:07.965Z ::1 GET / (304)
2023-07-03T15:05:08.972Z ::1 POST /api/v1/cart
2023-07-03T15:05:09.063Z ::1 POST / (200)
2023-07-03T15:05:10.579Z ::1 GET /api/v1/orders/manager/?search=&status=&paymentStatus=&page=1&limit=100000
2023-07-03T15:05:10.663Z ::1 GET /manager/?search=&status=&paymentStatus=&page=1&limit=100000 (304)
2023-07-03T15:05:50.028Z ::1 GET /api/v1/account
2023-07-03T15:05:50.118Z ::1 GET / (304)
2023-07-03T15:05:51.324Z ::1 POST /api/v1/cart
2023-07-03T15:05:51.363Z ::1 POST / (200)
2023-07-03T15:05:53.582Z ::1 GET /api/v1/orders/manager/?search=&status=&paymentStatus=&page=1&limit=100000
2023-07-03T15:05:53.613Z ::1 GET /manager/?search=&status=&paymentStatus=&page=1&limit=100000 (304)
2023-07-03T15:08:20.648Z ::1 GET /api/v1/account
2023-07-03T15:08:20.701Z ::1 GET / (304)
2023-07-03T15:08:22.123Z ::1 POST /api/v1/cart
2023-07-03T15:08:22.270Z ::1 POST / (200)
2023-07-03T15:08:23.787Z ::1 GET /api/v1/orders/manager/?search=&status=&paymentStatus=&page=1&limit=100000
2023-07-03T15:08:23.872Z ::1 GET /manager/?search=&status=&paymentStatus=&page=1&limit=100000 (304)
2023-07-03T15:12:33.629Z ::1 GET /api/v1/account
2023-07-03T15:12:33.775Z ::1 GET / (304)
2023-07-03T15:12:36.043Z ::1 POST /api/v1/cart
2023-07-03T15:12:36.086Z ::1 POST / (200)
2023-07-03T15:12:42.245Z ::1 GET /api/v1/orders/manager/?search=&status=&paymentStatus=&page=1&limit=100000
2023-07-03T15:12:42.314Z ::1 GET /manager/?search=&status=&paymentStatus=&page=1&limit=100000 (304)
2023-07-03T15:17:08.416Z ::1 GET /api/v1/account
2023-07-03T15:17:08.775Z ::1 GET / (304)
2023-07-03T15:17:10.305Z ::1 POST /api/v1/cart
2023-07-03T15:17:10.595Z ::1 POST / (200)
2023-07-03T15:17:12.789Z ::1 GET /api/v1/orders/manager/?search=&status=&paymentStatus=&page=1&limit=100000
2023-07-03T15:17:13.002Z ::1 GET /manager/?search=&status=&paymentStatus=&page=1&limit=100000 (304)
2023-07-03T15:18:46.812Z ::1 GET /api/v1/account
2023-07-03T15:18:46.856Z ::1 GET / (304)
2023-07-03T15:18:48.252Z ::1 POST /api/v1/cart
2023-07-03T15:18:48.275Z ::1 POST / (200)
2023-07-03T15:18:50.310Z ::1 GET /api/v1/orders/manager/?search=&status=&paymentStatus=&page=1&limit=100000
2023-07-03T15:18:50.335Z ::1 GET /manager/?search=&status=&paymentStatus=&page=1&limit=100000 (304)
2023-07-03T15:20:47.749Z ::1 GET /api/v1/account
2023-07-03T15:20:47.808Z ::1 GET / (304)
2023-07-03T15:20:49.112Z ::1 POST /api/v1/cart
2023-07-03T15:20:49.185Z ::1 POST / (200)
2023-07-03T15:20:51.454Z ::1 GET /api/v1/orders/manager/?search=&status=&paymentStatus=&page=1&limit=100000
2023-07-03T15:20:51.603Z ::1 GET /manager/?search=&status=&paymentStatus=&page=1&limit=100000 (304)
2023-07-03T15:21:33.183Z ::1 GET /api/v1/account
2023-07-03T15:21:33.206Z ::1 GET / (304)
2023-07-03T15:21:34.523Z ::1 POST /api/v1/cart
2023-07-03T15:21:34.548Z ::1 POST / (200)
2023-07-03T15:21:36.728Z ::1 GET /api/v1/orders/manager/?search=&status=&paymentStatus=&page=1&limit=100000
2023-07-03T15:21:36.750Z ::1 GET /manager/?search=&status=&paymentStatus=&page=1&limit=100000 (304)
2023-07-03T15:23:45.179Z ::1 GET /api/v1/account
2023-07-03T15:23:45.422Z ::1 GET / (304)
2023-07-03T15:23:47.226Z ::1 POST /api/v1/cart
2023-07-03T15:23:47.266Z ::1 POST / (200)
2023-07-03T15:23:49.071Z ::1 GET /api/v1/orders/manager/?search=&status=&paymentStatus=&page=1&limit=100000
2023-07-03T15:23:49.108Z ::1 GET /manager/?search=&status=&paymentStatus=&page=1&limit=100000 (304)
2023-07-03T15:30:00.243Z ::1 GET /api/v1/account
2023-07-03T15:30:00.543Z ::1 GET / (304)
2023-07-03T15:30:01.790Z ::1 POST /api/v1/cart
2023-07-03T15:30:01.846Z ::1 POST / (200)
2023-07-03T15:30:04.212Z ::1 GET /api/v1/orders/manager/?search=&status=&paymentStatus=&page=1&limit=100000
2023-07-03T15:30:04.254Z ::1 GET /manager/?search=&status=&paymentStatus=&page=1&limit=100000 (304)
2023-07-03T15:34:35.683Z ::1 GET /api/v1/account
2023-07-03T15:34:35.768Z ::1 GET / (304)
2023-07-03T15:34:38.146Z ::1 POST /api/v1/cart
2023-07-03T15:34:38.210Z ::1 POST / (200)
2023-07-03T15:34:40.658Z ::1 GET /api/v1/orders/manager/?search=&status=&paymentStatus=&page=1&limit=100000
2023-07-03T15:34:40.697Z ::1 GET /manager/?search=&status=&paymentStatus=&page=1&limit=100000 (304)
2023-07-03T15:37:35.926Z ::1 GET /api/v1/account
2023-07-03T15:37:36.054Z ::1 GET / (304)
2023-07-03T15:37:37.149Z ::1 POST /api/v1/cart
2023-07-03T15:37:37.289Z ::1 POST / (200)
2023-07-03T15:37:39.555Z ::1 GET /api/v1/orders/manager/?search=&status=&paymentStatus=&page=1&limit=100000
2023-07-03T15:37:39.656Z ::1 GET /manager/?search=&status=&paymentStatus=&page=1&limit=100000 (304)
2023-07-03T15:38:09.368Z ::1 GET /api/v1/account
2023-07-03T15:38:09.422Z ::1 GET / (304)
2023-07-03T15:38:10.752Z ::1 POST /api/v1/cart
2023-07-03T15:38:10.781Z ::1 POST / (200)
2023-07-03T15:38:12.683Z ::1 GET /api/v1/orders/manager/?search=&status=&paymentStatus=&page=1&limit=100000
2023-07-03T15:38:12.705Z ::1 GET /manager/?search=&status=&paymentStatus=&page=1&limit=100000 (304)
2023-07-03T15:38:56.120Z ::1 GET /api/v1/account
2023-07-03T15:38:56.139Z ::1 GET / (304)
2023-07-03T15:38:57.886Z ::1 POST /api/v1/cart
2023-07-03T15:38:57.911Z ::1 POST / (200)
2023-07-03T15:39:07.457Z ::1 GET /api/v1/orders/manager/?search=&status=&paymentStatus=&page=1&limit=100000
2023-07-03T15:39:07.511Z ::1 GET /manager/?search=&status=&paymentStatus=&page=1&limit=100000 (304)
2023-07-03T15:40:17.458Z ::1 GET /api/v1/account
2023-07-03T15:40:17.476Z ::1 GET / (304)
2023-07-03T15:40:18.796Z ::1 POST /api/v1/cart
2023-07-03T15:40:18.818Z ::1 POST / (200)
2023-07-03T15:40:20.391Z ::1 GET /api/v1/orders/manager/?search=&status=&paymentStatus=&page=1&limit=100000
2023-07-03T15:40:20.410Z ::1 GET /manager/?search=&status=&paymentStatus=&page=1&limit=100000 (304)
2023-07-03T15:41:58.387Z ::1 GET /api/v1/account
2023-07-03T15:41:58.442Z ::1 GET / (304)
2023-07-03T15:42:03.584Z ::1 POST /api/v1/cart
2023-07-03T15:42:03.624Z ::1 POST / (200)
2023-07-03T15:42:08.104Z ::1 GET /api/v1/orders/manager/?search=&status=&paymentStatus=&page=1&limit=100000
2023-07-03T15:42:08.140Z ::1 GET /manager/?search=&status=&paymentStatus=&page=1&limit=100000 (304)
2023-07-03T15:42:42.010Z ::1 GET /api/v1/account
2023-07-03T15:42:42.035Z ::1 GET / (304)
2023-07-03T15:42:43.826Z ::1 POST /api/v1/cart
2023-07-03T15:42:43.843Z ::1 POST / (200)
2023-07-03T15:42:45.901Z ::1 GET /api/v1/orders/manager/?search=&status=&paymentStatus=&page=1&limit=100000
2023-07-03T15:42:45.923Z ::1 GET /manager/?search=&status=&paymentStatus=&page=1&limit=100000 (304)
2023-07-03T15:51:52.960Z ::1 GET /api/v1/account
2023-07-03T15:51:53.089Z ::1 GET / (304)
2023-07-03T15:51:54.060Z ::1 POST /api/v1/cart
2023-07-03T15:51:54.138Z ::1 POST / (200)
2023-07-03T15:51:55.743Z ::1 GET /api/v1/orders/manager/?search=&status=&paymentStatus=&page=1&limit=100000
2023-07-03T15:51:55.791Z ::1 GET /manager/?search=&status=&paymentStatus=&page=1&limit=100000 (304)
2023-07-03T15:52:46.542Z ::1 GET /api/v1/account
2023-07-03T15:52:46.639Z ::1 GET / (304)
2023-07-03T15:52:47.573Z ::1 POST /api/v1/cart
2023-07-03T15:52:47.609Z ::1 POST / (200)
2023-07-03T15:52:49.259Z ::1 GET /api/v1/orders/manager/?search=&status=&paymentStatus=&page=1&limit=100000
2023-07-03T15:52:49.376Z ::1 GET /manager/?search=&status=&paymentStatus=&page=1&limit=100000 (304)
2023-07-03T15:53:21.071Z ::1 GET /api/v1/account
2023-07-03T15:53:21.102Z ::1 GET / (304)
2023-07-03T15:53:22.333Z ::1 POST /api/v1/cart
2023-07-03T15:53:22.356Z ::1 POST / (200)
2023-07-03T15:53:23.886Z ::1 GET /api/v1/orders/manager/?search=&status=&paymentStatus=&page=1&limit=100000
2023-07-03T15:53:23.930Z ::1 GET /manager/?search=&status=&paymentStatus=&page=1&limit=100000 (304)
2023-07-03T15:53:37.864Z ::1 GET /api/v1/account
2023-07-03T15:53:37.887Z ::1 GET / (304)
2023-07-03T15:53:39.509Z ::1 POST /api/v1/cart
2023-07-03T15:53:39.575Z ::1 POST / (200)
2023-07-03T15:53:41.322Z ::1 GET /api/v1/orders/manager/?search=&status=&paymentStatus=&page=1&limit=100000
2023-07-03T15:53:41.384Z ::1 GET /manager/?search=&status=&paymentStatus=&page=1&limit=100000 (304)
2023-07-03T15:55:22.243Z ::1 GET /api/v1/account
2023-07-03T15:55:22.269Z ::1 GET / (304)
2023-07-03T15:55:23.349Z ::1 POST /api/v1/cart
2023-07-03T15:55:23.399Z ::1 POST / (200)
2023-07-03T15:55:25.074Z ::1 GET /api/v1/orders/manager/?search=&status=&paymentStatus=&page=1&limit=100000
2023-07-03T15:55:25.112Z ::1 GET /manager/?search=&status=&paymentStatus=&page=1&limit=100000 (304)
2023-07-03T15:56:35.887Z ::1 GET /api/v1/account
2023-07-03T15:56:35.908Z ::1 GET / (304)
2023-07-03T15:56:36.876Z ::1 POST /api/v1/cart
2023-07-03T15:56:36.921Z ::1 POST / (200)
2023-07-03T15:56:38.838Z ::1 GET /api/v1/orders/manager/?search=&status=&paymentStatus=&page=1&limit=100000
2023-07-03T15:56:38.882Z ::1 GET /manager/?search=&status=&paymentStatus=&page=1&limit=100000 (304)
2023-07-03T15:59:09.768Z ::1 GET /api/v1/account
2023-07-03T15:59:09.785Z ::1 GET / (304)
2023-07-03T15:59:11.616Z ::1 POST /api/v1/cart
2023-07-03T15:59:11.634Z ::1 POST / (200)
2023-07-03T15:59:13.082Z ::1 GET /api/v1/orders/manager/?search=&status=&paymentStatus=&page=1&limit=100000
2023-07-03T15:59:13.103Z ::1 GET /manager/?search=&status=&paymentStatus=&page=1&limit=100000 (304)
2023-07-03T16:02:18.379Z ::1 GET /api/v1/account
2023-07-03T16:02:18.428Z ::1 GET / (304)
2023-07-03T16:02:20.170Z ::1 POST /api/v1/cart
2023-07-03T16:02:20.388Z ::1 POST / (200)
2023-07-03T16:02:24.029Z ::1 GET /api/v1/orders/manager/?search=&status=&paymentStatus=&page=1&limit=100000
2023-07-03T16:02:26.091Z ::1 GET /manager/?search=&status=&paymentStatus=&page=1&limit=100000 (304)
2023-07-03T16:03:19.266Z ::1 GET /api/v1/account
2023-07-03T16:03:19.280Z ::1 GET / (304)
2023-07-03T16:03:20.868Z ::1 POST /api/v1/cart
2023-07-03T16:03:20.883Z ::1 POST / (200)
2023-07-03T16:03:24.052Z ::1 GET /api/v1/orders/manager/?search=&status=&paymentStatus=&page=1&limit=100000
2023-07-03T16:03:24.070Z ::1 GET /manager/?search=&status=&paymentStatus=&page=1&limit=100000 (304)
2023-07-03T16:05:07.878Z ::1 GET /api/v1/account
2023-07-03T16:05:08.231Z ::1 GET / (304)
2023-07-03T16:05:09.589Z ::1 POST /api/v1/cart
2023-07-03T16:05:09.642Z ::1 POST / (200)
2023-07-03T16:05:13.312Z ::1 GET /api/v1/orders/manager/?search=&status=&paymentStatus=&page=1&limit=100000
2023-07-03T16:05:13.358Z ::1 GET /manager/?search=&status=&paymentStatus=&page=1&limit=100000 (304)
2023-07-03T16:08:01.415Z ::1 GET /api/v1/account
2023-07-03T16:08:01.546Z ::1 GET / (304)
2023-07-03T16:08:04.665Z ::1 POST /api/v1/cart
2023-07-03T16:08:05.136Z ::1 POST / (200)
2023-07-03T16:08:08.915Z ::1 GET /api/v1/orders/manager/?search=&status=&paymentStatus=&page=1&limit=100000
2023-07-03T16:08:09.653Z ::1 GET /manager/?search=&status=&paymentStatus=&page=1&limit=100000 (304)
2023-07-03T16:08:56.804Z ::1 GET /api/v1/account
2023-07-03T16:08:56.934Z ::1 GET / (304)
2023-07-03T16:08:58.481Z ::1 POST /api/v1/cart
2023-07-03T16:08:58.573Z ::1 POST / (200)
2023-07-03T16:09:00.273Z ::1 GET /api/v1/orders/manager/?search=&status=&paymentStatus=&page=1&limit=100000
2023-07-03T16:09:00.515Z ::1 GET /manager/?search=&status=&paymentStatus=&page=1&limit=100000 (304)
2023-07-03T16:12:03.552Z ::1 GET /api/v1/account
2023-07-03T16:12:03.570Z ::1 GET / (304)
2023-07-03T16:12:04.790Z ::1 POST /api/v1/cart
2023-07-03T16:12:04.806Z ::1 POST / (200)
2023-07-03T16:12:06.536Z ::1 GET /api/v1/orders/manager/?search=&status=&paymentStatus=&page=1&limit=100000
2023-07-03T16:12:06.565Z ::1 GET /manager/?search=&status=&paymentStatus=&page=1&limit=100000 (304)
2023-07-03T16:13:45.179Z ::1 GET /api/v1/account
2023-07-03T16:13:45.218Z ::1 GET / (304)
2023-07-03T16:13:46.594Z ::1 POST /api/v1/cart
2023-07-03T16:13:46.624Z ::1 POST / (200)
2023-07-03T16:13:48.038Z ::1 GET /api/v1/orders/manager/?search=&status=&paymentStatus=&page=1&limit=100000
2023-07-03T16:13:48.092Z ::1 GET /manager/?search=&status=&paymentStatus=&page=1&limit=100000 (304)
2023-07-03T16:15:44.125Z ::1 GET /api/v1/account
2023-07-03T16:15:44.161Z ::1 GET / (304)
2023-07-03T16:15:46.708Z ::1 POST /api/v1/cart
2023-07-03T16:15:46.743Z ::1 POST / (200)
2023-07-03T16:16:03.768Z ::1 GET /api/v1/orders/manager/?search=&status=&paymentStatus=&page=1&limit=100000
2023-07-03T16:16:07.638Z ::1 GET /api/v1/account
2023-07-03T16:16:07.655Z ::1 GET / (304)
2023-07-03T16:16:09.470Z ::1 POST /api/v1/cart
2023-07-03T16:16:09.489Z ::1 POST / (200)
2023-07-03T16:16:11.599Z ::1 GET /api/v1/orders/manager/?search=&status=&paymentStatus=&page=1&limit=100000
2023-07-03T16:16:11.623Z ::1 GET /manager/?search=&status=&paymentStatus=&page=1&limit=100000 (200)
2023-07-03T16:18:54.043Z ::1 GET /api/v1/account
2023-07-03T16:18:54.102Z ::1 GET / (304)
2023-07-03T16:18:55.050Z ::1 POST /api/v1/cart
2023-07-03T16:18:55.095Z ::1 POST / (200)
2023-07-03T16:18:56.372Z ::1 GET /api/v1/orders/manager/?search=&status=&paymentStatus=&page=1&limit=100000
2023-07-03T16:18:56.416Z ::1 GET /manager/?search=&status=&paymentStatus=&page=1&limit=100000 (304)