
2023-06-10T02:16:04.028Z ::1 GET /api/v1/account
2023-06-10T02:16:04.117Z ::1 GET / (304)
2023-06-10T02:16:04.555Z ::1 GET /api/v1/products/search/suggest?keyword=
2023-06-10T02:16:04.563Z ::1 GET /api/v1/products/search/suggest?keyword= (404)
2023-06-10T02:16:04.574Z ::1 GET /api/v1/categories?fields=name%20slug%20image
2023-06-10T02:16:04.587Z ::1 POST /api/v1/cart
2023-06-10T02:16:04.644Z ::1 GET /api/v1/products/search/suggest?keyword=
2023-06-10T02:16:04.658Z ::1 GET /api/v1/products/search/suggest?keyword= (404)
2023-06-10T02:16:04.666Z ::1 GET /api/v1/brands?fields=name%20slug%20image
2023-06-10T02:16:04.749Z ::1 GET /?fields=name%20slug%20image (304)
2023-06-10T02:16:04.758Z ::1 GET /api/v1/discounts?fields=name,desc,code,beginDate,endDate,quantity,unlimitedQty,discount,discountType,minimumTotal,maximumApplied,image
2023-06-10T02:16:04.808Z ::1 GET /?fields=name%20slug%20image (304)
2023-06-10T02:16:04.814Z ::1 GET /?fields=name,desc,code,beginDate,endDate,quantity,unlimitedQty,discount,discountType,minimumTotal,maximumApplied,image (304)
2023-06-10T02:16:04.826Z ::1 POST / (200)
2023-06-10T02:16:04.941Z ::1 GET /api/v1/products?search=&page=1&limit=20&b=&c=
2023-06-10T02:16:05.113Z ::1 GET /?search=&page=1&limit=20&b=&c= (304)
2023-06-10T02:16:07.135Z ::1 GET /api/v1/account
2023-06-10T02:16:07.163Z ::1 GET / (304)
2023-06-10T02:16:07.383Z ::1 GET /api/v1/products/search/suggest?keyword=
2023-06-10T02:16:07.390Z ::1 GET /api/v1/products/search/suggest?keyword= (404)
2023-06-10T02:16:07.392Z ::1 GET /api/v1/categories?fields=name%20slug%20image
2023-06-10T02:16:07.399Z ::1 GET /api/v1/brands?fields=name%20slug%20image
2023-06-10T02:16:07.405Z ::1 GET /api/v1/discounts?fields=name,desc,code,beginDate,endDate,quantity,unlimitedQty,discount,discountType,minimumTotal,maximumApplied,image
2023-06-10T02:16:07.409Z ::1 POST /api/v1/cart
2023-06-10T02:16:07.438Z ::1 GET /?fields=name%20slug%20image (304)
2023-06-10T02:16:07.449Z ::1 GET /api/v1/products/search/suggest?keyword=
2023-06-10T02:16:07.464Z ::1 GET /api/v1/products/search/suggest?keyword= (404)
2023-06-10T02:16:07.488Z ::1 GET /?fields=name%20slug%20image (304)
2023-06-10T02:16:07.492Z ::1 GET /?fields=name,desc,code,beginDate,endDate,quantity,unlimitedQty,discount,discountType,minimumTotal,maximumApplied,image (304)
2023-06-10T02:16:07.505Z ::1 POST / (200)
2023-06-10T02:16:08.061Z ::1 POST /api/v1/cart
2023-06-10T02:16:08.082Z ::1 POST / (200)
2023-06-10T02:16:10.063Z ::1 GET /api/v1/account/addresses
2023-06-10T02:16:10.077Z ::1 GET /addresses (304)
2023-06-10T02:16:16.471Z ::1 POST /api/v1/orders
2023-06-10T02:16:16.475Z ::1 POST / (200)
2023-06-10T02:19:07.347Z ::1 GET /api/v1/account
2023-06-10T02:19:07.395Z ::1 GET / (304)
2023-06-10T02:19:07.984Z ::1 POST /api/v1/cart
2023-06-10T02:19:08.038Z ::1 GET /api/v1/products/search/suggest?keyword=
2023-06-10T02:19:08.055Z ::1 GET /api/v1/products/search/suggest?keyword= (404)
2023-06-10T02:19:08.138Z ::1 GET /api/v1/brands?fields=name%20slug%20image
2023-06-10T02:19:08.328Z ::1 GET /api/v1/categories?fields=name%20slug%20image
2023-06-10T02:19:08.386Z ::1 GET /api/v1/discounts?fields=name,desc,code,beginDate,endDate,quantity,unlimitedQty,discount,discountType,minimumTotal,maximumApplied,image
2023-06-10T02:19:08.548Z ::1 GET /?fields=name%20slug%20image (304)
2023-06-10T02:19:08.587Z ::1 GET /?fields=name%20slug%20image (304)
2023-06-10T02:19:08.598Z ::1 GET /api/v1/products/search/suggest?keyword=
2023-06-10T02:19:08.612Z ::1 GET /api/v1/products/search/suggest?keyword= (404)
2023-06-10T02:19:08.622Z ::1 GET /?fields=name,desc,code,beginDate,endDate,quantity,unlimitedQty,discount,discountType,minimumTotal,maximumApplied,image (304)
2023-06-10T02:19:08.652Z ::1 POST / (200)
2023-06-10T02:19:09.724Z ::1 POST /api/v1/cart
2023-06-10T02:19:09.748Z ::1 POST / (200)
2023-06-10T02:20:44.772Z ::1 GET /api/v1/account
2023-06-10T02:20:44.799Z ::1 GET / (304)
2023-06-10T02:20:45.331Z ::1 GET /api/v1/products/search/suggest?keyword=
2023-06-10T02:20:45.336Z ::1 GET /api/v1/products/search/suggest?keyword= (404)
2023-06-10T02:20:45.340Z ::1 GET /api/v1/categories?fields=name%20slug%20image
2023-06-10T02:20:45.349Z ::1 GET /api/v1/products/search/suggest?keyword=
2023-06-10T02:20:45.353Z ::1 GET /api/v1/products/search/suggest?keyword= (404)
2023-06-10T02:20:45.372Z ::1 GET /?fields=name%20slug%20image (304)
2023-06-10T02:20:45.394Z ::1 GET /api/v1/brands?fields=name%20slug%20image
2023-06-10T02:20:45.401Z ::1 POST /api/v1/cart
2023-06-10T02:20:45.412Z ::1 GET /api/v1/discounts?fields=name,desc,code,beginDate,endDate,quantity,unlimitedQty,discount,discountType,minimumTotal,maximumApplied,image
2023-06-10T02:20:45.431Z ::1 GET /?fields=name,desc,code,beginDate,endDate,quantity,unlimitedQty,discount,discountType,minimumTotal,maximumApplied,image (304)
2023-06-10T02:20:45.450Z ::1 GET /?fields=name%20slug%20image (304)
2023-06-10T02:20:45.454Z ::1 POST / (200)
2023-06-10T02:20:46.563Z ::1 POST /api/v1/cart
2023-06-10T02:20:46.581Z ::1 POST / (200)
2023-06-10T02:21:18.238Z ::1 GET /api/v1/account
2023-06-10T02:21:18.256Z ::1 GET / (304)
2023-06-10T02:21:18.746Z ::1 GET /api/v1/products/search/suggest?keyword=
2023-06-10T02:21:18.751Z ::1 GET /api/v1/products/search/suggest?keyword= (404)
2023-06-10T02:21:18.757Z ::1 GET /api/v1/categories?fields=name%20slug%20image
2023-06-10T02:21:18.762Z ::1 GET /api/v1/products/search/suggest?keyword=
2023-06-10T02:21:18.766Z ::1 GET /api/v1/products/search/suggest?keyword= (404)
2023-06-10T02:21:18.771Z ::1 GET /api/v1/brands?fields=name%20slug%20image
2023-06-10T02:21:18.799Z ::1 GET /?fields=name%20slug%20image (304)
2023-06-10T02:21:18.821Z ::1 GET /?fields=name%20slug%20image (304)
2023-06-10T02:21:18.831Z ::1 GET /api/v1/discounts?fields=name,desc,code,beginDate,endDate,quantity,unlimitedQty,discount,discountType,minimumTotal,maximumApplied,image
2023-06-10T02:21:18.837Z ::1 POST /api/v1/cart
2023-06-10T02:21:18.848Z ::1 GET /?fields=name,desc,code,beginDate,endDate,quantity,unlimitedQty,discount,discountType,minimumTotal,maximumApplied,image (304)
2023-06-10T02:21:18.863Z ::1 POST / (200)
2023-06-10T02:21:19.804Z ::1 POST /api/v1/cart
2023-06-10T02:21:19.819Z ::1 POST / (200)
2023-06-10T02:21:28.513Z ::1 GET /api/v1/account/addresses
2023-06-10T02:21:28.542Z ::1 GET /addresses (304)
2023-06-10T02:21:30.946Z ::1 POST /api/v1/cart
2023-06-10T02:21:31.044Z ::1 POST / (200)
2023-06-10T02:21:32.211Z ::1 GET /api/v1/account/addresses
2023-06-10T02:21:32.228Z ::1 GET /addresses (304)
2023-06-10T02:21:39.093Z ::1 POST /api/v1/orders
2023-06-10T02:21:39.098Z ::1 POST / (200)
2023-06-10T02:27:10.755Z ::1 GET /api/v1/account
2023-06-10T02:27:10.793Z ::1 GET / (304)
2023-06-10T02:27:11.219Z ::1 GET /api/v1/products/search/suggest?keyword=
2023-06-10T02:27:11.226Z ::1 GET /api/v1/products/search/suggest?keyword= (404)
2023-06-10T02:27:11.231Z ::1 GET /api/v1/categories?fields=name%20slug%20image
2023-06-10T02:27:11.239Z ::1 GET /api/v1/products/search/suggest?keyword=
2023-06-10T02:27:11.247Z ::1 GET /api/v1/products/search/suggest?keyword= (404)
2023-06-10T02:27:11.285Z ::1 GET /?fields=name%20slug%20image (304)
2023-06-10T02:27:11.289Z ::1 POST /api/v1/cart
2023-06-10T02:27:11.327Z ::1 GET /api/v1/brands?fields=name%20slug%20image
2023-06-10T02:27:11.332Z ::1 GET /api/v1/discounts?fields=name,desc,code,beginDate,endDate,quantity,unlimitedQty,discount,discountType,minimumTotal,maximumApplied,image
2023-06-10T02:27:11.361Z ::1 GET /?fields=name%20slug%20image (304)
2023-06-10T02:27:11.369Z ::1 GET /?fields=name,desc,code,beginDate,endDate,quantity,unlimitedQty,discount,discountType,minimumTotal,maximumApplied,image (304)
2023-06-10T02:27:11.377Z ::1 POST / (200)
2023-06-10T02:28:42.209Z ::1 GET /api/v1/account
2023-06-10T02:28:42.302Z ::1 GET / (304)
2023-06-10T02:28:42.930Z ::1 POST /api/v1/cart
2023-06-10T02:28:42.946Z ::1 GET /api/v1/products/search/suggest?keyword=
2023-06-10T02:28:42.951Z ::1 GET /api/v1/products/search/suggest?keyword= (404)
2023-06-10T02:28:42.954Z ::1 GET /api/v1/categories?fields=name%20slug%20image
2023-06-10T02:28:42.959Z ::1 GET /api/v1/brands?fields=name%20slug%20image
2023-06-10T02:28:42.964Z ::1 GET /api/v1/discounts?fields=name,desc,code,beginDate,endDate,quantity,unlimitedQty,discount,discountType,minimumTotal,maximumApplied,image
2023-06-10T02:28:42.971Z ::1 GET /api/v1/products/search/suggest?keyword=
2023-06-10T02:28:43.006Z ::1 GET /api/v1/products/search/suggest?keyword= (404)
2023-06-10T02:28:43.160Z ::1 GET /?fields=name%20slug%20image (304)
2023-06-10T02:28:43.202Z ::1 GET /?fields=name,desc,code,beginDate,endDate,quantity,unlimitedQty,discount,discountType,minimumTotal,maximumApplied,image (304)
2023-06-10T02:28:43.310Z ::1 GET /?fields=name%20slug%20image (304)
2023-06-10T02:28:43.334Z ::1 POST / (200)
2023-06-10T02:28:43.778Z ::1 GET /api/v1/products?search=&page=1&limit=20&b=&c=
2023-06-10T02:28:44.207Z ::1 GET /?search=&page=1&limit=20&b=&c= (200)
2023-06-10T02:28:45.902Z ::1 GET /api/v1/account
2023-06-10T02:28:45.918Z ::1 GET / (304)
2023-06-10T02:28:46.203Z ::1 GET /api/v1/products/search/suggest?keyword=
2023-06-10T02:28:46.208Z ::1 GET /api/v1/products/search/suggest?keyword= (404)
2023-06-10T02:28:46.215Z ::1 GET /api/v1/categories?fields=name%20slug%20image
2023-06-10T02:28:46.221Z ::1 GET /api/v1/brands?fields=name%20slug%20image
2023-06-10T02:28:46.225Z ::1 GET /api/v1/discounts?fields=name,desc,code,beginDate,endDate,quantity,unlimitedQty,discount,discountType,minimumTotal,maximumApplied,image
2023-06-10T02:28:46.235Z ::1 GET /api/v1/products/search/suggest?keyword=
2023-06-10T02:28:46.240Z ::1 GET /api/v1/products/search/suggest?keyword= (404)
2023-06-10T02:28:46.286Z ::1 GET /?fields=name%20slug%20image (304)
2023-06-10T02:28:46.309Z ::1 GET /?fields=name%20slug%20image (304)
2023-06-10T02:28:46.319Z ::1 GET /?fields=name,desc,code,beginDate,endDate,quantity,unlimitedQty,discount,discountType,minimumTotal,maximumApplied,image (304)
2023-06-10T02:28:46.326Z ::1 POST /api/v1/cart
2023-06-10T02:28:46.356Z ::1 POST / (200)
2023-06-10T02:28:47.255Z ::1 POST /api/v1/cart
2023-06-10T02:28:47.276Z ::1 POST / (200)
2023-06-10T02:28:51.872Z ::1 GET /api/v1/account/addresses
2023-06-10T02:28:51.888Z ::1 GET /addresses (304)
2023-06-10T02:28:57.724Z ::1 POST /api/v1/orders
2023-06-10T02:28:57.730Z ::1 POST / (200)
2023-06-10T02:28:57.929Z ::1 DELETE /api/v1/cart/6482c4843ff75c40e0fb9265/0000000000297
2023-06-10T02:28:58.004Z ::1 DELETE /6482c4843ff75c40e0fb9265/0000000000297 (200)
2023-06-10T02:29:11.147Z ::1 POST /api/v1/orders
2023-06-10T02:29:11.151Z ::1 POST / (200)
2023-06-10T02:29:48.741Z ::1 GET /api/v1/account
2023-06-10T02:29:48.794Z ::1 GET / (304)
2023-06-10T02:29:49.098Z ::1 GET /api/v1/products/search/suggest?keyword=
2023-06-10T02:29:49.106Z ::1 GET /api/v1/products/search/suggest?keyword= (404)
2023-06-10T02:29:49.108Z ::1 POST /api/v1/cart
2023-06-10T02:29:49.155Z ::1 GET /api/v1/categories?fields=name%20slug%20image
2023-06-10T02:29:49.163Z ::1 GET /api/v1/brands?fields=name%20slug%20image
2023-06-10T02:29:49.167Z ::1 GET /api/v1/discounts?fields=name,desc,code,beginDate,endDate,quantity,unlimitedQty,discount,discountType,minimumTotal,maximumApplied,image
2023-06-10T02:29:49.179Z ::1 GET /api/v1/products/search/suggest?keyword=
2023-06-10T02:29:49.185Z ::1 GET /api/v1/products/search/suggest?keyword= (404)
2023-06-10T02:29:49.209Z ::1 POST / (200)
2023-06-10T02:29:49.245Z ::1 GET /?fields=name%20slug%20image (304)
2023-06-10T02:29:49.251Z ::1 GET /?fields=name,desc,code,beginDate,endDate,quantity,unlimitedQty,discount,discountType,minimumTotal,maximumApplied,image (304)
2023-06-10T02:29:49.283Z ::1 GET /?fields=name%20slug%20image (304)
2023-06-10T02:29:49.666Z ::1 GET /api/v1/products?search=&page=1&limit=20&b=&c=
2023-06-10T02:29:49.810Z ::1 GET /?search=&page=1&limit=20&b=&c= (200)
2023-06-10T02:29:51.747Z ::1 GET /api/v1/products/xiaomi-pad-5?fields=_id%20name%20slug%20desc%20video%20overSpecs%20policies%20detailSpecs%20origin%20category%20brand%20tags%20views%20rate%20variants%20quantity%20warrantyPeriod%20isHide%20createdAt%20updatedAt
2023-06-10T02:29:51.845Z ::1 GET /xiaomi-pad-5?fields=_id%20name%20slug%20desc%20video%20overSpecs%20policies%20detailSpecs%20origin%20category%20brand%20tags%20views%20rate%20variants%20quantity%20warrantyPeriod%20isHide%20createdAt%20updatedAt (200)
2023-06-10T02:29:53.827Z ::1 POST /api/v1/cart/add
2023-06-10T02:29:53.956Z ::1 POST /add (200)
2023-06-10T02:29:55.400Z ::1 GET /api/v1/account
2023-06-10T02:29:55.446Z ::1 GET / (304)
2023-06-10T02:29:55.691Z ::1 GET /api/v1/products/search/suggest?keyword=
2023-06-10T02:29:55.695Z ::1 GET /api/v1/products/search/suggest?keyword= (404)
2023-06-10T02:29:55.700Z ::1 GET /api/v1/categories?fields=name%20slug%20image
2023-06-10T02:29:55.705Z ::1 POST /api/v1/cart
2023-06-10T02:29:55.719Z ::1 GET /api/v1/brands?fields=name%20slug%20image
2023-06-10T02:29:55.725Z ::1 GET /api/v1/discounts?fields=name,desc,code,beginDate,endDate,quantity,unlimitedQty,discount,discountType,minimumTotal,maximumApplied,image
2023-06-10T02:29:55.733Z ::1 GET /api/v1/products/search/suggest?keyword=
2023-06-10T02:29:55.758Z ::1 GET /api/v1/products/search/suggest?keyword= (404)
2023-06-10T02:29:55.790Z ::1 GET /?fields=name%20slug%20image (304)
2023-06-10T02:29:55.914Z ::1 GET /?fields=name%20slug%20image (304)
2023-06-10T02:29:55.947Z ::1 GET /?fields=name,desc,code,beginDate,endDate,quantity,unlimitedQty,discount,discountType,minimumTotal,maximumApplied,image (304)
2023-06-10T02:29:55.959Z ::1 POST / (200)
2023-06-10T02:29:56.260Z ::1 POST /api/v1/cart
2023-06-10T02:29:56.283Z ::1 POST / (200)
2023-06-10T02:29:57.556Z ::1 GET /api/v1/account/addresses
2023-06-10T02:29:57.570Z ::1 GET /addresses (304)
2023-06-10T02:30:01.177Z ::1 POST /api/v1/orders
2023-06-10T02:30:01.183Z ::1 POST / (200)
2023-06-10T02:30:01.345Z ::1 DELETE /api/v1/cart/6482dd50001cc6cad866d0fa/0000000000997
2023-06-10T02:30:01.403Z ::1 DELETE /6482dd50001cc6cad866d0fa/0000000000997 (200)
2023-06-10T02:31:01.542Z ::1 POST /api/v1/orders
2023-06-10T02:31:01.591Z ::1 POST /api/v1/orders (400)
2023-06-10T02:31:06.453Z ::1 GET /api/v1/account/addresses
2023-06-10T02:31:06.470Z ::1 GET /addresses (304)
2023-06-10T02:31:08.345Z ::1 POST /api/v1/cart
2023-06-10T02:31:08.368Z ::1 POST / (200)
2023-06-10T02:31:11.228Z ::1 GET /api/v1/products?search=&page=1&limit=20&b=&c=
2023-06-10T02:31:11.362Z ::1 GET /?search=&page=1&limit=20&b=&c= (200)
2023-06-10T02:31:13.229Z ::1 GET /api/v1/products/xiaomi-pad-5?fields=_id%20name%20slug%20desc%20video%20overSpecs%20policies%20detailSpecs%20origin%20category%20brand%20tags%20views%20rate%20variants%20quantity%20warrantyPeriod%20isHide%20createdAt%20updatedAt
2023-06-10T02:31:13.453Z ::1 GET /xiaomi-pad-5?fields=_id%20name%20slug%20desc%20video%20overSpecs%20policies%20detailSpecs%20origin%20category%20brand%20tags%20views%20rate%20variants%20quantity%20warrantyPeriod%20isHide%20createdAt%20updatedAt (200)
2023-06-10T02:31:15.316Z ::1 POST /api/v1/cart/add
2023-06-10T02:31:15.381Z ::1 POST /add (200)
2023-06-10T02:31:17.894Z ::1 POST /api/v1/cart/add
2023-06-10T02:31:17.905Z ::1 POST /api/v1/cart
2023-06-10T02:31:17.933Z ::1 POST / (200)
2023-06-10T02:31:17.982Z ::1 POST /add (200)
2023-06-10T02:31:21.652Z ::1 GET /api/v1/account
2023-06-10T02:31:21.684Z ::1 GET / (304)
2023-06-10T02:31:21.921Z ::1 POST /api/v1/cart
2023-06-10T02:31:21.934Z ::1 GET /api/v1/products/search/suggest?keyword=
2023-06-10T02:31:21.941Z ::1 GET /api/v1/products/search/suggest?keyword= (404)
2023-06-10T02:31:21.943Z ::1 GET /api/v1/categories?fields=name%20slug%20image
2023-06-10T02:31:21.950Z ::1 GET /api/v1/brands?fields=name%20slug%20image
2023-06-10T02:31:21.966Z ::1 GET /api/v1/discounts?fields=name,desc,code,beginDate,endDate,quantity,unlimitedQty,discount,discountType,minimumTotal,maximumApplied,image
2023-06-10T02:31:22.114Z ::1 GET /?fields=name%20slug%20image (304)
2023-06-10T02:31:22.165Z ::1 GET /?fields=name%20slug%20image (304)
2023-06-10T02:31:22.183Z ::1 POST / (200)
2023-06-10T02:31:22.201Z ::1 GET /api/v1/products/search/suggest?keyword=
2023-06-10T02:31:22.213Z ::1 GET /api/v1/products/search/suggest?keyword= (404)
2023-06-10T02:31:22.220Z ::1 GET /?fields=name,desc,code,beginDate,endDate,quantity,unlimitedQty,discount,discountType,minimumTotal,maximumApplied,image (304)
2023-06-10T02:31:22.525Z ::1 POST /api/v1/cart
2023-06-10T02:31:22.567Z ::1 POST / (200)
2023-06-10T02:31:24.877Z ::1 GET /api/v1/account/addresses
2023-06-10T02:31:24.895Z ::1 GET /addresses (304)
2023-06-10T02:31:27.935Z ::1 POST /api/v1/orders
2023-06-10T02:31:28.048Z ::1 POST / (200)
2023-06-10T02:31:28.166Z ::1 DELETE /api/v1/cart/6482dd50001cc6cad866d0fa/0000000000997
2023-06-10T02:31:28.242Z ::1 DELETE /6482dd50001cc6cad866d0fa/0000000000997 (200)
2023-06-10T02:31:28.526Z ::1 GET /api/v1/account
2023-06-10T02:31:28.548Z ::1 GET / (304)
2023-06-10T02:31:28.749Z ::1 GET /api/v1/products/search/suggest?keyword=
2023-06-10T02:31:28.753Z ::1 GET /api/v1/products/search/suggest?keyword= (404)
2023-06-10T02:31:28.759Z ::1 POST /api/v1/cart
2023-06-10T02:31:28.767Z ::1 GET /api/v1/categories?fields=name%20slug%20image
2023-06-10T02:31:28.772Z ::1 GET /api/v1/brands?fields=name%20slug%20image
2023-06-10T02:31:28.776Z ::1 GET /api/v1/discounts?fields=name,desc,code,beginDate,endDate,quantity,unlimitedQty,discount,discountType,minimumTotal,maximumApplied,image
2023-06-10T02:31:28.816Z ::1 GET /?fields=name%20slug%20image (304)
2023-06-10T02:31:28.847Z ::1 GET /?fields=name%20slug%20image (304)
2023-06-10T02:31:28.857Z ::1 POST / (200)
2023-06-10T02:31:28.864Z ::1 GET /api/v1/products/search/suggest?keyword=
2023-06-10T02:31:28.881Z ::1 GET /api/v1/products/search/suggest?keyword= (404)
2023-06-10T02:31:28.893Z ::1 GET /?fields=name,desc,code,beginDate,endDate,quantity,unlimitedQty,discount,discountType,minimumTotal,maximumApplied,image (304)
2023-06-10T02:31:29.620Z ::1 GET /api/v1/orders/6483e07fd76b46c6aa033d71
2023-06-10T02:31:29.664Z ::1 GET /6483e07fd76b46c6aa033d71 (200)
2023-06-10T02:31:40.429Z ::1 GET /api/v1/orders?page=1&status=&paymentStatus=&limit=1000000000
2023-06-10T02:31:40.452Z ::1 GET /?page=1&status=&paymentStatus=&limit=1000000000 (200)
2023-06-10T02:31:59.141Z ::1 GET /api/v1/orders?page=1&status=&paymentStatus=&limit=1000000000
2023-06-10T02:31:59.157Z ::1 GET /?page=1&status=&paymentStatus=&limit=1000000000 (304)
2023-06-10T02:32:28.376Z ::1 GET /api/v1/account
2023-06-10T02:32:28.409Z ::1 GET / (304)
2023-06-10T02:32:30.684Z ::1 GET /api/v1/orders?page=1&status=&paymentStatus=&limit=1000000000
2023-06-10T02:32:30.708Z ::1 GET /?page=1&status=&paymentStatus=&limit=1000000000 (304)
2023-06-10T02:37:44.010Z ::1 GET /api/v1/products?search=&page=1&limit=20&b=&c=
2023-06-10T02:37:44.363Z ::1 GET /?search=&page=1&limit=20&b=&c= (200)
2023-06-10T02:37:56.575Z ::1 GET /api/v1/products/iphone-12-pro-max-quoc-te-like-new-99?fields=_id%20name%20slug%20desc%20video%20overSpecs%20policies%20detailSpecs%20origin%20category%20brand%20tags%20views%20rate%20variants%20quantity%20warrantyPeriod%20isHide%20createdAt%20updatedAt
2023-06-10T02:37:56.671Z ::1 GET /iphone-12-pro-max-quoc-te-like-new-99?fields=_id%20name%20slug%20desc%20video%20overSpecs%20policies%20detailSpecs%20origin%20category%20brand%20tags%20views%20rate%20variants%20quantity%20warrantyPeriod%20isHide%20createdAt%20updatedAt (200)
2023-06-10T02:38:03.059Z ::1 POST /api/v1/cart/add
2023-06-10T02:38:03.201Z ::1 POST /add (200)
2023-06-10T02:38:03.510Z ::1 POST /api/v1/cart
2023-06-10T02:38:03.535Z ::1 POST / (200)
2023-06-10T02:38:07.846Z ::1 GET /api/v1/account/addresses
2023-06-10T02:38:07.893Z ::1 GET /addresses (304)
2023-06-10T02:38:13.313Z ::1 POST /api/v1/orders
2023-06-10T02:38:13.518Z ::1 POST / (200)
2023-06-10T02:38:13.662Z ::1 DELETE /api/v1/cart/6482dc93001cc6cad866d0ee/0000000000355
2023-06-10T02:38:13.765Z ::1 DELETE /6482dc93001cc6cad866d0ee/0000000000355 (200)
2023-06-10T02:39:02.520Z ::1 POST /api/v1/cart
2023-06-10T02:39:02.602Z ::1 POST / (200)
2023-06-10T02:39:02.965Z ::1 POST /api/v1/cart
2023-06-10T02:39:02.996Z ::1 POST / (200)
2023-06-10T02:39:05.057Z ::1 GET /api/v1/products?search=&page=1&limit=20&b=&c=
2023-06-10T02:39:05.215Z ::1 GET /?search=&page=1&limit=20&b=&c= (200)
2023-06-10T02:39:43.965Z ::1 GET /api/v1/products/iphone-12-pro-max-quoc-te-like-new-99?fields=_id%20name%20slug%20desc%20video%20overSpecs%20policies%20detailSpecs%20origin%20category%20brand%20tags%20views%20rate%20variants%20quantity%20warrantyPeriod%20isHide%20createdAt%20updatedAt
2023-06-10T02:39:44.159Z ::1 GET /iphone-12-pro-max-quoc-te-like-new-99?fields=_id%20name%20slug%20desc%20video%20overSpecs%20policies%20detailSpecs%20origin%20category%20brand%20tags%20views%20rate%20variants%20quantity%20warrantyPeriod%20isHide%20createdAt%20updatedAt (200)
2023-06-10T02:39:47.176Z ::1 POST /api/v1/cart/add
2023-06-10T02:39:47.187Z ::1 POST /api/v1/cart
2023-06-10T02:39:47.208Z ::1 POST / (200)
2023-06-10T02:39:47.320Z ::1 POST /add (200)
2023-06-10T02:39:49.236Z ::1 GET /api/v1/account/addresses
2023-06-10T02:39:49.256Z ::1 GET /addresses (304)
2023-06-10T02:39:54.086Z ::1 POST /api/v1/orders
2023-06-10T02:39:54.201Z ::1 POST / (200)
2023-06-10T02:39:54.315Z ::1 DELETE /api/v1/cart/6482dc93001cc6cad866d0ee/0000000000355
2023-06-10T02:39:54.365Z ::1 DELETE /6482dc93001cc6cad866d0ee/0000000000355 (200)
2023-06-10T02:48:27.264Z ::1 GET /api/v1/account
2023-06-10T02:48:27.332Z ::1 GET / (304)
2023-06-10T02:48:27.701Z ::1 GET /api/v1/products/search/suggest?keyword=
2023-06-10T02:48:27.708Z ::1 GET /api/v1/products/search/suggest?keyword= (404)
2023-06-10T02:48:27.711Z ::1 GET /api/v1/categories?fields=name%20slug%20image
2023-06-10T02:48:27.723Z ::1 POST /api/v1/cart
2023-06-10T02:48:27.769Z ::1 GET /api/v1/brands?fields=name%20slug%20image
2023-06-10T02:48:27.781Z ::1 GET /api/v1/products/search/suggest?keyword=
2023-06-10T02:48:27.800Z ::1 GET /api/v1/products/search/suggest?keyword= (404)
2023-06-10T02:48:27.808Z ::1 GET /api/v1/discounts?fields=name,desc,code,beginDate,endDate,quantity,unlimitedQty,discount,discountType,minimumTotal,maximumApplied,image
2023-06-10T02:48:27.882Z ::1 GET /?fields=name%20slug%20image (304)
2023-06-10T02:48:27.895Z ::1 POST / (200)
2023-06-10T02:48:27.946Z ::1 GET /?fields=name%20slug%20image (304)
2023-06-10T02:48:27.979Z ::1 GET /?fields=name,desc,code,beginDate,endDate,quantity,unlimitedQty,discount,discountType,minimumTotal,maximumApplied,image (304)
2023-06-10T02:48:28.318Z ::1 GET /api/v1/products?search=&page=1&limit=20&b=&c=
2023-06-10T02:48:28.441Z ::1 GET /?search=&page=1&limit=20&b=&c= (200)
2023-06-10T02:48:31.317Z ::1 GET /api/v1/products/iphone-11-quoc-te-like-new-99?fields=_id%20name%20slug%20desc%20video%20overSpecs%20policies%20detailSpecs%20origin%20category%20brand%20tags%20views%20rate%20variants%20quantity%20warrantyPeriod%20isHide%20createdAt%20updatedAt
2023-06-10T02:48:31.418Z ::1 GET /iphone-11-quoc-te-like-new-99?fields=_id%20name%20slug%20desc%20video%20overSpecs%20policies%20detailSpecs%20origin%20category%20brand%20tags%20views%20rate%20variants%20quantity%20warrantyPeriod%20isHide%20createdAt%20updatedAt (200)
2023-06-10T02:48:33.487Z ::1 POST /api/v1/cart/add
2023-06-10T02:48:33.588Z ::1 POST /add (200)
2023-06-10T02:48:35.117Z ::1 GET /api/v1/account
2023-06-10T02:48:35.144Z ::1 GET / (304)
2023-06-10T02:48:35.449Z ::1 GET /api/v1/products/search/suggest?keyword=
2023-06-10T02:48:35.456Z ::1 GET /api/v1/products/search/suggest?keyword= (404)
2023-06-10T02:48:35.490Z ::1 POST /api/v1/cart
2023-06-10T02:48:35.500Z ::1 GET /api/v1/categories?fields=name%20slug%20image
2023-06-10T02:48:35.508Z ::1 GET /api/v1/products/search/suggest?keyword=
2023-06-10T02:48:35.513Z ::1 GET /api/v1/products/search/suggest?keyword= (404)
2023-06-10T02:48:35.515Z ::1 GET /api/v1/brands?fields=name%20slug%20image
2023-06-10T02:48:35.526Z ::1 GET /api/v1/discounts?fields=name,desc,code,beginDate,endDate,quantity,unlimitedQty,discount,discountType,minimumTotal,maximumApplied,image
2023-06-10T02:48:35.547Z ::1 GET /?fields=name%20slug%20image (304)
2023-06-10T02:48:35.588Z ::1 GET /?fields=name%20slug%20image (304)
2023-06-10T02:48:35.592Z ::1 GET /?fields=name,desc,code,beginDate,endDate,quantity,unlimitedQty,discount,discountType,minimumTotal,maximumApplied,image (304)
2023-06-10T02:48:35.614Z ::1 POST / (200)
2023-06-10T02:48:36.072Z ::1 POST /api/v1/cart
2023-06-10T02:48:36.099Z ::1 POST / (200)
2023-06-10T02:48:37.438Z ::1 GET /api/v1/account/addresses
2023-06-10T02:48:37.459Z ::1 GET /addresses (304)
2023-06-10T02:49:26.945Z ::1 GET /api/v1/account
2023-06-10T02:49:27.121Z ::1 GET / (304)
2023-06-10T02:49:27.774Z ::1 GET /api/v1/products/search/suggest?keyword=
2023-06-10T02:49:27.779Z ::1 GET /api/v1/products/search/suggest?keyword= (404)
2023-06-10T02:49:27.784Z ::1 POST /api/v1/cart
2023-06-10T02:49:27.812Z ::1 GET /api/v1/products/search/suggest?keyword=
2023-06-10T02:49:27.823Z ::1 GET /api/v1/products/search/suggest?keyword= (404)
2023-06-10T02:49:27.824Z ::1 GET /api/v1/categories?fields=name%20slug%20image
2023-06-10T02:49:27.828Z ::1 GET /api/v1/discounts?fields=name,desc,code,beginDate,endDate,quantity,unlimitedQty,discount,discountType,minimumTotal,maximumApplied,image
2023-06-10T02:49:27.833Z ::1 GET /api/v1/brands?fields=name%20slug%20image
2023-06-10T02:49:27.889Z ::1 GET /?fields=name,desc,code,beginDate,endDate,quantity,unlimitedQty,discount,discountType,minimumTotal,maximumApplied,image (304)
2023-06-10T02:49:27.908Z ::1 GET /?fields=name%20slug%20image (304)
2023-06-10T02:49:28.056Z ::1 POST / (200)
2023-06-10T02:49:28.067Z ::1 GET /?fields=name%20slug%20image (304)
2023-06-10T02:49:29.678Z ::1 POST /api/v1/cart
2023-06-10T02:49:29.714Z ::1 POST / (200)
2023-06-10T02:49:39.319Z ::1 GET /api/v1/account/addresses
2023-06-10T02:49:39.358Z ::1 GET /addresses (304)
2023-06-10T02:50:47.168Z ::1 GET /api/v1/account/addresses
2023-06-10T02:50:47.184Z ::1 GET /addresses (304)
2023-06-10T02:51:05.343Z ::1 GET /api/v1/account/addresses
2023-06-10T02:51:05.369Z ::1 GET /addresses (304)
2023-06-10T02:51:13.027Z ::1 GET /api/v1/account/addresses
2023-06-10T02:51:13.074Z ::1 GET /addresses (304)
2023-06-10T02:52:18.149Z ::1 GET /api/v1/account
2023-06-10T02:52:18.182Z ::1 GET / (304)
2023-06-10T02:52:18.586Z ::1 GET /api/v1/products/search/suggest?keyword=
2023-06-10T02:52:18.593Z ::1 GET /api/v1/products/search/suggest?keyword= (404)
2023-06-10T02:52:18.652Z ::1 POST /api/v1/cart
2023-06-10T02:52:18.683Z ::1 GET /api/v1/products/search/suggest?keyword=
2023-06-10T02:52:18.694Z ::1 GET /api/v1/products/search/suggest?keyword= (404)
2023-06-10T02:52:18.763Z ::1 GET /api/v1/categories?fields=name%20slug%20image
2023-06-10T02:52:18.770Z ::1 GET /api/v1/brands?fields=name%20slug%20image
2023-06-10T02:52:18.775Z ::1 GET /api/v1/discounts?fields=name,desc,code,beginDate,endDate,quantity,unlimitedQty,discount,discountType,minimumTotal,maximumApplied,image
2023-06-10T02:52:18.807Z ::1 GET /?fields=name,desc,code,beginDate,endDate,quantity,unlimitedQty,discount,discountType,minimumTotal,maximumApplied,image (304)
2023-06-10T02:52:18.811Z ::1 POST / (200)
2023-06-10T02:52:18.823Z ::1 GET /?fields=name%20slug%20image (304)
2023-06-10T02:52:18.857Z ::1 GET /?fields=name%20slug%20image (304)
2023-06-10T02:52:20.177Z ::1 POST /api/v1/cart
2023-06-10T02:52:20.195Z ::1 POST / (200)
2023-06-10T02:52:22.498Z ::1 GET /api/v1/account/addresses
2023-06-10T02:52:22.517Z ::1 GET /addresses (304)
2023-06-10T02:52:34.761Z ::1 GET /api/v1/account
2023-06-10T02:52:34.780Z ::1 GET / (304)
2023-06-10T02:52:35.422Z ::1 GET /api/v1/products/search/suggest?keyword=
2023-06-10T02:52:35.426Z ::1 GET /api/v1/products/search/suggest?keyword= (404)
2023-06-10T02:52:35.440Z ::1 GET /api/v1/products/search/suggest?keyword=
2023-06-10T02:52:35.444Z ::1 GET /api/v1/products/search/suggest?keyword= (404)
2023-06-10T02:52:35.467Z ::1 GET /api/v1/categories?fields=name%20slug%20image
2023-06-10T02:52:35.489Z ::1 GET /?fields=name%20slug%20image (304)
2023-06-10T02:52:35.505Z ::1 GET /api/v1/brands?fields=name%20slug%20image
2023-06-10T02:52:35.509Z ::1 GET /api/v1/discounts?fields=name,desc,code,beginDate,endDate,quantity,unlimitedQty,discount,discountType,minimumTotal,maximumApplied,image
2023-06-10T02:52:35.527Z ::1 GET /?fields=name%20slug%20image (304)
2023-06-10T02:52:35.530Z ::1 GET /?fields=name,desc,code,beginDate,endDate,quantity,unlimitedQty,discount,discountType,minimumTotal,maximumApplied,image (304)
2023-06-10T02:52:35.551Z ::1 POST /api/v1/cart
2023-06-10T02:52:35.570Z ::1 POST / (200)
2023-06-10T02:52:37.492Z ::1 POST /api/v1/cart
2023-06-10T02:52:37.513Z ::1 POST / (200)
2023-06-10T02:52:44.573Z ::1 GET /api/v1/account/addresses
2023-06-10T02:52:44.595Z ::1 GET /addresses (304)
2023-06-10T02:55:09.909Z ::1 GET /api/v1/account
2023-06-10T02:55:09.950Z ::1 GET / (304)
2023-06-10T02:55:10.503Z ::1 GET /api/v1/products/search/suggest?keyword=
2023-06-10T02:55:10.508Z ::1 GET /api/v1/products/search/suggest?keyword= (404)
2023-06-10T02:55:10.515Z ::1 POST /api/v1/cart
2023-06-10T02:55:10.528Z ::1 GET /api/v1/categories?fields=name%20slug%20image
2023-06-10T02:55:10.533Z ::1 GET /api/v1/brands?fields=name%20slug%20image
2023-06-10T02:55:10.537Z ::1 GET /api/v1/discounts?fields=name,desc,code,beginDate,endDate,quantity,unlimitedQty,discount,discountType,minimumTotal,maximumApplied,image
2023-06-10T02:55:10.547Z ::1 GET /api/v1/products/search/suggest?keyword=
2023-06-10T02:55:10.552Z ::1 GET /api/v1/products/search/suggest?keyword= (404)
2023-06-10T02:55:10.641Z ::1 GET /?fields=name%20slug%20image (304)
2023-06-10T02:55:10.693Z ::1 GET /?fields=name%20slug%20image (304)
2023-06-10T02:55:10.703Z ::1 GET /?fields=name,desc,code,beginDate,endDate,quantity,unlimitedQty,discount,discountType,minimumTotal,maximumApplied,image (304)
2023-06-10T02:55:10.745Z ::1 POST / (200)
2023-06-10T02:55:11.506Z ::1 POST /api/v1/cart
2023-06-10T02:55:11.552Z ::1 POST / (200)
2023-06-10T02:55:13.052Z ::1 GET /api/v1/account/addresses
2023-06-10T02:55:13.081Z ::1 GET /addresses (304)
2023-06-10T02:56:14.448Z ::1 GET /api/v1/account
2023-06-10T02:56:14.468Z ::1 GET / (304)
2023-06-10T02:56:15.102Z ::1 GET /api/v1/products/search/suggest?keyword=
2023-06-10T02:56:15.106Z ::1 GET /api/v1/products/search/suggest?keyword= (404)
2023-06-10T02:56:15.119Z ::1 GET /api/v1/categories?fields=name%20slug%20image
2023-06-10T02:56:15.123Z ::1 GET /api/v1/products/search/suggest?keyword=
2023-06-10T02:56:15.128Z ::1 GET /api/v1/products/search/suggest?keyword= (404)
2023-06-10T02:56:15.146Z ::1 GET /?fields=name%20slug%20image (304)
2023-06-10T02:56:15.149Z ::1 GET /api/v1/brands?fields=name%20slug%20image
2023-06-10T02:56:15.176Z ::1 GET /?fields=name%20slug%20image (304)
2023-06-10T02:56:15.192Z ::1 GET /api/v1/discounts?fields=name,desc,code,beginDate,endDate,quantity,unlimitedQty,discount,discountType,minimumTotal,maximumApplied,image
2023-06-10T02:56:15.196Z ::1 POST /api/v1/cart
2023-06-10T02:56:15.207Z ::1 GET /?fields=name,desc,code,beginDate,endDate,quantity,unlimitedQty,discount,discountType,minimumTotal,maximumApplied,image (304)
2023-06-10T02:56:15.226Z ::1 POST / (200)
2023-06-10T02:56:16.472Z ::1 POST /api/v1/cart
2023-06-10T02:56:16.495Z ::1 POST / (200)
2023-06-10T02:56:55.405Z ::1 GET /api/v1/account/addresses
2023-06-10T02:56:55.435Z ::1 GET /addresses (304)
2023-06-10T02:59:44.602Z ::1 GET /api/v1/account/addresses
2023-06-10T02:59:44.618Z ::1 GET /addresses (304)
2023-06-10T02:59:47.225Z ::1 POST /api/v1/cart
2023-06-10T02:59:47.283Z ::1 POST / (200)
2023-06-10T02:59:48.239Z ::1 GET /api/v1/account/addresses
2023-06-10T02:59:48.256Z ::1 GET /addresses (304)
2023-06-10T02:59:53.874Z ::1 GET /api/v1/account/addresses
2023-06-10T02:59:53.895Z ::1 GET /addresses (304)
2023-06-10T02:59:57.092Z ::1 POST /api/v1/cart
2023-06-10T02:59:57.134Z ::1 POST / (200)
2023-06-10T02:59:59.150Z ::1 GET /api/v1/account
2023-06-10T02:59:59.205Z ::1 GET / (304)
2023-06-10T02:59:59.684Z ::1 GET /api/v1/products/search/suggest?keyword=
2023-06-10T02:59:59.691Z ::1 GET /api/v1/products/search/suggest?keyword= (404)
2023-06-10T02:59:59.693Z ::1 POST /api/v1/cart
2023-06-10T02:59:59.701Z ::1 GET /api/v1/categories?fields=name%20slug%20image
2023-06-10T02:59:59.706Z ::1 GET /api/v1/brands?fields=name%20slug%20image
2023-06-10T02:59:59.710Z ::1 GET /api/v1/discounts?fields=name,desc,code,beginDate,endDate,quantity,unlimitedQty,discount,discountType,minimumTotal,maximumApplied,image
2023-06-10T02:59:59.720Z ::1 GET /api/v1/products/search/suggest?keyword=
2023-06-10T02:59:59.724Z ::1 GET /api/v1/products/search/suggest?keyword= (404)
2023-06-10T02:59:59.754Z ::1 GET /?fields=name%20slug%20image (304)
2023-06-10T02:59:59.757Z ::1 GET /?fields=name,desc,code,beginDate,endDate,quantity,unlimitedQty,discount,discountType,minimumTotal,maximumApplied,image (304)
2023-06-10T02:59:59.770Z ::1 GET /?fields=name%20slug%20image (304)
2023-06-10T02:59:59.817Z ::1 POST / (200)
2023-06-10T03:00:00.876Z ::1 POST /api/v1/cart
2023-06-10T03:00:00.919Z ::1 POST / (200)
2023-06-10T03:00:04.947Z ::1 GET /api/v1/account/addresses
2023-06-10T03:00:04.973Z ::1 GET /addresses (304)
2023-06-10T03:04:44.155Z ::1 GET /api/v1/account
2023-06-10T03:04:44.209Z ::1 GET / (304)
2023-06-10T03:04:44.735Z ::1 GET /api/v1/products/search/suggest?keyword=
2023-06-10T03:04:44.742Z ::1 GET /api/v1/products/search/suggest?keyword= (404)
2023-06-10T03:04:44.746Z ::1 GET /api/v1/products/search/suggest?keyword=
2023-06-10T03:04:44.751Z ::1 GET /api/v1/products/search/suggest?keyword= (404)
2023-06-10T03:04:44.752Z ::1 GET /api/v1/categories?fields=name%20slug%20image
2023-06-10T03:04:44.760Z ::1 GET /api/v1/brands?fields=name%20slug%20image
2023-06-10T03:04:44.807Z ::1 GET /?fields=name%20slug%20image (304)
2023-06-10T03:04:44.827Z ::1 GET /?fields=name%20slug%20image (304)
2023-06-10T03:04:44.830Z ::1 GET /api/v1/discounts?fields=name,desc,code,beginDate,endDate,quantity,unlimitedQty,discount,discountType,minimumTotal,maximumApplied,image
2023-06-10T03:04:44.848Z ::1 GET /?fields=name,desc,code,beginDate,endDate,quantity,unlimitedQty,discount,discountType,minimumTotal,maximumApplied,image (304)
2023-06-10T03:04:44.865Z ::1 POST /api/v1/cart
2023-06-10T03:04:44.887Z ::1 POST / (200)
2023-06-10T03:04:45.875Z ::1 POST /api/v1/cart
2023-06-10T03:04:45.894Z ::1 POST / (200)
2023-06-10T03:05:07.620Z ::1 GET /api/v1/account/addresses
2023-06-10T03:05:07.676Z ::1 GET /addresses (304)
2023-06-10T03:05:18.713Z ::1 GET /api/v1/products/search/suggest?keyword=
2023-06-10T03:05:18.719Z ::1 GET /api/v1/products/search/suggest?keyword= (404)
2023-06-10T03:05:18.736Z ::1 GET /api/v1/categories?fields=name%20slug%20image
2023-06-10T03:05:18.762Z ::1 GET /api/v1/brands?fields=name%20slug%20image
2023-06-10T03:05:18.767Z ::1 GET /api/v1/discounts?fields=name,desc,code,beginDate,endDate,quantity,unlimitedQty,discount,discountType,minimumTotal,maximumApplied,image
2023-06-10T03:05:18.851Z ::1 GET /?fields=name%20slug%20image (304)
2023-06-10T03:05:18.946Z ::1 GET /?fields=name%20slug%20image (304)
2023-06-10T03:05:18.948Z ::1 GET /api/v1/products/search/suggest?keyword=
2023-06-10T03:05:18.952Z ::1 GET /api/v1/products/search/suggest?keyword= (404)
2023-06-10T03:05:18.983Z ::1 GET /?fields=name,desc,code,beginDate,endDate,quantity,unlimitedQty,discount,discountType,minimumTotal,maximumApplied,image (304)
2023-06-10T03:05:19.642Z ::1 POST /api/v1/cart
2023-06-10T03:05:19.718Z ::1 POST / (200)
2023-06-10T03:05:22.544Z ::1 GET /api/v1/products?search=&page=1&limit=20&b=&c=
2023-06-10T03:05:22.682Z ::1 GET /?search=&page=1&limit=20&b=&c= (200)
2023-06-10T03:05:24.833Z ::1 GET /api/v1/products/iphone-12-pro-max-quoc-te-like-new-99?fields=_id%20name%20slug%20desc%20video%20overSpecs%20policies%20detailSpecs%20origin%20category%20brand%20tags%20views%20rate%20variants%20quantity%20warrantyPeriod%20isHide%20createdAt%20updatedAt
2023-06-10T03:05:24.938Z ::1 GET /iphone-12-pro-max-quoc-te-like-new-99?fields=_id%20name%20slug%20desc%20video%20overSpecs%20policies%20detailSpecs%20origin%20category%20brand%20tags%20views%20rate%20variants%20quantity%20warrantyPeriod%20isHide%20createdAt%20updatedAt (200)
2023-06-10T03:05:29.387Z ::1 GET /api/v1/products/search/suggest?keyword=
2023-06-10T03:05:29.394Z ::1 GET /api/v1/products/search/suggest?keyword= (404)
2023-06-10T03:05:29.397Z ::1 GET /api/v1/categories?fields=name%20slug%20image
2023-06-10T03:05:29.404Z ::1 GET /api/v1/brands?fields=name%20slug%20image
2023-06-10T03:05:29.409Z ::1 GET /api/v1/products/search/suggest?keyword=
2023-06-10T03:05:29.413Z ::1 GET /api/v1/products/search/suggest?keyword= (404)
2023-06-10T03:05:29.417Z ::1 GET /api/v1/discounts?fields=name,desc,code,beginDate,endDate,quantity,unlimitedQty,discount,discountType,minimumTotal,maximumApplied,image
2023-06-10T03:05:29.496Z ::1 GET /?fields=name%20slug%20image (304)
2023-06-10T03:05:29.499Z ::1 GET /?fields=name,desc,code,beginDate,endDate,quantity,unlimitedQty,discount,discountType,minimumTotal,maximumApplied,image (304)
2023-06-10T03:05:29.513Z ::1 GET /?fields=name%20slug%20image (304)
2023-06-10T03:05:30.525Z ::1 POST /api/v1/cart
2023-06-10T03:05:30.571Z ::1 POST / (200)
2023-06-10T03:05:32.036Z ::1 GET /api/v1/account/addresses
2023-06-10T03:05:32.049Z ::1 GET /api/v1/account/addresses (401)
2023-06-10T03:06:20.166Z ::1 GET /api/v1/products/search/suggest?keyword=
2023-06-10T03:06:20.171Z ::1 GET /api/v1/products/search/suggest?keyword= (404)
2023-06-10T03:06:20.184Z ::1 GET /api/v1/products/search/suggest?keyword=
2023-06-10T03:06:20.188Z ::1 GET /api/v1/products/search/suggest?keyword= (404)
2023-06-10T03:06:20.203Z ::1 GET /api/v1/categories?fields=name%20slug%20image
2023-06-10T03:06:20.207Z ::1 GET /api/v1/discounts?fields=name,desc,code,beginDate,endDate,quantity,unlimitedQty,discount,discountType,minimumTotal,maximumApplied,image
2023-06-10T03:06:20.213Z ::1 GET /api/v1/brands?fields=name%20slug%20image
2023-06-10T03:06:20.336Z ::1 GET /?fields=name%20slug%20image (304)
2023-06-10T03:06:20.544Z ::1 GET /?fields=name%20slug%20image (304)
2023-06-10T03:06:20.546Z ::1 GET /?fields=name,desc,code,beginDate,endDate,quantity,unlimitedQty,discount,discountType,minimumTotal,maximumApplied,image (304)
2023-06-10T03:06:21.226Z ::1 POST /api/v1/cart
2023-06-10T03:06:21.269Z ::1 POST / (200)
2023-06-10T03:06:22.835Z ::1 GET /api/v1/account/addresses
2023-06-10T03:06:22.842Z ::1 GET /api/v1/account/addresses (401)
2023-06-10T03:07:14.420Z ::1 GET /api/v1/products/search/suggest?keyword=
2023-06-10T03:07:14.424Z ::1 GET /api/v1/products/search/suggest?keyword= (404)
2023-06-10T03:07:14.434Z ::1 GET /api/v1/categories?fields=name%20slug%20image
2023-06-10T03:07:14.441Z ::1 GET /api/v1/brands?fields=name%20slug%20image
2023-06-10T03:07:14.445Z ::1 GET /api/v1/discounts?fields=name,desc,code,beginDate,endDate,quantity,unlimitedQty,discount,discountType,minimumTotal,maximumApplied,image
2023-06-10T03:07:14.448Z ::1 GET /api/v1/products/search/suggest?keyword=
2023-06-10T03:07:14.453Z ::1 GET /api/v1/products/search/suggest?keyword= (404)
2023-06-10T03:07:14.489Z ::1 GET /?fields=name,desc,code,beginDate,endDate,quantity,unlimitedQty,discount,discountType,minimumTotal,maximumApplied,image (304)
2023-06-10T03:07:14.500Z ::1 GET /?fields=name%20slug%20image (304)
2023-06-10T03:07:14.516Z ::1 GET /?fields=name%20slug%20image (304)
2023-06-10T03:07:15.567Z ::1 POST /api/v1/cart
2023-06-10T03:07:15.593Z ::1 POST / (200)
2023-06-10T03:09:41.845Z ::1 GET /api/v1/products/search/suggest?keyword=
2023-06-10T03:09:41.852Z ::1 GET /api/v1/products/search/suggest?keyword= (404)
2023-06-10T03:09:41.854Z ::1 GET /api/v1/categories?fields=name%20slug%20image
2023-06-10T03:09:41.858Z ::1 GET /api/v1/products/search/suggest?keyword=
2023-06-10T03:09:41.862Z ::1 GET /api/v1/products/search/suggest?keyword= (404)
2023-06-10T03:09:41.906Z ::1 GET /api/v1/brands?fields=name%20slug%20image
2023-06-10T03:09:41.933Z ::1 GET /?fields=name%20slug%20image (304)
2023-06-10T03:09:41.948Z ::1 GET /?fields=name%20slug%20image (304)
2023-06-10T03:09:41.951Z ::1 GET /api/v1/discounts?fields=name,desc,code,beginDate,endDate,quantity,unlimitedQty,discount,discountType,minimumTotal,maximumApplied,image
2023-06-10T03:09:41.967Z ::1 GET /?fields=name,desc,code,beginDate,endDate,quantity,unlimitedQty,discount,discountType,minimumTotal,maximumApplied,image (304)
2023-06-10T03:09:43.101Z ::1 POST /api/v1/cart
2023-06-10T03:09:43.149Z ::1 POST / (200)
2023-06-10T03:09:55.543Z ::1 GET /api/v1/account/addresses
2023-06-10T03:09:55.549Z ::1 GET /api/v1/account/addresses (401)
2023-06-10T03:10:22.846Z ::1 GET /api/v1/products/search/suggest?keyword=
2023-06-10T03:10:22.851Z ::1 GET /api/v1/products/search/suggest?keyword= (404)
2023-06-10T03:10:22.853Z ::1 GET /api/v1/categories?fields=name%20slug%20image
2023-06-10T03:10:22.860Z ::1 GET /api/v1/products/search/suggest?keyword=
2023-06-10T03:10:22.866Z ::1 GET /api/v1/products/search/suggest?keyword= (404)
2023-06-10T03:10:22.903Z ::1 GET /?fields=name%20slug%20image (304)
2023-06-10T03:10:22.967Z ::1 GET /api/v1/brands?fields=name%20slug%20image
2023-06-10T03:10:22.985Z ::1 GET /?fields=name%20slug%20image (304)
2023-06-10T03:10:23.014Z ::1 GET /api/v1/discounts?fields=name,desc,code,beginDate,endDate,quantity,unlimitedQty,discount,discountType,minimumTotal,maximumApplied,image
2023-06-10T03:10:23.024Z ::1 GET /?fields=name,desc,code,beginDate,endDate,quantity,unlimitedQty,discount,discountType,minimumTotal,maximumApplied,image (304)
2023-06-10T03:10:25.329Z ::1 POST /api/v1/cart
2023-06-10T03:10:25.368Z ::1 POST / (200)
2023-06-10T03:10:33.054Z ::1 GET /api/v1/account/addresses
2023-06-10T03:10:33.061Z ::1 GET /api/v1/account/addresses (401)
2023-06-10T03:11:18.783Z ::1 GET /api/v1/products/search/suggest?keyword=
2023-06-10T03:11:18.788Z ::1 GET /api/v1/products/search/suggest?keyword= (404)
2023-06-10T03:11:18.790Z ::1 GET /api/v1/categories?fields=name%20slug%20image
2023-06-10T03:11:18.796Z ::1 GET /api/v1/brands?fields=name%20slug%20image
2023-06-10T03:11:18.799Z ::1 GET /api/v1/products/search/suggest?keyword=
2023-06-10T03:11:18.804Z ::1 GET /api/v1/products/search/suggest?keyword= (404)
2023-06-10T03:11:18.826Z ::1 GET /?fields=name%20slug%20image (304)
2023-06-10T03:11:18.865Z ::1 GET /?fields=name%20slug%20image (304)
2023-06-10T03:11:18.888Z ::1 GET /api/v1/discounts?fields=name,desc,code,beginDate,endDate,quantity,unlimitedQty,discount,discountType,minimumTotal,maximumApplied,image
2023-06-10T03:11:18.900Z ::1 GET /?fields=name,desc,code,beginDate,endDate,quantity,unlimitedQty,discount,discountType,minimumTotal,maximumApplied,image (304)
2023-06-10T03:11:20.095Z ::1 POST /api/v1/cart
2023-06-10T03:11:20.130Z ::1 POST / (200)
2023-06-10T03:11:27.496Z ::1 GET /api/v1/account/addresses
2023-06-10T03:11:27.501Z ::1 GET /api/v1/account/addresses (401)
2023-06-10T03:11:59.978Z ::1 GET /api/v1/products/search/suggest?keyword=
2023-06-10T03:11:59.983Z ::1 GET /api/v1/products/search/suggest?keyword= (404)
2023-06-10T03:11:59.991Z ::1 GET /api/v1/categories?fields=name%20slug%20image
2023-06-10T03:12:00.002Z ::1 GET /api/v1/brands?fields=name%20slug%20image
2023-06-10T03:12:00.009Z ::1 GET /api/v1/products/search/suggest?keyword=
2023-06-10T03:12:00.014Z ::1 GET /api/v1/products/search/suggest?keyword= (404)
2023-06-10T03:12:00.028Z ::1 GET /api/v1/discounts?fields=name,desc,code,beginDate,endDate,quantity,unlimitedQty,discount,discountType,minimumTotal,maximumApplied,image
2023-06-10T03:12:00.096Z ::1 GET /?fields=name%20slug%20image (304)
2023-06-10T03:12:00.259Z ::1 GET /?fields=name%20slug%20image (304)
2023-06-10T03:12:00.720Z ::1 GET /?fields=name,desc,code,beginDate,endDate,quantity,unlimitedQty,discount,discountType,minimumTotal,maximumApplied,image (304)
2023-06-10T03:12:01.391Z ::1 POST /api/v1/cart
2023-06-10T03:12:01.430Z ::1 POST / (200)
2023-06-10T03:12:02.715Z ::1 GET /api/v1/account/addresses
2023-06-10T03:12:02.721Z ::1 GET /api/v1/account/addresses (401)
2023-06-10T03:12:39.486Z ::1 GET /api/v1/products/search/suggest?keyword=
2023-06-10T03:12:39.491Z ::1 GET /api/v1/products/search/suggest?keyword= (404)
2023-06-10T03:12:39.496Z ::1 GET /api/v1/categories?fields=name%20slug%20image
2023-06-10T03:12:39.500Z ::1 GET /api/v1/brands?fields=name%20slug%20image
2023-06-10T03:12:39.506Z ::1 GET /api/v1/discounts?fields=name,desc,code,beginDate,endDate,quantity,unlimitedQty,discount,discountType,minimumTotal,maximumApplied,image
2023-06-10T03:12:39.510Z ::1 GET /api/v1/products/search/suggest?keyword=
2023-06-10T03:12:39.514Z ::1 GET /api/v1/products/search/suggest?keyword= (404)
2023-06-10T03:12:39.553Z ::1 GET /?fields=name%20slug%20image (304)
2023-06-10T03:12:39.556Z ::1 GET /?fields=name,desc,code,beginDate,endDate,quantity,unlimitedQty,discount,discountType,minimumTotal,maximumApplied,image (304)
2023-06-10T03:12:39.571Z ::1 GET /?fields=name%20slug%20image (304)
2023-06-10T03:12:40.408Z ::1 POST /api/v1/cart
2023-06-10T03:12:40.430Z ::1 POST / (200)
2023-06-10T03:12:46.819Z ::1 GET /api/v1/account/addresses
2023-06-10T03:12:46.824Z ::1 GET /api/v1/account/addresses (401)
2023-06-10T03:15:47.086Z ::1 GET /api/v1/products/search/suggest?keyword=
2023-06-10T03:15:47.091Z ::1 GET /api/v1/products/search/suggest?keyword= (404)
2023-06-10T03:15:47.112Z ::1 GET /api/v1/products/search/suggest?keyword=
2023-06-10T03:15:47.116Z ::1 GET /api/v1/products/search/suggest?keyword= (404)
2023-06-10T03:15:47.128Z ::1 GET /api/v1/categories?fields=name%20slug%20image
2023-06-10T03:15:47.132Z ::1 GET /api/v1/brands?fields=name%20slug%20image
2023-06-10T03:15:47.165Z ::1 GET /?fields=name%20slug%20image (304)
2023-06-10T03:15:47.178Z ::1 GET /?fields=name%20slug%20image (304)
2023-06-10T03:15:47.255Z ::1 GET /api/v1/discounts?fields=name,desc,code,beginDate,endDate,quantity,unlimitedQty,discount,discountType,minimumTotal,maximumApplied,image
2023-06-10T03:15:47.268Z ::1 GET /?fields=name,desc,code,beginDate,endDate,quantity,unlimitedQty,discount,discountType,minimumTotal,maximumApplied,image (304)
2023-06-10T03:15:48.502Z ::1 POST /api/v1/cart
2023-06-10T03:15:48.524Z ::1 POST / (200)
2023-06-10T03:16:35.284Z ::1 GET /api/v1/account/addresses
2023-06-10T03:16:35.289Z ::1 GET /api/v1/account/addresses (401)
2023-06-10T03:17:09.643Z ::1 GET /api/v1/products/search/suggest?keyword=
2023-06-10T03:17:09.649Z ::1 GET /api/v1/products/search/suggest?keyword= (404)
2023-06-10T03:17:09.660Z ::1 GET /api/v1/categories?fields=name%20slug%20image
2023-06-10T03:17:09.664Z ::1 GET /api/v1/brands?fields=name%20slug%20image
2023-06-10T03:17:09.669Z ::1 GET /api/v1/discounts?fields=name,desc,code,beginDate,endDate,quantity,unlimitedQty,discount,discountType,minimumTotal,maximumApplied,image
2023-06-10T03:17:09.674Z ::1 GET /api/v1/products/search/suggest?keyword=
2023-06-10T03:17:09.679Z ::1 GET /api/v1/products/search/suggest?keyword= (404)
2023-06-10T03:17:09.764Z ::1 GET /?fields=name%20slug%20image (304)
2023-06-10T03:17:09.907Z ::1 GET /?fields=name%20slug%20image (304)
2023-06-10T03:17:09.920Z ::1 GET /?fields=name,desc,code,beginDate,endDate,quantity,unlimitedQty,discount,discountType,minimumTotal,maximumApplied,image (304)
2023-06-10T03:17:10.805Z ::1 POST /api/v1/cart
2023-06-10T03:17:10.894Z ::1 POST / (200)
2023-06-10T03:17:28.924Z ::1 GET /api/v1/products/search/suggest?keyword=
2023-06-10T03:17:28.928Z ::1 GET /api/v1/products/search/suggest?keyword= (404)
2023-06-10T03:17:28.932Z ::1 GET /api/v1/categories?fields=name%20slug%20image
2023-06-10T03:17:28.938Z ::1 GET /api/v1/brands?fields=name%20slug%20image
2023-06-10T03:17:28.942Z ::1 GET /api/v1/discounts?fields=name,desc,code,beginDate,endDate,quantity,unlimitedQty,discount,discountType,minimumTotal,maximumApplied,image
2023-06-10T03:17:28.952Z ::1 GET /api/v1/products/search/suggest?keyword=
2023-06-10T03:17:28.957Z ::1 GET /api/v1/products/search/suggest?keyword= (404)
2023-06-10T03:17:29.008Z ::1 GET /?fields=name,desc,code,beginDate,endDate,quantity,unlimitedQty,discount,discountType,minimumTotal,maximumApplied,image (304)
2023-06-10T03:17:29.027Z ::1 GET /?fields=name%20slug%20image (304)
2023-06-10T03:17:29.042Z ::1 GET /?fields=name%20slug%20image (304)
2023-06-10T03:17:30.139Z ::1 POST /api/v1/cart
2023-06-10T03:17:30.172Z ::1 POST / (200)
2023-06-10T03:17:31.478Z ::1 GET /api/v1/account/addresses
2023-06-10T03:17:31.482Z ::1 GET /api/v1/account/addresses (401)
2023-06-10T03:17:44.077Z ::1 GET /api/v1/products/search/suggest?keyword=
2023-06-10T03:17:44.082Z ::1 GET /api/v1/products/search/suggest?keyword= (404)
2023-06-10T03:17:44.084Z ::1 GET /api/v1/categories?fields=name%20slug%20image
2023-06-10T03:17:44.090Z ::1 GET /api/v1/brands?fields=name%20slug%20image
2023-06-10T03:17:44.094Z ::1 GET /api/v1/discounts?fields=name,desc,code,beginDate,endDate,quantity,unlimitedQty,discount,discountType,minimumTotal,maximumApplied,image
2023-06-10T03:17:44.101Z ::1 GET /api/v1/products/search/suggest?keyword=
2023-06-10T03:17:44.106Z ::1 GET /api/v1/products/search/suggest?keyword= (404)
2023-06-10T03:17:44.171Z ::1 GET /?fields=name%20slug%20image (304)
2023-06-10T03:17:44.182Z ::1 GET /?fields=name%20slug%20image (304)
2023-06-10T03:17:44.184Z ::1 GET /?fields=name,desc,code,beginDate,endDate,quantity,unlimitedQty,discount,discountType,minimumTotal,maximumApplied,image (304)
2023-06-10T03:17:45.258Z ::1 POST /api/v1/cart
2023-06-10T03:17:45.283Z ::1 POST / (200)
2023-06-10T03:18:04.490Z ::1 GET /api/v1/products/search/suggest?keyword=
2023-06-10T03:18:04.495Z ::1 GET /api/v1/products/search/suggest?keyword= (404)
2023-06-10T03:18:04.503Z ::1 GET /api/v1/categories?fields=name%20slug%20image
2023-06-10T03:18:04.512Z ::1 GET /api/v1/products/search/suggest?keyword=
2023-06-10T03:18:04.517Z ::1 GET /api/v1/products/search/suggest?keyword= (404)
2023-06-10T03:18:04.564Z ::1 GET /?fields=name%20slug%20image (304)
2023-06-10T03:18:04.664Z ::1 GET /api/v1/brands?fields=name%20slug%20image
2023-06-10T03:18:04.669Z ::1 GET /api/v1/discounts?fields=name,desc,code,beginDate,endDate,quantity,unlimitedQty,discount,discountType,minimumTotal,maximumApplied,image
2023-06-10T03:18:04.687Z ::1 GET /?fields=name%20slug%20image (304)
2023-06-10T03:18:04.700Z ::1 GET /?fields=name,desc,code,beginDate,endDate,quantity,unlimitedQty,discount,discountType,minimumTotal,maximumApplied,image (304)
2023-06-10T03:18:05.720Z ::1 POST /api/v1/cart
2023-06-10T03:18:05.753Z ::1 POST / (200)
2023-06-10T03:18:56.583Z ::1 GET /api/v1/account/addresses
2023-06-10T03:18:56.587Z ::1 GET /api/v1/account/addresses (401)
2023-06-10T03:19:25.826Z ::1 GET /api/v1/products/search/suggest?keyword=
2023-06-10T03:19:25.830Z ::1 GET /api/v1/products/search/suggest?keyword= (404)
2023-06-10T03:19:25.834Z ::1 GET /api/v1/categories?fields=name%20slug%20image
2023-06-10T03:19:25.840Z ::1 GET /api/v1/brands?fields=name%20slug%20image
2023-06-10T03:19:25.844Z ::1 GET /api/v1/discounts?fields=name,desc,code,beginDate,endDate,quantity,unlimitedQty,discount,discountType,minimumTotal,maximumApplied,image
2023-06-10T03:19:25.849Z ::1 GET /api/v1/products/search/suggest?keyword=
2023-06-10T03:19:25.853Z ::1 GET /api/v1/products/search/suggest?keyword= (404)
2023-06-10T03:19:25.883Z ::1 GET /?fields=name%20slug%20image (304)
2023-06-10T03:19:25.896Z ::1 GET /?fields=name,desc,code,beginDate,endDate,quantity,unlimitedQty,discount,discountType,minimumTotal,maximumApplied,image (304)
2023-06-10T03:19:25.911Z ::1 GET /?fields=name%20slug%20image (304)
2023-06-10T03:19:27.040Z ::1 POST /api/v1/cart
2023-06-10T03:19:27.110Z ::1 POST / (200)
2023-06-10T03:19:28.657Z ::1 GET /api/v1/account/addresses
2023-06-10T03:19:28.664Z ::1 GET /api/v1/account/addresses (401)
2023-06-10T03:19:57.027Z ::1 GET /api/v1/account/addresses
2023-06-10T03:19:57.031Z ::1 GET /api/v1/account/addresses (401)
2023-06-10T03:22:31.997Z ::1 GET /api/v1/products/search/suggest?keyword=
2023-06-10T03:22:32.004Z ::1 GET /api/v1/products/search/suggest?keyword= (404)
2023-06-10T03:22:32.014Z ::1 GET /api/v1/products/search/suggest?keyword=
2023-06-10T03:22:32.017Z ::1 GET /api/v1/products/search/suggest?keyword= (404)
2023-06-10T03:22:32.021Z ::1 GET /api/v1/categories?fields=name%20slug%20image
2023-06-10T03:22:32.093Z ::1 GET /?fields=name%20slug%20image (304)
2023-06-10T03:22:32.112Z ::1 GET /api/v1/brands?fields=name%20slug%20image
2023-06-10T03:22:32.116Z ::1 GET /api/v1/discounts?fields=name,desc,code,beginDate,endDate,quantity,unlimitedQty,discount,discountType,minimumTotal,maximumApplied,image
2023-06-10T03:22:32.135Z ::1 GET /?fields=name%20slug%20image (304)
2023-06-10T03:22:32.152Z ::1 GET /?fields=name,desc,code,beginDate,endDate,quantity,unlimitedQty,discount,discountType,minimumTotal,maximumApplied,image (304)
2023-06-10T03:22:34.001Z ::1 POST /api/v1/cart
2023-06-10T03:22:34.036Z ::1 POST / (200)
2023-06-10T03:22:39.508Z ::1 GET /api/v1/account/addresses
2023-06-10T03:22:39.513Z ::1 GET /api/v1/account/addresses (401)
2023-06-10T03:22:55.964Z ::1 GET /api/v1/account/addresses
2023-06-10T03:22:55.969Z ::1 GET /api/v1/account/addresses (401)
2023-06-10T03:23:07.050Z ::1 GET /api/v1/account/addresses
2023-06-10T03:23:07.057Z ::1 GET /api/v1/account/addresses (401)
2023-06-10T03:23:37.474Z ::1 GET /api/v1/products/search/suggest?keyword=
2023-06-10T03:23:37.479Z ::1 GET /api/v1/products/search/suggest?keyword= (404)
2023-06-10T03:23:37.484Z ::1 GET /api/v1/categories?fields=name%20slug%20image
2023-06-10T03:23:37.489Z ::1 GET /api/v1/brands?fields=name%20slug%20image
2023-06-10T03:23:37.494Z ::1 GET /api/v1/products/search/suggest?keyword=
2023-06-10T03:23:37.498Z ::1 GET /api/v1/products/search/suggest?keyword= (404)
2023-06-10T03:23:37.501Z ::1 GET /api/v1/discounts?fields=name,desc,code,beginDate,endDate,quantity,unlimitedQty,discount,discountType,minimumTotal,maximumApplied,image
2023-06-10T03:23:37.559Z ::1 GET /?fields=name%20slug%20image (304)
2023-06-10T03:23:37.565Z ::1 GET /?fields=name,desc,code,beginDate,endDate,quantity,unlimitedQty,discount,discountType,minimumTotal,maximumApplied,image (304)
2023-06-10T03:23:37.593Z ::1 GET /?fields=name%20slug%20image (304)
2023-06-10T03:23:38.711Z ::1 POST /api/v1/cart
2023-06-10T03:23:38.739Z ::1 POST / (200)
2023-06-10T03:23:52.451Z ::1 GET /api/v1/account/addresses
2023-06-10T03:23:52.455Z ::1 GET /api/v1/account/addresses (401)
2023-06-10T03:24:20.721Z ::1 GET /api/v1/products/search/suggest?keyword=
2023-06-10T03:24:20.726Z ::1 GET /api/v1/products/search/suggest?keyword= (404)
2023-06-10T03:24:20.734Z ::1 GET /api/v1/categories?fields=name%20slug%20image
2023-06-10T03:24:20.739Z ::1 GET /api/v1/products/search/suggest?keyword=
2023-06-10T03:24:20.745Z ::1 GET /api/v1/products/search/suggest?keyword= (404)
2023-06-10T03:24:20.751Z ::1 GET /api/v1/brands?fields=name%20slug%20image
2023-06-10T03:24:20.780Z ::1 GET /?fields=name%20slug%20image (304)
2023-06-10T03:24:20.803Z ::1 GET /?fields=name%20slug%20image (304)
2023-06-10T03:24:20.822Z ::1 GET /api/v1/discounts?fields=name,desc,code,beginDate,endDate,quantity,unlimitedQty,discount,discountType,minimumTotal,maximumApplied,image
2023-06-10T03:24:20.835Z ::1 GET /?fields=name,desc,code,beginDate,endDate,quantity,unlimitedQty,discount,discountType,minimumTotal,maximumApplied,image (304)
2023-06-10T03:24:21.689Z ::1 POST /api/v1/cart
2023-06-10T03:24:21.725Z ::1 POST / (200)
2023-06-10T03:24:29.487Z ::1 GET /api/v1/account/addresses
2023-06-10T03:24:29.493Z ::1 GET /api/v1/account/addresses (401)
2023-06-10T03:25:56.212Z ::1 GET /api/v1/account/addresses
2023-06-10T03:25:56.220Z ::1 GET /api/v1/account/addresses (401)
2023-06-10T03:27:23.329Z ::1 GET /api/v1/products/search/suggest?keyword=
2023-06-10T03:27:23.336Z ::1 GET /api/v1/products/search/suggest?keyword= (404)
2023-06-10T03:27:23.337Z ::1 GET /api/v1/categories?fields=name%20slug%20image
2023-06-10T03:27:23.342Z ::1 GET /api/v1/brands?fields=name%20slug%20image
2023-06-10T03:27:23.345Z ::1 GET /api/v1/discounts?fields=name,desc,code,beginDate,endDate,quantity,unlimitedQty,discount,discountType,minimumTotal,maximumApplied,image
2023-06-10T03:27:23.350Z ::1 GET /api/v1/products/search/suggest?keyword=
2023-06-10T03:27:23.353Z ::1 GET /api/v1/products/search/suggest?keyword= (404)
2023-06-10T03:27:23.493Z ::1 GET /?fields=name%20slug%20image (304)
2023-06-10T03:27:23.500Z ::1 GET /?fields=name,desc,code,beginDate,endDate,quantity,unlimitedQty,discount,discountType,minimumTotal,maximumApplied,image (304)
2023-06-10T03:27:23.513Z ::1 GET /?fields=name%20slug%20image (304)
2023-06-10T03:27:26.195Z ::1 POST /api/v1/cart
2023-06-10T03:27:27.157Z ::1 POST / (200)
2023-06-10T03:27:34.717Z ::1 GET /api/v1/account/addresses
2023-06-10T03:27:34.722Z ::1 GET /api/v1/account/addresses (401)
2023-06-10T03:28:43.654Z ::1 GET /api/v1/products/search/suggest?keyword=
2023-06-10T03:28:43.660Z ::1 GET /api/v1/products/search/suggest?keyword= (404)
2023-06-10T03:28:43.663Z ::1 GET /api/v1/categories?fields=name%20slug%20image
2023-06-10T03:28:43.677Z ::1 GET /api/v1/brands?fields=name%20slug%20image
2023-06-10T03:28:43.681Z ::1 GET /api/v1/products/search/suggest?keyword=
2023-06-10T03:28:43.686Z ::1 GET /api/v1/products/search/suggest?keyword= (404)
2023-06-10T03:28:43.754Z ::1 GET /?fields=name%20slug%20image (304)
2023-06-10T03:28:43.793Z ::1 GET /?fields=name%20slug%20image (304)
2023-06-10T03:28:43.824Z ::1 GET /api/v1/discounts?fields=name,desc,code,beginDate,endDate,quantity,unlimitedQty,discount,discountType,minimumTotal,maximumApplied,image
2023-06-10T03:28:43.849Z ::1 GET /?fields=name,desc,code,beginDate,endDate,quantity,unlimitedQty,discount,discountType,minimumTotal,maximumApplied,image (304)
2023-06-10T03:28:45.394Z ::1 POST /api/v1/cart
2023-06-10T03:28:45.420Z ::1 POST / (200)
2023-06-10T03:29:02.615Z ::1 GET /api/v1/products/search/suggest?keyword=
2023-06-10T03:29:02.619Z ::1 GET /api/v1/products/search/suggest?keyword= (404)
2023-06-10T03:29:02.623Z ::1 GET /api/v1/categories?fields=name%20slug%20image
2023-06-10T03:29:02.635Z ::1 GET /api/v1/brands?fields=name%20slug%20image
2023-06-10T03:29:02.639Z ::1 GET /api/v1/discounts?fields=name,desc,code,beginDate,endDate,quantity,unlimitedQty,discount,discountType,minimumTotal,maximumApplied,image
2023-06-10T03:29:02.644Z ::1 GET /api/v1/products/search/suggest?keyword=
2023-06-10T03:29:02.650Z ::1 GET /api/v1/products/search/suggest?keyword= (404)
2023-06-10T03:29:02.754Z ::1 GET /?fields=name%20slug%20image (304)
2023-06-10T03:29:02.769Z ::1 GET /?fields=name%20slug%20image (304)
2023-06-10T03:29:02.951Z ::1 GET /?fields=name,desc,code,beginDate,endDate,quantity,unlimitedQty,discount,discountType,minimumTotal,maximumApplied,image (304)
2023-06-10T03:29:03.742Z ::1 POST /api/v1/cart
2023-06-10T03:29:03.799Z ::1 POST / (200)
2023-06-10T03:29:05.459Z ::1 GET /api/v1/account/addresses
2023-06-10T03:29:05.465Z ::1 GET /api/v1/account/addresses (401)
2023-06-10T03:29:38.866Z ::1 GET /api/v1/products/search/suggest?keyword=
2023-06-10T03:29:38.871Z ::1 GET /api/v1/products/search/suggest?keyword= (404)
2023-06-10T03:29:38.874Z ::1 GET /api/v1/categories?fields=name%20slug%20image
2023-06-10T03:29:38.878Z ::1 GET /api/v1/brands?fields=name%20slug%20image
2023-06-10T03:29:38.882Z ::1 GET /api/v1/products/search/suggest?keyword=
2023-06-10T03:29:38.886Z ::1 GET /api/v1/products/search/suggest?keyword= (404)
2023-06-10T03:29:38.901Z ::1 GET /?fields=name%20slug%20image (304)
2023-06-10T03:29:38.918Z ::1 GET /?fields=name%20slug%20image (304)
2023-06-10T03:29:38.958Z ::1 GET /api/v1/discounts?fields=name,desc,code,beginDate,endDate,quantity,unlimitedQty,discount,discountType,minimumTotal,maximumApplied,image
2023-06-10T03:29:38.970Z ::1 GET /?fields=name,desc,code,beginDate,endDate,quantity,unlimitedQty,discount,discountType,minimumTotal,maximumApplied,image (304)
2023-06-10T03:29:39.988Z ::1 POST /api/v1/cart
2023-06-10T03:29:40.013Z ::1 POST / (200)
2023-06-10T03:29:43.745Z ::1 GET /api/v1/account/addresses
2023-06-10T03:29:43.753Z ::1 GET /api/v1/account/addresses (401)
2023-06-10T03:30:57.367Z ::1 GET /api/v1/products/search/suggest?keyword=
2023-06-10T03:30:57.371Z ::1 GET /api/v1/products/search/suggest?keyword= (404)
2023-06-10T03:30:57.417Z ::1 GET /api/v1/categories?fields=name%20slug%20image
2023-06-10T03:30:57.421Z ::1 GET /api/v1/brands?fields=name%20slug%20image
2023-06-10T03:30:57.428Z ::1 GET /api/v1/products/search/suggest?keyword=
2023-06-10T03:30:57.432Z ::1 GET /api/v1/products/search/suggest?keyword= (404)
2023-06-10T03:30:57.436Z ::1 GET /api/v1/discounts?fields=name,desc,code,beginDate,endDate,quantity,unlimitedQty,discount,discountType,minimumTotal,maximumApplied,image
2023-06-10T03:30:57.469Z ::1 GET /?fields=name%20slug%20image (304)
2023-06-10T03:30:57.471Z ::1 GET /?fields=name,desc,code,beginDate,endDate,quantity,unlimitedQty,discount,discountType,minimumTotal,maximumApplied,image (304)
2023-06-10T03:30:57.569Z ::1 GET /?fields=name%20slug%20image (304)
2023-06-10T03:30:58.382Z ::1 POST /api/v1/cart
2023-06-10T03:30:58.437Z ::1 POST / (200)
2023-06-10T03:31:00.128Z ::1 GET /api/v1/account/addresses
2023-06-10T03:31:00.132Z ::1 GET /api/v1/account/addresses (401)
2023-06-10T03:31:36.759Z ::1 GET /api/v1/products/search/suggest?keyword=
2023-06-10T03:31:36.764Z ::1 GET /api/v1/products/search/suggest?keyword= (404)
2023-06-10T03:31:36.766Z ::1 GET /api/v1/categories?fields=name%20slug%20image
2023-06-10T03:31:36.771Z ::1 GET /api/v1/brands?fields=name%20slug%20image
2023-06-10T03:31:36.773Z ::1 GET /api/v1/discounts?fields=name,desc,code,beginDate,endDate,quantity,unlimitedQty,discount,discountType,minimumTotal,maximumApplied,image
2023-06-10T03:31:36.801Z ::1 GET /api/v1/products/search/suggest?keyword=
2023-06-10T03:31:36.806Z ::1 GET /api/v1/products/search/suggest?keyword= (404)
2023-06-10T03:31:36.978Z ::1 GET /?fields=name%20slug%20image (304)
2023-06-10T03:31:36.992Z ::1 GET /?fields=name%20slug%20image (304)
2023-06-10T03:31:36.994Z ::1 GET /?fields=name,desc,code,beginDate,endDate,quantity,unlimitedQty,discount,discountType,minimumTotal,maximumApplied,image (304)
2023-06-10T03:31:38.041Z ::1 POST /api/v1/cart
2023-06-10T03:31:38.187Z ::1 POST / (200)
2023-06-10T03:31:39.910Z ::1 GET /api/v1/account/addresses
2023-06-10T03:31:39.915Z ::1 GET /api/v1/account/addresses (401)
2023-06-10T03:36:00.867Z ::1 GET /api/v1/products/search/suggest?keyword=
2023-06-10T03:36:00.872Z ::1 GET /api/v1/products/search/suggest?keyword= (404)
2023-06-10T03:36:00.881Z ::1 GET /api/v1/products/search/suggest?keyword=
2023-06-10T03:36:00.885Z ::1 GET /api/v1/products/search/suggest?keyword= (404)
2023-06-10T03:36:00.891Z ::1 GET /api/v1/categories?fields=name%20slug%20image
2023-06-10T03:36:00.912Z ::1 GET /api/v1/brands?fields=name%20slug%20image
2023-06-10T03:36:00.926Z ::1 GET /api/v1/discounts?fields=name,desc,code,beginDate,endDate,quantity,unlimitedQty,discount,discountType,minimumTotal,maximumApplied,image
2023-06-10T03:36:01.017Z ::1 GET /?fields=name%20slug%20image (304)
2023-06-10T03:36:01.170Z ::1 GET /?fields=name%20slug%20image (304)
2023-06-10T03:36:01.181Z ::1 GET /?fields=name,desc,code,beginDate,endDate,quantity,unlimitedQty,discount,discountType,minimumTotal,maximumApplied,image (304)
2023-06-10T03:36:02.765Z ::1 POST /api/v1/cart
2023-06-10T03:36:02.870Z ::1 POST / (200)
2023-06-10T03:36:14.865Z ::1 GET /api/v1/account/addresses
2023-06-10T03:36:14.870Z ::1 GET /api/v1/account/addresses (401)
2023-06-10T03:39:16.526Z ::1 GET /api/v1/brands?fields=name%20slug%20image
2023-06-10T03:39:16.569Z ::1 GET /api/v1/products/search/suggest?keyword=
2023-06-10T03:39:16.573Z ::1 GET /api/v1/products/search/suggest?keyword= (404)
2023-06-10T03:39:16.575Z ::1 GET /api/v1/categories?fields=name%20slug%20image
2023-06-10T03:39:16.580Z ::1 GET /api/v1/discounts?fields=name,desc,code,beginDate,endDate,quantity,unlimitedQty,discount,discountType,minimumTotal,maximumApplied,image
2023-06-10T03:39:16.587Z ::1 GET /api/v1/products/search/suggest?keyword=
2023-06-10T03:39:16.593Z ::1 GET /api/v1/products/search/suggest?keyword= (404)
2023-06-10T03:39:16.617Z ::1 GET /?fields=name%20slug%20image (304)
2023-06-10T03:39:16.669Z ::1 GET /?fields=name%20slug%20image (304)
2023-06-10T03:39:16.705Z ::1 GET /?fields=name,desc,code,beginDate,endDate,quantity,unlimitedQty,discount,discountType,minimumTotal,maximumApplied,image (304)
2023-06-10T03:39:17.658Z ::1 POST /api/v1/cart
2023-06-10T03:39:17.752Z ::1 POST / (200)
2023-06-10T03:39:20.945Z ::1 GET /api/v1/account/addresses
2023-06-10T03:39:20.950Z ::1 GET /api/v1/account/addresses (401)
2023-06-10T03:40:23.882Z ::1 GET /api/v1/products/search/suggest?keyword=
2023-06-10T03:40:23.886Z ::1 GET /api/v1/products/search/suggest?keyword= (404)
2023-06-10T03:40:23.902Z ::1 GET /api/v1/categories?fields=name%20slug%20image
2023-06-10T03:40:23.905Z ::1 GET /api/v1/brands?fields=name%20slug%20image
2023-06-10T03:40:23.908Z ::1 GET /api/v1/products/search/suggest?keyword=
2023-06-10T03:40:23.912Z ::1 GET /api/v1/products/search/suggest?keyword= (404)
2023-06-10T03:40:23.922Z ::1 GET /api/v1/discounts?fields=name,desc,code,beginDate,endDate,quantity,unlimitedQty,discount,discountType,minimumTotal,maximumApplied,image
2023-06-10T03:40:23.944Z ::1 GET /?fields=name%20slug%20image (304)
2023-06-10T03:40:23.992Z ::1 GET /?fields=name%20slug%20image (304)
2023-06-10T03:40:24.009Z ::1 GET /?fields=name,desc,code,beginDate,endDate,quantity,unlimitedQty,discount,discountType,minimumTotal,maximumApplied,image (304)
2023-06-10T03:40:24.754Z ::1 POST /api/v1/cart
2023-06-10T03:40:24.827Z ::1 POST / (200)
2023-06-10T03:40:26.791Z ::1 GET /api/v1/account/addresses
2023-06-10T03:40:26.797Z ::1 GET /api/v1/account/addresses (401)
2023-06-10T03:40:56.797Z ::1 GET /api/v1/products/search/suggest?keyword=
2023-06-10T03:40:56.802Z ::1 GET /api/v1/products/search/suggest?keyword= (404)
2023-06-10T03:40:56.803Z ::1 GET /api/v1/categories?fields=name%20slug%20image
2023-06-10T03:40:56.810Z ::1 GET /api/v1/brands?fields=name%20slug%20image
2023-06-10T03:40:56.817Z ::1 GET /api/v1/discounts?fields=name,desc,code,beginDate,endDate,quantity,unlimitedQty,discount,discountType,minimumTotal,maximumApplied,image
2023-06-10T03:40:56.822Z ::1 GET /api/v1/products/search/suggest?keyword=
2023-06-10T03:40:56.828Z ::1 GET /api/v1/products/search/suggest?keyword= (404)
2023-06-10T03:40:56.906Z ::1 GET /?fields=name%20slug%20image (304)
2023-06-10T03:40:56.966Z ::1 GET /?fields=name%20slug%20image (304)
2023-06-10T03:40:57.018Z ::1 GET /?fields=name,desc,code,beginDate,endDate,quantity,unlimitedQty,discount,discountType,minimumTotal,maximumApplied,image (304)
2023-06-10T03:40:57.953Z ::1 POST /api/v1/cart
2023-06-10T03:40:58.020Z ::1 POST / (200)
2023-06-10T03:41:00.337Z ::1 GET /api/v1/account/addresses
2023-06-10T03:41:00.341Z ::1 GET /api/v1/account/addresses (401)
2023-06-10T03:44:34.264Z ::1 GET /api/v1/brands?fields=name%20slug%20image
2023-06-10T03:44:34.424Z ::1 GET /api/v1/categories?fields=name%20slug%20image
2023-06-10T03:44:34.437Z ::1 GET /api/v1/discounts?fields=name,desc,code,beginDate,endDate,quantity,unlimitedQty,discount,discountType,minimumTotal,maximumApplied,image
2023-06-10T03:44:34.511Z ::1 GET /api/v1/products/search/suggest?keyword=
2023-06-10T03:44:34.523Z ::1 GET /api/v1/products/search/suggest?keyword= (404)
2023-06-10T03:44:34.675Z ::1 GET /api/v1/products/search/suggest?keyword=
2023-06-10T03:44:34.686Z ::1 GET /api/v1/products/search/suggest?keyword= (404)
2023-06-10T03:44:35.120Z ::1 GET /?fields=name%20slug%20image (304)
2023-06-10T03:44:35.123Z ::1 GET /?fields=name,desc,code,beginDate,endDate,quantity,unlimitedQty,discount,discountType,minimumTotal,maximumApplied,image (304)
2023-06-10T03:44:35.135Z ::1 GET /?fields=name%20slug%20image (304)
2023-06-10T03:44:35.580Z ::1 POST /api/v1/cart
2023-06-10T03:44:35.671Z ::1 POST / (200)
2023-06-10T03:44:37.279Z ::1 GET /api/v1/account/addresses
2023-06-10T03:44:37.288Z ::1 GET /api/v1/account/addresses (401)
2023-06-10T03:45:26.873Z ::1 GET /api/v1/products/search/suggest?keyword=
2023-06-10T03:45:26.878Z ::1 GET /api/v1/products/search/suggest?keyword= (404)
2023-06-10T03:45:26.893Z ::1 GET /api/v1/categories?fields=name%20slug%20image
2023-06-10T03:45:26.899Z ::1 GET /api/v1/brands?fields=name%20slug%20image
2023-06-10T03:45:26.908Z ::1 GET /api/v1/discounts?fields=name,desc,code,beginDate,endDate,quantity,unlimitedQty,discount,discountType,minimumTotal,maximumApplied,image
2023-06-10T03:45:26.912Z ::1 GET /api/v1/products/search/suggest?keyword=
2023-06-10T03:45:26.916Z ::1 GET /api/v1/products/search/suggest?keyword= (404)
2023-06-10T03:45:26.995Z ::1 GET /?fields=name%20slug%20image (304)
2023-06-10T03:45:27.006Z ::1 GET /?fields=name,desc,code,beginDate,endDate,quantity,unlimitedQty,discount,discountType,minimumTotal,maximumApplied,image (304)
2023-06-10T03:45:27.018Z ::1 GET /?fields=name%20slug%20image (304)
2023-06-10T03:45:28.008Z ::1 POST /api/v1/cart
2023-06-10T03:45:28.070Z ::1 POST / (200)
2023-06-10T03:45:29.823Z ::1 GET /api/v1/account/addresses
2023-06-10T03:45:29.829Z ::1 GET /api/v1/account/addresses (401)
2023-06-10T03:45:49.621Z ::1 GET /api/v1/products/search/suggest?keyword=
2023-06-10T03:45:49.627Z ::1 GET /api/v1/products/search/suggest?keyword= (404)
2023-06-10T03:45:49.629Z ::1 GET /api/v1/categories?fields=name%20slug%20image
2023-06-10T03:45:49.635Z ::1 GET /api/v1/brands?fields=name%20slug%20image
2023-06-10T03:45:49.649Z ::1 GET /api/v1/products/search/suggest?keyword=
2023-06-10T03:45:49.653Z ::1 GET /api/v1/products/search/suggest?keyword= (404)
2023-06-10T03:45:49.675Z ::1 GET /?fields=name%20slug%20image (304)
2023-06-10T03:45:49.785Z ::1 GET /?fields=name%20slug%20image (304)
2023-06-10T03:45:49.796Z ::1 GET /api/v1/discounts?fields=name,desc,code,beginDate,endDate,quantity,unlimitedQty,discount,discountType,minimumTotal,maximumApplied,image
2023-06-10T03:45:49.822Z ::1 GET /?fields=name,desc,code,beginDate,endDate,quantity,unlimitedQty,discount,discountType,minimumTotal,maximumApplied,image (304)
2023-06-10T03:45:50.785Z ::1 POST /api/v1/cart
2023-06-10T03:45:50.822Z ::1 POST / (200)
2023-06-10T03:46:51.070Z ::1 GET /api/v1/products/search/suggest?keyword=
2023-06-10T03:46:51.076Z ::1 GET /api/v1/products/search/suggest?keyword= (404)
2023-06-10T03:46:51.077Z ::1 GET /api/v1/categories?fields=name%20slug%20image
2023-06-10T03:46:51.081Z ::1 GET /api/v1/discounts?fields=name,desc,code,beginDate,endDate,quantity,unlimitedQty,discount,discountType,minimumTotal,maximumApplied,image
2023-06-10T03:46:51.085Z ::1 GET /api/v1/brands?fields=name%20slug%20image
2023-06-10T03:46:51.091Z ::1 GET /api/v1/products/search/suggest?keyword=
2023-06-10T03:46:51.095Z ::1 GET /api/v1/products/search/suggest?keyword= (404)
2023-06-10T03:46:51.170Z ::1 GET /?fields=name%20slug%20image (304)
2023-06-10T03:46:51.175Z ::1 GET /?fields=name,desc,code,beginDate,endDate,quantity,unlimitedQty,discount,discountType,minimumTotal,maximumApplied,image (304)
2023-06-10T03:46:51.199Z ::1 GET /?fields=name%20slug%20image (304)
2023-06-10T03:46:53.175Z ::1 POST /api/v1/cart
2023-06-10T03:46:53.423Z ::1 POST / (200)
2023-06-10T03:46:56.416Z ::1 GET /api/v1/account/addresses
2023-06-10T03:46:56.422Z ::1 GET /api/v1/account/addresses (401)
2023-06-10T03:48:07.866Z ::1 GET /api/v1/products/search/suggest?keyword=
2023-06-10T03:48:07.872Z ::1 GET /api/v1/products/search/suggest?keyword= (404)
2023-06-10T03:48:07.875Z ::1 GET /api/v1/categories?fields=name%20slug%20image
2023-06-10T03:48:07.881Z ::1 GET /api/v1/brands?fields=name%20slug%20image
2023-06-10T03:48:07.885Z ::1 GET /api/v1/discounts?fields=name,desc,code,beginDate,endDate,quantity,unlimitedQty,discount,discountType,minimumTotal,maximumApplied,image
2023-06-10T03:48:07.890Z ::1 GET /api/v1/products/search/suggest?keyword=
2023-06-10T03:48:07.895Z ::1 GET /api/v1/products/search/suggest?keyword= (404)
2023-06-10T03:48:07.985Z ::1 GET /?fields=name%20slug%20image (304)
2023-06-10T03:48:07.988Z ::1 GET /?fields=name,desc,code,beginDate,endDate,quantity,unlimitedQty,discount,discountType,minimumTotal,maximumApplied,image (304)
2023-06-10T03:48:08.003Z ::1 GET /?fields=name%20slug%20image (304)
2023-06-10T03:48:08.949Z ::1 POST /api/v1/cart
2023-06-10T03:48:08.992Z ::1 POST / (200)
2023-06-10T03:48:10.510Z ::1 GET /api/v1/account/addresses
2023-06-10T03:48:10.515Z ::1 GET /api/v1/account/addresses (401)
2023-06-10T03:51:38.148Z ::1 GET /api/v1/products/search/suggest?keyword=
2023-06-10T03:51:38.161Z ::1 GET /api/v1/products/search/suggest?keyword= (404)
2023-06-10T03:51:38.163Z ::1 GET /api/v1/categories?fields=name%20slug%20image
2023-06-10T03:51:38.173Z ::1 GET /api/v1/products/search/suggest?keyword=
2023-06-10T03:51:38.179Z ::1 GET /api/v1/products/search/suggest?keyword= (404)
2023-06-10T03:51:38.204Z ::1 GET /api/v1/discounts?fields=name,desc,code,beginDate,endDate,quantity,unlimitedQty,discount,discountType,minimumTotal,maximumApplied,image
2023-06-10T03:51:38.207Z ::1 GET /api/v1/brands?fields=name%20slug%20image
2023-06-10T03:51:38.363Z ::1 GET /?fields=name%20slug%20image (304)
2023-06-10T03:51:38.424Z ::1 GET /?fields=name,desc,code,beginDate,endDate,quantity,unlimitedQty,discount,discountType,minimumTotal,maximumApplied,image (304)
2023-06-10T03:51:38.554Z ::1 GET /?fields=name%20slug%20image (304)
2023-06-10T03:51:39.825Z ::1 POST /api/v1/cart
2023-06-10T03:51:39.896Z ::1 POST / (200)
2023-06-10T03:51:42.282Z ::1 GET /api/v1/account/addresses
2023-06-10T03:51:42.287Z ::1 GET /api/v1/account/addresses (401)
2023-06-10T03:52:38.967Z ::1 GET /api/v1/categories?fields=name%20slug%20image
2023-06-10T03:52:38.973Z ::1 GET /api/v1/products/search/suggest?keyword=
2023-06-10T03:52:38.977Z ::1 GET /api/v1/products/search/suggest?keyword= (404)
2023-06-10T03:52:38.978Z ::1 GET /api/v1/brands?fields=name%20slug%20image
2023-06-10T03:52:38.984Z ::1 GET /api/v1/products/search/suggest?keyword=
2023-06-10T03:52:38.988Z ::1 GET /api/v1/products/search/suggest?keyword= (404)
2023-06-10T03:52:39.000Z ::1 GET /api/v1/discounts?fields=name,desc,code,beginDate,endDate,quantity,unlimitedQty,discount,discountType,minimumTotal,maximumApplied,image
2023-06-10T03:52:39.077Z ::1 GET /?fields=name%20slug%20image (304)
2023-06-10T03:52:39.095Z ::1 GET /?fields=name%20slug%20image (304)
2023-06-10T03:52:39.125Z ::1 GET /?fields=name,desc,code,beginDate,endDate,quantity,unlimitedQty,discount,discountType,minimumTotal,maximumApplied,image (304)
2023-06-10T03:52:40.480Z ::1 POST /api/v1/cart
2023-06-10T03:52:40.533Z ::1 POST / (200)
2023-06-10T03:52:41.821Z ::1 GET /api/v1/account/addresses
2023-06-10T03:52:41.836Z ::1 GET /api/v1/account/addresses (401)
2023-06-10T03:53:07.137Z ::1 GET /api/v1/products/search/suggest?keyword=
2023-06-10T03:53:07.142Z ::1 GET /api/v1/products/search/suggest?keyword= (404)
2023-06-10T03:53:07.148Z ::1 GET /api/v1/categories?fields=name%20slug%20image
2023-06-10T03:53:07.152Z ::1 GET /api/v1/brands?fields=name%20slug%20image
2023-06-10T03:53:07.158Z ::1 GET /api/v1/products/search/suggest?keyword=
2023-06-10T03:53:07.163Z ::1 GET /api/v1/products/search/suggest?keyword= (404)
2023-06-10T03:53:07.168Z ::1 GET /api/v1/discounts?fields=name,desc,code,beginDate,endDate,quantity,unlimitedQty,discount,discountType,minimumTotal,maximumApplied,image
2023-06-10T03:53:07.217Z ::1 GET /?fields=name%20slug%20image (304)
2023-06-10T03:53:07.235Z ::1 GET /?fields=name%20slug%20image (304)
2023-06-10T03:53:07.240Z ::1 GET /?fields=name,desc,code,beginDate,endDate,quantity,unlimitedQty,discount,discountType,minimumTotal,maximumApplied,image (304)
2023-06-10T03:53:08.017Z ::1 POST /api/v1/cart
2023-06-10T03:53:08.042Z ::1 POST / (200)
2023-06-10T03:53:47.511Z ::1 GET /api/v1/account/addresses
2023-06-10T03:53:47.517Z ::1 GET /api/v1/account/addresses (401)
2023-06-10T03:57:17.083Z ::1 GET /api/v1/products/search/suggest?keyword=
2023-06-10T03:57:17.089Z ::1 GET /api/v1/products/search/suggest?keyword= (404)
2023-06-10T03:57:17.091Z ::1 GET /api/v1/categories?fields=name%20slug%20image
2023-06-10T03:57:17.095Z ::1 GET /api/v1/brands?fields=name%20slug%20image
2023-06-10T03:57:17.098Z ::1 GET /api/v1/discounts?fields=name,desc,code,beginDate,endDate,quantity,unlimitedQty,discount,discountType,minimumTotal,maximumApplied,image
2023-06-10T03:57:17.105Z ::1 GET /api/v1/products/search/suggest?keyword=
2023-06-10T03:57:17.109Z ::1 GET /api/v1/products/search/suggest?keyword= (404)
2023-06-10T03:57:17.199Z ::1 GET /?fields=name,desc,code,beginDate,endDate,quantity,unlimitedQty,discount,discountType,minimumTotal,maximumApplied,image (304)
2023-06-10T03:57:17.229Z ::1 GET /?fields=name%20slug%20image (304)
2023-06-10T03:57:17.240Z ::1 GET /?fields=name%20slug%20image (304)
2023-06-10T03:57:18.397Z ::1 POST /api/v1/cart
2023-06-10T03:57:18.526Z ::1 POST / (200)
2023-06-10T03:57:19.975Z ::1 GET /api/v1/account/addresses
2023-06-10T03:57:19.980Z ::1 GET /api/v1/account/addresses (401)
2023-06-10T03:57:57.125Z ::1 GET /api/v1/products/search/suggest?keyword=
2023-06-10T03:57:57.131Z ::1 GET /api/v1/products/search/suggest?keyword= (404)
2023-06-10T03:57:57.137Z ::1 GET /api/v1/categories?fields=name%20slug%20image
2023-06-10T03:57:57.142Z ::1 GET /api/v1/brands?fields=name%20slug%20image
2023-06-10T03:57:57.146Z ::1 GET /api/v1/discounts?fields=name,desc,code,beginDate,endDate,quantity,unlimitedQty,discount,discountType,minimumTotal,maximumApplied,image
2023-06-10T03:57:57.151Z ::1 GET /api/v1/products/search/suggest?keyword=
2023-06-10T03:57:57.156Z ::1 GET /api/v1/products/search/suggest?keyword= (404)
2023-06-10T03:57:57.192Z ::1 GET /?fields=name%20slug%20image (304)
2023-06-10T03:57:57.198Z ::1 GET /?fields=name,desc,code,beginDate,endDate,quantity,unlimitedQty,discount,discountType,minimumTotal,maximumApplied,image (304)
2023-06-10T03:57:57.253Z ::1 GET /?fields=name%20slug%20image (304)
2023-06-10T03:57:58.202Z ::1 POST /api/v1/cart
2023-06-10T03:57:58.252Z ::1 POST / (200)
2023-06-10T03:57:59.608Z ::1 GET /api/v1/account/addresses
2023-06-10T03:57:59.614Z ::1 GET /api/v1/account/addresses (401)
2023-06-10T04:01:44.509Z ::1 GET /api/v1/brands?fields=name%20slug%20image
2023-06-10T04:01:44.521Z ::1 GET /api/v1/products/search/suggest?keyword=
2023-06-10T04:01:44.525Z ::1 GET /api/v1/products/search/suggest?keyword= (404)
2023-06-10T04:01:44.526Z ::1 GET /api/v1/categories?fields=name%20slug%20image
2023-06-10T04:01:44.530Z ::1 GET /api/v1/discounts?fields=name,desc,code,beginDate,endDate,quantity,unlimitedQty,discount,discountType,minimumTotal,maximumApplied,image
2023-06-10T04:01:44.540Z ::1 GET /api/v1/products/search/suggest?keyword=
2023-06-10T04:01:44.547Z ::1 GET /api/v1/products/search/suggest?keyword= (404)
2023-06-10T04:01:44.956Z ::1 GET /?fields=name,desc,code,beginDate,endDate,quantity,unlimitedQty,discount,discountType,minimumTotal,maximumApplied,image (304)
2023-06-10T04:01:44.968Z ::1 GET /?fields=name%20slug%20image (304)
2023-06-10T04:01:45.048Z ::1 GET /?fields=name%20slug%20image (304)
2023-06-10T04:01:46.566Z ::1 POST /api/v1/cart
2023-06-10T04:01:46.639Z ::1 POST / (200)
2023-06-10T04:01:48.411Z ::1 GET /api/v1/account/addresses
2023-06-10T04:01:48.416Z ::1 GET /api/v1/account/addresses (401)
2023-06-10T04:02:38.269Z ::1 GET /api/v1/categories?fields=name%20slug%20image
2023-06-10T04:02:38.274Z ::1 GET /api/v1/products/search/suggest?keyword=
2023-06-10T04:02:38.278Z ::1 GET /api/v1/products/search/suggest?keyword= (404)
2023-06-10T04:02:38.281Z ::1 GET /api/v1/brands?fields=name%20slug%20image
2023-06-10T04:02:38.286Z ::1 GET /api/v1/discounts?fields=name,desc,code,beginDate,endDate,quantity,unlimitedQty,discount,discountType,minimumTotal,maximumApplied,image
2023-06-10T04:02:38.289Z ::1 GET /api/v1/products/search/suggest?keyword=
2023-06-10T04:02:38.293Z ::1 GET /api/v1/products/search/suggest?keyword= (404)
2023-06-10T04:02:38.338Z ::1 GET /?fields=name%20slug%20image (304)
2023-06-10T04:02:38.410Z ::1 GET /?fields=name%20slug%20image (304)
2023-06-10T04:02:38.425Z ::1 GET /?fields=name,desc,code,beginDate,endDate,quantity,unlimitedQty,discount,discountType,minimumTotal,maximumApplied,image (304)
2023-06-10T04:02:39.577Z ::1 POST /api/v1/cart
2023-06-10T04:02:39.623Z ::1 POST / (200)
2023-06-10T04:02:41.254Z ::1 GET /api/v1/account/addresses
2023-06-10T04:02:41.261Z ::1 GET /api/v1/account/addresses (401)
2023-06-10T04:03:08.349Z ::1 GET /api/v1/products/search/suggest?keyword=
2023-06-10T04:03:08.354Z ::1 GET /api/v1/products/search/suggest?keyword= (404)
2023-06-10T04:03:08.362Z ::1 GET /api/v1/categories?fields=name%20slug%20image
2023-06-10T04:03:08.368Z ::1 GET /api/v1/brands?fields=name%20slug%20image
2023-06-10T04:03:08.371Z ::1 GET /api/v1/discounts?fields=name,desc,code,beginDate,endDate,quantity,unlimitedQty,discount,discountType,minimumTotal,maximumApplied,image
2023-06-10T04:03:08.376Z ::1 GET /api/v1/products/search/suggest?keyword=
2023-06-10T04:03:08.380Z ::1 GET /api/v1/products/search/suggest?keyword= (404)
2023-06-10T04:03:08.441Z ::1 GET /?fields=name%20slug%20image (304)
2023-06-10T04:03:08.455Z ::1 GET /?fields=name%20slug%20image (304)
2023-06-10T04:03:08.469Z ::1 GET /?fields=name,desc,code,beginDate,endDate,quantity,unlimitedQty,discount,discountType,minimumTotal,maximumApplied,image (304)
2023-06-10T04:03:09.407Z ::1 POST /api/v1/cart
2023-06-10T04:03:09.453Z ::1 POST / (200)
2023-06-10T04:03:10.921Z ::1 GET /api/v1/account/addresses
2023-06-10T04:03:10.927Z ::1 GET /api/v1/account/addresses (401)
2023-06-10T04:06:31.281Z ::1 GET /api/v1/products/search/suggest?keyword=
2023-06-10T04:06:31.286Z ::1 GET /api/v1/products/search/suggest?keyword= (404)
2023-06-10T04:06:31.289Z ::1 GET /api/v1/categories?fields=name%20slug%20image
2023-06-10T04:06:31.296Z ::1 GET /api/v1/products/search/suggest?keyword=
2023-06-10T04:06:31.300Z ::1 GET /api/v1/products/search/suggest?keyword= (404)
2023-06-10T04:06:31.307Z ::1 GET /api/v1/brands?fields=name%20slug%20image
2023-06-10T04:06:31.332Z ::1 GET /api/v1/discounts?fields=name,desc,code,beginDate,endDate,quantity,unlimitedQty,discount,discountType,minimumTotal,maximumApplied,image
2023-06-10T04:06:31.372Z ::1 GET /?fields=name%20slug%20image (304)
2023-06-10T04:06:31.382Z ::1 GET /?fields=name,desc,code,beginDate,endDate,quantity,unlimitedQty,discount,discountType,minimumTotal,maximumApplied,image (304)
2023-06-10T04:06:31.413Z ::1 GET /?fields=name%20slug%20image (304)
2023-06-10T04:06:32.896Z ::1 POST /api/v1/cart
2023-06-10T04:06:32.984Z ::1 POST / (200)
2023-06-10T04:06:34.657Z ::1 GET /api/v1/account/addresses
2023-06-10T04:06:34.664Z ::1 GET /api/v1/account/addresses (401)
2023-06-10T04:07:08.126Z ::1 GET /api/v1/products/search/suggest?keyword=
2023-06-10T04:07:08.132Z ::1 GET /api/v1/products/search/suggest?keyword= (404)
2023-06-10T04:07:08.134Z ::1 GET /api/v1/categories?fields=name%20slug%20image
2023-06-10T04:07:08.138Z ::1 GET /api/v1/brands?fields=name%20slug%20image
2023-06-10T04:07:08.142Z ::1 GET /api/v1/products/search/suggest?keyword=
2023-06-10T04:07:08.148Z ::1 GET /api/v1/products/search/suggest?keyword= (404)
2023-06-10T04:07:08.190Z ::1 GET /?fields=name%20slug%20image (304)
2023-06-10T04:07:08.204Z ::1 GET /?fields=name%20slug%20image (304)
2023-06-10T04:07:08.212Z ::1 GET /api/v1/discounts?fields=name,desc,code,beginDate,endDate,quantity,unlimitedQty,discount,discountType,minimumTotal,maximumApplied,image
2023-06-10T04:07:08.233Z ::1 GET /?fields=name,desc,code,beginDate,endDate,quantity,unlimitedQty,discount,discountType,minimumTotal,maximumApplied,image (304)
2023-06-10T04:07:09.092Z ::1 POST /api/v1/cart
2023-06-10T04:07:09.115Z ::1 POST / (200)
2023-06-10T04:08:11.077Z ::1 GET /api/v1/products/search/suggest?keyword=
2023-06-10T04:08:11.082Z ::1 GET /api/v1/products/search/suggest?keyword= (404)
2023-06-10T04:08:11.116Z ::1 GET /api/v1/products/search/suggest?keyword=
2023-06-10T04:08:11.120Z ::1 GET /api/v1/products/search/suggest?keyword= (404)
2023-06-10T04:08:11.142Z ::1 GET /api/v1/categories?fields=name%20slug%20image
2023-06-10T04:08:11.163Z ::1 GET /api/v1/brands?fields=name%20slug%20image
2023-06-10T04:08:11.190Z ::1 GET /?fields=name%20slug%20image (304)
2023-06-10T04:08:11.201Z ::1 GET /?fields=name%20slug%20image (304)
2023-06-10T04:08:11.267Z ::1 GET /api/v1/discounts?fields=name,desc,code,beginDate,endDate,quantity,unlimitedQty,discount,discountType,minimumTotal,maximumApplied,image
2023-06-10T04:08:11.351Z ::1 GET /?fields=name,desc,code,beginDate,endDate,quantity,unlimitedQty,discount,discountType,minimumTotal,maximumApplied,image (304)
2023-06-10T04:08:13.234Z ::1 POST /api/v1/cart
2023-06-10T04:08:13.267Z ::1 POST / (200)