
2023-07-02T04:30:24.377Z ::1 GET /api/v1/account
2023-07-02T04:30:24.512Z ::1 GET / (304)
2023-07-02T04:30:25.511Z ::1 GET /api/v1/products/search/suggest?keyword=
2023-07-02T04:30:25.527Z ::1 GET /api/v1/categories?fields=name%20slug%20image
2023-07-02T04:30:25.543Z ::1 POST /api/v1/cart
2023-07-02T04:30:25.661Z ::1 GET /api/v1/brands?fields=name%20slug%20image&isHidden=0
2023-07-02T04:30:25.711Z ::1 GET /api/v1/discounts?fields=name,desc,code,beginDate,endDate,quantity,unlimitedQty,discount,discountType,minimumTotal,maximumApplied,image
2023-07-02T04:30:25.872Z ::1 GET /?fields=name%20slug%20image (304)
2023-07-02T04:30:25.942Z ::1 GET /search/suggest?keyword= (304)
2023-07-02T04:30:25.952Z ::1 GET /api/v1/products/search/suggest?keyword=
2023-07-02T04:30:25.973Z ::1 GET /search/suggest?keyword= (304)
2023-07-02T04:30:26.005Z ::1 GET /?fields=name%20slug%20image&isHidden=0 (304)
2023-07-02T04:30:26.047Z ::1 GET /?fields=name,desc,code,beginDate,endDate,quantity,unlimitedQty,discount,discountType,minimumTotal,maximumApplied,image (304)
2023-07-02T04:30:26.071Z ::1 POST / (200)
2023-07-02T04:30:26.756Z ::1 GET /api/v1/products?search=&page=1&limit=20&b=&c=
2023-07-02T04:30:27.371Z ::1 GET /?search=&page=1&limit=20&b=&c= (200)
2023-07-02T04:31:37.755Z ::1 GET /api/v1/account
2023-07-02T04:31:37.789Z ::1 GET / (304)
2023-07-02T04:31:38.258Z ::1 POST /api/v1/cart
2023-07-02T04:31:38.271Z ::1 GET /api/v1/products/search/suggest?keyword=
2023-07-02T04:31:38.278Z ::1 GET /api/v1/brands?fields=name%20slug%20image&isHidden=0
2023-07-02T04:31:38.284Z ::1 GET /api/v1/discounts?fields=name,desc,code,beginDate,endDate,quantity,unlimitedQty,discount,discountType,minimumTotal,maximumApplied,image
2023-07-02T04:31:38.293Z ::1 GET /api/v1/categories?fields=name%20slug%20image
2023-07-02T04:31:38.373Z ::1 GET /?fields=name,desc,code,beginDate,endDate,quantity,unlimitedQty,discount,discountType,minimumTotal,maximumApplied,image (304)
2023-07-02T04:31:38.387Z ::1 GET /?fields=name%20slug%20image&isHidden=0 (304)
2023-07-02T04:31:38.409Z ::1 GET /search/suggest?keyword= (304)
2023-07-02T04:31:38.430Z ::1 GET /?fields=name%20slug%20image (304)
2023-07-02T04:31:38.433Z ::1 POST / (200)
2023-07-02T04:31:38.443Z ::1 GET /api/v1/products/search/suggest?keyword=
2023-07-02T04:31:38.580Z ::1 GET /search/suggest?keyword= (304)
2023-07-02T04:31:39.170Z ::1 GET /api/v1/products?search=&page=1&limit=20&b=&c=
2023-07-02T04:31:39.980Z ::1 GET /?search=&page=1&limit=20&b=&c= (304)
2023-07-02T04:32:36.015Z ::1 GET /api/v1/products/xiaomi-pad-11?fields=_id%20name%20slug%20desc%20video%20overSpecs%20policies%20detailSpecs%20origin%20category%20brand%20tags%20views%20rate%20variants%20quantity%20warrantyPeriod%20isHide%20createdAt%20updatedAt
2023-07-02T04:32:36.202Z ::1 GET /xiaomi-pad-11?fields=_id%20name%20slug%20desc%20video%20overSpecs%20policies%20detailSpecs%20origin%20category%20brand%20tags%20views%20rate%20variants%20quantity%20warrantyPeriod%20isHide%20createdAt%20updatedAt (200)
2023-07-02T04:32:37.747Z ::1 POST /api/v1/user-behavior
2023-07-02T04:32:37.752Z ::1 POST / (200)
2023-07-02T04:32:51.733Z ::1 GET /api/v1/categories?fields=_id%20name%20slug
2023-07-02T04:32:51.739Z ::1 GET /api/v1/products?search=&c=&b=&page=1&limit=10&sort=asc&sortBy=default&getBrandFilter=1&getCategoryFilter=1&isShowHidden=0&fullTextSearch=1
2023-07-02T04:32:51.765Z ::1 GET /?fields=_id%20name%20slug (304)
2023-07-02T04:32:52.301Z ::1 GET /?search=&c=&b=&page=1&limit=10&sort=asc&sortBy=default&getBrandFilter=1&getCategoryFilter=1&isShowHidden=0&fullTextSearch=1 (200)
2023-07-02T04:32:52.311Z ::1 GET /api/v1/brands?fields=_id%20name%20slug&isHidden=undefined
2023-07-02T04:32:52.330Z ::1 GET /?fields=_id%20name%20slug&isHidden=undefined (200)
2023-07-02T04:32:52.790Z ::1 GET /api/v1/products?search=&c=6482bc49e5302aece9f4d21c&b=&page=1&limit=10&sort=asc&sortBy=default&getBrandFilter=1&getCategoryFilter=1&isShowHidden=0&fullTextSearch=1
2023-07-02T04:32:52.836Z ::1 GET /?search=&c=6482bc49e5302aece9f4d21c&b=&page=1&limit=10&sort=asc&sortBy=default&getBrandFilter=1&getCategoryFilter=1&isShowHidden=0&fullTextSearch=1 (200)
2023-07-02T04:33:05.383Z ::1 GET /api/v1/products?search=&c=6482ba75e5302aece9f4d20c&b=&page=1&limit=10&sort=asc&sortBy=default&getBrandFilter=1&getCategoryFilter=1&isShowHidden=0&fullTextSearch=1
2023-07-02T04:33:05.896Z ::1 GET /?search=&c=6482ba75e5302aece9f4d20c&b=&page=1&limit=10&sort=asc&sortBy=default&getBrandFilter=1&getCategoryFilter=1&isShowHidden=0&fullTextSearch=1 (200)
2023-07-02T04:33:15.099Z ::1 GET /api/v1/account
2023-07-02T04:33:15.123Z ::1 GET / (304)
2023-07-02T04:33:16.377Z ::1 GET /api/v1/account
2023-07-02T04:33:16.405Z ::1 GET / (304)
2023-07-02T04:33:16.868Z ::1 POST /api/v1/cart
2023-07-02T04:33:16.899Z ::1 POST / (200)
2023-07-02T04:33:18.574Z ::1 GET /api/v1/products?search=&b=&c=
2023-07-02T04:33:18.583Z ::1 GET /api/v1/brands
2023-07-02T04:33:18.598Z ::1 GET /api/v1/users/customer
2023-07-02T04:33:18.647Z ::1 GET /api/v1/products/all
2023-07-02T04:33:18.652Z ::1 GET /api/v1/categories
2023-07-02T04:33:18.660Z ::1 GET /api/v1/orders/manager/?search=&status=&paymentStatus=&page=1&limit=100000
2023-07-02T04:33:18.682Z ::1 GET /customer (304)
2023-07-02T04:33:18.793Z ::1 GET / (304)
2023-07-02T04:33:18.816Z ::1 GET / (304)
2023-07-02T04:33:19.902Z ::1 GET /all (200)
2023-07-02T04:33:20.580Z ::1 GET /?search=&b=&c= (200)
2023-07-02T04:33:20.598Z ::1 GET /api/v1/products?search=&b=&c=
2023-07-02T04:33:20.618Z ::1 GET /manager/?search=&status=&paymentStatus=&page=1&limit=100000 (304)
2023-07-02T04:33:20.642Z ::1 GET /api/v1/orders/manager/?search=&status=&paymentStatus=&page=1&limit=100000
2023-07-02T04:33:20.694Z ::1 GET /manager/?search=&status=&paymentStatus=&page=1&limit=100000 (304)
2023-07-02T04:33:21.195Z ::1 GET /?search=&b=&c= (304)
2023-07-02T04:33:21.209Z ::1 GET /api/v1/products/all
2023-07-02T04:33:21.634Z ::1 GET /all (304)
2023-07-02T04:33:21.821Z ::1 GET /api/v1/products/all
2023-07-02T04:33:22.247Z ::1 GET /all (304)
2023-07-02T04:33:27.515Z ::1 GET /api/v1/products?search=&c=&b=&page=1&limit=5&sort=desc&sortBy=createdAt&getBrandFilter=1&getCategoryFilter=1&isShowHidden=0
2023-07-02T04:33:27.781Z ::1 GET /?search=&c=&b=&page=1&limit=5&sort=desc&sortBy=createdAt&getBrandFilter=1&getCategoryFilter=1&isShowHidden=0 (200)
2023-07-02T04:33:32.034Z ::1 DELETE /api/v1/products/6493bf9bac9d289f22575a9d
2023-07-02T04:33:32.149Z ::1 DELETE /6493bf9bac9d289f22575a9d (200)
2023-07-02T04:33:32.316Z ::1 GET /api/v1/products?search=&c=&b=&page=1&limit=5&sort=desc&sortBy=createdAt&getBrandFilter=1&getCategoryFilter=1&isShowHidden=0
2023-07-02T04:33:32.502Z ::1 GET /?search=&c=&b=&page=1&limit=5&sort=desc&sortBy=createdAt&getBrandFilter=1&getCategoryFilter=1&isShowHidden=0 (200)
2023-07-02T04:35:43.888Z ::1 GET /api/v1/account
2023-07-02T04:35:43.991Z ::1 GET / (304)
2023-07-02T04:35:46.009Z ::1 POST /api/v1/cart
2023-07-02T04:35:46.139Z ::1 POST / (200)
2023-07-02T04:35:47.590Z ::1 GET /api/v1/products?search=&c=&b=&page=1&limit=5&sort=desc&sortBy=createdAt&getBrandFilter=1&getCategoryFilter=1&isShowHidden=0
2023-07-02T04:35:47.976Z ::1 GET /?search=&c=&b=&page=1&limit=5&sort=desc&sortBy=createdAt&getBrandFilter=1&getCategoryFilter=1&isShowHidden=0 (304)
2023-07-02T04:35:52.327Z ::1 PATCH /api/v1/products/64928473cfa854582296025b/toggleHide
2023-07-02T04:35:52.469Z ::1 PATCH /64928473cfa854582296025b/toggleHide (200)
2023-07-02T04:35:55.590Z ::1 PATCH /api/v1/products/64928473cfa854582296025b/toggleHide
2023-07-02T04:35:55.684Z ::1 PATCH /64928473cfa854582296025b/toggleHide (200)
2023-07-02T04:36:02.908Z ::1 DELETE /api/v1/products/64928473cfa854582296025b
2023-07-02T04:36:03.037Z ::1 DELETE /64928473cfa854582296025b (200)
2023-07-02T04:36:03.288Z ::1 GET /api/v1/products?search=&c=&b=&page=1&limit=5&sort=desc&sortBy=createdAt&getBrandFilter=1&getCategoryFilter=1&isShowHidden=0
2023-07-02T04:36:03.520Z ::1 GET /?search=&c=&b=&page=1&limit=5&sort=desc&sortBy=createdAt&getBrandFilter=1&getCategoryFilter=1&isShowHidden=0 (200)
2023-07-02T04:36:11.699Z ::1 GET /api/v1/products?search=&c=&b=&page=2&limit=5&sort=desc&sortBy=createdAt&getBrandFilter=1&getCategoryFilter=1&isShowHidden=0
2023-07-02T04:36:12.051Z ::1 GET /?search=&c=&b=&page=2&limit=5&sort=desc&sortBy=createdAt&getBrandFilter=1&getCategoryFilter=1&isShowHidden=0 (200)
2023-07-02T04:36:14.186Z ::1 GET /api/v1/products?search=&c=&b=&page=1&limit=5&sort=desc&sortBy=createdAt&getBrandFilter=1&getCategoryFilter=1&isShowHidden=0
2023-07-02T04:36:14.497Z ::1 GET /?search=&c=&b=&page=1&limit=5&sort=desc&sortBy=createdAt&getBrandFilter=1&getCategoryFilter=1&isShowHidden=0 (304)
2023-07-02T04:41:00.176Z ::1 GET /api/v1/account
2023-07-02T04:41:00.197Z ::1 GET / (304)
2023-07-02T04:41:00.488Z ::1 GET /api/v1/products/search/suggest?keyword=
2023-07-02T04:41:00.500Z ::1 GET /api/v1/categories?fields=name%20slug%20image
2023-07-02T04:41:00.506Z ::1 GET /api/v1/brands?fields=name%20slug%20image&isHidden=0
2023-07-02T04:41:00.529Z ::1 GET /?fields=name%20slug%20image (304)
2023-07-02T04:41:00.532Z ::1 POST /api/v1/cart
2023-07-02T04:41:00.541Z ::1 GET /api/v1/discounts?fields=name,desc,code,beginDate,endDate,quantity,unlimitedQty,discount,discountType,minimumTotal,maximumApplied,image
2023-07-02T04:41:00.562Z ::1 POST / (200)
2023-07-02T04:41:00.578Z ::1 GET /?fields=name%20slug%20image&isHidden=0 (304)
2023-07-02T04:41:00.583Z ::1 GET /search/suggest?keyword= (304)
2023-07-02T04:41:00.600Z ::1 GET /?fields=name,desc,code,beginDate,endDate,quantity,unlimitedQty,discount,discountType,minimumTotal,maximumApplied,image (304)
2023-07-02T04:41:00.605Z ::1 GET /api/v1/products/search/suggest?keyword=
2023-07-02T04:41:00.629Z ::1 GET /search/suggest?keyword= (304)
2023-07-02T04:41:01.365Z ::1 GET /api/v1/products?search=&page=1&limit=20&b=&c=
2023-07-02T04:41:01.714Z ::1 GET /?search=&page=1&limit=20&b=&c= (200)
2023-07-02T04:41:04.060Z ::1 GET /api/v1/products/iphone-11-quoc-te-like-new-99?fields=_id%20name%20slug%20desc%20video%20overSpecs%20policies%20detailSpecs%20origin%20category%20brand%20tags%20views%20rate%20variants%20quantity%20warrantyPeriod%20isHide%20createdAt%20updatedAt
2023-07-02T04:41:04.122Z ::1 GET /iphone-11-quoc-te-like-new-99?fields=_id%20name%20slug%20desc%20video%20overSpecs%20policies%20detailSpecs%20origin%20category%20brand%20tags%20views%20rate%20variants%20quantity%20warrantyPeriod%20isHide%20createdAt%20updatedAt (200)
2023-07-02T04:41:10.161Z ::1 POST /api/v1/user-behavior
2023-07-02T04:41:10.169Z ::1 POST / (200)
2023-07-02T04:41:17.274Z ::1 GET /api/v1/products?search=&page=1&limit=20&b=&c=
2023-07-02T04:41:17.697Z ::1 GET /?search=&page=1&limit=20&b=&c= (200)
2023-07-02T04:41:20.915Z ::1 GET /api/v1/account
2023-07-02T04:41:20.951Z ::1 GET / (304)
2023-07-02T04:41:21.311Z ::1 GET /api/v1/products/search/suggest?keyword=
2023-07-02T04:41:21.317Z ::1 GET /api/v1/categories?fields=name%20slug%20image
2023-07-02T04:41:21.323Z ::1 POST /api/v1/cart
2023-07-02T04:41:21.333Z ::1 GET /api/v1/brands?fields=name%20slug%20image&isHidden=0
2023-07-02T04:41:21.338Z ::1 GET /api/v1/discounts?fields=name,desc,code,beginDate,endDate,quantity,unlimitedQty,discount,discountType,minimumTotal,maximumApplied,image
2023-07-02T04:41:21.390Z ::1 GET /?fields=name%20slug%20image (304)
2023-07-02T04:41:21.398Z ::1 GET /search/suggest?keyword= (304)
2023-07-02T04:41:21.433Z ::1 GET /?fields=name%20slug%20image&isHidden=0 (304)
2023-07-02T04:41:21.462Z ::1 GET /?fields=name,desc,code,beginDate,endDate,quantity,unlimitedQty,discount,discountType,minimumTotal,maximumApplied,image (304)
2023-07-02T04:41:21.472Z ::1 POST / (200)
2023-07-02T04:41:21.475Z ::1 GET /api/v1/products/search/suggest?keyword=
2023-07-02T04:41:21.518Z ::1 GET /search/suggest?keyword= (304)
2023-07-02T04:41:21.949Z ::1 GET /api/v1/products?search=&page=1&limit=20&b=&c=
2023-07-02T04:41:22.345Z ::1 GET /?search=&page=1&limit=20&b=&c= (304)
2023-07-02T04:41:24.313Z ::1 GET /api/v1/categories?fields=_id%20name%20slug
2023-07-02T04:41:24.321Z ::1 GET /api/v1/products?search=&c=&b=&page=1&limit=10&sort=asc&sortBy=default&getBrandFilter=1&getCategoryFilter=1&isShowHidden=0&fullTextSearch=1
2023-07-02T04:41:24.341Z ::1 GET /?fields=_id%20name%20slug (304)
2023-07-02T04:41:24.388Z ::1 GET /api/v1/brands?fields=_id%20name%20slug&isHidden=undefined
2023-07-02T04:41:24.431Z ::1 GET /?fields=_id%20name%20slug&isHidden=undefined (304)
2023-07-02T04:41:24.805Z ::1 GET /?search=&c=&b=&page=1&limit=10&sort=asc&sortBy=default&getBrandFilter=1&getCategoryFilter=1&isShowHidden=0&fullTextSearch=1 (200)
2023-07-02T04:41:24.995Z ::1 GET /api/v1/products?search=&c=&b=6482c01fe5302aece9f4d327&page=1&limit=10&sort=asc&sortBy=default&getBrandFilter=1&getCategoryFilter=1&isShowHidden=0&fullTextSearch=1
2023-07-02T04:41:25.512Z ::1 GET /?search=&c=&b=6482c01fe5302aece9f4d327&page=1&limit=10&sort=asc&sortBy=default&getBrandFilter=1&getCategoryFilter=1&isShowHidden=0&fullTextSearch=1 (200)
2023-07-02T04:44:10.952Z ::1 POST /api/v1/user-behavior
2023-07-02T04:44:11.024Z ::1 POST / (200)
2023-07-02T04:44:21.271Z ::1 GET /api/v1/products/iphone-11-quoc-te-like-new-99?fields=_id%20name%20slug%20desc%20video%20overSpecs%20policies%20detailSpecs%20origin%20category%20brand%20tags%20views%20rate%20variants%20quantity%20warrantyPeriod%20isHide%20createdAt%20updatedAt
2023-07-02T04:44:21.461Z ::1 GET /iphone-11-quoc-te-like-new-99?fields=_id%20name%20slug%20desc%20video%20overSpecs%20policies%20detailSpecs%20origin%20category%20brand%20tags%20views%20rate%20variants%20quantity%20warrantyPeriod%20isHide%20createdAt%20updatedAt (200)
2023-07-02T04:45:17.179Z ::1 GET /api/v1/products?search=&page=1&limit=20&b=&c=
2023-07-02T04:45:17.908Z ::1 GET /?search=&page=1&limit=20&b=&c= (200)
2023-07-02T04:45:21.921Z ::1 GET /api/v1/account
2023-07-02T04:45:21.958Z ::1 GET / (304)
2023-07-02T04:45:23.108Z ::1 GET /api/v1/products/search/suggest?keyword=
2023-07-02T04:45:23.123Z ::1 GET /api/v1/categories?fields=name%20slug%20image
2023-07-02T04:45:23.131Z ::1 GET /api/v1/brands?fields=name%20slug%20image&isHidden=0
2023-07-02T04:45:23.143Z ::1 GET /api/v1/discounts?fields=name,desc,code,beginDate,endDate,quantity,unlimitedQty,discount,discountType,minimumTotal,maximumApplied,image
2023-07-02T04:45:23.170Z ::1 POST /api/v1/cart
2023-07-02T04:45:23.269Z ::1 GET /?fields=name%20slug%20image (304)
2023-07-02T04:45:23.299Z ::1 GET /?fields=name,desc,code,beginDate,endDate,quantity,unlimitedQty,discount,discountType,minimumTotal,maximumApplied,image (304)
2023-07-02T04:45:23.311Z ::1 GET /?fields=name%20slug%20image&isHidden=0 (304)
2023-07-02T04:45:23.369Z ::1 POST / (200)
2023-07-02T04:45:23.498Z ::1 GET /search/suggest?keyword= (304)
2023-07-02T04:45:23.554Z ::1 GET /api/v1/products/search/suggest?keyword=
2023-07-02T04:45:23.569Z ::1 GET /search/suggest?keyword= (304)
2023-07-02T04:45:24.555Z ::1 GET /api/v1/products?search=&page=1&limit=20&b=&c=
2023-07-02T04:45:25.194Z ::1 GET /?search=&page=1&limit=20&b=&c= (304)
2023-07-02T04:45:28.917Z ::1 GET /api/v1/products/iphone-11?fields=_id%20name%20slug%20desc%20video%20overSpecs%20policies%20detailSpecs%20origin%20category%20brand%20tags%20views%20rate%20variants%20quantity%20warrantyPeriod%20isHide%20createdAt%20updatedAt
2023-07-02T04:45:29.263Z ::1 GET /iphone-11?fields=_id%20name%20slug%20desc%20video%20overSpecs%20policies%20detailSpecs%20origin%20category%20brand%20tags%20views%20rate%20variants%20quantity%20warrantyPeriod%20isHide%20createdAt%20updatedAt (200)
2023-07-02T04:45:31.891Z ::1 POST /api/v1/user-behavior
2023-07-02T04:45:31.897Z ::1 POST / (200)
2023-07-02T04:50:49.561Z ::1 GET /api/v1/account
2023-07-02T04:50:49.796Z ::1 GET / (304)
2023-07-02T04:50:51.364Z ::1 GET /api/v1/products/search/suggest?keyword=
2023-07-02T04:50:51.380Z ::1 GET /api/v1/categories?fields=name%20slug%20image
2023-07-02T04:50:51.400Z ::1 GET /api/v1/brands?fields=name%20slug%20image&isHidden=0
2023-07-02T04:50:51.424Z ::1 POST /api/v1/cart
2023-07-02T04:50:51.461Z ::1 GET /api/v1/discounts?fields=name,desc,code,beginDate,endDate,quantity,unlimitedQty,discount,discountType,minimumTotal,maximumApplied,image
2023-07-02T04:50:51.653Z ::1 GET /?fields=name%20slug%20image (304)
2023-07-02T04:50:51.687Z ::1 GET /?fields=name%20slug%20image&isHidden=0 (304)
2023-07-02T04:50:51.717Z ::1 GET /?fields=name,desc,code,beginDate,endDate,quantity,unlimitedQty,discount,discountType,minimumTotal,maximumApplied,image (304)
2023-07-02T04:50:51.779Z ::1 POST / (200)
2023-07-02T04:50:51.783Z ::1 GET /search/suggest?keyword= (304)
2023-07-02T04:50:51.820Z ::1 GET /api/v1/products/search/suggest?keyword=
2023-07-02T04:50:51.857Z ::1 GET /search/suggest?keyword= (304)
2023-07-02T04:50:53.008Z ::1 GET /api/v1/products/iphone-11?fields=_id%20name%20slug%20desc%20video%20overSpecs%20policies%20detailSpecs%20origin%20category%20brand%20tags%20views%20rate%20variants%20quantity%20warrantyPeriod%20isHide%20createdAt%20updatedAt
2023-07-02T04:50:53.469Z ::1 GET /iphone-11?fields=_id%20name%20slug%20desc%20video%20overSpecs%20policies%20detailSpecs%20origin%20category%20brand%20tags%20views%20rate%20variants%20quantity%20warrantyPeriod%20isHide%20createdAt%20updatedAt (200)
2023-07-02T04:51:36.499Z ::1 GET /api/v1/account
2023-07-02T04:51:36.557Z ::1 GET / (304)
2023-07-02T04:51:38.024Z ::1 POST /api/v1/cart
2023-07-02T04:51:38.039Z ::1 GET /api/v1/products/search/suggest?keyword=
2023-07-02T04:51:38.060Z ::1 GET /api/v1/discounts?fields=name,desc,code,beginDate,endDate,quantity,unlimitedQty,discount,discountType,minimumTotal,maximumApplied,image
2023-07-02T04:51:38.067Z ::1 GET /api/v1/categories?fields=name%20slug%20image
2023-07-02T04:51:38.072Z ::1 GET /api/v1/brands?fields=name%20slug%20image&isHidden=0
2023-07-02T04:51:38.132Z ::1 GET /search/suggest?keyword= (304)
2023-07-02T04:51:38.193Z ::1 GET /?fields=name,desc,code,beginDate,endDate,quantity,unlimitedQty,discount,discountType,minimumTotal,maximumApplied,image (304)
2023-07-02T04:51:38.213Z ::1 GET /?fields=name%20slug%20image (304)
2023-07-02T04:51:38.276Z ::1 GET /api/v1/products/search/suggest?keyword=
2023-07-02T04:51:38.367Z ::1 GET /?fields=name%20slug%20image&isHidden=0 (304)
2023-07-02T04:51:38.371Z ::1 POST / (200)
2023-07-02T04:51:38.464Z ::1 GET /search/suggest?keyword= (304)
2023-07-02T04:51:39.666Z ::1 GET /api/v1/products/iphone-11?fields=_id%20name%20slug%20desc%20video%20overSpecs%20policies%20detailSpecs%20origin%20category%20brand%20tags%20views%20rate%20variants%20quantity%20warrantyPeriod%20isHide%20createdAt%20updatedAt
2023-07-02T04:51:40.395Z ::1 GET /iphone-11?fields=_id%20name%20slug%20desc%20video%20overSpecs%20policies%20detailSpecs%20origin%20category%20brand%20tags%20views%20rate%20variants%20quantity%20warrantyPeriod%20isHide%20createdAt%20updatedAt (200)
2023-07-02T04:52:49.698Z ::1 GET /api/v1/account
2023-07-02T04:52:49.822Z ::1 GET / (304)
2023-07-02T04:52:51.691Z ::1 GET /api/v1/products/search/suggest?keyword=
2023-07-02T04:52:51.745Z ::1 GET /api/v1/categories?fields=name%20slug%20image
2023-07-02T04:52:51.772Z ::1 POST /api/v1/cart
2023-07-02T04:52:51.792Z ::1 GET /api/v1/brands?fields=name%20slug%20image&isHidden=0
2023-07-02T04:52:51.803Z ::1 GET /api/v1/discounts?fields=name,desc,code,beginDate,endDate,quantity,unlimitedQty,discount,discountType,minimumTotal,maximumApplied,image
2023-07-02T04:52:51.873Z ::1 GET /?fields=name%20slug%20image (304)
2023-07-02T04:52:51.891Z ::1 GET /?fields=name,desc,code,beginDate,endDate,quantity,unlimitedQty,discount,discountType,minimumTotal,maximumApplied,image (304)
2023-07-02T04:52:51.909Z ::1 GET /?fields=name%20slug%20image&isHidden=0 (304)
2023-07-02T04:52:52.072Z ::1 GET /search/suggest?keyword= (304)
2023-07-02T04:52:52.137Z ::1 GET /api/v1/products/search/suggest?keyword=
2023-07-02T04:52:52.160Z ::1 POST / (200)
2023-07-02T04:52:52.172Z ::1 GET /search/suggest?keyword= (304)
2023-07-02T04:52:53.325Z ::1 GET /api/v1/products/iphone-11?fields=_id%20name%20slug%20desc%20video%20overSpecs%20policies%20detailSpecs%20origin%20category%20brand%20tags%20views%20rate%20variants%20quantity%20warrantyPeriod%20isHide%20createdAt%20updatedAt
2023-07-02T04:52:53.896Z ::1 GET /iphone-11?fields=_id%20name%20slug%20desc%20video%20overSpecs%20policies%20detailSpecs%20origin%20category%20brand%20tags%20views%20rate%20variants%20quantity%20warrantyPeriod%20isHide%20createdAt%20updatedAt (200)
2023-07-02T04:53:55.057Z ::1 GET /api/v1/account
2023-07-02T04:53:55.228Z ::1 GET / (304)
2023-07-02T04:53:56.618Z ::1 GET /api/v1/products/search/suggest?keyword=
2023-07-02T04:53:56.652Z ::1 GET /api/v1/categories?fields=name%20slug%20image
2023-07-02T04:53:56.663Z ::1 POST /api/v1/cart
2023-07-02T04:53:56.687Z ::1 GET /api/v1/brands?fields=name%20slug%20image&isHidden=0
2023-07-02T04:53:56.695Z ::1 GET /api/v1/discounts?fields=name,desc,code,beginDate,endDate,quantity,unlimitedQty,discount,discountType,minimumTotal,maximumApplied,image
2023-07-02T04:53:56.736Z ::1 GET /?fields=name%20slug%20image&isHidden=0 (304)
2023-07-02T04:53:56.776Z ::1 GET /?fields=name%20slug%20image (304)
2023-07-02T04:53:56.929Z ::1 GET /?fields=name,desc,code,beginDate,endDate,quantity,unlimitedQty,discount,discountType,minimumTotal,maximumApplied,image (304)
2023-07-02T04:53:56.980Z ::1 GET /search/suggest?keyword= (304)
2023-07-02T04:53:56.990Z ::1 POST / (200)
2023-07-02T04:53:57.057Z ::1 GET /api/v1/products/search/suggest?keyword=
2023-07-02T04:53:57.175Z ::1 GET /search/suggest?keyword= (304)
2023-07-02T04:53:58.356Z ::1 GET /api/v1/products/iphone-11?fields=_id%20name%20slug%20desc%20video%20overSpecs%20policies%20detailSpecs%20origin%20category%20brand%20tags%20views%20rate%20variants%20quantity%20warrantyPeriod%20isHide%20createdAt%20updatedAt
2023-07-02T04:53:58.797Z ::1 GET /iphone-11?fields=_id%20name%20slug%20desc%20video%20overSpecs%20policies%20detailSpecs%20origin%20category%20brand%20tags%20views%20rate%20variants%20quantity%20warrantyPeriod%20isHide%20createdAt%20updatedAt (200)
2023-07-02T04:56:41.125Z ::1 GET /api/v1/account
2023-07-02T04:56:41.153Z ::1 GET / (304)
2023-07-02T04:56:42.040Z ::1 GET /api/v1/account
2023-07-02T04:56:42.056Z ::1 GET / (304)
2023-07-02T04:56:42.394Z ::1 POST /api/v1/cart
2023-07-02T04:56:42.429Z ::1 POST / (200)
2023-07-02T04:56:44.919Z ::1 GET /api/v1/products/search/suggest?keyword=
2023-07-02T04:56:44.930Z ::1 GET /search/suggest?keyword= (304)
2023-07-02T04:56:44.965Z ::1 GET /api/v1/products/search/suggest?keyword=
2023-07-02T04:56:44.974Z ::1 GET /search/suggest?keyword= (304)
2023-07-02T04:56:44.985Z ::1 GET /api/v1/categories?fields=name%20slug%20image
2023-07-02T04:56:45.016Z ::1 GET /?fields=name%20slug%20image (304)
2023-07-02T04:56:45.030Z ::1 GET /api/v1/brands?fields=name%20slug%20image&isHidden=0
2023-07-02T04:56:45.048Z ::1 GET /?fields=name%20slug%20image&isHidden=0 (304)
2023-07-02T04:56:45.075Z ::1 GET /api/v1/discounts?fields=name,desc,code,beginDate,endDate,quantity,unlimitedQty,discount,discountType,minimumTotal,maximumApplied,image
2023-07-02T04:56:45.099Z ::1 GET /?fields=name,desc,code,beginDate,endDate,quantity,unlimitedQty,discount,discountType,minimumTotal,maximumApplied,image (304)
2023-07-02T04:56:45.132Z ::1 POST /api/v1/cart
2023-07-02T04:56:45.158Z ::1 POST / (200)
2023-07-02T04:56:47.317Z ::1 GET /api/v1/products?search=&c=&b=&page=1&limit=5&sort=desc&sortBy=createdAt&getBrandFilter=1&getCategoryFilter=1&isShowHidden=0
2023-07-02T04:56:47.574Z ::1 GET /?search=&c=&b=&page=1&limit=5&sort=desc&sortBy=createdAt&getBrandFilter=1&getCategoryFilter=1&isShowHidden=0 (200)
2023-07-02T04:56:51.056Z ::1 GET /api/v1/products/iphone-11?fields=_id%20name%20slug%20desc%20video%20overSpecs%20policies%20detailSpecs%20origin%20category%20brand%20tags%20views%20rate%20variants%20quantity%20warrantyPeriod%20isHide%20createdAt%20updatedAt
2023-07-02T04:56:51.364Z ::1 GET /iphone-11?fields=_id%20name%20slug%20desc%20video%20overSpecs%20policies%20detailSpecs%20origin%20category%20brand%20tags%20views%20rate%20variants%20quantity%20warrantyPeriod%20isHide%20createdAt%20updatedAt (200)
2023-07-02T04:58:46.758Z ::1 GET /api/v1/account
2023-07-02T04:58:46.823Z ::1 GET / (304)
2023-07-02T04:58:50.463Z ::1 GET /api/v1/products/search/suggest?keyword=
2023-07-02T04:58:50.470Z ::1 GET /api/v1/categories?fields=name%20slug%20image
2023-07-02T04:58:50.495Z ::1 GET /api/v1/brands?fields=name%20slug%20image&isHidden=0
2023-07-02T04:58:50.499Z ::1 GET /api/v1/discounts?fields=name,desc,code,beginDate,endDate,quantity,unlimitedQty,discount,discountType,minimumTotal,maximumApplied,image
2023-07-02T04:58:50.518Z ::1 POST /api/v1/cart
2023-07-02T04:58:50.629Z ::1 GET /?fields=name%20slug%20image&isHidden=0 (304)
2023-07-02T04:58:50.684Z ::1 GET /?fields=name%20slug%20image (304)
2023-07-02T04:58:50.705Z ::1 GET /?fields=name,desc,code,beginDate,endDate,quantity,unlimitedQty,discount,discountType,minimumTotal,maximumApplied,image (304)
2023-07-02T04:58:50.717Z ::1 GET /search/suggest?keyword= (304)
2023-07-02T04:58:50.730Z ::1 GET /api/v1/products/search/suggest?keyword=
2023-07-02T04:58:50.743Z ::1 GET /search/suggest?keyword= (304)
2023-07-02T04:58:50.749Z ::1 POST / (200)
2023-07-02T04:58:54.926Z ::1 GET /api/v1/products/iphone-11?fields=_id%20name%20slug%20desc%20video%20overSpecs%20policies%20detailSpecs%20origin%20category%20brand%20tags%20views%20rate%20variants%20quantity%20warrantyPeriod%20isHide%20createdAt%20updatedAt
2023-07-02T04:58:58.094Z ::1 GET /api/v1/account
2023-07-02T04:58:58.118Z ::1 GET / (304)
2023-07-02T04:58:59.596Z ::1 GET /api/v1/products/search/suggest?keyword=
2023-07-02T04:58:59.610Z ::1 GET /api/v1/categories?fields=name%20slug%20image
2023-07-02T04:58:59.617Z ::1 GET /api/v1/brands?fields=name%20slug%20image&isHidden=0
2023-07-02T04:58:59.631Z ::1 POST /api/v1/cart
2023-07-02T04:58:59.659Z ::1 GET /api/v1/discounts?fields=name,desc,code,beginDate,endDate,quantity,unlimitedQty,discount,discountType,minimumTotal,maximumApplied,image
2023-07-02T04:58:59.693Z ::1 GET /?fields=name%20slug%20image&isHidden=0 (304)
2023-07-02T04:58:59.700Z ::1 GET /search/suggest?keyword= (304)
2023-07-02T04:58:59.723Z ::1 GET /?fields=name%20slug%20image (304)
2023-07-02T04:58:59.755Z ::1 GET /api/v1/products/search/suggest?keyword=
2023-07-02T04:58:59.947Z ::1 POST / (200)
2023-07-02T04:58:59.961Z ::1 GET /search/suggest?keyword= (304)
2023-07-02T04:58:59.982Z ::1 GET /?fields=name,desc,code,beginDate,endDate,quantity,unlimitedQty,discount,discountType,minimumTotal,maximumApplied,image (304)
2023-07-02T04:59:01.370Z ::1 GET /api/v1/products/iphone-11?fields=_id%20name%20slug%20desc%20video%20overSpecs%20policies%20detailSpecs%20origin%20category%20brand%20tags%20views%20rate%20variants%20quantity%20warrantyPeriod%20isHide%20createdAt%20updatedAt
2023-07-02T04:59:01.704Z ::1 GET /iphone-11?fields=_id%20name%20slug%20desc%20video%20overSpecs%20policies%20detailSpecs%20origin%20category%20brand%20tags%20views%20rate%20variants%20quantity%20warrantyPeriod%20isHide%20createdAt%20updatedAt (200)
2023-07-02T04:59:39.130Z ::1 GET /api/v1/account
2023-07-02T04:59:39.154Z ::1 GET / (304)
2023-07-02T04:59:40.325Z ::1 GET /api/v1/products/search/suggest?keyword=
2023-07-02T04:59:40.331Z ::1 GET /api/v1/categories?fields=name%20slug%20image
2023-07-02T04:59:40.338Z ::1 GET /api/v1/brands?fields=name%20slug%20image&isHidden=0
2023-07-02T04:59:40.349Z ::1 GET /api/v1/discounts?fields=name,desc,code,beginDate,endDate,quantity,unlimitedQty,discount,discountType,minimumTotal,maximumApplied,image
2023-07-02T04:59:40.357Z ::1 POST /api/v1/cart
2023-07-02T04:59:40.393Z ::1 GET /?fields=name%20slug%20image&isHidden=0 (304)
2023-07-02T04:59:40.430Z ::1 GET /?fields=name%20slug%20image (304)
2023-07-02T04:59:40.442Z ::1 GET /search/suggest?keyword= (304)
2023-07-02T04:59:40.468Z ::1 GET /?fields=name,desc,code,beginDate,endDate,quantity,unlimitedQty,discount,discountType,minimumTotal,maximumApplied,image (304)
2023-07-02T04:59:40.494Z ::1 POST / (200)
2023-07-02T04:59:40.501Z ::1 GET /api/v1/products/search/suggest?keyword=
2023-07-02T04:59:40.529Z ::1 GET /search/suggest?keyword= (304)
2023-07-02T04:59:41.480Z ::1 GET /api/v1/products/iphone-11?fields=_id%20name%20slug%20desc%20video%20overSpecs%20policies%20detailSpecs%20origin%20category%20brand%20tags%20views%20rate%20variants%20quantity%20warrantyPeriod%20isHide%20createdAt%20updatedAt
2023-07-02T04:59:41.776Z ::1 GET /iphone-11?fields=_id%20name%20slug%20desc%20video%20overSpecs%20policies%20detailSpecs%20origin%20category%20brand%20tags%20views%20rate%20variants%20quantity%20warrantyPeriod%20isHide%20createdAt%20updatedAt (200)
2023-07-02T04:59:42.579Z ::1 GET /api/v1/products?search=&page=5&b=6482c01fe5302aece9f4d327&c=6482ba75e5302aece9f4d20c
2023-07-02T04:59:42.629Z ::1 GET /?search=&page=5&b=6482c01fe5302aece9f4d327&c=6482ba75e5302aece9f4d20c (200)
2023-07-02T05:00:19.553Z ::1 GET /api/v1/account
2023-07-02T05:00:19.772Z ::1 GET / (304)
2023-07-02T05:00:23.957Z ::1 GET /api/v1/products/search/suggest?keyword=
2023-07-02T05:00:23.966Z ::1 GET /api/v1/categories?fields=name%20slug%20image
2023-07-02T05:00:23.972Z ::1 GET /api/v1/brands?fields=name%20slug%20image&isHidden=0
2023-07-02T05:00:24.003Z ::1 GET /?fields=name%20slug%20image&isHidden=0 (304)
2023-07-02T05:00:24.022Z ::1 GET /?fields=name%20slug%20image (304)
2023-07-02T05:00:24.038Z ::1 GET /search/suggest?keyword= (304)
2023-07-02T05:00:24.045Z ::1 GET /api/v1/products/search/suggest?keyword=
2023-07-02T05:00:24.056Z ::1 GET /search/suggest?keyword= (304)
2023-07-02T05:00:24.078Z ::1 GET /api/v1/discounts?fields=name,desc,code,beginDate,endDate,quantity,unlimitedQty,discount,discountType,minimumTotal,maximumApplied,image
2023-07-02T05:00:24.102Z ::1 GET /?fields=name,desc,code,beginDate,endDate,quantity,unlimitedQty,discount,discountType,minimumTotal,maximumApplied,image (304)
2023-07-02T05:00:24.152Z ::1 POST /api/v1/cart
2023-07-02T05:00:24.179Z ::1 POST / (200)
2023-07-02T05:00:50.776Z ::1 GET /api/v1/account
2023-07-02T05:00:50.809Z ::1 GET / (304)
2023-07-02T05:00:52.639Z ::1 GET /api/v1/products/search/suggest?keyword=
2023-07-02T05:00:52.647Z ::1 GET /api/v1/categories?fields=name%20slug%20image
2023-07-02T05:00:52.656Z ::1 GET /api/v1/brands?fields=name%20slug%20image&isHidden=0
2023-07-02T05:00:52.684Z ::1 POST /api/v1/cart
2023-07-02T05:00:52.747Z ::1 GET /api/v1/discounts?fields=name,desc,code,beginDate,endDate,quantity,unlimitedQty,discount,discountType,minimumTotal,maximumApplied,image
2023-07-02T05:00:52.848Z ::1 GET /?fields=name%20slug%20image&isHidden=0 (304)
2023-07-02T05:00:52.852Z ::1 GET /search/suggest?keyword= (304)
2023-07-02T05:00:52.874Z ::1 GET /?fields=name%20slug%20image (304)
2023-07-02T05:00:52.877Z ::1 GET /api/v1/products/search/suggest?keyword=
2023-07-02T05:00:53.065Z ::1 GET /?fields=name,desc,code,beginDate,endDate,quantity,unlimitedQty,discount,discountType,minimumTotal,maximumApplied,image (304)
2023-07-02T05:00:53.073Z ::1 GET /search/suggest?keyword= (304)
2023-07-02T05:00:53.176Z ::1 POST / (200)
2023-07-02T05:00:54.557Z ::1 GET /api/v1/products/iphone-11?fields=_id%20name%20slug%20desc%20video%20overSpecs%20policies%20detailSpecs%20origin%20category%20brand%20tags%20views%20rate%20variants%20quantity%20warrantyPeriod%20isHide%20createdAt%20updatedAt
2023-07-02T05:00:55.089Z ::1 GET /iphone-11?fields=_id%20name%20slug%20desc%20video%20overSpecs%20policies%20detailSpecs%20origin%20category%20brand%20tags%20views%20rate%20variants%20quantity%20warrantyPeriod%20isHide%20createdAt%20updatedAt (200)
2023-07-02T05:00:56.169Z ::1 GET /api/v1/products?search=&page=5&b=6482c01fe5302aece9f4d327&c=6482ba75e5302aece9f4d20c
2023-07-02T05:00:56.255Z ::1 GET /?search=&page=5&b=6482c01fe5302aece9f4d327&c=6482ba75e5302aece9f4d20c (304)
2023-07-02T05:02:11.751Z ::1 GET /api/v1/products?search=&page=5&b=6482c01fe5302aece9f4d327&c=6482ba75e5302aece9f4d20c
2023-07-02T05:02:11.774Z ::1 GET /?search=&page=5&b=6482c01fe5302aece9f4d327&c=6482ba75e5302aece9f4d20c (200)
2023-07-02T05:03:09.420Z ::1 GET /api/v1/products?search=&page=0&b=6482c01fe5302aece9f4d327&c=6482ba75e5302aece9f4d20c
2023-07-02T05:03:09.835Z ::1 GET /?search=&page=0&b=6482c01fe5302aece9f4d327&c=6482ba75e5302aece9f4d20c (200)
2023-07-02T05:03:13.074Z ::1 GET /api/v1/account
2023-07-02T05:03:13.108Z ::1 GET / (304)
2023-07-02T05:03:15.050Z ::1 POST /api/v1/cart
2023-07-02T05:03:15.089Z ::1 GET /api/v1/products/search/suggest?keyword=
2023-07-02T05:03:15.100Z ::1 GET /api/v1/categories?fields=name%20slug%20image
2023-07-02T05:03:15.108Z ::1 GET /api/v1/brands?fields=name%20slug%20image&isHidden=0
2023-07-02T05:03:15.116Z ::1 GET /api/v1/discounts?fields=name,desc,code,beginDate,endDate,quantity,unlimitedQty,discount,discountType,minimumTotal,maximumApplied,image
2023-07-02T05:03:15.212Z ::1 GET /?fields=name%20slug%20image (304)
2023-07-02T05:03:15.228Z ::1 GET /?fields=name%20slug%20image&isHidden=0 (304)
2023-07-02T05:03:15.243Z ::1 GET /?fields=name,desc,code,beginDate,endDate,quantity,unlimitedQty,discount,discountType,minimumTotal,maximumApplied,image (304)
2023-07-02T05:03:15.373Z ::1 POST / (200)
2023-07-02T05:03:15.376Z ::1 GET /search/suggest?keyword= (304)
2023-07-02T05:03:15.390Z ::1 GET /api/v1/products/search/suggest?keyword=
2023-07-02T05:03:15.413Z ::1 GET /search/suggest?keyword= (304)
2023-07-02T05:03:16.889Z ::1 GET /api/v1/products/iphone-11?fields=_id%20name%20slug%20desc%20video%20overSpecs%20policies%20detailSpecs%20origin%20category%20brand%20tags%20views%20rate%20variants%20quantity%20warrantyPeriod%20isHide%20createdAt%20updatedAt
2023-07-02T05:03:17.504Z ::1 GET /iphone-11?fields=_id%20name%20slug%20desc%20video%20overSpecs%20policies%20detailSpecs%20origin%20category%20brand%20tags%20views%20rate%20variants%20quantity%20warrantyPeriod%20isHide%20createdAt%20updatedAt (200)
2023-07-02T05:03:18.577Z ::1 GET /api/v1/products?search=&page=0&limit=5&b=6482c01fe5302aece9f4d327&c=6482ba75e5302aece9f4d20c
2023-07-02T05:03:18.945Z ::1 GET /?search=&page=0&limit=5&b=6482c01fe5302aece9f4d327&c=6482ba75e5302aece9f4d20c (200)
2023-07-02T05:04:56.752Z ::1 GET /api/v1/account
2023-07-02T05:04:56.894Z ::1 GET / (304)
2023-07-02T05:04:58.717Z ::1 POST /api/v1/cart
2023-07-02T05:04:58.769Z ::1 GET /api/v1/products/search/suggest?keyword=
2023-07-02T05:04:58.774Z ::1 GET /api/v1/brands?fields=name%20slug%20image&isHidden=0
2023-07-02T05:04:58.778Z ::1 GET /api/v1/categories?fields=name%20slug%20image
2023-07-02T05:04:58.784Z ::1 GET /api/v1/discounts?fields=name,desc,code,beginDate,endDate,quantity,unlimitedQty,discount,discountType,minimumTotal,maximumApplied,image
2023-07-02T05:04:58.990Z ::1 GET /?fields=name,desc,code,beginDate,endDate,quantity,unlimitedQty,discount,discountType,minimumTotal,maximumApplied,image (304)
2023-07-02T05:04:59.035Z ::1 POST / (200)
2023-07-02T05:04:59.055Z ::1 GET /?fields=name%20slug%20image (304)
2023-07-02T05:04:59.070Z ::1 GET /?fields=name%20slug%20image&isHidden=0 (304)
2023-07-02T05:04:59.073Z ::1 GET /search/suggest?keyword= (304)
2023-07-02T05:04:59.080Z ::1 GET /api/v1/products/search/suggest?keyword=
2023-07-02T05:04:59.105Z ::1 GET /search/suggest?keyword= (304)
2023-07-02T05:05:00.187Z ::1 GET /api/v1/products/iphone-11?fields=_id%20name%20slug%20desc%20video%20overSpecs%20policies%20detailSpecs%20origin%20category%20brand%20tags%20views%20rate%20variants%20quantity%20warrantyPeriod%20isHide%20createdAt%20updatedAt
2023-07-02T05:05:00.579Z ::1 GET /iphone-11?fields=_id%20name%20slug%20desc%20video%20overSpecs%20policies%20detailSpecs%20origin%20category%20brand%20tags%20views%20rate%20variants%20quantity%20warrantyPeriod%20isHide%20createdAt%20updatedAt (200)
2023-07-02T05:05:01.263Z ::1 GET /api/v1/products?search=&page=0&limit=5&b=6482c01fe5302aece9f4d327&c=6482ba75e5302aece9f4d20c
2023-07-02T05:05:01.566Z ::1 GET /?search=&page=0&limit=5&b=6482c01fe5302aece9f4d327&c=6482ba75e5302aece9f4d20c (200)
2023-07-02T05:05:31.834Z ::1 GET /api/v1/account
2023-07-02T05:05:31.907Z ::1 GET / (304)
2023-07-02T05:05:33.455Z ::1 GET /api/v1/products/search/suggest?keyword=
2023-07-02T05:05:33.463Z ::1 GET /api/v1/categories?fields=name%20slug%20image
2023-07-02T05:05:33.468Z ::1 POST /api/v1/cart
2023-07-02T05:05:33.531Z ::1 GET /api/v1/brands?fields=name%20slug%20image&isHidden=0
2023-07-02T05:05:33.535Z ::1 GET /api/v1/discounts?fields=name,desc,code,beginDate,endDate,quantity,unlimitedQty,discount,discountType,minimumTotal,maximumApplied,image
2023-07-02T05:05:33.640Z ::1 GET /?fields=name%20slug%20image (304)
2023-07-02T05:05:33.645Z ::1 GET /search/suggest?keyword= (304)
2023-07-02T05:05:33.657Z ::1 GET /?fields=name%20slug%20image&isHidden=0 (304)
2023-07-02T05:05:33.745Z ::1 GET /api/v1/products/search/suggest?keyword=
2023-07-02T05:05:33.772Z ::1 POST / (200)
2023-07-02T05:05:33.831Z ::1 GET /search/suggest?keyword= (304)
2023-07-02T05:05:34.004Z ::1 GET /?fields=name,desc,code,beginDate,endDate,quantity,unlimitedQty,discount,discountType,minimumTotal,maximumApplied,image (304)
2023-07-02T05:05:35.157Z ::1 GET /api/v1/products/iphone-11?fields=_id%20name%20slug%20desc%20video%20overSpecs%20policies%20detailSpecs%20origin%20category%20brand%20tags%20views%20rate%20variants%20quantity%20warrantyPeriod%20isHide%20createdAt%20updatedAt
2023-07-02T05:05:35.791Z ::1 GET /iphone-11?fields=_id%20name%20slug%20desc%20video%20overSpecs%20policies%20detailSpecs%20origin%20category%20brand%20tags%20views%20rate%20variants%20quantity%20warrantyPeriod%20isHide%20createdAt%20updatedAt (200)
2023-07-02T05:05:37.089Z ::1 GET /api/v1/products?search=&page=0&limit=5&b=6482c01fe5302aece9f4d327&c=6482ba75e5302aece9f4d20c
2023-07-02T05:05:37.506Z ::1 GET /?search=&page=0&limit=5&b=6482c01fe5302aece9f4d327&c=6482ba75e5302aece9f4d20c (200)
2023-07-02T05:06:50.537Z ::1 GET /api/v1/account
2023-07-02T05:06:50.990Z ::1 GET / (304)
2023-07-02T05:06:53.351Z ::1 GET /api/v1/products/search/suggest?keyword=
2023-07-02T05:06:53.373Z ::1 GET /api/v1/categories?fields=name%20slug%20image
2023-07-02T05:06:53.384Z ::1 POST /api/v1/cart
2023-07-02T05:06:53.394Z ::1 GET /api/v1/discounts?fields=name,desc,code,beginDate,endDate,quantity,unlimitedQty,discount,discountType,minimumTotal,maximumApplied,image
2023-07-02T05:06:53.400Z ::1 GET /api/v1/brands?fields=name%20slug%20image&isHidden=0
2023-07-02T05:06:53.679Z ::1 GET /?fields=name,desc,code,beginDate,endDate,quantity,unlimitedQty,discount,discountType,minimumTotal,maximumApplied,image (304)
2023-07-02T05:06:53.896Z ::1 GET /?fields=name%20slug%20image&isHidden=0 (304)
2023-07-02T05:06:54.018Z ::1 GET /?fields=name%20slug%20image (304)
2023-07-02T05:06:54.072Z ::1 GET /search/suggest?keyword= (304)
2023-07-02T05:06:54.224Z ::1 POST / (200)
2023-07-02T05:06:54.260Z ::1 GET /api/v1/products/search/suggest?keyword=
2023-07-02T05:06:54.299Z ::1 GET /search/suggest?keyword= (304)
2023-07-02T05:06:54.693Z ::1 GET /api/v1/products/iphone-11?fields=_id%20name%20slug%20desc%20video%20overSpecs%20policies%20detailSpecs%20origin%20category%20brand%20tags%20views%20rate%20variants%20quantity%20warrantyPeriod%20isHide%20createdAt%20updatedAt
2023-07-02T05:06:55.021Z ::1 GET /iphone-11?fields=_id%20name%20slug%20desc%20video%20overSpecs%20policies%20detailSpecs%20origin%20category%20brand%20tags%20views%20rate%20variants%20quantity%20warrantyPeriod%20isHide%20createdAt%20updatedAt (200)
2023-07-02T05:06:56.060Z ::1 GET /api/v1/products?search=&page=0&limit=5&b=6482c01fe5302aece9f4d327&c=6482ba75e5302aece9f4d20c
2023-07-02T05:06:56.825Z ::1 GET /?search=&page=0&limit=5&b=6482c01fe5302aece9f4d327&c=6482ba75e5302aece9f4d20c (200)
2023-07-02T05:07:41.401Z ::1 GET /api/v1/account
2023-07-02T05:07:41.552Z ::1 GET / (304)
2023-07-02T05:07:43.841Z ::1 POST /api/v1/cart
2023-07-02T05:07:43.854Z ::1 GET /api/v1/products/search/suggest?keyword=
2023-07-02T05:07:43.860Z ::1 GET /api/v1/categories?fields=name%20slug%20image
2023-07-02T05:07:43.865Z ::1 GET /api/v1/brands?fields=name%20slug%20image&isHidden=0
2023-07-02T05:07:43.878Z ::1 GET /api/v1/discounts?fields=name,desc,code,beginDate,endDate,quantity,unlimitedQty,discount,discountType,minimumTotal,maximumApplied,image
2023-07-02T05:07:43.958Z ::1 GET /?fields=name%20slug%20image (304)
2023-07-02T05:07:43.972Z ::1 GET /?fields=name%20slug%20image&isHidden=0 (304)
2023-07-02T05:07:43.987Z ::1 GET /?fields=name,desc,code,beginDate,endDate,quantity,unlimitedQty,discount,discountType,minimumTotal,maximumApplied,image (304)
2023-07-02T05:07:44.021Z ::1 POST / (200)
2023-07-02T05:07:44.025Z ::1 GET /search/suggest?keyword= (304)
2023-07-02T05:07:44.031Z ::1 GET /api/v1/products/search/suggest?keyword=
2023-07-02T05:07:44.048Z ::1 GET /search/suggest?keyword= (304)
2023-07-02T05:07:45.359Z ::1 GET /api/v1/products/iphone-11?fields=_id%20name%20slug%20desc%20video%20overSpecs%20policies%20detailSpecs%20origin%20category%20brand%20tags%20views%20rate%20variants%20quantity%20warrantyPeriod%20isHide%20createdAt%20updatedAt
2023-07-02T05:07:45.896Z ::1 GET /iphone-11?fields=_id%20name%20slug%20desc%20video%20overSpecs%20policies%20detailSpecs%20origin%20category%20brand%20tags%20views%20rate%20variants%20quantity%20warrantyPeriod%20isHide%20createdAt%20updatedAt (200)
2023-07-02T05:07:46.792Z ::1 GET /api/v1/products?search=&page=0&limit=5&b=6482c01fe5302aece9f4d327&c=6482ba75e5302aece9f4d20c
2023-07-02T05:07:47.260Z ::1 GET /?search=&page=0&limit=5&b=6482c01fe5302aece9f4d327&c=6482ba75e5302aece9f4d20c (200)
2023-07-02T05:07:56.283Z ::1 GET /api/v1/products/search/suggest?keyword=
2023-07-02T05:07:56.299Z ::1 GET /search/suggest?keyword= (304)
2023-07-02T05:07:57.067Z ::1 GET /api/v1/products/search/suggest?keyword=
2023-07-02T05:07:57.075Z ::1 GET /search/suggest?keyword= (304)
2023-07-02T05:08:21.436Z ::1 GET /api/v1/account
2023-07-02T05:08:21.464Z ::1 GET / (304)
2023-07-02T05:08:23.136Z ::1 POST /api/v1/cart
2023-07-02T05:08:23.145Z ::1 GET /api/v1/products/search/suggest?keyword=
2023-07-02T05:08:23.153Z ::1 GET /api/v1/categories?fields=name%20slug%20image
2023-07-02T05:08:23.157Z ::1 GET /api/v1/brands?fields=name%20slug%20image&isHidden=0
2023-07-02T05:08:23.161Z ::1 GET /api/v1/discounts?fields=name,desc,code,beginDate,endDate,quantity,unlimitedQty,discount,discountType,minimumTotal,maximumApplied,image
2023-07-02T05:08:23.263Z ::1 GET /?fields=name,desc,code,beginDate,endDate,quantity,unlimitedQty,discount,discountType,minimumTotal,maximumApplied,image (304)
2023-07-02T05:08:23.314Z ::1 GET /?fields=name%20slug%20image (304)
2023-07-02T05:08:23.320Z ::1 GET /search/suggest?keyword= (304)
2023-07-02T05:08:23.361Z ::1 GET /?fields=name%20slug%20image&isHidden=0 (304)
2023-07-02T05:08:23.383Z ::1 GET /api/v1/products/search/suggest?keyword=
2023-07-02T05:08:23.511Z ::1 POST / (200)
2023-07-02T05:08:23.516Z ::1 GET /search/suggest?keyword= (304)
2023-07-02T05:08:25.206Z ::1 GET /api/v1/products/iphone-11?fields=_id%20name%20slug%20desc%20video%20overSpecs%20policies%20detailSpecs%20origin%20category%20brand%20tags%20views%20rate%20variants%20quantity%20warrantyPeriod%20isHide%20createdAt%20updatedAt
2023-07-02T05:08:25.691Z ::1 GET /iphone-11?fields=_id%20name%20slug%20desc%20video%20overSpecs%20policies%20detailSpecs%20origin%20category%20brand%20tags%20views%20rate%20variants%20quantity%20warrantyPeriod%20isHide%20createdAt%20updatedAt (200)
2023-07-02T05:08:26.666Z ::1 GET /api/v1/products?search=&page=0&limit=5&b=6482c01fe5302aece9f4d327&c=6482ba75e5302aece9f4d20c
2023-07-02T05:08:27.219Z ::1 GET /?search=&page=0&limit=5&b=6482c01fe5302aece9f4d327&c=6482ba75e5302aece9f4d20c (200)
2023-07-02T05:09:23.299Z ::1 GET /api/v1/account
2023-07-02T05:09:23.397Z ::1 GET / (304)
2023-07-02T05:09:26.052Z ::1 POST /api/v1/cart
2023-07-02T05:09:26.086Z ::1 GET /api/v1/products/search/suggest?keyword=
2023-07-02T05:09:26.092Z ::1 GET /api/v1/categories?fields=name%20slug%20image
2023-07-02T05:09:26.098Z ::1 GET /api/v1/brands?fields=name%20slug%20image&isHidden=0
2023-07-02T05:09:26.102Z ::1 GET /api/v1/discounts?fields=name,desc,code,beginDate,endDate,quantity,unlimitedQty,discount,discountType,minimumTotal,maximumApplied,image
2023-07-02T05:09:26.159Z ::1 GET /?fields=name,desc,code,beginDate,endDate,quantity,unlimitedQty,discount,discountType,minimumTotal,maximumApplied,image (304)
2023-07-02T05:09:26.179Z ::1 GET /?fields=name%20slug%20image (304)
2023-07-02T05:09:26.186Z ::1 GET /search/suggest?keyword= (304)
2023-07-02T05:09:26.202Z ::1 GET /?fields=name%20slug%20image&isHidden=0 (304)
2023-07-02T05:09:26.245Z ::1 GET /api/v1/products/search/suggest?keyword=
2023-07-02T05:09:26.295Z ::1 POST / (200)
2023-07-02T05:09:26.803Z ::1 GET /search/suggest?keyword= (304)
2023-07-02T05:09:29.347Z ::1 GET /api/v1/products/iphone-11?fields=_id%20name%20slug%20desc%20video%20overSpecs%20policies%20detailSpecs%20origin%20category%20brand%20tags%20views%20rate%20variants%20quantity%20warrantyPeriod%20isHide%20createdAt%20updatedAt
2023-07-02T05:09:30.300Z ::1 GET /iphone-11?fields=_id%20name%20slug%20desc%20video%20overSpecs%20policies%20detailSpecs%20origin%20category%20brand%20tags%20views%20rate%20variants%20quantity%20warrantyPeriod%20isHide%20createdAt%20updatedAt (200)
2023-07-02T05:09:31.434Z ::1 GET /api/v1/products?search=&page=0&limit=5&b=6482c01fe5302aece9f4d327&c=6482ba75e5302aece9f4d20c
2023-07-02T05:09:32.689Z ::1 GET /?search=&page=0&limit=5&b=6482c01fe5302aece9f4d327&c=6482ba75e5302aece9f4d20c (200)
2023-07-02T05:09:41.674Z ::1 GET /api/v1/products?search=&page=1&limit=20&b=&c=
2023-07-02T05:09:42.398Z ::1 GET /?search=&page=1&limit=20&b=&c= (200)
2023-07-02T05:09:47.476Z ::1 GET /api/v1/products?search=&page=0&limit=5&b=6482c01fe5302aece9f4d327&c=6482ba75e5302aece9f4d20c
2023-07-02T05:09:47.481Z ::1 GET /api/v1/products/iphone-11-quoc-te-like-new-99?fields=_id%20name%20slug%20desc%20video%20overSpecs%20policies%20detailSpecs%20origin%20category%20brand%20tags%20views%20rate%20variants%20quantity%20warrantyPeriod%20isHide%20createdAt%20updatedAt
2023-07-02T05:09:47.922Z ::1 GET /?search=&page=0&limit=5&b=6482c01fe5302aece9f4d327&c=6482ba75e5302aece9f4d20c (200)
2023-07-02T05:09:47.990Z ::1 GET /iphone-11-quoc-te-like-new-99?fields=_id%20name%20slug%20desc%20video%20overSpecs%20policies%20detailSpecs%20origin%20category%20brand%20tags%20views%20rate%20variants%20quantity%20warrantyPeriod%20isHide%20createdAt%20updatedAt (200)
2023-07-02T05:09:49.223Z ::1 GET /api/v1/products?search=&page=0&limit=5&b=6482c01fe5302aece9f4d327&c=6482ba75e5302aece9f4d20c
2023-07-02T05:09:49.961Z ::1 GET /?search=&page=0&limit=5&b=6482c01fe5302aece9f4d327&c=6482ba75e5302aece9f4d20c (304)
2023-07-02T05:09:53.263Z ::1 POST /api/v1/user-behavior
2023-07-02T05:09:53.272Z ::1 POST / (200)
2023-07-02T05:10:25.642Z ::1 GET /api/v1/categories?fields=_id%20name%20slug
2023-07-02T05:10:25.648Z ::1 GET /api/v1/products?search=&c=&b=&page=1&limit=10&sort=asc&sortBy=default&getBrandFilter=1&getCategoryFilter=1&isShowHidden=0&fullTextSearch=1
2023-07-02T05:10:25.669Z ::1 GET /?fields=_id%20name%20slug (304)
2023-07-02T05:10:26.447Z ::1 GET /?search=&c=&b=&page=1&limit=10&sort=asc&sortBy=default&getBrandFilter=1&getCategoryFilter=1&isShowHidden=0&fullTextSearch=1 (200)
2023-07-02T05:10:26.456Z ::1 GET /api/v1/brands?fields=_id%20name%20slug&isHidden=undefined
2023-07-02T05:10:26.475Z ::1 GET /?fields=_id%20name%20slug&isHidden=undefined (304)
2023-07-02T05:10:27.257Z ::1 GET /api/v1/products?search=&c=6482ba75e5302aece9f4d20c&b=&page=1&limit=10&sort=asc&sortBy=default&getBrandFilter=1&getCategoryFilter=1&isShowHidden=0&fullTextSearch=1
2023-07-02T05:10:27.885Z ::1 GET /?search=&c=6482ba75e5302aece9f4d20c&b=&page=1&limit=10&sort=asc&sortBy=default&getBrandFilter=1&getCategoryFilter=1&isShowHidden=0&fullTextSearch=1 (200)
2023-07-02T05:11:08.328Z ::1 GET /api/v1/products?search=&c=6482ba75e5302aece9f4d20c&b=6482c01fe5302aece9f4d327&page=1&limit=10&sort=asc&sortBy=default&minPrice=0&getBrandFilter=1&getCategoryFilter=1&isShowHidden=0&fullTextSearch=1
2023-07-02T05:11:08.333Z ::1 GET /api/v1/products?search=&c=6482ba75e5302aece9f4d20c&b=6482c01fe5302aece9f4d327&page=1&limit=10&sort=asc&sortBy=default&getBrandFilter=1&getCategoryFilter=1&isShowHidden=0&fullTextSearch=1
2023-07-02T05:11:08.970Z ::1 GET /?search=&c=6482ba75e5302aece9f4d20c&b=6482c01fe5302aece9f4d327&page=1&limit=10&sort=asc&sortBy=default&minPrice=0&getBrandFilter=1&getCategoryFilter=1&isShowHidden=0&fullTextSearch=1 (200)
2023-07-02T05:11:09.324Z ::1 GET /?search=&c=6482ba75e5302aece9f4d20c&b=6482c01fe5302aece9f4d327&page=1&limit=10&sort=asc&sortBy=default&getBrandFilter=1&getCategoryFilter=1&isShowHidden=0&fullTextSearch=1 (200)
2023-07-02T05:12:33.818Z ::1 GET /api/v1/account
2023-07-02T05:12:34.351Z ::1 GET / (304)
2023-07-02T05:12:36.466Z ::1 POST /api/v1/cart
2023-07-02T05:12:36.630Z ::1 GET /api/v1/products/search/suggest?keyword=
2023-07-02T05:12:36.637Z ::1 GET /api/v1/categories?fields=name%20slug%20image
2023-07-02T05:12:36.643Z ::1 GET /api/v1/brands?fields=name%20slug%20image&isHidden=0
2023-07-02T05:12:36.648Z ::1 GET /api/v1/discounts?fields=name,desc,code,beginDate,endDate,quantity,unlimitedQty,discount,discountType,minimumTotal,maximumApplied,image
2023-07-02T05:12:36.921Z ::1 GET /?fields=name%20slug%20image&isHidden=0 (304)
2023-07-02T05:12:36.952Z ::1 GET /?fields=name,desc,code,beginDate,endDate,quantity,unlimitedQty,discount,discountType,minimumTotal,maximumApplied,image (304)
2023-07-02T05:12:37.074Z ::1 GET /?fields=name%20slug%20image (304)
2023-07-02T05:12:37.330Z ::1 GET /search/suggest?keyword= (304)
2023-07-02T05:12:37.342Z ::1 POST / (200)
2023-07-02T05:12:37.428Z ::1 GET /api/v1/products/search/suggest?keyword=
2023-07-02T05:12:37.519Z ::1 GET /search/suggest?keyword= (304)
2023-07-02T05:12:39.383Z ::1 GET /api/v1/categories?fields=_id%20name%20slug
2023-07-02T05:12:39.408Z ::1 GET /api/v1/products?search=&c=&b=&page=1&limit=10&sort=asc&sortBy=default&getBrandFilter=1&getCategoryFilter=1&isShowHidden=0&fullTextSearch=1
2023-07-02T05:12:39.442Z ::1 GET /?fields=_id%20name%20slug (304)
2023-07-02T05:12:40.615Z ::1 GET /?search=&c=&b=&page=1&limit=10&sort=asc&sortBy=default&getBrandFilter=1&getCategoryFilter=1&isShowHidden=0&fullTextSearch=1 (304)
2023-07-02T05:12:40.642Z ::1 GET /api/v1/brands?fields=_id%20name%20slug&isHidden=undefined
2023-07-02T05:12:40.745Z ::1 GET /?fields=_id%20name%20slug&isHidden=undefined (304)
2023-07-02T05:12:41.587Z ::1 GET /api/v1/products?search=&c=6482ba75e5302aece9f4d20c&b=6482c01fe5302aece9f4d327&page=1&limit=10&sort=asc&sortBy=default&getBrandFilter=1&getCategoryFilter=1&isShowHidden=0&fullTextSearch=1
2023-07-02T05:12:42.401Z ::1 GET /?search=&c=6482ba75e5302aece9f4d20c&b=6482c01fe5302aece9f4d327&page=1&limit=10&sort=asc&sortBy=default&getBrandFilter=1&getCategoryFilter=1&isShowHidden=0&fullTextSearch=1 (304)
2023-07-02T05:12:44.383Z ::1 POST /api/v1/user-behavior
2023-07-02T05:12:44.387Z ::1 POST / (200)
2023-07-02T05:12:44.970Z ::1 GET /api/v1/products/iphone-11-quoc-te-like-new-99?fields=_id%20name%20slug%20desc%20video%20overSpecs%20policies%20detailSpecs%20origin%20category%20brand%20tags%20views%20rate%20variants%20quantity%20warrantyPeriod%20isHide%20createdAt%20updatedAt
2023-07-02T05:12:45.188Z ::1 GET /iphone-11-quoc-te-like-new-99?fields=_id%20name%20slug%20desc%20video%20overSpecs%20policies%20detailSpecs%20origin%20category%20brand%20tags%20views%20rate%20variants%20quantity%20warrantyPeriod%20isHide%20createdAt%20updatedAt (200)
2023-07-02T05:12:46.353Z ::1 GET /api/v1/products?search=&page=0&limit=5&b=6482c01fe5302aece9f4d327&c=6482ba75e5302aece9f4d20c
2023-07-02T05:12:47.132Z ::1 GET /?search=&page=0&limit=5&b=6482c01fe5302aece9f4d327&c=6482ba75e5302aece9f4d20c (200)
2023-07-02T05:13:00.290Z ::1 GET /api/v1/account
2023-07-02T05:13:00.348Z ::1 GET / (304)
2023-07-02T05:13:02.162Z ::1 POST /api/v1/cart
2023-07-02T05:13:02.175Z ::1 GET /api/v1/products/search/suggest?keyword=
2023-07-02T05:13:02.181Z ::1 GET /api/v1/categories?fields=name%20slug%20image
2023-07-02T05:13:02.186Z ::1 GET /api/v1/brands?fields=name%20slug%20image&isHidden=0
2023-07-02T05:13:02.191Z ::1 GET /api/v1/discounts?fields=name,desc,code,beginDate,endDate,quantity,unlimitedQty,discount,discountType,minimumTotal,maximumApplied,image
2023-07-02T05:13:02.230Z ::1 GET /search/suggest?keyword= (304)
2023-07-02T05:13:02.251Z ::1 GET /?fields=name%20slug%20image (304)
2023-07-02T05:13:02.265Z ::1 GET /?fields=name,desc,code,beginDate,endDate,quantity,unlimitedQty,discount,discountType,minimumTotal,maximumApplied,image (304)
2023-07-02T05:13:02.282Z ::1 GET /?fields=name%20slug%20image&isHidden=0 (304)
2023-07-02T05:13:02.325Z ::1 GET /api/v1/products/search/suggest?keyword=
2023-07-02T05:13:02.359Z ::1 POST / (200)
2023-07-02T05:13:02.376Z ::1 GET /search/suggest?keyword= (304)
2023-07-02T05:13:03.840Z ::1 GET /api/v1/categories?fields=_id%20name%20slug
2023-07-02T05:13:03.856Z ::1 GET /api/v1/products?search=&c=&b=&page=1&limit=10&sort=asc&sortBy=default&getBrandFilter=1&getCategoryFilter=1&isShowHidden=0&fullTextSearch=1
2023-07-02T05:13:03.884Z ::1 GET /?fields=_id%20name%20slug (304)
2023-07-02T05:13:04.110Z ::1 GET /api/v1/brands?fields=_id%20name%20slug&isHidden=undefined
2023-07-02T05:13:04.156Z ::1 GET /?fields=_id%20name%20slug&isHidden=undefined (304)
2023-07-02T05:13:04.523Z ::1 GET /?search=&c=&b=&page=1&limit=10&sort=asc&sortBy=default&getBrandFilter=1&getCategoryFilter=1&isShowHidden=0&fullTextSearch=1 (200)
2023-07-02T05:13:04.704Z ::1 GET /api/v1/products?search=&c=&b=&page=1&limit=10&sort=asc&sortBy=default&getBrandFilter=1&getCategoryFilter=1&isShowHidden=0&fullTextSearch=1
2023-07-02T05:13:05.634Z ::1 GET /?search=&c=&b=&page=1&limit=10&sort=asc&sortBy=default&getBrandFilter=1&getCategoryFilter=1&isShowHidden=0&fullTextSearch=1 (304)
2023-07-02T05:13:19.175Z ::1 GET /api/v1/products?search=&c=6482ba75e5302aece9f4d20c&b=6482c01fe5302aece9f4d327&page=1&limit=10&sort=asc&sortBy=default&minPrice=0&getBrandFilter=1&getCategoryFilter=1&isShowHidden=0&fullTextSearch=1
2023-07-02T05:13:19.178Z ::1 GET /api/v1/products?search=&c=6482ba75e5302aece9f4d20c&b=6482c01fe5302aece9f4d327&page=1&limit=10&sort=asc&sortBy=default&getBrandFilter=1&getCategoryFilter=1&isShowHidden=0&fullTextSearch=1
2023-07-02T05:13:19.724Z ::1 GET /?search=&c=6482ba75e5302aece9f4d20c&b=6482c01fe5302aece9f4d327&page=1&limit=10&sort=asc&sortBy=default&minPrice=0&getBrandFilter=1&getCategoryFilter=1&isShowHidden=0&fullTextSearch=1 (200)
2023-07-02T05:13:21.677Z ::1 GET /?search=&c=6482ba75e5302aece9f4d20c&b=6482c01fe5302aece9f4d327&page=1&limit=10&sort=asc&sortBy=default&getBrandFilter=1&getCategoryFilter=1&isShowHidden=0&fullTextSearch=1 (200)
2023-07-02T05:13:40.282Z ::1 POST /api/v1/user-behavior
2023-07-02T05:13:40.290Z ::1 POST / (200)
2023-07-02T05:13:45.588Z ::1 GET /api/v1/products/iphone-11?fields=_id%20name%20slug%20desc%20video%20overSpecs%20policies%20detailSpecs%20origin%20category%20brand%20tags%20views%20rate%20variants%20quantity%20warrantyPeriod%20isHide%20createdAt%20updatedAt
2023-07-02T05:13:46.031Z ::1 GET /iphone-11?fields=_id%20name%20slug%20desc%20video%20overSpecs%20policies%20detailSpecs%20origin%20category%20brand%20tags%20views%20rate%20variants%20quantity%20warrantyPeriod%20isHide%20createdAt%20updatedAt (200)
2023-07-02T05:13:47.370Z ::1 GET /api/v1/products?search=&page=0&limit=5&b=6482c01fe5302aece9f4d327&c=6482ba75e5302aece9f4d20c
2023-07-02T05:13:47.836Z ::1 GET /?search=&page=0&limit=5&b=6482c01fe5302aece9f4d327&c=6482ba75e5302aece9f4d20c (200)
2023-07-02T05:13:58.239Z ::1 GET /api/v1/account
2023-07-02T05:13:58.298Z ::1 GET / (304)
2023-07-02T05:14:00.230Z ::1 POST /api/v1/cart
2023-07-02T05:14:00.314Z ::1 GET /api/v1/products/search/suggest?keyword=
2023-07-02T05:14:00.322Z ::1 GET /api/v1/categories?fields=name%20slug%20image
2023-07-02T05:14:00.330Z ::1 GET /api/v1/brands?fields=name%20slug%20image&isHidden=0
2023-07-02T05:14:00.338Z ::1 GET /api/v1/discounts?fields=name,desc,code,beginDate,endDate,quantity,unlimitedQty,discount,discountType,minimumTotal,maximumApplied,image
2023-07-02T05:14:00.588Z ::1 GET /?fields=name%20slug%20image (304)
2023-07-02T05:14:00.676Z ::1 GET /?fields=name%20slug%20image&isHidden=0 (304)
2023-07-02T05:14:00.695Z ::1 POST / (200)
2023-07-02T05:14:00.704Z ::1 GET /search/suggest?keyword= (304)
2023-07-02T05:14:00.800Z ::1 GET /?fields=name,desc,code,beginDate,endDate,quantity,unlimitedQty,discount,discountType,minimumTotal,maximumApplied,image (304)
2023-07-02T05:14:00.865Z ::1 GET /api/v1/products/search/suggest?keyword=
2023-07-02T05:14:01.122Z ::1 GET /search/suggest?keyword= (304)
2023-07-02T05:14:02.863Z ::1 GET /api/v1/categories?fields=_id%20name%20slug
2023-07-02T05:14:02.890Z ::1 GET /api/v1/products?search=&c=&b=&page=1&limit=10&sort=asc&sortBy=default&getBrandFilter=1&getCategoryFilter=1&isShowHidden=0&fullTextSearch=1
2023-07-02T05:14:03.071Z ::1 GET /?fields=_id%20name%20slug (304)
2023-07-02T05:14:03.283Z ::1 GET /api/v1/brands?fields=_id%20name%20slug&isHidden=undefined
2023-07-02T05:14:03.316Z ::1 GET /?fields=_id%20name%20slug&isHidden=undefined (304)
2023-07-02T05:14:04.457Z ::1 GET /?search=&c=&b=&page=1&limit=10&sort=asc&sortBy=default&getBrandFilter=1&getCategoryFilter=1&isShowHidden=0&fullTextSearch=1 (200)
2023-07-02T05:14:04.507Z ::1 GET /api/v1/products?search=&c=6482ba75e5302aece9f4d20c&b=6482c01fe5302aece9f4d327&page=1&limit=10&sort=asc&sortBy=default&getBrandFilter=1&getCategoryFilter=1&isShowHidden=0&fullTextSearch=1
2023-07-02T05:14:05.091Z ::1 GET /?search=&c=6482ba75e5302aece9f4d20c&b=6482c01fe5302aece9f4d327&page=1&limit=10&sort=asc&sortBy=default&getBrandFilter=1&getCategoryFilter=1&isShowHidden=0&fullTextSearch=1 (200)
2023-07-02T05:14:10.091Z ::1 GET /api/v1/products?search=&page=1&limit=20&b=&c=
2023-07-02T05:14:11.046Z ::1 GET /?search=&page=1&limit=20&b=&c= (200)
2023-07-02T05:14:21.311Z ::1 GET /api/v1/products/iphone-11-quoc-te-like-new-99?fields=_id%20name%20slug%20desc%20video%20overSpecs%20policies%20detailSpecs%20origin%20category%20brand%20tags%20views%20rate%20variants%20quantity%20warrantyPeriod%20isHide%20createdAt%20updatedAt
2023-07-02T05:14:21.420Z ::1 GET /iphone-11-quoc-te-like-new-99?fields=_id%20name%20slug%20desc%20video%20overSpecs%20policies%20detailSpecs%20origin%20category%20brand%20tags%20views%20rate%20variants%20quantity%20warrantyPeriod%20isHide%20createdAt%20updatedAt (200)
2023-07-02T05:14:21.860Z ::1 GET /api/v1/products?search=&page=0&limit=5&b=6482c01fe5302aece9f4d327&c=6482ba75e5302aece9f4d20c
2023-07-02T05:14:22.370Z ::1 GET /?search=&page=0&limit=5&b=6482c01fe5302aece9f4d327&c=6482ba75e5302aece9f4d20c (200)
2023-07-02T05:14:28.165Z ::1 POST /api/v1/user-behavior
2023-07-02T05:14:28.169Z ::1 POST / (200)
2023-07-02T05:14:31.317Z ::1 GET /api/v1/products?search=&page=1&limit=20&b=&c=
2023-07-02T05:14:31.691Z ::1 GET /?search=&page=1&limit=20&b=&c= (200)
2023-07-02T05:14:34.259Z ::1 GET /api/v1/products/xiaomi-pad-5?fields=_id%20name%20slug%20desc%20video%20overSpecs%20policies%20detailSpecs%20origin%20category%20brand%20tags%20views%20rate%20variants%20quantity%20warrantyPeriod%20isHide%20createdAt%20updatedAt
2023-07-02T05:14:34.269Z ::1 GET /api/v1/products?search=&page=0&limit=5&b=6482c01fe5302aece9f4d327&c=6482ba75e5302aece9f4d20c
2023-07-02T05:14:34.603Z ::1 GET /?search=&page=0&limit=5&b=6482c01fe5302aece9f4d327&c=6482ba75e5302aece9f4d20c (304)
2023-07-02T05:14:34.702Z ::1 GET /xiaomi-pad-5?fields=_id%20name%20slug%20desc%20video%20overSpecs%20policies%20detailSpecs%20origin%20category%20brand%20tags%20views%20rate%20variants%20quantity%20warrantyPeriod%20isHide%20createdAt%20updatedAt (200)
2023-07-02T05:14:36.030Z ::1 GET /api/v1/products?search=&page=0&limit=5&b=6482c0b3e5302aece9f4d340&c=6482bacde5302aece9f4d211
2023-07-02T05:14:36.259Z ::1 GET /?search=&page=0&limit=5&b=6482c0b3e5302aece9f4d340&c=6482bacde5302aece9f4d211 (200)
2023-07-02T05:14:38.166Z ::1 POST /api/v1/user-behavior
2023-07-02T05:14:38.170Z ::1 POST / (200)
2023-07-02T05:14:44.283Z ::1 GET /api/v1/products?search=&page=1&limit=20&b=&c=
2023-07-02T05:14:44.638Z ::1 GET /?search=&page=1&limit=20&b=&c= (200)
2023-07-02T05:14:46.711Z ::1 GET /api/v1/products/iphone-11-quoc-te-like-new-99?fields=_id%20name%20slug%20desc%20video%20overSpecs%20policies%20detailSpecs%20origin%20category%20brand%20tags%20views%20rate%20variants%20quantity%20warrantyPeriod%20isHide%20createdAt%20updatedAt
2023-07-02T05:14:46.724Z ::1 GET /api/v1/products?search=&page=0&limit=5&b=6482c0b3e5302aece9f4d340&c=6482bacde5302aece9f4d211
2023-07-02T05:14:46.798Z ::1 GET /?search=&page=0&limit=5&b=6482c0b3e5302aece9f4d340&c=6482bacde5302aece9f4d211 (304)
2023-07-02T05:14:46.882Z ::1 GET /iphone-11-quoc-te-like-new-99?fields=_id%20name%20slug%20desc%20video%20overSpecs%20policies%20detailSpecs%20origin%20category%20brand%20tags%20views%20rate%20variants%20quantity%20warrantyPeriod%20isHide%20createdAt%20updatedAt (200)
2023-07-02T05:14:48.675Z ::1 GET /api/v1/products?search=&page=0&limit=5&b=6482c01fe5302aece9f4d327&c=6482ba75e5302aece9f4d20c
2023-07-02T05:14:49.400Z ::1 GET /?search=&page=0&limit=5&b=6482c01fe5302aece9f4d327&c=6482ba75e5302aece9f4d20c (200)
2023-07-02T05:14:49.409Z ::1 POST /api/v1/user-behavior
2023-07-02T05:14:49.412Z ::1 POST / (200)
2023-07-02T05:15:34.042Z ::1 GET /api/v1/account
2023-07-02T05:15:34.066Z ::1 GET / (304)
2023-07-02T05:15:35.009Z ::1 POST /api/v1/cart
2023-07-02T05:15:35.022Z ::1 GET /api/v1/products/search/suggest?keyword=
2023-07-02T05:15:35.026Z ::1 GET /api/v1/categories?fields=name%20slug%20image
2023-07-02T05:15:35.031Z ::1 GET /api/v1/brands?fields=name%20slug%20image&isHidden=0
2023-07-02T05:15:35.034Z ::1 GET /api/v1/discounts?fields=name,desc,code,beginDate,endDate,quantity,unlimitedQty,discount,discountType,minimumTotal,maximumApplied,image
2023-07-02T05:15:35.101Z ::1 GET /?fields=name%20slug%20image (304)
2023-07-02T05:15:35.115Z ::1 GET /?fields=name%20slug%20image&isHidden=0 (304)
2023-07-02T05:15:35.117Z ::1 GET /search/suggest?keyword= (304)
2023-07-02T05:15:35.129Z ::1 GET /?fields=name,desc,code,beginDate,endDate,quantity,unlimitedQty,discount,discountType,minimumTotal,maximumApplied,image (304)
2023-07-02T05:15:35.142Z ::1 GET /api/v1/products/search/suggest?keyword=
2023-07-02T05:15:35.156Z ::1 POST / (200)
2023-07-02T05:15:35.165Z ::1 GET /search/suggest?keyword= (304)
2023-07-02T05:15:35.585Z ::1 GET /api/v1/products/iphone-11-quoc-te-like-new-99?fields=_id%20name%20slug%20desc%20video%20overSpecs%20policies%20detailSpecs%20origin%20category%20brand%20tags%20views%20rate%20variants%20quantity%20warrantyPeriod%20isHide%20createdAt%20updatedAt
2023-07-02T05:15:35.677Z ::1 GET /iphone-11-quoc-te-like-new-99?fields=_id%20name%20slug%20desc%20video%20overSpecs%20policies%20detailSpecs%20origin%20category%20brand%20tags%20views%20rate%20variants%20quantity%20warrantyPeriod%20isHide%20createdAt%20updatedAt (200)
2023-07-02T05:15:37.281Z ::1 GET /api/v1/products?search=&page=1&limit=20&b=&c=
2023-07-02T05:15:37.596Z ::1 GET /?search=&page=1&limit=20&b=&c= (200)
2023-07-02T05:15:42.467Z ::1 GET /api/v1/account
2023-07-02T05:15:42.486Z ::1 GET / (304)
2023-07-02T05:15:43.026Z ::1 POST /api/v1/cart
2023-07-02T05:15:43.035Z ::1 GET /api/v1/products/search/suggest?keyword=
2023-07-02T05:15:43.039Z ::1 GET /api/v1/categories?fields=name%20slug%20image
2023-07-02T05:15:43.046Z ::1 GET /api/v1/brands?fields=name%20slug%20image&isHidden=0
2023-07-02T05:15:43.049Z ::1 GET /api/v1/discounts?fields=name,desc,code,beginDate,endDate,quantity,unlimitedQty,discount,discountType,minimumTotal,maximumApplied,image
2023-07-02T05:15:43.109Z ::1 GET /?fields=name%20slug%20image&isHidden=0 (304)
2023-07-02T05:15:43.117Z ::1 GET /search/suggest?keyword= (304)
2023-07-02T05:15:43.129Z ::1 GET /?fields=name,desc,code,beginDate,endDate,quantity,unlimitedQty,discount,discountType,minimumTotal,maximumApplied,image (304)
2023-07-02T05:15:43.141Z ::1 GET /api/v1/products/search/suggest?keyword=
2023-07-02T05:15:43.147Z ::1 POST / (200)
2023-07-02T05:15:43.169Z ::1 GET /?fields=name%20slug%20image (304)
2023-07-02T05:15:43.183Z ::1 GET /search/suggest?keyword= (304)
2023-07-02T05:15:43.764Z ::1 GET /api/v1/products?search=&page=1&limit=20&b=&c=
2023-07-02T05:15:44.467Z ::1 GET /?search=&page=1&limit=20&b=&c= (304)
2023-07-02T05:15:46.388Z ::1 GET /api/v1/products/iphone-11-quoc-te-like-new-99?fields=_id%20name%20slug%20desc%20video%20overSpecs%20policies%20detailSpecs%20origin%20category%20brand%20tags%20views%20rate%20variants%20quantity%20warrantyPeriod%20isHide%20createdAt%20updatedAt
2023-07-02T05:15:46.461Z ::1 GET /iphone-11-quoc-te-like-new-99?fields=_id%20name%20slug%20desc%20video%20overSpecs%20policies%20detailSpecs%20origin%20category%20brand%20tags%20views%20rate%20variants%20quantity%20warrantyPeriod%20isHide%20createdAt%20updatedAt (200)
2023-07-02T05:15:49.185Z ::1 GET /api/v1/products?search=&page=1&limit=20&b=&c=
2023-07-02T05:15:49.624Z ::1 GET /?search=&page=1&limit=20&b=&c= (200)
2023-07-02T05:16:04.326Z ::1 GET /api/v1/account
2023-07-02T05:16:04.350Z ::1 GET / (304)
2023-07-02T05:16:05.251Z ::1 POST /api/v1/cart
2023-07-02T05:16:05.282Z ::1 POST / (200)
2023-07-02T05:16:07.369Z ::1 GET /api/v1/account
2023-07-02T05:16:07.392Z ::1 GET / (304)
2023-07-02T05:16:08.900Z ::1 GET /api/v1/products/search/suggest?keyword=
2023-07-02T05:16:08.920Z ::1 GET /search/suggest?keyword= (304)
2023-07-02T05:16:08.930Z ::1 GET /api/v1/products/search/suggest?keyword=
2023-07-02T05:16:08.948Z ::1 GET /search/suggest?keyword= (304)
2023-07-02T05:16:08.965Z ::1 GET /api/v1/categories?fields=name%20slug%20image
2023-07-02T05:16:08.980Z ::1 GET /api/v1/brands?fields=name%20slug%20image&isHidden=0
2023-07-02T05:16:09.002Z ::1 GET /?fields=name%20slug%20image (304)
2023-07-02T05:16:09.054Z ::1 GET /?fields=name%20slug%20image&isHidden=0 (304)
2023-07-02T05:16:09.077Z ::1 POST /api/v1/cart
2023-07-02T05:16:09.087Z ::1 GET /api/v1/discounts?fields=name,desc,code,beginDate,endDate,quantity,unlimitedQty,discount,discountType,minimumTotal,maximumApplied,image
2023-07-02T05:16:09.101Z ::1 POST / (200)
2023-07-02T05:16:09.117Z ::1 GET /?fields=name,desc,code,beginDate,endDate,quantity,unlimitedQty,discount,discountType,minimumTotal,maximumApplied,image (304)
2023-07-02T05:16:11.510Z ::1 GET /api/v1/products?search=&page=1&limit=20&b=&c=
2023-07-02T05:16:12.053Z ::1 GET /?search=&page=1&limit=20&b=&c= (304)
2023-07-02T05:16:12.849Z ::1 GET /api/v1/products?search=&c=&b=&page=1&limit=5&sort=desc&sortBy=createdAt&getBrandFilter=1&getCategoryFilter=1&isShowHidden=0
2023-07-02T05:16:13.376Z ::1 GET /?search=&c=&b=&page=1&limit=5&sort=desc&sortBy=createdAt&getBrandFilter=1&getCategoryFilter=1&isShowHidden=0 (200)
2023-07-02T05:16:17.481Z ::1 GET /api/v1/products/iphone-11-quoc-te-like-new-99?fields=_id%20name%20slug%20desc%20video%20overSpecs%20policies%20detailSpecs%20origin%20category%20brand%20tags%20views%20rate%20variants%20quantity%20warrantyPeriod%20isHide%20createdAt%20updatedAt
2023-07-02T05:16:17.559Z ::1 GET /iphone-11-quoc-te-like-new-99?fields=_id%20name%20slug%20desc%20video%20overSpecs%20policies%20detailSpecs%20origin%20category%20brand%20tags%20views%20rate%20variants%20quantity%20warrantyPeriod%20isHide%20createdAt%20updatedAt (200)
2023-07-02T05:16:17.597Z ::1 POST /api/v1/user-behavior
2023-07-02T05:16:17.601Z ::1 POST / (200)
2023-07-02T05:16:25.125Z ::1 GET /api/v1/account
2023-07-02T05:16:25.231Z ::1 GET / (304)
2023-07-02T05:16:25.675Z ::1 GET /api/v1/products/search/suggest?keyword=
2023-07-02T05:16:25.690Z ::1 POST /api/v1/cart
2023-07-02T05:16:25.700Z ::1 GET /api/v1/categories?fields=name%20slug%20image
2023-07-02T05:16:25.707Z ::1 GET /api/v1/brands?fields=name%20slug%20image&isHidden=0
2023-07-02T05:16:25.711Z ::1 GET /api/v1/discounts?fields=name,desc,code,beginDate,endDate,quantity,unlimitedQty,discount,discountType,minimumTotal,maximumApplied,image
2023-07-02T05:16:25.717Z ::1 GET /search/suggest?keyword= (304)
2023-07-02T05:16:25.761Z ::1 GET /?fields=name%20slug%20image&isHidden=0 (304)
2023-07-02T05:16:25.958Z ::1 GET /?fields=name%20slug%20image (304)
2023-07-02T05:16:26.069Z ::1 GET /?fields=name,desc,code,beginDate,endDate,quantity,unlimitedQty,discount,discountType,minimumTotal,maximumApplied,image (304)
2023-07-02T05:16:26.082Z ::1 POST / (200)
2023-07-02T05:16:26.100Z ::1 GET /api/v1/products/search/suggest?keyword=
2023-07-02T05:16:26.173Z ::1 GET /search/suggest?keyword= (304)
2023-07-02T05:16:26.282Z ::1 GET /api/v1/products/iphone-11-quoc-te-like-new-99?fields=_id%20name%20slug%20desc%20video%20overSpecs%20policies%20detailSpecs%20origin%20category%20brand%20tags%20views%20rate%20variants%20quantity%20warrantyPeriod%20isHide%20createdAt%20updatedAt
2023-07-02T05:16:26.394Z ::1 GET /iphone-11-quoc-te-like-new-99?fields=_id%20name%20slug%20desc%20video%20overSpecs%20policies%20detailSpecs%20origin%20category%20brand%20tags%20views%20rate%20variants%20quantity%20warrantyPeriod%20isHide%20createdAt%20updatedAt (200)
2023-07-02T05:17:05.756Z ::1 GET /api/v1/account
2023-07-02T05:17:05.780Z ::1 GET / (304)
2023-07-02T05:17:06.350Z ::1 GET /api/v1/products/search/suggest?keyword=
2023-07-02T05:17:06.362Z ::1 GET /search/suggest?keyword= (304)
2023-07-02T05:17:06.371Z ::1 GET /api/v1/products/search/suggest?keyword=
2023-07-02T05:17:06.375Z ::1 GET /api/v1/categories?fields=name%20slug%20image
2023-07-02T05:17:06.389Z ::1 GET /search/suggest?keyword= (304)
2023-07-02T05:17:06.412Z ::1 GET /?fields=name%20slug%20image (304)
2023-07-02T05:17:06.444Z ::1 GET /api/v1/brands?fields=name%20slug%20image&isHidden=0
2023-07-02T05:17:06.469Z ::1 GET /?fields=name%20slug%20image&isHidden=0 (304)
2023-07-02T05:17:06.586Z ::1 GET /api/v1/discounts?fields=name,desc,code,beginDate,endDate,quantity,unlimitedQty,discount,discountType,minimumTotal,maximumApplied,image
2023-07-02T05:17:06.594Z ::1 POST /api/v1/cart
2023-07-02T05:17:06.622Z ::1 GET /?fields=name,desc,code,beginDate,endDate,quantity,unlimitedQty,discount,discountType,minimumTotal,maximumApplied,image (304)
2023-07-02T05:17:06.645Z ::1 POST / (200)
2023-07-02T05:17:12.263Z ::1 GET /api/v1/products/iphone-11-quoc-te-like-new-99?fields=_id%20name%20slug%20desc%20video%20overSpecs%20policies%20detailSpecs%20origin%20category%20brand%20tags%20views%20rate%20variants%20quantity%20warrantyPeriod%20isHide%20createdAt%20updatedAt
2023-07-02T05:17:12.365Z ::1 GET /iphone-11-quoc-te-like-new-99?fields=_id%20name%20slug%20desc%20video%20overSpecs%20policies%20detailSpecs%20origin%20category%20brand%20tags%20views%20rate%20variants%20quantity%20warrantyPeriod%20isHide%20createdAt%20updatedAt (200)
2023-07-02T05:17:13.184Z ::1 GET /api/v1/products?search=&page=0&limit=5&b=6482c01fe5302aece9f4d327&c=6482ba75e5302aece9f4d20c
2023-07-02T05:17:14.259Z ::1 GET /?search=&page=0&limit=5&b=6482c01fe5302aece9f4d327&c=6482ba75e5302aece9f4d20c (200)
2023-07-02T05:17:19.308Z ::1 GET /api/v1/products/iphone-12-pro-max-quoc-te-like-new-99?fields=_id%20name%20slug%20desc%20video%20overSpecs%20policies%20detailSpecs%20origin%20category%20brand%20tags%20views%20rate%20variants%20quantity%20warrantyPeriod%20isHide%20createdAt%20updatedAt
2023-07-02T05:17:19.385Z ::1 GET /iphone-12-pro-max-quoc-te-like-new-99?fields=_id%20name%20slug%20desc%20video%20overSpecs%20policies%20detailSpecs%20origin%20category%20brand%20tags%20views%20rate%20variants%20quantity%20warrantyPeriod%20isHide%20createdAt%20updatedAt (200)
2023-07-02T05:17:19.707Z ::1 GET /api/v1/products?search=&page=0&limit=5&b=6482c01fe5302aece9f4d327&c=6482ba75e5302aece9f4d20c
2023-07-02T05:17:20.041Z ::1 GET /?search=&page=0&limit=5&b=6482c01fe5302aece9f4d327&c=6482ba75e5302aece9f4d20c (200)
2023-07-02T05:17:25.894Z ::1 GET /api/v1/products/iphone-11?fields=_id%20name%20slug%20desc%20video%20overSpecs%20policies%20detailSpecs%20origin%20category%20brand%20tags%20views%20rate%20variants%20quantity%20warrantyPeriod%20isHide%20createdAt%20updatedAt
2023-07-02T05:17:26.200Z ::1 GET /iphone-11?fields=_id%20name%20slug%20desc%20video%20overSpecs%20policies%20detailSpecs%20origin%20category%20brand%20tags%20views%20rate%20variants%20quantity%20warrantyPeriod%20isHide%20createdAt%20updatedAt (200)
2023-07-02T05:17:26.231Z ::1 POST /api/v1/user-behavior
2023-07-02T05:17:26.235Z ::1 POST / (200)
2023-07-02T05:17:26.771Z ::1 GET /api/v1/products?search=&page=0&limit=5&b=6482c01fe5302aece9f4d327&c=6482ba75e5302aece9f4d20c
2023-07-02T05:17:27.105Z ::1 GET /?search=&page=0&limit=5&b=6482c01fe5302aece9f4d327&c=6482ba75e5302aece9f4d20c (200)
2023-07-02T05:17:30.366Z ::1 GET /api/v1/products?search=&page=1&limit=20&b=&c=
2023-07-02T05:17:30.762Z ::1 GET /?search=&page=1&limit=20&b=&c= (200)
2023-07-02T05:17:34.844Z ::1 GET /api/v1/products/iphone-12-pro-max-quoc-te-like-new-99?fields=_id%20name%20slug%20desc%20video%20overSpecs%20policies%20detailSpecs%20origin%20category%20brand%20tags%20views%20rate%20variants%20quantity%20warrantyPeriod%20isHide%20createdAt%20updatedAt
2023-07-02T05:17:34.849Z ::1 GET /api/v1/products?search=&page=0&limit=5&b=6482c01fe5302aece9f4d327&c=6482ba75e5302aece9f4d20c
2023-07-02T05:17:35.217Z ::1 GET /?search=&page=0&limit=5&b=6482c01fe5302aece9f4d327&c=6482ba75e5302aece9f4d20c (200)
2023-07-02T05:17:35.266Z ::1 GET /iphone-12-pro-max-quoc-te-like-new-99?fields=_id%20name%20slug%20desc%20video%20overSpecs%20policies%20detailSpecs%20origin%20category%20brand%20tags%20views%20rate%20variants%20quantity%20warrantyPeriod%20isHide%20createdAt%20updatedAt (200)
2023-07-02T05:17:36.954Z ::1 GET /api/v1/products?search=&page=0&limit=5&b=6482c01fe5302aece9f4d327&c=6482ba75e5302aece9f4d20c
2023-07-02T05:17:36.996Z ::1 POST /api/v1/user-behavior
2023-07-02T05:17:36.999Z ::1 POST / (200)
2023-07-02T05:17:37.466Z ::1 GET /?search=&page=0&limit=5&b=6482c01fe5302aece9f4d327&c=6482ba75e5302aece9f4d20c (304)
2023-07-02T05:18:06.651Z ::1 GET /api/v1/account
2023-07-02T05:18:06.671Z ::1 GET / (304)
2023-07-02T05:24:55.999Z ::1 GET /api/v1/products/search/suggest?keyword=
2023-07-02T05:24:56.149Z ::1 GET /api/v1/categories?fields=name%20slug%20image
2023-07-02T05:24:56.185Z ::1 GET /api/v1/brands?fields=name%20slug%20image&isHidden=0
2023-07-02T05:24:56.200Z ::1 GET /api/v1/discounts?fields=name,desc,code,beginDate,endDate,quantity,unlimitedQty,discount,discountType,minimumTotal,maximumApplied,image
2023-07-02T05:24:56.303Z ::1 GET /?fields=name%20slug%20image (304)
2023-07-02T05:24:56.318Z ::1 GET /?fields=name%20slug%20image&isHidden=0 (304)
2023-07-02T05:24:56.335Z ::1 GET /?fields=name,desc,code,beginDate,endDate,quantity,unlimitedQty,discount,discountType,minimumTotal,maximumApplied,image (304)
2023-07-02T05:24:56.435Z ::1 GET /search/suggest?keyword= (304)
2023-07-02T05:24:56.457Z ::1 GET /api/v1/products/search/suggest?keyword=
2023-07-02T05:24:56.477Z ::1 GET /search/suggest?keyword= (304)
2023-07-02T05:24:56.563Z ::1 GET /api/v1/products?search=&page=1&limit=20&b=&c=
2023-07-02T05:24:56.980Z ::1 GET /?search=&page=1&limit=20&b=&c= (200)
2023-07-02T05:25:07.431Z ::1 POST /api/v1/auth/google
2023-07-02T05:25:07.872Z ::1 POST /google (200)
2023-07-02T05:25:08.274Z ::1 POST /api/v1/cart
2023-07-02T05:25:08.649Z ::1 POST / (200)
2023-07-02T05:25:09.388Z ::1 GET /api/v1/products?search=&b=&c=
2023-07-02T05:25:09.397Z ::1 GET /api/v1/products/all
2023-07-02T05:25:09.401Z ::1 GET /api/v1/brands
2023-07-02T05:25:09.414Z ::1 GET /api/v1/categories
2023-07-02T05:25:09.440Z ::1 GET /api/v1/users/customer
2023-07-02T05:25:09.447Z ::1 GET /api/v1/orders/manager/?search=&status=&paymentStatus=&page=1&limit=100000
2023-07-02T05:25:09.570Z ::1 GET / (304)
2023-07-02T05:25:09.596Z ::1 GET / (304)
2023-07-02T05:25:09.964Z ::1 GET /all (200)
2023-07-02T05:25:09.980Z ::1 GET /customer (304)
2023-07-02T05:25:10.379Z ::1 GET /?search=&b=&c= (200)
2023-07-02T05:25:10.411Z ::1 GET /manager/?search=&status=&paymentStatus=&page=1&limit=100000 (304)
2023-07-02T05:25:10.517Z ::1 GET /api/v1/products?search=&b=&c=
2023-07-02T05:25:10.598Z ::1 GET /api/v1/orders/manager/?search=&status=&paymentStatus=&page=1&limit=100000
2023-07-02T05:25:10.727Z ::1 GET /manager/?search=&status=&paymentStatus=&page=1&limit=100000 (304)
2023-07-02T05:25:11.069Z ::1 GET /?search=&b=&c= (304)
2023-07-02T05:25:11.181Z ::1 GET /api/v1/products/all
2023-07-02T05:25:11.454Z ::1 GET /all (304)
2023-07-02T05:25:11.731Z ::1 GET /api/v1/products/all
2023-07-02T05:25:12.116Z ::1 GET /all (304)
2023-07-02T05:25:16.112Z ::1 GET /api/v1/categories
2023-07-02T05:25:16.144Z ::1 GET / (304)
2023-07-02T05:25:18.620Z ::1 GET /api/v1/brands
2023-07-02T05:25:18.652Z ::1 GET / (304)
2023-07-02T05:25:19.977Z ::1 GET /api/v1/discounts?isShowAllDate=1&isShowHidden=1
2023-07-02T05:25:20.007Z ::1 GET /?isShowAllDate=1&isShowHidden=1 (200)
2023-07-02T05:25:25.822Z ::1 GET /api/v1/products?search=&c=&b=&page=1&limit=5&sort=desc&sortBy=createdAt&getBrandFilter=1&getCategoryFilter=1&isShowHidden=0
2023-07-02T05:25:26.015Z ::1 GET /?search=&c=&b=&page=1&limit=5&sort=desc&sortBy=createdAt&getBrandFilter=1&getCategoryFilter=1&isShowHidden=0 (200)
2023-07-02T05:25:29.391Z ::1 GET /api/v1/products?search=&c=&b=&page=2&limit=5&sort=desc&sortBy=createdAt&getBrandFilter=1&getCategoryFilter=1&isShowHidden=0
2023-07-02T05:25:29.764Z ::1 GET /?search=&c=&b=&page=2&limit=5&sort=desc&sortBy=createdAt&getBrandFilter=1&getCategoryFilter=1&isShowHidden=0 (200)
2023-07-02T05:25:31.367Z ::1 GET /api/v1/products?search=&c=&b=&page=1&limit=5&sort=desc&sortBy=createdAt&getBrandFilter=1&getCategoryFilter=1&isShowHidden=0
2023-07-02T05:25:31.531Z ::1 GET /?search=&c=&b=&page=1&limit=5&sort=desc&sortBy=createdAt&getBrandFilter=1&getCategoryFilter=1&isShowHidden=0 (304)
2023-07-02T05:25:36.643Z ::1 DELETE /api/v1/products/6482c4843ff75c40e0fb9265
2023-07-02T05:25:36.665Z ::1 DELETE /api/v1/products/6482c4843ff75c40e0fb9265 (401)
2023-07-02T05:26:11.730Z ::1 GET /api/v1/account
2023-07-02T05:26:11.752Z ::1 GET / (200)
2023-07-02T05:26:12.244Z ::1 POST /api/v1/cart
2023-07-02T05:26:12.273Z ::1 POST / (200)
2023-07-02T05:26:12.819Z ::1 GET /api/v1/products?search=&c=&b=&page=1&limit=5&sort=desc&sortBy=createdAt&getBrandFilter=1&getCategoryFilter=1&isShowHidden=0
2023-07-02T05:26:13.155Z ::1 GET /?search=&c=&b=&page=1&limit=5&sort=desc&sortBy=createdAt&getBrandFilter=1&getCategoryFilter=1&isShowHidden=0 (304)
2023-07-02T05:26:18.311Z ::1 GET /api/v1/products?search=&c=&b=&page=2&limit=5&sort=desc&sortBy=createdAt&getBrandFilter=1&getCategoryFilter=1&isShowHidden=0
2023-07-02T05:26:18.645Z ::1 GET /?search=&c=&b=&page=2&limit=5&sort=desc&sortBy=createdAt&getBrandFilter=1&getCategoryFilter=1&isShowHidden=0 (304)
2023-07-02T05:26:22.754Z ::1 GET /api/v1/products?search=&c=&b=&page=1&limit=5&sort=desc&sortBy=createdAt&getBrandFilter=1&getCategoryFilter=1&isShowHidden=0
2023-07-02T05:26:22.955Z ::1 GET /?search=&c=&b=&page=1&limit=5&sort=desc&sortBy=createdAt&getBrandFilter=1&getCategoryFilter=1&isShowHidden=0 (304)
2023-07-02T05:26:46.712Z ::1 DELETE /api/v1/products/6482c4843ff75c40e0fb9265
2023-07-02T05:26:46.746Z ::1 DELETE /api/v1/products/6482c4843ff75c40e0fb9265 (401)
2023-07-02T05:29:51.280Z ::1 GET /api/v1/account
2023-07-02T05:29:51.318Z ::1 GET / (304)
2023-07-02T05:29:52.205Z ::1 POST /api/v1/cart
2023-07-02T05:29:52.223Z ::1 POST / (200)
2023-07-02T05:29:58.633Z ::1 GET /api/v1/products?search=&c=&b=&page=1&limit=5&sort=desc&sortBy=createdAt&getBrandFilter=1&getCategoryFilter=1&isShowHidden=0
2023-07-02T05:29:58.877Z ::1 GET /?search=&c=&b=&page=1&limit=5&sort=desc&sortBy=createdAt&getBrandFilter=1&getCategoryFilter=1&isShowHidden=0 (304)
2023-07-02T05:30:11.130Z ::1 DELETE /api/v1/products/6482c4843ff75c40e0fb9265
2023-07-02T05:30:11.171Z ::1 DELETE /api/v1/products/6482c4843ff75c40e0fb9265 (401)
2023-07-02T05:32:20.578Z ::1 GET /api/v1/account
2023-07-02T05:32:20.643Z ::1 GET / (304)
2023-07-02T05:32:21.571Z ::1 POST /api/v1/cart
2023-07-02T05:32:21.622Z ::1 POST / (200)
2023-07-02T05:32:22.840Z ::1 GET /api/v1/products?search=&c=&b=&page=1&limit=5&sort=desc&sortBy=createdAt&getBrandFilter=1&getCategoryFilter=1&isShowHidden=0
2023-07-02T05:32:23.061Z ::1 GET /?search=&c=&b=&page=1&limit=5&sort=desc&sortBy=createdAt&getBrandFilter=1&getCategoryFilter=1&isShowHidden=0 (304)
2023-07-02T05:32:27.287Z ::1 DELETE /api/v1/products/6482c4843ff75c40e0fb9265
2023-07-02T05:32:27.316Z ::1 DELETE /api/v1/products/6482c4843ff75c40e0fb9265 (401)
2023-07-02T05:32:52.031Z ::1 GET /api/v1/account
2023-07-02T05:32:52.070Z ::1 GET / (304)
2023-07-02T05:32:53.011Z ::1 POST /api/v1/cart
2023-07-02T05:32:53.081Z ::1 POST / (200)
2023-07-02T05:32:54.403Z ::1 GET /api/v1/products?search=&c=&b=&page=1&limit=5&sort=desc&sortBy=createdAt&getBrandFilter=1&getCategoryFilter=1&isShowHidden=0
2023-07-02T05:32:55.100Z ::1 GET /?search=&c=&b=&page=1&limit=5&sort=desc&sortBy=createdAt&getBrandFilter=1&getCategoryFilter=1&isShowHidden=0 (304)
2023-07-02T05:33:05.585Z ::1 DELETE /api/v1/products/6482c4843ff75c40e0fb9265
2023-07-02T05:33:05.605Z ::1 DELETE /api/v1/products/6482c4843ff75c40e0fb9265 (401)
2023-07-02T05:33:49.442Z ::1 GET /api/v1/account
2023-07-02T05:33:49.472Z ::1 GET / (304)
2023-07-02T05:33:50.399Z ::1 POST /api/v1/cart
2023-07-02T05:33:50.427Z ::1 POST / (200)
2023-07-02T05:33:51.443Z ::1 GET /api/v1/products?search=&c=&b=&page=1&limit=5&sort=desc&sortBy=createdAt&getBrandFilter=1&getCategoryFilter=1&isShowHidden=0
2023-07-02T05:33:51.638Z ::1 GET /?search=&c=&b=&page=1&limit=5&sort=desc&sortBy=createdAt&getBrandFilter=1&getCategoryFilter=1&isShowHidden=0 (304)
2023-07-02T05:34:00.433Z ::1 DELETE /api/v1/products/6482c4843ff75c40e0fb9265
2023-07-02T05:34:00.466Z ::1 DELETE /api/v1/products/6482c4843ff75c40e0fb9265 (401)
2023-07-02T05:36:01.643Z ::1 GET /api/v1/account
2023-07-02T05:36:01.678Z ::1 GET / (304)
2023-07-02T05:36:04.604Z ::1 POST /api/v1/cart
2023-07-02T05:36:04.909Z ::1 POST / (200)
2023-07-02T05:36:07.669Z ::1 GET /api/v1/products?search=&c=&b=&page=1&limit=5&sort=desc&sortBy=createdAt&getBrandFilter=1&getCategoryFilter=1&isShowHidden=0
2023-07-02T05:36:08.935Z ::1 GET /?search=&c=&b=&page=1&limit=5&sort=desc&sortBy=createdAt&getBrandFilter=1&getCategoryFilter=1&isShowHidden=0 (304)
2023-07-02T05:36:14.602Z ::1 DELETE /api/v1/products/6482c4843ff75c40e0fb9265
2023-07-02T05:36:14.616Z ::1 DELETE /api/v1/products/6482c4843ff75c40e0fb9265 (401)
2023-07-02T05:39:01.571Z ::1 GET /api/v1/account
2023-07-02T05:39:01.671Z ::1 GET / (304)
2023-07-02T05:39:03.794Z ::1 POST /api/v1/cart
2023-07-02T05:39:03.947Z ::1 POST / (200)
2023-07-02T05:39:05.499Z ::1 GET /api/v1/products?search=&c=&b=&page=1&limit=5&sort=desc&sortBy=createdAt&getBrandFilter=1&getCategoryFilter=1&isShowHidden=0
2023-07-02T05:39:06.183Z ::1 GET /?search=&c=&b=&page=1&limit=5&sort=desc&sortBy=createdAt&getBrandFilter=1&getCategoryFilter=1&isShowHidden=0 (304)
2023-07-02T05:39:10.430Z ::1 DELETE /api/v1/products/6482c4843ff75c40e0fb9265
2023-07-02T05:39:10.476Z ::1 DELETE /api/v1/products/6482c4843ff75c40e0fb9265 (401)
2023-07-02T05:39:30.301Z ::1 GET /api/v1/account
2023-07-02T05:39:30.319Z ::1 GET / (304)
2023-07-02T05:39:30.931Z ::1 POST /api/v1/cart
2023-07-02T05:39:30.952Z ::1 POST / (200)
2023-07-02T05:39:32.769Z ::1 GET /api/v1/products?search=&c=&b=&page=1&limit=5&sort=desc&sortBy=createdAt&getBrandFilter=1&getCategoryFilter=1&isShowHidden=0
2023-07-02T05:39:33.058Z ::1 GET /?search=&c=&b=&page=1&limit=5&sort=desc&sortBy=createdAt&getBrandFilter=1&getCategoryFilter=1&isShowHidden=0 (304)
2023-07-02T05:39:36.104Z ::1 GET /api/v1/account
2023-07-02T05:39:36.141Z ::1 GET / (304)
2023-07-02T05:39:37.135Z ::1 POST /api/v1/cart
2023-07-02T05:39:37.158Z ::1 POST / (200)
2023-07-02T05:39:37.744Z ::1 GET /api/v1/products?search=&c=&b=&page=1&limit=5&sort=desc&sortBy=createdAt&getBrandFilter=1&getCategoryFilter=1&isShowHidden=0
2023-07-02T05:39:37.934Z ::1 GET /?search=&c=&b=&page=1&limit=5&sort=desc&sortBy=createdAt&getBrandFilter=1&getCategoryFilter=1&isShowHidden=0 (304)
2023-07-02T05:39:57.112Z ::1 GET /api/v1/account
2023-07-02T05:39:57.304Z ::1 GET / (304)
2023-07-02T05:39:59.471Z ::1 POST /api/v1/cart
2023-07-02T05:39:59.530Z ::1 POST / (200)
2023-07-02T05:40:00.930Z ::1 GET /api/v1/products?search=&c=&b=&page=1&limit=5&sort=desc&sortBy=createdAt&getBrandFilter=1&getCategoryFilter=1&isShowHidden=0
2023-07-02T05:40:01.137Z ::1 GET /?search=&c=&b=&page=1&limit=5&sort=desc&sortBy=createdAt&getBrandFilter=1&getCategoryFilter=1&isShowHidden=0 (304)
2023-07-02T05:40:04.856Z ::1 DELETE /api/v1/products/6482c4843ff75c40e0fb9265
2023-07-02T05:40:04.905Z ::1 DELETE /api/v1/products/6482c4843ff75c40e0fb9265 (401)
2023-07-02T05:41:25.175Z ::1 GET /api/v1/account
2023-07-02T05:41:25.208Z ::1 GET / (304)
2023-07-02T05:41:26.681Z ::1 POST /api/v1/cart
2023-07-02T05:41:26.716Z ::1 POST / (200)
2023-07-02T05:41:28.039Z ::1 GET /api/v1/products?search=&c=&b=&page=1&limit=5&sort=desc&sortBy=createdAt&getBrandFilter=1&getCategoryFilter=1&isShowHidden=0
2023-07-02T05:41:28.288Z ::1 GET /?search=&c=&b=&page=1&limit=5&sort=desc&sortBy=createdAt&getBrandFilter=1&getCategoryFilter=1&isShowHidden=0 (304)
2023-07-02T05:41:32.707Z ::1 DELETE /api/v1/products/6482c4843ff75c40e0fb9265
2023-07-02T05:41:32.730Z ::1 DELETE /api/v1/products/6482c4843ff75c40e0fb9265 (401)
2023-07-02T05:42:01.903Z ::1 GET /api/v1/categories
2023-07-02T05:42:02.045Z ::1 GET / (304)
2023-07-02T05:42:12.073Z ::1 POST /api/v1/categories
2023-07-02T05:42:12.349Z ::1 POST / (200)
2023-07-02T05:42:16.129Z ::1 DELETE /api/v1/categories/64a10e34fa66bc533133d0de
2023-07-02T05:42:16.154Z ::1 DELETE /api/v1/categories/64a10e34fa66bc533133d0de (401)
2023-07-02T05:42:53.968Z ::1 DELETE /api/v1/categories/64a10e34fa66bc533133d0de
2023-07-02T05:42:53.983Z ::1 DELETE /api/v1/categories/64a10e34fa66bc533133d0de (401)
2023-07-02T05:44:19.637Z ::1 GET /api/v1/account
2023-07-02T05:44:19.694Z ::1 GET / (304)
2023-07-02T05:44:20.962Z ::1 POST /api/v1/cart
2023-07-02T05:44:21.062Z ::1 POST / (200)
2023-07-02T05:44:21.652Z ::1 GET /api/v1/categories
2023-07-02T05:44:21.789Z ::1 GET / (200)
2023-07-02T05:44:29.484Z ::1 GET /api/v1/products?search=&c=&b=&page=1&limit=5&sort=desc&sortBy=createdAt&getBrandFilter=1&getCategoryFilter=1&isShowHidden=0
2023-07-02T05:44:29.825Z ::1 GET /?search=&c=&b=&page=1&limit=5&sort=desc&sortBy=createdAt&getBrandFilter=1&getCategoryFilter=1&isShowHidden=0 (200)
2023-07-02T05:44:39.700Z ::1 GET /api/v1/account
2023-07-02T05:44:39.741Z ::1 GET / (304)
2023-07-02T05:44:40.661Z ::1 POST /api/v1/cart
2023-07-02T05:44:40.701Z ::1 POST / (200)
2023-07-02T05:44:41.770Z ::1 GET /api/v1/products?search=&c=&b=&page=1&limit=5&sort=desc&sortBy=createdAt&getBrandFilter=1&getCategoryFilter=1&isShowHidden=0
2023-07-02T05:44:42.017Z ::1 GET /?search=&c=&b=&page=1&limit=5&sort=desc&sortBy=createdAt&getBrandFilter=1&getCategoryFilter=1&isShowHidden=0 (304)
2023-07-02T05:45:49.893Z ::1 GET /api/v1/account
2023-07-02T05:45:49.962Z ::1 GET / (304)
2023-07-02T05:45:51.328Z ::1 POST /api/v1/cart
2023-07-02T05:45:51.391Z ::1 POST / (200)
2023-07-02T05:45:52.527Z ::1 GET /api/v1/products?search=&c=&b=&page=1&limit=5&sort=desc&sortBy=createdAt&getBrandFilter=1&getCategoryFilter=1&isShowHidden=0
2023-07-02T05:45:52.762Z ::1 GET /?search=&c=&b=&page=1&limit=5&sort=desc&sortBy=createdAt&getBrandFilter=1&getCategoryFilter=1&isShowHidden=0 (304)
2023-07-02T05:46:28.416Z ::1 GET /api/v1/account
2023-07-02T05:46:28.438Z ::1 GET / (304)
2023-07-02T05:46:29.773Z ::1 POST /api/v1/cart
2023-07-02T05:46:29.790Z ::1 POST / (200)
2023-07-02T05:46:31.526Z ::1 GET /api/v1/products?search=&c=&b=&page=1&limit=5&sort=desc&sortBy=createdAt&getBrandFilter=1&getCategoryFilter=1&isShowHidden=0
2023-07-02T05:46:31.701Z ::1 GET /?search=&c=&b=&page=1&limit=5&sort=desc&sortBy=createdAt&getBrandFilter=1&getCategoryFilter=1&isShowHidden=0 (304)
2023-07-02T05:46:40.868Z ::1 GET /api/v1/account
2023-07-02T05:46:40.904Z ::1 GET / (304)
2023-07-02T05:46:42.114Z ::1 POST /api/v1/cart
2023-07-02T05:46:42.163Z ::1 POST / (200)
2023-07-02T05:46:43.454Z ::1 GET /api/v1/products?search=&c=&b=&page=1&limit=5&sort=desc&sortBy=createdAt&getBrandFilter=1&getCategoryFilter=1&isShowHidden=0
2023-07-02T05:46:43.755Z ::1 GET /?search=&c=&b=&page=1&limit=5&sort=desc&sortBy=createdAt&getBrandFilter=1&getCategoryFilter=1&isShowHidden=0 (304)
2023-07-02T05:46:48.663Z ::1 DELETE /api/v1/products/6482c4843ff75c40e0fb9265
2023-07-02T05:46:48.682Z ::1 DELETE /api/v1/products/6482c4843ff75c40e0fb9265 (401)
2023-07-02T05:49:49.180Z ::1 GET /api/v1/account
2023-07-02T05:49:49.297Z ::1 GET / (304)
2023-07-02T05:49:50.902Z ::1 POST /api/v1/cart
2023-07-02T05:49:50.951Z ::1 POST / (200)
2023-07-02T05:49:52.023Z ::1 GET /api/v1/products?search=&c=&b=&page=1&limit=5&sort=desc&sortBy=createdAt&getBrandFilter=1&getCategoryFilter=1&isShowHidden=0
2023-07-02T05:49:52.253Z ::1 GET /?search=&c=&b=&page=1&limit=5&sort=desc&sortBy=createdAt&getBrandFilter=1&getCategoryFilter=1&isShowHidden=0 (304)
2023-07-02T05:49:55.666Z ::1 DELETE /api/v1/products/6482c4843ff75c40e0fb9265
2023-07-02T05:49:55.685Z ::1 DELETE /api/v1/products/6482c4843ff75c40e0fb9265 (401)
2023-07-02T05:50:31.304Z ::1 GET /api/v1/account
2023-07-02T05:50:31.335Z ::1 GET / (304)
2023-07-02T05:50:32.537Z ::1 POST /api/v1/cart
2023-07-02T05:50:32.583Z ::1 POST / (200)
2023-07-02T05:50:34.292Z ::1 GET /api/v1/products?search=&c=&b=&page=1&limit=5&sort=desc&sortBy=createdAt&getBrandFilter=1&getCategoryFilter=1&isShowHidden=0
2023-07-02T05:50:34.533Z ::1 GET /?search=&c=&b=&page=1&limit=5&sort=desc&sortBy=createdAt&getBrandFilter=1&getCategoryFilter=1&isShowHidden=0 (304)
2023-07-02T05:50:38.734Z ::1 DELETE /api/v1/products/6482c4843ff75c40e0fb9265
2023-07-02T05:50:38.769Z ::1 DELETE /api/v1/products/6482c4843ff75c40e0fb9265 (401)
2023-07-02T05:51:48.713Z ::1 GET /api/v1/account
2023-07-02T05:51:48.953Z ::1 GET / (304)
2023-07-02T05:51:50.738Z ::1 POST /api/v1/cart
2023-07-02T05:51:50.838Z ::1 POST / (200)
2023-07-02T05:51:52.304Z ::1 GET /api/v1/products?search=&c=&b=&page=1&limit=5&sort=desc&sortBy=createdAt&getBrandFilter=1&getCategoryFilter=1&isShowHidden=0
2023-07-02T05:51:52.582Z ::1 GET /?search=&c=&b=&page=1&limit=5&sort=desc&sortBy=createdAt&getBrandFilter=1&getCategoryFilter=1&isShowHidden=0 (304)
2023-07-02T05:51:56.836Z ::1 DELETE /api/v1/products/6482c4843ff75c40e0fb9265
2023-07-02T05:51:56.853Z ::1 DELETE /api/v1/products/6482c4843ff75c40e0fb9265 (401)
2023-07-02T05:52:02.866Z ::1 GET /api/v1/categories
2023-07-02T05:52:02.879Z ::1 GET /api/v1/brands
2023-07-02T05:52:03.011Z ::1 GET / (304)
2023-07-02T05:52:03.092Z ::1 GET / (304)
2023-07-02T05:52:10.276Z ::1 GET /api/v1/orders/manager/?search=&status=&paymentStatus=&page=1&limit=100000
2023-07-02T05:52:10.349Z ::1 GET /manager/?search=&status=&paymentStatus=&page=1&limit=100000 (304)
2023-07-02T05:52:13.035Z ::1 GET /api/v1/products?search=&b=&c=
2023-07-02T05:52:13.039Z ::1 GET /api/v1/products/all
2023-07-02T05:52:13.050Z ::1 GET /api/v1/brands
2023-07-02T05:52:13.061Z ::1 GET /api/v1/categories
2023-07-02T05:52:13.076Z ::1 GET /api/v1/orders/manager/?search=&status=&paymentStatus=&page=1&limit=100000
2023-07-02T05:52:13.081Z ::1 GET /api/v1/users/customer
2023-07-02T05:52:13.138Z ::1 GET / (304)
2023-07-02T05:52:13.571Z ::1 GET /all (304)
2023-07-02T05:52:13.648Z ::1 GET / (304)
2023-07-02T05:52:13.679Z ::1 GET /customer (304)
2023-07-02T05:52:13.698Z ::1 GET /manager/?search=&status=&paymentStatus=&page=1&limit=100000 (304)
2023-07-02T05:52:13.704Z ::1 GET /api/v1/orders/manager/?search=&status=&paymentStatus=&page=1&limit=100000
2023-07-02T05:52:14.003Z ::1 GET /?search=&b=&c= (304)
2023-07-02T05:52:14.019Z ::1 GET /api/v1/products?search=&b=&c=
2023-07-02T05:52:14.049Z ::1 GET /manager/?search=&status=&paymentStatus=&page=1&limit=100000 (304)
2023-07-02T05:52:14.481Z ::1 GET /?search=&b=&c= (304)
2023-07-02T05:52:14.974Z ::1 GET /api/v1/products/all
2023-07-02T05:52:15.320Z ::1 GET /all (304)
2023-07-02T05:52:15.376Z ::1 GET /api/v1/products/all
2023-07-02T05:52:15.794Z ::1 GET /all (304)
2023-07-02T05:52:20.262Z ::1 GET /api/v1/users/customer
2023-07-02T05:52:20.289Z ::1 GET /customer (304)
2023-07-02T05:52:41.521Z ::1 GET /api/v1/discounts?isShowAllDate=1&isShowHidden=1
2023-07-02T05:52:41.549Z ::1 GET /?isShowAllDate=1&isShowHidden=1 (304)
2023-07-02T05:52:48.712Z ::1 DELETE /api/v1/discounts/64a00e6c3f680af5fc4896f2
2023-07-02T05:52:48.721Z ::1 GET /api/v1/discounts?isShowAllDate=1&isShowHidden=1
2023-07-02T05:52:48.747Z ::1 GET /?isShowAllDate=1&isShowHidden=1 (304)
2023-07-02T05:52:48.757Z ::1 DELETE /api/v1/discounts/64a00e6c3f680af5fc4896f2 (401)
2023-07-02T05:52:53.080Z ::1 GET /api/v1/account
2023-07-02T05:52:53.098Z ::1 GET / (304)
2023-07-02T05:52:53.583Z ::1 POST /api/v1/cart
2023-07-02T05:52:53.617Z ::1 POST / (200)
2023-07-02T05:52:54.011Z ::1 GET /api/v1/discounts?isShowAllDate=1&isShowHidden=1
2023-07-02T05:52:54.045Z ::1 GET /?isShowAllDate=1&isShowHidden=1 (304)
2023-07-02T05:53:19.435Z ::1 DELETE /api/v1/discounts/64a00e6c3f680af5fc4896f2
2023-07-02T05:53:19.460Z ::1 GET /api/v1/discounts?isShowAllDate=1&isShowHidden=1
2023-07-02T05:53:19.474Z ::1 DELETE /api/v1/discounts/64a00e6c3f680af5fc4896f2 (401)
2023-07-02T05:53:19.520Z ::1 GET /?isShowAllDate=1&isShowHidden=1 (304)
2023-07-02T05:56:22.741Z ::1 GET /api/v1/account
2023-07-02T05:56:22.967Z ::1 GET / (304)
2023-07-02T05:56:25.040Z ::1 POST /api/v1/cart
2023-07-02T05:56:25.223Z ::1 POST / (200)
2023-07-02T05:56:25.601Z ::1 GET /api/v1/discounts?isShowAllDate=1&isShowHidden=1
2023-07-02T05:56:25.705Z ::1 GET /?isShowAllDate=1&isShowHidden=1 (304)
2023-07-02T05:57:44.466Z ::1 DELETE /api/v1/discounts/64a00e6c3f680af5fc4896f2
2023-07-02T05:57:44.493Z ::1 GET /api/v1/discounts?isShowAllDate=1&isShowHidden=1
2023-07-02T05:57:44.508Z ::1 DELETE /api/v1/discounts/64a00e6c3f680af5fc4896f2 (401)
2023-07-02T05:57:44.560Z ::1 GET /?isShowAllDate=1&isShowHidden=1 (304)
2023-07-02T05:59:18.221Z ::1 GET /api/v1/account
2023-07-02T05:59:18.409Z ::1 GET / (304)
2023-07-02T05:59:19.693Z ::1 POST /api/v1/cart
2023-07-02T05:59:19.793Z ::1 POST / (200)
2023-07-02T05:59:20.812Z ::1 GET /api/v1/discounts?isShowAllDate=1&isShowHidden=1
2023-07-02T05:59:20.944Z ::1 GET /?isShowAllDate=1&isShowHidden=1 (304)
2023-07-02T05:59:20.950Z ::1 GET /api/v1/discounts?isShowAllDate=1&isShowHidden=1
2023-07-02T05:59:20.982Z ::1 GET /?isShowAllDate=1&isShowHidden=1 (304)
2023-07-02T05:59:40.131Z ::1 GET /api/v1/account
2023-07-02T05:59:40.281Z ::1 GET / (304)
2023-07-02T05:59:41.770Z ::1 POST /api/v1/cart
2023-07-02T05:59:41.859Z ::1 POST / (200)
2023-07-02T05:59:42.849Z ::1 GET /api/v1/discounts?isShowAllDate=1&isShowHidden=1
2023-07-02T05:59:42.940Z ::1 GET /?isShowAllDate=1&isShowHidden=1 (304)
2023-07-02T05:59:42.958Z ::1 GET /api/v1/discounts?isShowAllDate=1&isShowHidden=1
2023-07-02T05:59:43.063Z ::1 GET /?isShowAllDate=1&isShowHidden=1 (304)
2023-07-02T06:00:45.249Z ::1 GET /api/v1/account
2023-07-02T06:00:45.385Z ::1 GET / (304)
2023-07-02T06:00:47.772Z ::1 POST /api/v1/cart
2023-07-02T06:00:47.894Z ::1 POST / (200)
2023-07-02T06:00:48.833Z ::1 GET /api/v1/discounts?isShowAllDate=1&isShowHidden=1
2023-07-02T06:00:48.955Z ::1 GET /?isShowAllDate=1&isShowHidden=1 (304)
2023-07-02T06:00:54.426Z ::1 DELETE /api/v1/discounts/64a00e6c3f680af5fc4896f2
2023-07-02T06:00:54.445Z ::1 DELETE /api/v1/discounts/64a00e6c3f680af5fc4896f2 (401)