
2023-06-16T04:15:26.282Z ::1 GET /api/v1/account
2023-06-16T04:15:26.420Z ::1 GET / (304)
2023-06-16T04:15:27.164Z ::1 GET /api/v1/products/search/suggest?keyword=
2023-06-16T04:15:27.174Z ::1 GET /api/v1/products/search/suggest?keyword= (404)
2023-06-16T04:15:27.178Z ::1 GET /api/v1/products/search/suggest?keyword=
2023-06-16T04:15:27.185Z ::1 GET /api/v1/products/search/suggest?keyword= (404)
2023-06-16T04:15:27.208Z ::1 GET /api/v1/brands?fields=name%20slug%20image
2023-06-16T04:15:27.227Z ::1 GET /api/v1/categories?fields=name%20slug%20image
2023-06-16T04:15:27.287Z ::1 GET /api/v1/discounts?fields=name,desc,code,beginDate,endDate,quantity,unlimitedQty,discount,discountType,minimumTotal,maximumApplied,image
2023-06-16T04:15:27.300Z ::1 POST /api/v1/cart
2023-06-16T04:15:27.447Z ::1 GET /?fields=name%20slug%20image (304)
2023-06-16T04:15:27.451Z ::1 GET /?fields=name,desc,code,beginDate,endDate,quantity,unlimitedQty,discount,discountType,minimumTotal,maximumApplied,image (304)
2023-06-16T04:15:27.537Z ::1 GET /?fields=name%20slug%20image (200)
2023-06-16T04:15:27.623Z ::1 POST / (200)
2023-06-16T04:15:28.222Z ::1 GET /api/v1/products?search=&page=1&limit=20&b=&c=
2023-06-16T04:15:28.476Z ::1 GET /?search=&page=1&limit=20&b=&c= (304)
2023-06-16T04:23:39.944Z ::1 POST /api/v1/auth/google
2023-06-16T04:23:40.668Z ::1 POST /google (200)
2023-06-16T04:23:41.411Z ::1 POST /api/v1/cart
2023-06-16T04:23:41.532Z ::1 POST / (200)
2023-06-16T04:24:51.929Z ::1 GET /api/v1/categories
2023-06-16T04:24:52.005Z ::1 GET / (304)
2023-06-16T04:25:41.982Z ::1 GET /api/v1/account
2023-06-16T04:25:42.039Z ::1 GET / (200)
2023-06-16T04:25:43.136Z ::1 POST /api/v1/cart
2023-06-16T04:25:43.370Z ::1 POST / (200)
2023-06-16T04:25:48.979Z ::1 GET /api/v1/categories
2023-06-16T04:25:49.043Z ::1 GET / (304)
2023-06-16T04:25:51.145Z ::1 GET /api/v1/brands
2023-06-16T04:25:51.229Z ::1 GET / (200)
2023-06-16T04:26:02.867Z ::1 GET /api/v1/categories
2023-06-16T04:26:02.905Z ::1 GET / (304)
2023-06-16T04:26:06.249Z ::1 GET /api/v1/brands
2023-06-16T04:26:06.312Z ::1 GET / (304)
2023-06-16T04:27:20.634Z ::1 GET /api/v1/categories
2023-06-16T04:27:20.669Z ::1 GET / (304)
2023-06-16T04:27:32.524Z ::1 GET /api/v1/brands
2023-06-16T04:27:32.558Z ::1 GET / (304)
2023-06-16T04:27:39.480Z ::1 GET /api/v1/categories
2023-06-16T04:27:39.522Z ::1 GET / (304)
2023-06-16T04:27:46.673Z ::1 GET /api/v1/brands
2023-06-16T04:27:46.710Z ::1 GET / (304)
2023-06-16T04:30:42.400Z ::1 GET /api/v1/categories
2023-06-16T04:30:42.500Z ::1 GET / (304)
2023-06-16T04:33:21.311Z ::1 GET /api/v1/account
2023-06-16T04:33:21.359Z ::1 GET / (304)
2023-06-16T04:33:22.087Z ::1 POST /api/v1/cart
2023-06-16T04:33:22.155Z ::1 POST / (200)
2023-06-16T04:33:22.332Z ::1 GET /api/v1/categories
2023-06-16T04:33:22.403Z ::1 GET / (304)
2023-06-16T04:33:25.169Z ::1 GET /api/v1/brands
2023-06-16T04:33:25.220Z ::1 GET / (304)
2023-06-16T04:34:52.743Z ::1 GET /api/v1/account
2023-06-16T04:34:52.942Z ::1 GET / (304)
2023-06-16T04:34:53.497Z ::1 POST /api/v1/cart
2023-06-16T04:34:53.660Z ::1 POST / (200)
2023-06-16T04:34:53.741Z ::1 GET /api/v1/brands
2023-06-16T04:34:53.850Z ::1 GET / (304)
2023-06-16T04:35:30.363Z ::1 GET /api/v1/account
2023-06-16T04:35:30.390Z ::1 GET / (304)
2023-06-16T04:35:30.809Z ::1 POST /api/v1/cart
2023-06-16T04:35:30.853Z ::1 POST / (200)
2023-06-16T04:35:31.101Z ::1 GET /api/v1/brands
2023-06-16T04:35:31.142Z ::1 GET / (304)
2023-06-16T04:36:41.638Z ::1 GET /api/v1/categories
2023-06-16T04:36:41.702Z ::1 GET / (304)
2023-06-16T04:37:07.524Z ::1 GET /api/v1/account
2023-06-16T04:37:07.547Z ::1 GET / (304)
2023-06-16T04:37:08.115Z ::1 POST /api/v1/cart
2023-06-16T04:37:08.141Z ::1 POST / (200)
2023-06-16T04:37:08.336Z ::1 GET /api/v1/categories
2023-06-16T04:37:08.383Z ::1 GET / (304)
2023-06-16T04:37:12.569Z ::1 GET /api/v1/brands
2023-06-16T04:37:12.619Z ::1 GET / (304)
2023-06-16T04:37:20.711Z ::1 GET /api/v1/account
2023-06-16T04:37:20.731Z ::1 GET / (304)
2023-06-16T04:37:21.126Z ::1 POST /api/v1/cart
2023-06-16T04:37:21.162Z ::1 POST / (200)
2023-06-16T04:37:21.476Z ::1 GET /api/v1/brands
2023-06-16T04:37:21.519Z ::1 GET / (304)
2023-06-16T04:37:56.645Z ::1 GET /api/v1/categories
2023-06-16T04:37:56.693Z ::1 GET / (304)
2023-06-16T04:38:03.982Z ::1 GET /api/v1/brands
2023-06-16T04:38:04.019Z ::1 GET / (304)
2023-06-16T04:38:21.555Z ::1 GET /api/v1/categories
2023-06-16T04:38:21.597Z ::1 GET / (304)
2023-06-16T04:38:42.941Z ::1 GET /api/v1/brands
2023-06-16T04:38:42.975Z ::1 GET / (304)
2023-06-16T04:38:45.864Z ::1 GET /api/v1/categories
2023-06-16T04:38:45.899Z ::1 GET / (304)
2023-06-16T04:38:53.677Z ::1 GET /api/v1/brands
2023-06-16T04:38:53.717Z ::1 GET / (304)
2023-06-16T04:39:18.902Z ::1 GET /api/v1/categories
2023-06-16T04:39:18.939Z ::1 GET / (304)
2023-06-16T04:39:30.909Z ::1 GET /api/v1/brands
2023-06-16T04:39:30.943Z ::1 GET / (304)
2023-06-16T04:41:56.998Z ::1 GET /api/v1/categories
2023-06-16T04:41:57.058Z ::1 GET / (304)
2023-06-16T04:44:20.697Z ::1 GET /api/v1/brands
2023-06-16T04:44:20.754Z ::1 GET / (304)
2023-06-16T06:06:28.676Z ::1 GET /api/v1/account
2023-06-16T06:06:28.812Z ::1 GET / (304)
2023-06-16T06:06:30.155Z ::1 GET /api/v1/products/search/suggest?keyword=
2023-06-16T06:06:30.165Z ::1 GET /api/v1/products/search/suggest?keyword= (404)
2023-06-16T06:06:30.167Z ::1 GET /api/v1/categories?fields=name%20slug%20image
2023-06-16T06:06:30.180Z ::1 GET /api/v1/brands?fields=name%20slug%20image
2023-06-16T06:06:30.199Z ::1 POST /api/v1/cart
2023-06-16T06:06:30.248Z ::1 GET /api/v1/discounts?fields=name,desc,code,beginDate,endDate,quantity,unlimitedQty,discount,discountType,minimumTotal,maximumApplied,image
2023-06-16T06:06:30.303Z ::1 GET /?fields=name%20slug%20image (304)
2023-06-16T06:06:30.329Z ::1 GET /?fields=name%20slug%20image (200)
2023-06-16T06:06:30.334Z ::1 GET /api/v1/products/search/suggest?keyword=
2023-06-16T06:06:30.349Z ::1 GET /api/v1/products/search/suggest?keyword= (404)
2023-06-16T06:06:30.360Z ::1 GET /?fields=name,desc,code,beginDate,endDate,quantity,unlimitedQty,discount,discountType,minimumTotal,maximumApplied,image (304)
2023-06-16T06:06:30.391Z ::1 POST / (200)
2023-06-16T06:06:31.456Z ::1 GET /api/v1/products?search=&page=1&limit=20&b=&c=
2023-06-16T06:06:31.611Z ::1 GET /?search=&page=1&limit=20&b=&c= (304)
2023-06-16T06:07:40.141Z ::1 GET /api/v1/account
2023-06-16T06:07:40.165Z ::1 GET / (304)
2023-06-16T06:07:40.512Z ::1 POST /api/v1/cart
2023-06-16T06:07:40.534Z ::1 POST / (200)
2023-06-16T06:07:44.300Z ::1 GET /api/v1/categories
2023-06-16T06:07:44.398Z ::1 GET / (304)
2023-06-16T06:08:00.037Z ::1 GET /api/v1/brands
2023-06-16T06:08:00.088Z ::1 GET / (200)
2023-06-16T06:08:12.395Z ::1 GET /api/v1/categories
2023-06-16T06:08:12.433Z ::1 GET / (304)
2023-06-16T06:08:16.258Z ::1 GET /api/v1/brands
2023-06-16T06:08:16.299Z ::1 GET / (304)
2023-06-16T06:09:08.952Z ::1 GET /api/v1/categories
2023-06-16T06:09:09.017Z ::1 GET / (304)
2023-06-16T06:09:44.508Z ::1 POST /api/v1/categories
2023-06-16T06:09:44.649Z ::1 POST / (200)
2023-06-16T06:10:26.710Z ::1 PATCH /api/v1/categories/6482bc49e5302aece9f4d21c
2023-06-16T06:10:26.856Z ::1 PATCH /6482bc49e5302aece9f4d21c (200)
2023-06-16T06:11:17.726Z ::1 GET /api/v1/brands
2023-06-16T06:11:17.761Z ::1 GET / (304)
2023-06-16T06:12:20.430Z ::1 GET /api/v1/categories
2023-06-16T06:12:20.479Z ::1 GET / (200)
2023-06-16T06:20:25.990Z ::1 GET /api/v1/brands
2023-06-16T06:20:26.020Z ::1 GET / (304)
2023-06-16T06:22:29.240Z ::1 GET /api/v1/account
2023-06-16T06:22:29.303Z ::1 GET / (304)
2023-06-16T06:22:29.967Z ::1 POST /api/v1/cart
2023-06-16T06:22:30.036Z ::1 POST / (200)
2023-06-16T06:22:31.372Z ::1 GET /api/v1/brands
2023-06-16T06:22:31.376Z ::1 GET /api/v1/categories
2023-06-16T06:22:31.418Z ::1 GET / (304)
2023-06-16T06:22:31.453Z ::1 GET / (304)
2023-06-16T06:26:31.830Z ::1 GET /api/v1/brands
2023-06-16T06:26:31.835Z ::1 GET /api/v1/categories
2023-06-16T06:26:31.874Z ::1 GET / (304)
2023-06-16T06:26:31.903Z ::1 GET / (304)
2023-06-16T06:33:49.490Z ::1 GET /api/v1/brands
2023-06-16T06:33:49.496Z ::1 GET /api/v1/categories
2023-06-16T06:33:49.544Z ::1 GET / (304)
2023-06-16T06:33:49.569Z ::1 GET / (304)
2023-06-16T06:33:56.231Z ::1 GET /api/v1/categories
2023-06-16T06:33:56.285Z ::1 GET / (304)
2023-06-16T06:34:14.884Z ::1 GET /api/v1/brands
2023-06-16T06:34:14.889Z ::1 GET /api/v1/categories
2023-06-16T06:34:14.939Z ::1 GET / (304)
2023-06-16T06:34:14.971Z ::1 GET / (304)
2023-06-16T06:34:51.619Z ::1 GET /api/v1/categories
2023-06-16T06:34:51.666Z ::1 GET / (304)
2023-06-16T10:24:02.359Z ::1 GET /api/v1/account
2023-06-16T10:24:02.458Z ::1 GET / (304)
2023-06-16T10:24:03.107Z ::1 GET /api/v1/products/search/suggest?keyword=
2023-06-16T10:24:03.117Z ::1 GET /api/v1/products/search/suggest?keyword= (404)
2023-06-16T10:24:03.131Z ::1 GET /api/v1/products/search/suggest?keyword=
2023-06-16T10:24:03.142Z ::1 GET /api/v1/products/search/suggest?keyword= (404)
2023-06-16T10:24:03.145Z ::1 GET /api/v1/categories?fields=name%20slug%20image
2023-06-16T10:24:03.202Z ::1 GET /api/v1/brands?fields=name%20slug%20image
2023-06-16T10:24:03.235Z ::1 GET /api/v1/discounts?fields=name,desc,code,beginDate,endDate,quantity,unlimitedQty,discount,discountType,minimumTotal,maximumApplied,image
2023-06-16T10:24:03.277Z ::1 POST /api/v1/cart
2023-06-16T10:24:03.411Z ::1 GET /?fields=name%20slug%20image (200)
2023-06-16T10:24:03.478Z ::1 GET /?fields=name%20slug%20image (200)
2023-06-16T10:24:03.487Z ::1 GET /?fields=name,desc,code,beginDate,endDate,quantity,unlimitedQty,discount,discountType,minimumTotal,maximumApplied,image (304)
2023-06-16T10:24:03.514Z ::1 POST / (200)
2023-06-16T10:24:04.986Z ::1 GET /api/v1/products?search=&page=1&limit=20&b=&c=
2023-06-16T10:24:05.239Z ::1 GET /?search=&page=1&limit=20&b=&c= (304)
2023-06-16T10:24:50.906Z ::1 GET /api/v1/account
2023-06-16T10:24:50.945Z ::1 GET / (304)
2023-06-16T10:24:52.021Z ::1 GET /api/v1/discounts?fields=name,desc,code,beginDate,endDate,quantity,unlimitedQty,discount,discountType,minimumTotal,maximumApplied,image
2023-06-16T10:24:52.027Z ::1 POST /api/v1/cart
2023-06-16T10:24:52.051Z ::1 GET /api/v1/products/search/suggest?keyword=
2023-06-16T10:24:52.056Z ::1 GET /api/v1/products/search/suggest?keyword= (404)
2023-06-16T10:24:52.059Z ::1 GET /api/v1/categories?fields=name%20slug%20image
2023-06-16T10:24:52.079Z ::1 GET /api/v1/brands?fields=name%20slug%20image
2023-06-16T10:24:52.125Z ::1 GET /?fields=name,desc,code,beginDate,endDate,quantity,unlimitedQty,discount,discountType,minimumTotal,maximumApplied,image (304)
2023-06-16T10:24:52.190Z ::1 GET /?fields=name%20slug%20image (304)
2023-06-16T10:24:52.192Z ::1 GET /api/v1/products/search/suggest?keyword=
2023-06-16T10:24:52.225Z ::1 GET /api/v1/products/search/suggest?keyword= (404)
2023-06-16T10:24:52.243Z ::1 POST / (200)
2023-06-16T10:24:52.292Z ::1 GET /?fields=name%20slug%20image (304)
2023-06-16T10:24:52.963Z ::1 GET /api/v1/products?search=&page=1&limit=20&b=&c=
2023-06-16T10:24:53.120Z ::1 GET /?search=&page=1&limit=20&b=&c= (304)
2023-06-16T10:26:20.289Z ::1 GET /api/v1/categories
2023-06-16T10:26:20.431Z ::1 GET / (200)
2023-06-16T10:27:14.311Z ::1 GET /api/v1/account
2023-06-16T10:27:14.376Z ::1 GET / (304)
2023-06-16T10:27:15.455Z ::1 POST /api/v1/cart
2023-06-16T10:27:15.591Z ::1 POST / (200)
2023-06-16T10:27:20.505Z ::1 GET /api/v1/categories
2023-06-16T10:27:20.590Z ::1 GET / (304)
2023-06-16T10:27:27.458Z ::1 PATCH /api/v1/categories/648bfca8999cab9b7932fa43
2023-06-16T10:27:27.650Z ::1 PATCH /648bfca8999cab9b7932fa43 (200)
2023-06-16T10:27:58.761Z ::1 PATCH /api/v1/categories/648bfca8999cab9b7932fa43
2023-06-16T10:27:58.877Z ::1 PATCH /648bfca8999cab9b7932fa43 (200)
2023-06-16T10:28:06.244Z ::1 GET /api/v1/account
2023-06-16T10:28:06.273Z ::1 GET / (304)
2023-06-16T10:28:07.168Z ::1 POST /api/v1/cart
2023-06-16T10:28:07.210Z ::1 GET /api/v1/products/search/suggest?keyword=
2023-06-16T10:28:07.219Z ::1 GET /api/v1/products/search/suggest?keyword= (404)
2023-06-16T10:28:07.221Z ::1 GET /api/v1/discounts?fields=name,desc,code,beginDate,endDate,quantity,unlimitedQty,discount,discountType,minimumTotal,maximumApplied,image
2023-06-16T10:28:07.228Z ::1 GET /api/v1/categories?fields=name%20slug%20image
2023-06-16T10:28:07.235Z ::1 GET /api/v1/brands?fields=name%20slug%20image
2023-06-16T10:28:07.242Z ::1 GET /api/v1/products/search/suggest?keyword=
2023-06-16T10:28:07.248Z ::1 GET /api/v1/products/search/suggest?keyword= (404)
2023-06-16T10:28:07.327Z ::1 GET /?fields=name%20slug%20image (304)
2023-06-16T10:28:07.352Z ::1 GET /?fields=name%20slug%20image (200)
2023-06-16T10:28:07.355Z ::1 GET /?fields=name,desc,code,beginDate,endDate,quantity,unlimitedQty,discount,discountType,minimumTotal,maximumApplied,image (304)
2023-06-16T10:28:07.368Z ::1 POST / (200)
2023-06-16T10:28:09.331Z ::1 GET /api/v1/products?search=&page=1&limit=20&b=&c=
2023-06-16T10:28:09.598Z ::1 GET /?search=&page=1&limit=20&b=&c= (304)
2023-06-16T10:28:19.015Z ::1 GET /api/v1/categories
2023-06-16T10:28:19.079Z ::1 GET / (200)
2023-06-16T10:29:21.724Z ::1 GET /api/v1/categories
2023-06-16T10:29:21.827Z ::1 GET / (200)
2023-06-16T10:29:30.572Z ::1 GET /api/v1/account
2023-06-16T10:29:30.613Z ::1 GET / (304)
2023-06-16T10:29:32.006Z ::1 POST /api/v1/cart
2023-06-16T10:29:32.063Z ::1 GET /api/v1/products/search/suggest?keyword=
2023-06-16T10:29:32.075Z ::1 GET /api/v1/products/search/suggest?keyword= (404)
2023-06-16T10:29:32.095Z ::1 GET /api/v1/categories?fields=name%20slug%20image
2023-06-16T10:29:32.135Z ::1 GET /api/v1/brands?fields=name%20slug%20image
2023-06-16T10:29:32.173Z ::1 GET /api/v1/discounts?fields=name,desc,code,beginDate,endDate,quantity,unlimitedQty,discount,discountType,minimumTotal,maximumApplied,image
2023-06-16T10:29:32.292Z ::1 GET /?fields=name%20slug%20image (200)
2023-06-16T10:29:32.335Z ::1 GET /?fields=name%20slug%20image (304)
2023-06-16T10:29:32.344Z ::1 GET /?fields=name,desc,code,beginDate,endDate,quantity,unlimitedQty,discount,discountType,minimumTotal,maximumApplied,image (304)
2023-06-16T10:29:32.367Z ::1 POST / (200)
2023-06-16T10:29:32.383Z ::1 GET /api/v1/products/search/suggest?keyword=
2023-06-16T10:29:32.416Z ::1 GET /api/v1/products/search/suggest?keyword= (404)
2023-06-16T10:29:33.085Z ::1 GET /api/v1/products?search=&page=1&limit=20&b=&c=
2023-06-16T10:29:33.370Z ::1 GET /?search=&page=1&limit=20&b=&c= (304)
2023-06-16T10:29:37.627Z ::1 GET /api/v1/categories?fields=_id%20name%20slug
2023-06-16T10:29:37.665Z ::1 GET /?fields=_id%20name%20slug (200)
2023-06-16T10:29:37.707Z ::1 GET /api/v1/brands?fields=_id%20name%20slug
2023-06-16T10:29:37.753Z ::1 GET /?fields=_id%20name%20slug (200)
2023-06-16T10:29:41.664Z ::1 GET /api/v1/account
2023-06-16T10:29:41.725Z ::1 GET / (304)
2023-06-16T10:29:42.722Z ::1 GET /api/v1/products/search/suggest?keyword=
2023-06-16T10:29:42.727Z ::1 GET /api/v1/products/search/suggest?keyword= (404)
2023-06-16T10:29:42.743Z ::1 GET /api/v1/categories?fields=name%20slug%20image
2023-06-16T10:29:42.750Z ::1 GET /api/v1/brands?fields=name%20slug%20image
2023-06-16T10:29:42.753Z ::1 GET /api/v1/products/search/suggest?keyword=
2023-06-16T10:29:42.758Z ::1 GET /api/v1/products/search/suggest?keyword= (404)
2023-06-16T10:29:42.773Z ::1 POST /api/v1/cart
2023-06-16T10:29:42.800Z ::1 GET /api/v1/discounts?fields=name,desc,code,beginDate,endDate,quantity,unlimitedQty,discount,discountType,minimumTotal,maximumApplied,image
2023-06-16T10:29:42.840Z ::1 GET /?fields=name%20slug%20image (304)
2023-06-16T10:29:42.860Z ::1 GET /?fields=name%20slug%20image (304)
2023-06-16T10:29:42.915Z ::1 POST / (200)
2023-06-16T10:29:42.919Z ::1 GET /?fields=name,desc,code,beginDate,endDate,quantity,unlimitedQty,discount,discountType,minimumTotal,maximumApplied,image (304)
2023-06-16T10:29:43.619Z ::1 GET /api/v1/categories?fields=_id%20name%20slug
2023-06-16T10:29:43.656Z ::1 GET /?fields=_id%20name%20slug (304)
2023-06-16T10:29:43.760Z ::1 GET /api/v1/brands?fields=_id%20name%20slug
2023-06-16T10:29:43.782Z ::1 GET /?fields=_id%20name%20slug (304)
2023-06-16T10:30:19.039Z ::1 GET /api/v1/orders?page=1&status=&paymentStatus=&limit=1000000000
2023-06-16T10:30:19.086Z ::1 GET /?page=1&status=&paymentStatus=&limit=1000000000 (200)
2023-06-16T10:30:22.650Z ::1 GET /api/v1/products?search=&page=1&limit=20&b=&c=
2023-06-16T10:30:22.784Z ::1 GET /?search=&page=1&limit=20&b=&c= (304)
2023-06-16T10:30:25.328Z ::1 GET /api/v1/products/iphone-11-quoc-te-like-new-99?fields=_id%20name%20slug%20desc%20video%20overSpecs%20policies%20detailSpecs%20origin%20category%20brand%20tags%20views%20rate%20variants%20quantity%20warrantyPeriod%20isHide%20createdAt%20updatedAt
2023-06-16T10:30:25.553Z ::1 GET /iphone-11-quoc-te-like-new-99?fields=_id%20name%20slug%20desc%20video%20overSpecs%20policies%20detailSpecs%20origin%20category%20brand%20tags%20views%20rate%20variants%20quantity%20warrantyPeriod%20isHide%20createdAt%20updatedAt (200)
2023-06-16T10:30:27.382Z ::1 POST /api/v1/cart/add
2023-06-16T10:30:27.539Z ::1 POST /add (200)
2023-06-16T10:30:30.575Z ::1 GET /api/v1/account
2023-06-16T10:30:30.609Z ::1 GET / (304)
2023-06-16T10:30:31.705Z ::1 POST /api/v1/cart
2023-06-16T10:30:31.724Z ::1 GET /api/v1/products/search/suggest?keyword=
2023-06-16T10:30:31.728Z ::1 GET /api/v1/products/search/suggest?keyword= (404)
2023-06-16T10:30:31.730Z ::1 GET /api/v1/categories?fields=name%20slug%20image
2023-06-16T10:30:31.737Z ::1 GET /api/v1/brands?fields=name%20slug%20image
2023-06-16T10:30:31.741Z ::1 GET /api/v1/discounts?fields=name,desc,code,beginDate,endDate,quantity,unlimitedQty,discount,discountType,minimumTotal,maximumApplied,image
2023-06-16T10:30:31.796Z ::1 GET /?fields=name,desc,code,beginDate,endDate,quantity,unlimitedQty,discount,discountType,minimumTotal,maximumApplied,image (304)
2023-06-16T10:30:31.816Z ::1 GET /?fields=name%20slug%20image (304)
2023-06-16T10:30:31.835Z ::1 GET /?fields=name%20slug%20image (304)
2023-06-16T10:30:31.839Z ::1 GET /api/v1/products/search/suggest?keyword=
2023-06-16T10:30:31.844Z ::1 GET /api/v1/products/search/suggest?keyword= (404)
2023-06-16T10:30:31.894Z ::1 POST / (200)
2023-06-16T10:30:32.947Z ::1 POST /api/v1/cart
2023-06-16T10:30:33.046Z ::1 POST / (200)
2023-06-16T10:30:42.330Z ::1 PATCH /api/v1/cart
2023-06-16T10:30:42.411Z ::1 PATCH / (200)
2023-06-16T10:30:46.146Z ::1 PATCH /api/v1/cart
2023-06-16T10:30:46.247Z ::1 PATCH / (200)
2023-06-16T10:30:48.442Z ::1 GET /api/v1/account/addresses
2023-06-16T10:30:48.472Z ::1 GET /addresses (200)
2023-06-16T10:31:22.963Z ::1 POST /api/v1/account/addresses
2023-06-16T10:31:23.062Z ::1 POST /addresses (200)
2023-06-16T10:31:40.283Z ::1 POST /api/v1/orders
2023-06-16T10:31:40.417Z ::1 POST / (200)
2023-06-16T10:31:41.577Z ::1 GET /api/v1/account
2023-06-16T10:31:41.612Z ::1 GET / (200)
2023-06-16T10:31:42.409Z ::1 GET /api/v1/products/search/suggest?keyword=
2023-06-16T10:31:42.416Z ::1 GET /api/v1/products/search/suggest?keyword= (404)
2023-06-16T10:31:42.419Z ::1 POST /api/v1/cart
2023-06-16T10:31:42.430Z ::1 GET /api/v1/categories?fields=name%20slug%20image
2023-06-16T10:31:42.435Z ::1 GET /api/v1/brands?fields=name%20slug%20image
2023-06-16T10:31:42.440Z ::1 GET /api/v1/discounts?fields=name,desc,code,beginDate,endDate,quantity,unlimitedQty,discount,discountType,minimumTotal,maximumApplied,image
2023-06-16T10:31:42.484Z ::1 GET /api/v1/products/search/suggest?keyword=
2023-06-16T10:31:42.488Z ::1 GET /api/v1/products/search/suggest?keyword= (404)
2023-06-16T10:31:42.541Z ::1 GET /?fields=name,desc,code,beginDate,endDate,quantity,unlimitedQty,discount,discountType,minimumTotal,maximumApplied,image (304)
2023-06-16T10:31:42.561Z ::1 GET /?fields=name%20slug%20image (304)
2023-06-16T10:31:42.582Z ::1 GET /?fields=name%20slug%20image (304)
2023-06-16T10:31:42.637Z ::1 POST / (200)
2023-06-16T10:31:44.128Z ::1 GET /api/v1/orders/648c3a0ca9e2c03b669e3050
2023-06-16T10:31:44.160Z ::1 GET /648c3a0ca9e2c03b669e3050 (200)
2023-06-16T10:32:18.436Z ::1 GET /api/v1/orders?page=1&status=&paymentStatus=&limit=1000000000
2023-06-16T10:32:18.478Z ::1 GET /?page=1&status=&paymentStatus=&limit=1000000000 (200)
2023-06-16T10:32:29.121Z ::1 GET /api/v1/orders?page=1&status=&paymentStatus=&limit=1000000000
2023-06-16T10:32:29.153Z ::1 GET /?page=1&status=&paymentStatus=&limit=1000000000 (304)
2023-06-16T10:32:58.486Z ::1 GET /api/v1/orders?page=1&status=&paymentStatus=pending&limit=1000000000
2023-06-16T10:32:58.521Z ::1 GET /?page=1&status=&paymentStatus=pending&limit=1000000000 (200)
2023-06-16T10:33:00.036Z ::1 GET /api/v1/orders?page=1&status=&paymentStatus=paid&limit=1000000000
2023-06-16T10:33:00.056Z ::1 GET /?page=1&status=&paymentStatus=paid&limit=1000000000 (200)
2023-06-16T10:33:01.444Z ::1 GET /api/v1/orders?page=1&status=&paymentStatus=&limit=1000000000
2023-06-16T10:33:01.470Z ::1 GET /?page=1&status=&paymentStatus=&limit=1000000000 (304)
2023-06-16T10:33:03.353Z ::1 GET /api/v1/orders?page=1&status=pending&paymentStatus=&limit=1000000000
2023-06-16T10:33:03.379Z ::1 GET /?page=1&status=pending&paymentStatus=&limit=1000000000 (200)
2023-06-16T10:33:04.312Z ::1 GET /api/v1/orders?page=1&status=&paymentStatus=&limit=1000000000
2023-06-16T10:33:04.339Z ::1 GET /?page=1&status=&paymentStatus=&limit=1000000000 (304)
2023-06-16T10:33:05.250Z ::1 GET /api/v1/orders?page=1&status=completed&paymentStatus=&limit=1000000000
2023-06-16T10:33:05.266Z ::1 GET /?page=1&status=completed&paymentStatus=&limit=1000000000 (200)
2023-06-16T10:33:06.478Z ::1 GET /api/v1/orders?page=1&status=cancelled&paymentStatus=&limit=1000000000
2023-06-16T10:33:06.493Z ::1 GET /?page=1&status=cancelled&paymentStatus=&limit=1000000000 (200)
2023-06-16T10:33:07.876Z ::1 GET /api/v1/orders?page=1&status=&paymentStatus=&limit=1000000000
2023-06-16T10:33:07.902Z ::1 GET /?page=1&status=&paymentStatus=&limit=1000000000 (304)
2023-06-16T10:35:52.946Z ::1 GET /api/v1/account
2023-06-16T10:35:53.007Z ::1 GET / (304)
2023-06-16T10:35:53.733Z ::1 GET /api/v1/products/search/suggest?keyword=
2023-06-16T10:35:53.738Z ::1 GET /api/v1/products/search/suggest?keyword= (404)
2023-06-16T10:35:53.746Z ::1 GET /api/v1/categories?fields=name%20slug%20image
2023-06-16T10:35:53.754Z ::1 GET /api/v1/products/search/suggest?keyword=
2023-06-16T10:35:53.758Z ::1 GET /api/v1/products/search/suggest?keyword= (404)
2023-06-16T10:35:53.760Z ::1 GET /api/v1/brands?fields=name%20slug%20image
2023-06-16T10:35:53.764Z ::1 GET /api/v1/discounts?fields=name,desc,code,beginDate,endDate,quantity,unlimitedQty,discount,discountType,minimumTotal,maximumApplied,image
2023-06-16T10:35:53.781Z ::1 POST /api/v1/cart
2023-06-16T10:35:53.890Z ::1 GET /?fields=name%20slug%20image (304)
2023-06-16T10:35:53.893Z ::1 GET /?fields=name,desc,code,beginDate,endDate,quantity,unlimitedQty,discount,discountType,minimumTotal,maximumApplied,image (304)
2023-06-16T10:35:53.926Z ::1 GET /?fields=name%20slug%20image (304)
2023-06-16T10:35:53.947Z ::1 POST / (200)
2023-06-16T10:35:54.498Z ::1 GET /api/v1/orders?page=1&status=&paymentStatus=&limit=1000000000
2023-06-16T10:35:54.541Z ::1 GET /?page=1&status=&paymentStatus=&limit=1000000000 (304)
2023-06-16T10:37:04.480Z ::1 GET /api/v1/account
2023-06-16T10:37:04.522Z ::1 GET / (304)
2023-06-16T10:37:05.124Z ::1 GET /api/v1/products/search/suggest?keyword=
2023-06-16T10:37:05.130Z ::1 GET /api/v1/products/search/suggest?keyword= (404)
2023-06-16T10:37:05.132Z ::1 POST /api/v1/cart
2023-06-16T10:37:05.143Z ::1 GET /api/v1/categories?fields=name%20slug%20image
2023-06-16T10:37:05.149Z ::1 GET /api/v1/brands?fields=name%20slug%20image
2023-06-16T10:37:05.155Z ::1 GET /api/v1/discounts?fields=name,desc,code,beginDate,endDate,quantity,unlimitedQty,discount,discountType,minimumTotal,maximumApplied,image
2023-06-16T10:37:05.172Z ::1 GET /api/v1/products/search/suggest?keyword=
2023-06-16T10:37:05.196Z ::1 GET /api/v1/products/search/suggest?keyword= (404)
2023-06-16T10:37:05.305Z ::1 GET /?fields=name%20slug%20image (304)
2023-06-16T10:37:05.323Z ::1 GET /?fields=name,desc,code,beginDate,endDate,quantity,unlimitedQty,discount,discountType,minimumTotal,maximumApplied,image (304)
2023-06-16T10:37:05.398Z ::1 GET /?fields=name%20slug%20image (304)
2023-06-16T10:37:05.424Z ::1 POST / (200)
2023-06-16T10:37:05.734Z ::1 POST /api/v1/cart
2023-06-16T10:37:05.767Z ::1 POST / (200)
2023-06-16T10:37:08.567Z ::1 DELETE /api/v1/cart/6482c4843ff75c40e0fb9265/0000000000297
2023-06-16T10:37:08.630Z ::1 DELETE /6482c4843ff75c40e0fb9265/0000000000297 (200)
2023-06-16T10:37:13.661Z ::1 GET /api/v1/orders?page=1&status=&paymentStatus=&limit=1000000000
2023-06-16T10:37:13.700Z ::1 GET /?page=1&status=&paymentStatus=&limit=1000000000 (304)
2023-06-16T10:40:30.875Z ::1 GET /api/v1/account
2023-06-16T10:40:30.912Z ::1 GET / (304)
2023-06-16T10:40:34.180Z ::1 GET /api/v1/orders?page=1&status=&paymentStatus=&limit=1000000000
2023-06-16T10:40:34.212Z ::1 GET /?page=1&status=&paymentStatus=&limit=1000000000 (304)
2023-06-16T10:40:36.375Z ::1 GET /api/v1/account
2023-06-16T10:40:36.400Z ::1 GET / (304)
2023-06-16T10:40:58.084Z ::1 GET /api/v1/account/addresses
2023-06-16T10:40:58.102Z ::1 GET /addresses (200)
2023-06-16T10:41:00.221Z ::1 GET /api/v1/orders?page=1&status=&paymentStatus=&limit=1000000000
2023-06-16T10:41:00.258Z ::1 GET /?page=1&status=&paymentStatus=&limit=1000000000 (304)
2023-06-16T10:41:12.078Z ::1 GET /api/v1/account
2023-06-16T10:41:12.113Z ::1 GET / (304)
2023-06-16T10:41:14.919Z ::1 GET /api/v1/orders?page=1&status=&paymentStatus=&limit=1000000000
2023-06-16T10:41:14.953Z ::1 GET /?page=1&status=&paymentStatus=&limit=1000000000 (304)
2023-06-16T10:42:00.619Z ::1 GET /api/v1/account
2023-06-16T10:42:00.646Z ::1 GET / (304)
2023-06-16T10:42:01.224Z ::1 GET /api/v1/products/search/suggest?keyword=
2023-06-16T10:42:01.229Z ::1 GET /api/v1/products/search/suggest?keyword= (404)
2023-06-16T10:42:01.300Z ::1 GET /api/v1/products/search/suggest?keyword=
2023-06-16T10:42:01.304Z ::1 GET /api/v1/products/search/suggest?keyword= (404)
2023-06-16T10:42:01.346Z ::1 GET /api/v1/categories?fields=name%20slug%20image
2023-06-16T10:42:01.372Z ::1 GET /?fields=name%20slug%20image (304)
2023-06-16T10:42:01.387Z ::1 GET /api/v1/brands?fields=name%20slug%20image
2023-06-16T10:42:01.418Z ::1 GET /?fields=name%20slug%20image (304)
2023-06-16T10:42:01.428Z ::1 GET /api/v1/discounts?fields=name,desc,code,beginDate,endDate,quantity,unlimitedQty,discount,discountType,minimumTotal,maximumApplied,image
2023-06-16T10:42:01.441Z ::1 GET /?fields=name,desc,code,beginDate,endDate,quantity,unlimitedQty,discount,discountType,minimumTotal,maximumApplied,image (304)
2023-06-16T10:42:01.464Z ::1 POST /api/v1/cart
2023-06-16T10:42:01.507Z ::1 POST / (200)
2023-06-16T10:42:46.815Z ::1 PATCH /api/v1/account/change-password
2023-06-16T10:42:47.079Z ::1 PATCH /api/v1/account/change-password (400)
2023-06-16T10:42:55.490Z ::1 PATCH /api/v1/account/change-password
2023-06-16T10:42:55.641Z ::1 PATCH /api/v1/account/change-password (401)
2023-06-16T10:42:57.509Z ::1 PATCH /api/v1/account/change-password
2023-06-16T10:42:57.664Z ::1 PATCH /api/v1/account/change-password (401)
2023-06-16T10:43:08.586Z ::1 GET /api/v1/products?search=&page=1&limit=20&b=&c=
2023-06-16T10:43:08.793Z ::1 GET /?search=&page=1&limit=20&b=&c= (200)
2023-06-16T10:43:36.157Z ::1 POST /api/v1/auth/login
2023-06-16T10:43:36.421Z ::1 POST /login (200)
2023-06-16T10:43:37.118Z ::1 POST /api/v1/cart
2023-06-16T10:43:37.290Z ::1 POST / (200)
2023-06-16T10:43:41.726Z ::1 GET /api/v1/account
2023-06-16T10:43:41.759Z ::1 GET / (200)
2023-06-16T10:43:42.326Z ::1 GET /api/v1/products/search/suggest?keyword=
2023-06-16T10:43:42.331Z ::1 GET /api/v1/products/search/suggest?keyword= (404)
2023-06-16T10:43:42.336Z ::1 GET /api/v1/categories?fields=name%20slug%20image
2023-06-16T10:43:42.342Z ::1 GET /api/v1/brands?fields=name%20slug%20image
2023-06-16T10:43:42.347Z ::1 GET /api/v1/discounts?fields=name,desc,code,beginDate,endDate,quantity,unlimitedQty,discount,discountType,minimumTotal,maximumApplied,image
2023-06-16T10:43:42.352Z ::1 POST /api/v1/cart
2023-06-16T10:43:42.362Z ::1 GET /api/v1/products/search/suggest?keyword=
2023-06-16T10:43:42.367Z ::1 GET /api/v1/products/search/suggest?keyword= (404)
2023-06-16T10:43:42.423Z ::1 GET /?fields=name%20slug%20image (304)
2023-06-16T10:43:42.453Z ::1 GET /?fields=name%20slug%20image (304)
2023-06-16T10:43:42.469Z ::1 GET /?fields=name,desc,code,beginDate,endDate,quantity,unlimitedQty,discount,discountType,minimumTotal,maximumApplied,image (304)
2023-06-16T10:43:42.494Z ::1 POST / (200)
2023-06-16T10:43:43.017Z ::1 GET /api/v1/products?search=&page=1&limit=20&b=&c=
2023-06-16T10:43:43.131Z ::1 GET /?search=&page=1&limit=20&b=&c= (304)
2023-06-16T10:43:58.663Z ::1 POST /api/v1/auth/login
2023-06-16T10:43:58.812Z ::1 POST /login (200)
2023-06-16T10:44:09.898Z ::1 GET /api/v1/orders?page=1&status=&paymentStatus=&limit=1000000000
2023-06-16T10:44:09.932Z ::1 GET /?page=1&status=&paymentStatus=&limit=1000000000 (200)
2023-06-16T10:44:48.806Z ::1 GET /api/v1/account
2023-06-16T10:44:48.845Z ::1 GET / (304)
2023-06-16T10:44:49.778Z ::1 GET /api/v1/products/search/suggest?keyword=
2023-06-16T10:44:49.785Z ::1 GET /api/v1/products/search/suggest?keyword= (404)
2023-06-16T10:44:49.792Z ::1 GET /api/v1/brands?fields=name%20slug%20image
2023-06-16T10:44:49.797Z ::1 GET /api/v1/categories?fields=name%20slug%20image
2023-06-16T10:44:49.809Z ::1 GET /api/v1/products/search/suggest?keyword=
2023-06-16T10:44:49.814Z ::1 GET /api/v1/products/search/suggest?keyword= (404)
2023-06-16T10:44:49.817Z ::1 GET /api/v1/discounts?fields=name,desc,code,beginDate,endDate,quantity,unlimitedQty,discount,discountType,minimumTotal,maximumApplied,image
2023-06-16T10:44:49.824Z ::1 POST /api/v1/cart
2023-06-16T10:44:49.919Z ::1 GET /?fields=name%20slug%20image (304)
2023-06-16T10:44:49.940Z ::1 GET /?fields=name%20slug%20image (304)
2023-06-16T10:44:49.944Z ::1 GET /?fields=name,desc,code,beginDate,endDate,quantity,unlimitedQty,discount,discountType,minimumTotal,maximumApplied,image (304)
2023-06-16T10:44:50.008Z ::1 POST / (200)
2023-06-16T10:44:50.914Z ::1 POST /api/v1/cart
2023-06-16T10:44:50.969Z ::1 POST / (200)
2023-06-16T10:44:52.726Z ::1 GET /api/v1/account/addresses
2023-06-16T10:44:52.756Z ::1 GET /addresses (200)
2023-06-16T10:44:58.158Z ::1 POST /api/v1/orders
2023-06-16T10:44:58.307Z ::1 POST / (200)
2023-06-16T10:44:58.501Z ::1 DELETE /api/v1/cart/6482c4843ff75c40e0fb9265/0000000000297
2023-06-16T10:44:58.605Z ::1 DELETE /6482c4843ff75c40e0fb9265/0000000000297 (200)
2023-06-16T10:44:59.604Z ::1 GET /api/v1/account
2023-06-16T10:44:59.655Z ::1 GET / (304)
2023-06-16T10:45:00.604Z ::1 GET /api/v1/products/search/suggest?keyword=
2023-06-16T10:45:00.610Z ::1 GET /api/v1/products/search/suggest?keyword= (404)
2023-06-16T10:45:00.619Z ::1 POST /api/v1/cart
2023-06-16T10:45:00.628Z ::1 GET /api/v1/categories?fields=name%20slug%20image
2023-06-16T10:45:00.635Z ::1 GET /api/v1/brands?fields=name%20slug%20image
2023-06-16T10:45:00.645Z ::1 GET /api/v1/discounts?fields=name,desc,code,beginDate,endDate,quantity,unlimitedQty,discount,discountType,minimumTotal,maximumApplied,image
2023-06-16T10:45:00.703Z ::1 GET /api/v1/products/search/suggest?keyword=
2023-06-16T10:45:00.710Z ::1 GET /api/v1/products/search/suggest?keyword= (404)
2023-06-16T10:45:00.803Z ::1 GET /?fields=name%20slug%20image (304)
2023-06-16T10:45:00.806Z ::1 POST / (200)
2023-06-16T10:45:00.828Z ::1 GET /?fields=name%20slug%20image (304)
2023-06-16T10:45:00.832Z ::1 GET /?fields=name,desc,code,beginDate,endDate,quantity,unlimitedQty,discount,discountType,minimumTotal,maximumApplied,image (304)
2023-06-16T10:45:02.504Z ::1 GET /api/v1/orders/648c3d2aa9e2c03b669e30d1
2023-06-16T10:45:02.542Z ::1 GET /648c3d2aa9e2c03b669e30d1 (200)
2023-06-16T10:45:13.251Z ::1 GET /api/v1/account
2023-06-16T10:45:13.280Z ::1 GET / (304)
2023-06-16T10:45:13.866Z ::1 GET /api/v1/products/search/suggest?keyword=
2023-06-16T10:45:13.871Z ::1 GET /api/v1/products/search/suggest?keyword= (404)
2023-06-16T10:45:13.875Z ::1 POST /api/v1/cart
2023-06-16T10:45:13.882Z ::1 GET /api/v1/categories?fields=name%20slug%20image
2023-06-16T10:45:13.890Z ::1 GET /api/v1/brands?fields=name%20slug%20image
2023-06-16T10:45:13.895Z ::1 GET /api/v1/discounts?fields=name,desc,code,beginDate,endDate,quantity,unlimitedQty,discount,discountType,minimumTotal,maximumApplied,image
2023-06-16T10:45:13.904Z ::1 GET /api/v1/products/search/suggest?keyword=
2023-06-16T10:45:13.910Z ::1 GET /api/v1/products/search/suggest?keyword= (404)
2023-06-16T10:45:13.969Z ::1 GET /?fields=name%20slug%20image (304)
2023-06-16T10:45:13.973Z ::1 POST / (200)
2023-06-16T10:45:13.979Z ::1 GET /?fields=name,desc,code,beginDate,endDate,quantity,unlimitedQty,discount,discountType,minimumTotal,maximumApplied,image (304)
2023-06-16T10:45:13.994Z ::1 GET /?fields=name%20slug%20image (304)
2023-06-16T10:45:21.004Z ::1 GET /api/v1/orders?page=1&status=&paymentStatus=&limit=1000000000
2023-06-16T10:45:21.104Z ::1 GET /?page=1&status=&paymentStatus=&limit=1000000000 (200)
2023-06-16T10:45:24.303Z ::1 GET /api/v1/account
2023-06-16T10:45:24.334Z ::1 GET / (304)
2023-06-16T10:45:31.566Z ::1 GET /api/v1/account
2023-06-16T10:45:31.607Z ::1 GET / (304)
2023-06-16T10:45:32.586Z ::1 GET /api/v1/products/search/suggest?keyword=
2023-06-16T10:45:32.590Z ::1 GET /api/v1/products/search/suggest?keyword= (404)
2023-06-16T10:45:32.604Z ::1 GET /api/v1/categories?fields=name%20slug%20image
2023-06-16T10:45:32.616Z ::1 POST /api/v1/cart
2023-06-16T10:45:32.622Z ::1 GET /api/v1/brands?fields=name%20slug%20image
2023-06-16T10:45:32.628Z ::1 GET /api/v1/discounts?fields=name,desc,code,beginDate,endDate,quantity,unlimitedQty,discount,discountType,minimumTotal,maximumApplied,image
2023-06-16T10:45:32.657Z ::1 GET /api/v1/products/search/suggest?keyword=
2023-06-16T10:45:32.664Z ::1 GET /api/v1/products/search/suggest?keyword= (404)
2023-06-16T10:45:32.731Z ::1 GET /?fields=name,desc,code,beginDate,endDate,quantity,unlimitedQty,discount,discountType,minimumTotal,maximumApplied,image (304)
2023-06-16T10:45:32.743Z ::1 GET /?fields=name%20slug%20image (304)
2023-06-16T10:45:32.747Z ::1 POST / (200)
2023-06-16T10:45:32.764Z ::1 GET /?fields=name%20slug%20image (304)
2023-06-16T10:45:40.795Z ::1 GET /api/v1/products/search/suggest?keyword=
2023-06-16T10:45:40.800Z ::1 GET /api/v1/products/search/suggest?keyword= (404)
2023-06-16T10:45:41.950Z ::1 GET /api/v1/products/search/suggest?keyword=
2023-06-16T10:45:41.956Z ::1 GET /api/v1/products/search/suggest?keyword= (404)
2023-06-16T10:45:43.364Z ::1 GET /api/v1/account
2023-06-16T10:45:43.393Z ::1 GET / (304)
2023-06-16T10:45:49.407Z ::1 GET /api/v1/account/addresses
2023-06-16T10:45:49.437Z ::1 GET /addresses (304)
2023-06-16T10:46:21.423Z ::1 GET /api/v1/account
2023-06-16T10:46:21.448Z ::1 GET / (304)
2023-06-16T10:46:22.126Z ::1 GET /api/v1/products/search/suggest?keyword=
2023-06-16T10:46:22.130Z ::1 GET /api/v1/products/search/suggest?keyword= (404)
2023-06-16T10:46:22.164Z ::1 GET /api/v1/products/search/suggest?keyword=
2023-06-16T10:46:22.169Z ::1 GET /api/v1/products/search/suggest?keyword= (404)
2023-06-16T10:46:22.183Z ::1 GET /api/v1/categories?fields=name%20slug%20image
2023-06-16T10:46:22.231Z ::1 GET /?fields=name%20slug%20image (304)
2023-06-16T10:46:22.267Z ::1 GET /api/v1/brands?fields=name%20slug%20image
2023-06-16T10:46:22.275Z ::1 GET /api/v1/discounts?fields=name,desc,code,beginDate,endDate,quantity,unlimitedQty,discount,discountType,minimumTotal,maximumApplied,image
2023-06-16T10:46:22.289Z ::1 GET /?fields=name,desc,code,beginDate,endDate,quantity,unlimitedQty,discount,discountType,minimumTotal,maximumApplied,image (304)
2023-06-16T10:46:22.322Z ::1 GET /?fields=name%20slug%20image (304)
2023-06-16T10:46:22.349Z ::1 POST /api/v1/cart
2023-06-16T10:46:22.362Z ::1 POST / (200)
2023-06-16T10:46:24.374Z ::1 GET /api/v1/orders?page=1&status=&paymentStatus=&limit=1000000000
2023-06-16T10:46:24.414Z ::1 GET /?page=1&status=&paymentStatus=&limit=1000000000 (200)
2023-06-16T10:46:54.756Z ::1 GET /api/v1/account
2023-06-16T10:46:54.777Z ::1 GET / (304)
2023-06-16T10:46:55.909Z ::1 GET /api/v1/products/search/suggest?keyword=
2023-06-16T10:46:55.915Z ::1 GET /api/v1/products/search/suggest?keyword= (404)
2023-06-16T10:46:55.921Z ::1 GET /api/v1/categories?fields=name%20slug%20image
2023-06-16T10:46:55.932Z ::1 GET /api/v1/brands?fields=name%20slug%20image
2023-06-16T10:46:55.935Z ::1 GET /api/v1/discounts?fields=name,desc,code,beginDate,endDate,quantity,unlimitedQty,discount,discountType,minimumTotal,maximumApplied,image
2023-06-16T10:46:55.958Z ::1 GET /?fields=name%20slug%20image (304)
2023-06-16T10:46:55.964Z ::1 GET /?fields=name,desc,code,beginDate,endDate,quantity,unlimitedQty,discount,discountType,minimumTotal,maximumApplied,image (304)
2023-06-16T10:46:56.015Z ::1 GET /?fields=name%20slug%20image (304)
2023-06-16T10:46:56.022Z ::1 GET /api/v1/products/search/suggest?keyword=
2023-06-16T10:46:56.055Z ::1 GET /api/v1/products/search/suggest?keyword= (404)
2023-06-16T10:46:56.069Z ::1 POST /api/v1/cart
2023-06-16T10:46:56.082Z ::1 POST / (200)
2023-06-16T10:46:57.172Z ::1 GET /api/v1/orders?page=1&status=&paymentStatus=&limit=1000000000
2023-06-16T10:46:57.201Z ::1 GET /?page=1&status=&paymentStatus=&limit=1000000000 (304)
2023-06-16T10:47:02.731Z ::1 GET /api/v1/orders?page=1&status=pending&paymentStatus=&limit=1000000000
2023-06-16T10:47:02.780Z ::1 GET /?page=1&status=pending&paymentStatus=&limit=1000000000 (200)
2023-06-16T10:47:13.890Z ::1 GET /api/v1/orders?page=1&status=cancelled&paymentStatus=&limit=1000000000
2023-06-16T10:47:13.918Z ::1 GET /?page=1&status=cancelled&paymentStatus=&limit=1000000000 (304)
2023-06-16T10:47:20.560Z ::1 GET /api/v1/orders?page=1&status=&paymentStatus=&limit=1000000000
2023-06-16T10:47:20.607Z ::1 GET /?page=1&status=&paymentStatus=&limit=1000000000 (304)
2023-06-16T10:47:23.494Z ::1 GET /api/v1/orders?page=1&status=pending&paymentStatus=&limit=1000000000
2023-06-16T10:47:23.543Z ::1 GET /?page=1&status=pending&paymentStatus=&limit=1000000000 (304)
2023-06-16T10:47:24.748Z ::1 GET /api/v1/orders?page=1&status=confirmed&paymentStatus=&limit=1000000000
2023-06-16T10:47:24.770Z ::1 GET /?page=1&status=confirmed&paymentStatus=&limit=1000000000 (200)
2023-06-16T10:47:25.815Z ::1 GET /api/v1/orders?page=1&status=shipping&paymentStatus=&limit=1000000000
2023-06-16T10:47:25.831Z ::1 GET /?page=1&status=shipping&paymentStatus=&limit=1000000000 (200)
2023-06-16T10:47:27.166Z ::1 GET /api/v1/orders?page=1&status=&paymentStatus=&limit=1000000000
2023-06-16T10:47:27.197Z ::1 GET /?page=1&status=&paymentStatus=&limit=1000000000 (304)
2023-06-16T10:47:29.967Z ::1 GET /api/v1/orders?page=1&status=&paymentStatus=pending&limit=1000000000
2023-06-16T10:47:29.997Z ::1 GET /?page=1&status=&paymentStatus=pending&limit=1000000000 (200)
2023-06-16T10:47:31.488Z ::1 GET /api/v1/orders?page=1&status=&paymentStatus=&limit=1000000000
2023-06-16T10:47:31.523Z ::1 GET /?page=1&status=&paymentStatus=&limit=1000000000 (304)
2023-06-16T10:47:38.455Z ::1 GET /api/v1/orders?page=1&status=&paymentStatus=pending&limit=1000000000
2023-06-16T10:47:38.491Z ::1 GET /?page=1&status=&paymentStatus=pending&limit=1000000000 (304)
2023-06-16T10:48:53.033Z ::1 GET /api/v1/orders?page=1&status=&paymentStatus=pending&limit=1000000000
2023-06-16T10:48:53.080Z ::1 GET /?page=1&status=&paymentStatus=pending&limit=1000000000 (304)
2023-06-16T10:49:05.687Z ::1 GET /api/v1/orders?page=1&status=&paymentStatus=pending&limit=1000000000
2023-06-16T10:49:05.719Z ::1 GET /?page=1&status=&paymentStatus=pending&limit=1000000000 (304)
2023-06-16T10:49:37.084Z ::1 GET /api/v1/orders?page=1&status=&paymentStatus=pending&limit=1000000000
2023-06-16T10:49:37.111Z ::1 GET /?page=1&status=&paymentStatus=pending&limit=1000000000 (304)
2023-06-16T10:49:38.668Z ::1 GET /api/v1/orders?page=1&status=&paymentStatus=pending&limit=1000000000
2023-06-16T10:49:38.698Z ::1 GET /?page=1&status=&paymentStatus=pending&limit=1000000000 (304)
2023-06-16T10:49:40.173Z ::1 GET /api/v1/orders?page=1&status=&paymentStatus=pending&limit=1000000000
2023-06-16T10:49:40.203Z ::1 GET /?page=1&status=&paymentStatus=pending&limit=1000000000 (304)
2023-06-16T10:49:43.479Z ::1 GET /api/v1/orders?page=1&status=&paymentStatus=pending&limit=1000000000
2023-06-16T10:49:43.522Z ::1 GET /?page=1&status=&paymentStatus=pending&limit=1000000000 (304)
2023-06-16T10:50:08.361Z ::1 GET /api/v1/orders?page=1&status=&paymentStatus=pending&limit=1000000000
2023-06-16T10:50:08.409Z ::1 GET /?page=1&status=&paymentStatus=pending&limit=1000000000 (304)
2023-06-16T10:50:26.825Z ::1 GET /api/v1/orders?page=1&status=&paymentStatus=pending&limit=1000000000
2023-06-16T10:50:26.896Z ::1 GET /?page=1&status=&paymentStatus=pending&limit=1000000000 (304)
2023-06-16T10:50:46.726Z ::1 GET /api/v1/orders?page=1&status=&paymentStatus=pending&limit=1000000000
2023-06-16T10:50:46.796Z ::1 GET /?page=1&status=&paymentStatus=pending&limit=1000000000 (304)
2023-06-16T10:51:08.865Z ::1 GET /api/v1/orders?page=1&status=&paymentStatus=pending&limit=1000000000
2023-06-16T10:51:08.912Z ::1 GET /?page=1&status=&paymentStatus=pending&limit=1000000000 (304)
2023-06-16T10:52:32.733Z ::1 GET /api/v1/account
2023-06-16T10:52:32.827Z ::1 GET / (304)
2023-06-16T10:52:34.683Z ::1 GET /api/v1/products/search/suggest?keyword=
2023-06-16T10:52:34.692Z ::1 GET /api/v1/products/search/suggest?keyword= (404)
2023-06-16T10:52:34.700Z ::1 GET /api/v1/products/search/suggest?keyword=
2023-06-16T10:52:34.706Z ::1 GET /api/v1/products/search/suggest?keyword= (404)
2023-06-16T10:52:34.713Z ::1 GET /api/v1/categories?fields=name%20slug%20image
2023-06-16T10:52:34.733Z ::1 GET /api/v1/brands?fields=name%20slug%20image
2023-06-16T10:52:34.742Z ::1 GET /api/v1/discounts?fields=name,desc,code,beginDate,endDate,quantity,unlimitedQty,discount,discountType,minimumTotal,maximumApplied,image
2023-06-16T10:52:34.755Z ::1 POST /api/v1/cart
2023-06-16T10:52:34.828Z ::1 GET /?fields=name%20slug%20image (304)
2023-06-16T10:52:34.894Z ::1 POST / (200)
2023-06-16T10:52:34.934Z ::1 GET /?fields=name,desc,code,beginDate,endDate,quantity,unlimitedQty,discount,discountType,minimumTotal,maximumApplied,image (304)
2023-06-16T10:52:34.952Z ::1 GET /?fields=name%20slug%20image (304)
2023-06-16T10:52:36.164Z ::1 GET /api/v1/orders?page=1&status=&paymentStatus=&limit=1000000000
2023-06-16T10:52:36.222Z ::1 GET /?page=1&status=&paymentStatus=&limit=1000000000 (304)
2023-06-16T10:54:24.064Z ::1 GET /api/v1/account
2023-06-16T10:54:24.101Z ::1 GET / (304)
2023-06-16T10:54:24.912Z ::1 POST /api/v1/cart
2023-06-16T10:54:24.921Z ::1 GET /api/v1/products/search/suggest?keyword=
2023-06-16T10:54:24.927Z ::1 GET /api/v1/products/search/suggest?keyword= (404)
2023-06-16T10:54:24.936Z ::1 GET /api/v1/discounts?fields=name,desc,code,beginDate,endDate,quantity,unlimitedQty,discount,discountType,minimumTotal,maximumApplied,image
2023-06-16T10:54:24.942Z ::1 GET /api/v1/categories?fields=name%20slug%20image
2023-06-16T10:54:24.949Z ::1 GET /api/v1/brands?fields=name%20slug%20image
2023-06-16T10:54:24.972Z ::1 GET /api/v1/products/search/suggest?keyword=
2023-06-16T10:54:24.978Z ::1 GET /api/v1/products/search/suggest?keyword= (404)
2023-06-16T10:54:25.001Z ::1 GET /?fields=name,desc,code,beginDate,endDate,quantity,unlimitedQty,discount,discountType,minimumTotal,maximumApplied,image (304)
2023-06-16T10:54:25.008Z ::1 POST / (200)
2023-06-16T10:54:25.026Z ::1 GET /?fields=name%20slug%20image (304)
2023-06-16T10:54:25.038Z ::1 GET /?fields=name%20slug%20image (304)
2023-06-16T10:54:25.509Z ::1 POST /api/v1/cart
2023-06-16T10:54:25.536Z ::1 POST / (200)
2023-06-16T10:54:26.621Z ::1 POST /api/v1/cart
2023-06-16T10:54:26.636Z ::1 POST / (200)
2023-06-16T10:56:36.841Z ::1 GET /api/v1/account
2023-06-16T10:56:36.914Z ::1 GET / (304)
2023-06-16T10:56:38.482Z ::1 POST /api/v1/cart
2023-06-16T10:56:38.509Z ::1 GET /api/v1/categories?fields=name%20slug%20image
2023-06-16T10:56:38.515Z ::1 GET /api/v1/products/search/suggest?keyword=
2023-06-16T10:56:38.522Z ::1 GET /api/v1/products/search/suggest?keyword= (404)
2023-06-16T10:56:38.525Z ::1 GET /api/v1/discounts?fields=name,desc,code,beginDate,endDate,quantity,unlimitedQty,discount,discountType,minimumTotal,maximumApplied,image
2023-06-16T10:56:38.531Z ::1 GET /api/v1/brands?fields=name%20slug%20image
2023-06-16T10:56:38.539Z ::1 GET /api/v1/products/search/suggest?keyword=
2023-06-16T10:56:38.574Z ::1 GET /api/v1/products/search/suggest?keyword= (404)
2023-06-16T10:56:38.669Z ::1 POST / (200)
2023-06-16T10:56:38.903Z ::1 GET /?fields=name%20slug%20image (304)
2023-06-16T10:56:38.907Z ::1 GET /?fields=name,desc,code,beginDate,endDate,quantity,unlimitedQty,discount,discountType,minimumTotal,maximumApplied,image (304)
2023-06-16T10:56:38.940Z ::1 GET /?fields=name%20slug%20image (304)
2023-06-16T10:56:41.258Z ::1 GET /api/v1/orders?page=1&status=&paymentStatus=&limit=1000000000
2023-06-16T10:56:41.410Z ::1 GET /?page=1&status=&paymentStatus=&limit=1000000000 (304)
2023-06-16T10:58:42.528Z ::1 GET /api/v1/account
2023-06-16T10:58:42.596Z ::1 GET / (304)
2023-06-16T10:58:43.589Z ::1 GET /api/v1/products/search/suggest?keyword=
2023-06-16T10:58:43.594Z ::1 GET /api/v1/products/search/suggest?keyword= (404)
2023-06-16T10:58:43.602Z ::1 GET /api/v1/products/search/suggest?keyword=
2023-06-16T10:58:43.606Z ::1 GET /api/v1/products/search/suggest?keyword= (404)
2023-06-16T10:58:43.711Z ::1 GET /api/v1/categories?fields=name%20slug%20image
2023-06-16T10:58:43.733Z ::1 GET /api/v1/brands?fields=name%20slug%20image
2023-06-16T10:58:43.793Z ::1 GET /?fields=name%20slug%20image (304)
2023-06-16T10:58:43.807Z ::1 GET /?fields=name%20slug%20image (304)
2023-06-16T10:58:43.879Z ::1 GET /api/v1/discounts?fields=name,desc,code,beginDate,endDate,quantity,unlimitedQty,discount,discountType,minimumTotal,maximumApplied,image
2023-06-16T10:58:43.884Z ::1 POST /api/v1/cart
2023-06-16T10:58:43.895Z ::1 GET /?fields=name,desc,code,beginDate,endDate,quantity,unlimitedQty,discount,discountType,minimumTotal,maximumApplied,image (304)
2023-06-16T10:58:43.901Z ::1 POST / (200)
2023-06-16T10:58:44.520Z ::1 GET /api/v1/orders?page=1&status=&paymentStatus=&limit=1000000000
2023-06-16T10:58:44.545Z ::1 GET /?page=1&status=&paymentStatus=&limit=1000000000 (304)
2023-06-16T10:59:05.901Z ::1 GET /api/v1/products/search/suggest?keyword=
2023-06-16T10:59:05.906Z ::1 GET /api/v1/products/search/suggest?keyword= (404)
2023-06-16T10:59:15.597Z ::1 GET /api/v1/products/search/suggest?keyword=
2023-06-16T10:59:15.601Z ::1 GET /api/v1/products/search/suggest?keyword= (404)
2023-06-16T11:01:21.321Z ::1 GET /api/v1/account
2023-06-16T11:01:21.351Z ::1 GET / (304)
2023-06-16T11:01:21.753Z ::1 GET /api/v1/products/search/suggest?keyword=
2023-06-16T11:01:21.761Z ::1 GET /api/v1/products/search/suggest?keyword= (404)
2023-06-16T11:01:21.765Z ::1 POST /api/v1/cart
2023-06-16T11:01:21.774Z ::1 GET /api/v1/categories?fields=name%20slug%20image
2023-06-16T11:01:21.780Z ::1 GET /api/v1/brands?fields=name%20slug%20image
2023-06-16T11:01:21.783Z ::1 GET /api/v1/discounts?fields=name,desc,code,beginDate,endDate,quantity,unlimitedQty,discount,discountType,minimumTotal,maximumApplied,image
2023-06-16T11:01:21.790Z ::1 GET /api/v1/products/search/suggest?keyword=
2023-06-16T11:01:21.796Z ::1 GET /api/v1/products/search/suggest?keyword= (404)
2023-06-16T11:01:21.834Z ::1 POST / (200)
2023-06-16T11:01:21.865Z ::1 GET /?fields=name%20slug%20image (304)
2023-06-16T11:01:21.869Z ::1 GET /?fields=name,desc,code,beginDate,endDate,quantity,unlimitedQty,discount,discountType,minimumTotal,maximumApplied,image (304)
2023-06-16T11:01:21.886Z ::1 GET /?fields=name%20slug%20image (304)
2023-06-16T11:01:24.150Z ::1 GET /api/v1/orders?page=1&status=&paymentStatus=&limit=1000000000
2023-06-16T11:01:24.181Z ::1 GET /?page=1&status=&paymentStatus=&limit=1000000000 (304)
2023-06-16T11:02:29.881Z ::1 GET /api/v1/account
2023-06-16T11:02:29.902Z ::1 GET / (304)
2023-06-16T11:02:37.740Z ::1 POST /api/v1/cart
2023-06-16T11:02:38.208Z ::1 GET /api/v1/categories?fields=name%20slug%20image
2023-06-16T11:02:38.217Z ::1 GET /api/v1/products/search/suggest?keyword=
2023-06-16T11:02:38.220Z ::1 GET /api/v1/products/search/suggest?keyword= (404)
2023-06-16T11:02:38.222Z ::1 GET /api/v1/brands?fields=name%20slug%20image
2023-06-16T11:02:38.238Z ::1 GET /api/v1/discounts?fields=name,desc,code,beginDate,endDate,quantity,unlimitedQty,discount,discountType,minimumTotal,maximumApplied,image
2023-06-16T11:02:38.324Z ::1 GET /api/v1/products/search/suggest?keyword=
2023-06-16T11:02:38.332Z ::1 GET /api/v1/products/search/suggest?keyword= (404)
2023-06-16T11:02:39.289Z ::1 GET /?fields=name,desc,code,beginDate,endDate,quantity,unlimitedQty,discount,discountType,minimumTotal,maximumApplied,image (304)
2023-06-16T11:02:39.305Z ::1 GET /?fields=name%20slug%20image (304)
2023-06-16T11:02:39.308Z ::1 POST / (200)
2023-06-16T11:02:39.331Z ::1 GET /?fields=name%20slug%20image (304)
2023-06-16T11:02:41.595Z ::1 GET /api/v1/orders?page=1&status=&paymentStatus=&limit=1000000000
2023-06-16T11:02:41.716Z ::1 GET /?page=1&status=&paymentStatus=&limit=1000000000 (304)
2023-06-16T11:29:40.932Z ::1 GET /api/v1/account
2023-06-16T11:29:41.095Z ::1 GET / (304)
2023-06-16T11:29:41.699Z ::1 GET /api/v1/products/search/suggest?keyword=
2023-06-16T11:29:41.715Z ::1 GET /api/v1/products/search/suggest?keyword= (404)
2023-06-16T11:29:41.733Z ::1 POST /api/v1/cart
2023-06-16T11:29:41.838Z ::1 GET /api/v1/categories?fields=name%20slug%20image
2023-06-16T11:29:41.865Z ::1 GET /api/v1/products/search/suggest?keyword=
2023-06-16T11:29:41.876Z ::1 GET /api/v1/products/search/suggest?keyword= (404)
2023-06-16T11:29:41.882Z ::1 GET /api/v1/discounts?fields=name,desc,code,beginDate,endDate,quantity,unlimitedQty,discount,discountType,minimumTotal,maximumApplied,image
2023-06-16T11:29:41.911Z ::1 GET /api/v1/brands?fields=name%20slug%20image
2023-06-16T11:29:41.937Z ::1 POST / (200)
2023-06-16T11:29:41.978Z ::1 GET /?fields=name%20slug%20image (304)
2023-06-16T11:29:42.024Z ::1 GET /?fields=name%20slug%20image (304)
2023-06-16T11:29:42.033Z ::1 GET /?fields=name,desc,code,beginDate,endDate,quantity,unlimitedQty,discount,discountType,minimumTotal,maximumApplied,image (304)
2023-06-16T11:29:42.604Z ::1 GET /api/v1/products?search=&page=1&limit=20&b=&c=
2023-06-16T11:29:42.834Z ::1 GET /?search=&page=1&limit=20&b=&c= (200)
2023-06-16T11:29:50.701Z ::1 GET /api/v1/account
2023-06-16T11:29:50.727Z ::1 GET / (304)
2023-06-16T11:29:51.196Z ::1 POST /api/v1/cart
2023-06-16T11:29:51.217Z ::1 POST / (200)
2023-06-16T11:29:57.811Z ::1 GET /api/v1/categories
2023-06-16T11:29:57.856Z ::1 GET / (200)
2023-06-16T11:30:02.115Z ::1 GET /api/v1/brands
2023-06-16T11:30:02.178Z ::1 GET / (200)
2023-06-16T11:30:09.774Z ::1 GET /api/v1/categories
2023-06-16T11:30:09.811Z ::1 GET / (304)
2023-06-16T11:30:17.560Z ::1 GET /api/v1/brands
2023-06-16T11:30:17.593Z ::1 GET / (304)
2023-06-16T11:32:07.933Z ::1 GET /api/v1/account
2023-06-16T11:32:07.951Z ::1 GET / (304)
2023-06-16T11:32:08.603Z ::1 POST /api/v1/cart
2023-06-16T11:32:08.614Z ::1 POST / (200)
2023-06-16T11:32:19.150Z ::1 GET /api/v1/account
2023-06-16T11:32:19.173Z ::1 GET / (304)
2023-06-16T11:32:19.418Z ::1 POST /api/v1/cart
2023-06-16T11:32:19.429Z ::1 POST / (200)
2023-06-16T11:32:23.740Z ::1 GET /api/v1/brands
2023-06-16T11:32:23.745Z ::1 GET /api/v1/categories
2023-06-16T11:32:23.792Z ::1 GET / (304)
2023-06-16T11:32:23.823Z ::1 GET / (304)
2023-06-16T11:32:27.667Z ::1 GET /api/v1/brands
2023-06-16T11:32:27.702Z ::1 GET / (304)
2023-06-16T11:32:33.113Z ::1 GET /api/v1/brands
2023-06-16T11:32:33.117Z ::1 GET /api/v1/categories
2023-06-16T11:32:33.157Z ::1 GET / (304)
2023-06-16T11:32:33.192Z ::1 GET / (304)
2023-06-16T11:33:35.999Z ::1 GET /api/v1/account
2023-06-16T11:33:36.065Z ::1 GET / (304)
2023-06-16T11:33:36.663Z ::1 POST /api/v1/cart
2023-06-16T11:33:36.691Z ::1 POST / (200)
2023-06-16T11:33:47.454Z ::1 GET /api/v1/account
2023-06-16T11:33:47.482Z ::1 GET / (304)
2023-06-16T11:33:47.910Z ::1 POST /api/v1/cart
2023-06-16T11:33:47.934Z ::1 POST / (200)
2023-06-16T11:34:35.610Z ::1 GET /api/v1/account
2023-06-16T11:34:35.634Z ::1 GET / (304)
2023-06-16T11:34:36.144Z ::1 POST /api/v1/cart
2023-06-16T11:34:36.154Z ::1 POST / (200)
2023-06-16T11:34:59.346Z ::1 GET /api/v1/account
2023-06-16T11:34:59.373Z ::1 GET / (304)
2023-06-16T11:35:00.133Z ::1 POST /api/v1/cart
2023-06-16T11:35:00.165Z ::1 POST / (200)
2023-06-16T11:35:03.283Z ::1 GET /api/v1/categories
2023-06-16T11:35:03.339Z ::1 GET / (304)
2023-06-16T11:36:15.199Z ::1 GET /api/v1/account
2023-06-16T11:36:15.223Z ::1 GET / (304)
2023-06-16T11:36:15.666Z ::1 POST /api/v1/cart
2023-06-16T11:36:15.694Z ::1 POST / (200)
2023-06-16T11:42:15.515Z ::1 GET /api/v1/account
2023-06-16T11:42:15.675Z ::1 GET / (304)
2023-06-16T11:42:16.579Z ::1 POST /api/v1/cart
2023-06-16T11:42:17.177Z ::1 POST / (200)
2023-06-16T11:42:56.876Z ::1 GET /api/v1/account
2023-06-16T11:42:56.899Z ::1 GET / (304)
2023-06-16T11:42:57.332Z ::1 POST /api/v1/cart
2023-06-16T11:42:57.384Z ::1 POST / (200)
2023-06-16T11:43:16.354Z ::1 GET /api/v1/account
2023-06-16T11:43:16.378Z ::1 GET / (304)
2023-06-16T11:43:16.790Z ::1 POST /api/v1/cart
2023-06-16T11:43:16.837Z ::1 POST / (200)
2023-06-16T11:43:21.839Z ::1 GET /api/v1/brands
2023-06-16T11:43:21.893Z ::1 GET / (304)
2023-06-16T11:44:25.415Z ::1 GET /api/v1/brands
2023-06-16T11:44:25.453Z ::1 GET / (304)
2023-06-16T11:45:15.023Z ::1 GET /api/v1/account
2023-06-16T11:45:15.043Z ::1 GET / (304)
2023-06-16T11:45:15.407Z ::1 POST /api/v1/cart
2023-06-16T11:45:15.425Z ::1 POST / (200)
2023-06-16T11:45:49.029Z ::1 GET /api/v1/account
2023-06-16T11:45:49.046Z ::1 GET / (304)
2023-06-16T11:45:49.722Z ::1 POST /api/v1/cart
2023-06-16T11:45:49.733Z ::1 POST / (200)
2023-06-16T11:46:04.811Z ::1 GET /api/v1/brands
2023-06-16T11:46:04.854Z ::1 GET / (304)
2023-06-16T11:48:47.681Z ::1 GET /api/v1/categories
2023-06-16T11:48:47.729Z ::1 GET / (304)
2023-06-16T11:50:07.750Z ::1 GET /api/v1/account
2023-06-16T11:50:07.770Z ::1 GET / (304)
2023-06-16T11:50:08.320Z ::1 GET /api/v1/products/search/suggest?keyword=
2023-06-16T11:50:08.334Z ::1 GET /api/v1/products/search/suggest?keyword= (404)
2023-06-16T11:50:08.336Z ::1 POST /api/v1/cart
2023-06-16T11:50:08.352Z ::1 GET /api/v1/categories?fields=name%20slug%20image
2023-06-16T11:50:08.360Z ::1 GET /api/v1/brands?fields=name%20slug%20image
2023-06-16T11:50:08.365Z ::1 GET /api/v1/discounts?fields=name,desc,code,beginDate,endDate,quantity,unlimitedQty,discount,discountType,minimumTotal,maximumApplied,image
2023-06-16T11:50:08.378Z ::1 GET /api/v1/products/search/suggest?keyword=
2023-06-16T11:50:08.384Z ::1 GET /api/v1/products/search/suggest?keyword= (404)
2023-06-16T11:50:08.388Z ::1 POST / (200)
2023-06-16T11:50:08.414Z ::1 GET /?fields=name%20slug%20image (304)
2023-06-16T11:50:08.435Z ::1 GET /?fields=name%20slug%20image (304)
2023-06-16T11:50:08.439Z ::1 GET /?fields=name,desc,code,beginDate,endDate,quantity,unlimitedQty,discount,discountType,minimumTotal,maximumApplied,image (304)
2023-06-16T11:50:08.815Z ::1 GET /api/v1/products?search=&page=1&limit=20&b=&c=
2023-06-16T11:50:08.985Z ::1 GET /?search=&page=1&limit=20&b=&c= (304)
2023-06-16T11:50:51.595Z ::1 GET /api/v1/categories?fields=_id%20name%20slug
2023-06-16T11:50:51.619Z ::1 GET /?fields=_id%20name%20slug (304)
2023-06-16T11:50:51.629Z ::1 GET /api/v1/brands?fields=_id%20name%20slug
2023-06-16T11:50:51.645Z ::1 GET /?fields=_id%20name%20slug (304)
2023-06-16T11:50:53.285Z ::1 GET /api/v1/products?search=&page=1&limit=20&b=&c=
2023-06-16T11:50:53.420Z ::1 GET /?search=&page=1&limit=20&b=&c= (304)
2023-06-16T11:50:54.188Z ::1 GET /api/v1/categories?fields=_id%20name%20slug
2023-06-16T11:50:54.212Z ::1 GET /?fields=_id%20name%20slug (304)
2023-06-16T11:50:54.241Z ::1 GET /api/v1/brands?fields=_id%20name%20slug
2023-06-16T11:50:54.262Z ::1 GET /?fields=_id%20name%20slug (304)
2023-06-16T11:50:57.369Z ::1 GET /api/v1/products?search=&page=1&limit=20&b=&c=
2023-06-16T11:50:57.497Z ::1 GET /?search=&page=1&limit=20&b=&c= (304)
2023-06-16T11:50:58.106Z ::1 GET /api/v1/categories?fields=_id%20name%20slug
2023-06-16T11:50:58.127Z ::1 GET /?fields=_id%20name%20slug (304)
2023-06-16T11:50:58.175Z ::1 GET /api/v1/brands?fields=_id%20name%20slug
2023-06-16T11:50:58.191Z ::1 GET /?fields=_id%20name%20slug (304)
2023-06-16T11:51:02.084Z ::1 GET /api/v1/products?search=&page=1&limit=20&b=&c=
2023-06-16T11:51:02.171Z ::1 GET /?search=&page=1&limit=20&b=&c= (304)
2023-06-16T11:51:05.202Z ::1 GET /api/v1/account
2023-06-16T11:51:05.225Z ::1 GET / (304)
2023-06-16T11:51:05.814Z ::1 GET /api/v1/products/search/suggest?keyword=
2023-06-16T11:51:05.821Z ::1 GET /api/v1/products/search/suggest?keyword= (404)
2023-06-16T11:51:05.824Z ::1 GET /api/v1/categories?fields=name%20slug%20image
2023-06-16T11:51:05.832Z ::1 POST /api/v1/cart
2023-06-16T11:51:05.844Z ::1 GET /api/v1/brands?fields=name%20slug%20image
2023-06-16T11:51:05.856Z ::1 GET /api/v1/discounts?fields=name,desc,code,beginDate,endDate,quantity,unlimitedQty,discount,discountType,minimumTotal,maximumApplied,image
2023-06-16T11:51:05.868Z ::1 GET /api/v1/products/search/suggest?keyword=
2023-06-16T11:51:05.877Z ::1 GET /api/v1/products/search/suggest?keyword= (404)
2023-06-16T11:51:05.901Z ::1 GET /?fields=name%20slug%20image (304)
2023-06-16T11:51:05.908Z ::1 POST / (200)
2023-06-16T11:51:05.945Z ::1 GET /?fields=name%20slug%20image (304)
2023-06-16T11:51:05.956Z ::1 GET /?fields=name,desc,code,beginDate,endDate,quantity,unlimitedQty,discount,discountType,minimumTotal,maximumApplied,image (304)
2023-06-16T11:51:06.385Z ::1 GET /api/v1/products?search=&page=1&limit=20&b=&c=
2023-06-16T11:51:06.474Z ::1 GET /?search=&page=1&limit=20&b=&c= (304)
2023-06-16T11:51:08.325Z ::1 GET /api/v1/products/iphone-11-quoc-te-like-new-99?fields=_id%20name%20slug%20desc%20video%20overSpecs%20policies%20detailSpecs%20origin%20category%20brand%20tags%20views%20rate%20variants%20quantity%20warrantyPeriod%20isHide%20createdAt%20updatedAt
2023-06-16T11:51:08.490Z ::1 GET /iphone-11-quoc-te-like-new-99?fields=_id%20name%20slug%20desc%20video%20overSpecs%20policies%20detailSpecs%20origin%20category%20brand%20tags%20views%20rate%20variants%20quantity%20warrantyPeriod%20isHide%20createdAt%20updatedAt (200)
2023-06-16T11:51:10.314Z ::1 POST /api/v1/cart/add
2023-06-16T11:51:10.408Z ::1 POST /add (200)
2023-06-16T11:51:11.589Z ::1 GET /api/v1/account
2023-06-16T11:51:11.609Z ::1 GET / (304)
2023-06-16T11:51:11.887Z ::1 GET /api/v1/products/search/suggest?keyword=
2023-06-16T11:51:11.891Z ::1 GET /api/v1/products/search/suggest?keyword= (404)
2023-06-16T11:51:11.893Z ::1 POST /api/v1/cart
2023-06-16T11:51:11.904Z ::1 GET /api/v1/brands?fields=name%20slug%20image
2023-06-16T11:51:11.908Z ::1 GET /api/v1/categories?fields=name%20slug%20image
2023-06-16T11:51:11.913Z ::1 GET /api/v1/discounts?fields=name,desc,code,beginDate,endDate,quantity,unlimitedQty,discount,discountType,minimumTotal,maximumApplied,image
2023-06-16T11:51:11.923Z ::1 GET /api/v1/products/search/suggest?keyword=
2023-06-16T11:51:11.929Z ::1 GET /api/v1/products/search/suggest?keyword= (404)
2023-06-16T11:51:11.952Z ::1 GET /?fields=name%20slug%20image (304)
2023-06-16T11:51:11.960Z ::1 GET /?fields=name,desc,code,beginDate,endDate,quantity,unlimitedQty,discount,discountType,minimumTotal,maximumApplied,image (304)
2023-06-16T11:51:12.103Z ::1 GET /?fields=name%20slug%20image (304)
2023-06-16T11:51:12.134Z ::1 POST / (200)
2023-06-16T11:51:12.815Z ::1 POST /api/v1/cart
2023-06-16T11:51:12.845Z ::1 POST / (200)
2023-06-16T11:51:15.468Z ::1 GET /api/v1/account/addresses
2023-06-16T11:51:15.490Z ::1 GET /addresses (304)
2023-06-16T11:51:18.435Z ::1 GET /api/v1/orders?page=1&status=&paymentStatus=&limit=1000000000
2023-06-16T11:51:18.481Z ::1 GET /?page=1&status=&paymentStatus=&limit=1000000000 (304)
2023-06-16T11:52:22.643Z ::1 GET /api/v1/orders?page=1&status=pending&paymentStatus=&limit=1000000000
2023-06-16T11:52:22.666Z ::1 GET /?page=1&status=pending&paymentStatus=&limit=1000000000 (304)
2023-06-16T11:52:24.152Z ::1 GET /api/v1/orders?page=1&status=confirmed&paymentStatus=&limit=1000000000
2023-06-16T11:52:24.161Z ::1 GET /?page=1&status=confirmed&paymentStatus=&limit=1000000000 (200)
2023-06-16T11:52:25.187Z ::1 GET /api/v1/orders?page=1&status=&paymentStatus=&limit=1000000000
2023-06-16T11:52:25.205Z ::1 GET /?page=1&status=&paymentStatus=&limit=1000000000 (304)
2023-06-16T11:52:38.166Z ::1 GET /api/v1/account
2023-06-16T11:52:38.204Z ::1 GET / (304)
2023-06-16T11:52:38.840Z ::1 GET /api/v1/products/search/suggest?keyword=
2023-06-16T11:52:38.846Z ::1 GET /api/v1/products/search/suggest?keyword= (404)
2023-06-16T11:52:38.847Z ::1 GET /api/v1/categories?fields=name%20slug%20image
2023-06-16T11:52:38.853Z ::1 GET /api/v1/brands?fields=name%20slug%20image
2023-06-16T11:52:38.856Z ::1 POST /api/v1/cart
2023-06-16T11:52:38.867Z ::1 GET /api/v1/discounts?fields=name,desc,code,beginDate,endDate,quantity,unlimitedQty,discount,discountType,minimumTotal,maximumApplied,image
2023-06-16T11:52:38.873Z ::1 GET /api/v1/products/search/suggest?keyword=
2023-06-16T11:52:38.888Z ::1 GET /api/v1/products/search/suggest?keyword= (404)
2023-06-16T11:52:38.907Z ::1 GET /?fields=name%20slug%20image (304)
2023-06-16T11:52:38.931Z ::1 GET /?fields=name%20slug%20image (304)
2023-06-16T11:52:38.943Z ::1 GET /?fields=name,desc,code,beginDate,endDate,quantity,unlimitedQty,discount,discountType,minimumTotal,maximumApplied,image (304)
2023-06-16T11:52:38.962Z ::1 POST / (200)
2023-06-16T11:52:39.366Z ::1 POST /api/v1/cart
2023-06-16T11:52:39.384Z ::1 POST / (200)
2023-06-16T11:52:40.431Z ::1 GET /api/v1/account/addresses
2023-06-16T11:52:40.444Z ::1 GET /addresses (304)
2023-06-16T11:52:47.468Z ::1 POST /api/v1/orders
2023-06-16T11:52:47.587Z ::1 POST / (200)
2023-06-16T11:52:47.694Z ::1 DELETE /api/v1/cart/6482c4843ff75c40e0fb9265/0000000000297
2023-06-16T11:52:47.782Z ::1 DELETE /6482c4843ff75c40e0fb9265/0000000000297 (200)
2023-06-16T11:52:48.189Z ::1 GET /api/v1/account
2023-06-16T11:52:48.208Z ::1 GET / (304)
2023-06-16T11:52:48.492Z ::1 GET /api/v1/products/search/suggest?keyword=
2023-06-16T11:52:48.497Z ::1 GET /api/v1/products/search/suggest?keyword= (404)
2023-06-16T11:52:48.500Z ::1 POST /api/v1/cart
2023-06-16T11:52:48.508Z ::1 GET /api/v1/categories?fields=name%20slug%20image
2023-06-16T11:52:48.514Z ::1 GET /api/v1/brands?fields=name%20slug%20image
2023-06-16T11:52:48.518Z ::1 GET /api/v1/discounts?fields=name,desc,code,beginDate,endDate,quantity,unlimitedQty,discount,discountType,minimumTotal,maximumApplied,image
2023-06-16T11:52:48.525Z ::1 POST / (200)
2023-06-16T11:52:48.570Z ::1 GET /?fields=name%20slug%20image (304)
2023-06-16T11:52:48.577Z ::1 GET /api/v1/products/search/suggest?keyword=
2023-06-16T11:52:48.591Z ::1 GET /api/v1/products/search/suggest?keyword= (404)
2023-06-16T11:52:48.620Z ::1 GET /?fields=name%20slug%20image (304)
2023-06-16T11:52:48.636Z ::1 GET /?fields=name,desc,code,beginDate,endDate,quantity,unlimitedQty,discount,discountType,minimumTotal,maximumApplied,image (304)
2023-06-16T11:52:49.354Z ::1 GET /api/v1/orders/648c4d0f8e8789a71ea485e8
2023-06-16T11:52:49.376Z ::1 GET /648c4d0f8e8789a71ea485e8 (200)
2023-06-16T11:52:55.121Z ::1 GET /api/v1/account
2023-06-16T11:52:55.144Z ::1 GET / (304)
2023-06-16T11:52:56.676Z ::1 GET /api/v1/orders?page=1&status=&paymentStatus=&limit=1000000000
2023-06-16T11:52:56.709Z ::1 GET /?page=1&status=&paymentStatus=&limit=1000000000 (200)
2023-06-16T11:53:16.489Z ::1 GET /api/v1/account
2023-06-16T11:53:16.613Z ::1 GET / (304)
2023-06-16T11:53:16.995Z ::1 POST /api/v1/cart
2023-06-16T11:53:17.030Z ::1 POST / (200)
2023-06-16T11:53:19.891Z ::1 GET /api/v1/categories
2023-06-16T11:53:19.934Z ::1 GET / (304)
2023-06-16T11:54:44.959Z ::1 POST /api/v1/categories
2023-06-16T11:54:45.078Z ::1 POST / (200)
2023-06-16T11:54:55.801Z ::1 PATCH /api/v1/categories/648c4d848e8789a71ea48609
2023-06-16T11:54:55.971Z ::1 PATCH /648c4d848e8789a71ea48609 (200)
2023-06-16T11:55:04.425Z ::1 GET /api/v1/account
2023-06-16T11:55:04.448Z ::1 GET / (304)
2023-06-16T11:55:04.933Z ::1 GET /api/v1/products/search/suggest?keyword=
2023-06-16T11:55:04.938Z ::1 GET /api/v1/products/search/suggest?keyword= (404)
2023-06-16T11:55:04.945Z ::1 POST /api/v1/cart
2023-06-16T11:55:04.951Z ::1 GET /api/v1/categories?fields=name%20slug%20image
2023-06-16T11:55:04.956Z ::1 GET /api/v1/brands?fields=name%20slug%20image
2023-06-16T11:55:04.962Z ::1 GET /api/v1/discounts?fields=name,desc,code,beginDate,endDate,quantity,unlimitedQty,discount,discountType,minimumTotal,maximumApplied,image
2023-06-16T11:55:04.966Z ::1 GET /api/v1/products/search/suggest?keyword=
2023-06-16T11:55:04.971Z ::1 GET /api/v1/products/search/suggest?keyword= (404)
2023-06-16T11:55:04.981Z ::1 POST / (200)
2023-06-16T11:55:05.020Z ::1 GET /?fields=name%20slug%20image (304)
2023-06-16T11:55:05.055Z ::1 GET /?fields=name%20slug%20image (200)
2023-06-16T11:55:05.064Z ::1 GET /?fields=name,desc,code,beginDate,endDate,quantity,unlimitedQty,discount,discountType,minimumTotal,maximumApplied,image (304)
2023-06-16T11:55:05.505Z ::1 GET /api/v1/products?search=&page=1&limit=20&b=&c=
2023-06-16T11:55:05.606Z ::1 GET /?search=&page=1&limit=20&b=&c= (200)
2023-06-16T11:55:16.383Z ::1 GET /api/v1/account
2023-06-16T11:55:16.405Z ::1 GET / (304)
2023-06-16T11:55:16.713Z ::1 POST /api/v1/cart
2023-06-16T11:55:16.723Z ::1 POST / (200)
2023-06-16T11:55:17.206Z ::1 GET /api/v1/categories
2023-06-16T11:55:17.259Z ::1 GET / (200)
2023-06-16T11:56:09.097Z ::1 DELETE /api/v1/categories/648c4d848e8789a71ea48609
2023-06-16T11:56:09.164Z ::1 DELETE /648c4d848e8789a71ea48609 (200)
2023-06-16T11:56:12.036Z ::1 GET /api/v1/account
2023-06-16T11:56:12.056Z ::1 GET / (304)
2023-06-16T11:56:12.568Z ::1 POST /api/v1/cart
2023-06-16T11:56:12.578Z ::1 POST / (200)
2023-06-16T11:56:12.830Z ::1 GET /api/v1/categories
2023-06-16T11:56:12.878Z ::1 GET / (200)
2023-06-16T11:56:19.705Z ::1 PATCH /api/v1/categories/6482bc49e5302aece9f4d21c
2023-06-16T11:56:19.773Z ::1 PATCH /6482bc49e5302aece9f4d21c (200)
2023-06-16T11:56:21.523Z ::1 GET /api/v1/account
2023-06-16T11:56:21.549Z ::1 GET / (304)
2023-06-16T11:56:21.819Z ::1 POST /api/v1/cart
2023-06-16T11:56:21.831Z ::1 POST / (200)
2023-06-16T11:56:22.156Z ::1 GET /api/v1/categories
2023-06-16T11:56:22.200Z ::1 GET / (200)
2023-06-16T11:56:37.637Z ::1 GET /api/v1/account
2023-06-16T11:56:37.656Z ::1 GET / (304)
2023-06-16T11:56:37.933Z ::1 POST /api/v1/cart
2023-06-16T11:56:37.946Z ::1 POST / (200)
2023-06-16T11:56:38.213Z ::1 GET /api/v1/categories
2023-06-16T11:56:38.273Z ::1 GET / (304)
2023-06-16T11:56:52.843Z ::1 GET /api/v1/account
2023-06-16T11:56:52.869Z ::1 GET / (304)
2023-06-16T11:56:53.244Z ::1 POST /api/v1/cart
2023-06-16T11:56:53.254Z ::1 POST / (200)
2023-06-16T11:56:53.532Z ::1 GET /api/v1/categories
2023-06-16T11:56:53.622Z ::1 GET / (304)
2023-06-16T11:57:06.353Z ::1 GET /api/v1/brands
2023-06-16T11:57:06.394Z ::1 GET / (304)
2023-06-16T11:57:11.081Z ::1 GET /api/v1/categories
2023-06-16T11:57:11.126Z ::1 GET / (304)
2023-06-16T11:57:25.757Z ::1 DELETE /api/v1/categories/6482bc49e5302aece9f4d21c
2023-06-16T11:57:25.813Z ::1 DELETE /6482bc49e5302aece9f4d21c (200)
2023-06-16T11:58:18.717Z ::1 POST /api/v1/categories
2023-06-16T11:58:18.785Z ::1 POST / (200)
2023-06-16T11:58:26.106Z ::1 GET /api/v1/brands
2023-06-16T11:58:26.139Z ::1 GET / (304)
2023-06-16T11:58:30.449Z ::1 GET /api/v1/account
2023-06-16T11:58:30.479Z ::1 GET / (304)
2023-06-16T11:58:31.049Z ::1 GET /api/v1/products/search/suggest?keyword=
2023-06-16T11:58:31.054Z ::1 GET /api/v1/products/search/suggest?keyword= (404)
2023-06-16T11:58:31.059Z ::1 POST /api/v1/cart
2023-06-16T11:58:31.067Z ::1 GET /api/v1/categories?fields=name%20slug%20image
2023-06-16T11:58:31.082Z ::1 GET /api/v1/brands?fields=name%20slug%20image
2023-06-16T11:58:31.086Z ::1 GET /api/v1/discounts?fields=name,desc,code,beginDate,endDate,quantity,unlimitedQty,discount,discountType,minimumTotal,maximumApplied,image
2023-06-16T11:58:31.105Z ::1 GET /api/v1/products/search/suggest?keyword=
2023-06-16T11:58:31.113Z ::1 GET /api/v1/products/search/suggest?keyword= (404)
2023-06-16T11:58:31.120Z ::1 GET /?fields=name,desc,code,beginDate,endDate,quantity,unlimitedQty,discount,discountType,minimumTotal,maximumApplied,image (304)
2023-06-16T11:58:31.136Z ::1 GET /?fields=name%20slug%20image (304)
2023-06-16T11:58:31.156Z ::1 GET /?fields=name%20slug%20image (200)
2023-06-16T11:58:31.162Z ::1 POST / (200)
2023-06-16T11:58:31.700Z ::1 GET /api/v1/products?search=&page=1&limit=20&b=&c=
2023-06-16T11:58:31.852Z ::1 GET /?search=&page=1&limit=20&b=&c= (304)
2023-06-16T11:58:36.992Z ::1 GET /api/v1/products/search/suggest?keyword=
2023-06-16T11:58:36.997Z ::1 GET /api/v1/products/search/suggest?keyword= (404)
2023-06-16T11:58:36.998Z ::1 GET /api/v1/categories?fields=name%20slug%20image
2023-06-16T11:58:37.004Z ::1 GET /api/v1/brands?fields=name%20slug%20image
2023-06-16T11:58:37.013Z ::1 GET /api/v1/discounts?fields=name,desc,code,beginDate,endDate,quantity,unlimitedQty,discount,discountType,minimumTotal,maximumApplied,image
2023-06-16T11:58:37.017Z ::1 GET /api/v1/products/search/suggest?keyword=
2023-06-16T11:58:37.022Z ::1 GET /api/v1/products/search/suggest?keyword= (404)
2023-06-16T11:58:37.050Z ::1 GET /?fields=name%20slug%20image (200)
2023-06-16T11:58:37.058Z ::1 GET /?fields=name,desc,code,beginDate,endDate,quantity,unlimitedQty,discount,discountType,minimumTotal,maximumApplied,image (200)
2023-06-16T11:58:37.147Z ::1 GET /?fields=name%20slug%20image (200)
2023-06-16T11:58:37.405Z ::1 GET /api/v1/products?search=&page=1&limit=20&b=&c=
2023-06-16T11:58:37.539Z ::1 GET /?search=&page=1&limit=20&b=&c= (200)
2023-06-16T12:00:18.181Z ::1 POST /api/v1/auth/login
2023-06-16T12:00:18.325Z ::1 POST /login (200)
2023-06-16T12:00:18.677Z ::1 POST /api/v1/cart
2023-06-16T12:00:18.688Z ::1 POST / (200)
2023-06-16T12:00:21.953Z ::1 GET /api/v1/account
2023-06-16T12:00:21.990Z ::1 GET / (200)
2023-06-16T12:00:22.220Z ::1 POST /api/v1/cart
2023-06-16T12:00:22.227Z ::1 GET /api/v1/products/search/suggest?keyword=
2023-06-16T12:00:22.231Z ::1 GET /api/v1/products/search/suggest?keyword= (404)
2023-06-16T12:00:22.236Z ::1 GET /api/v1/categories?fields=name%20slug%20image
2023-06-16T12:00:22.244Z ::1 GET /api/v1/brands?fields=name%20slug%20image
2023-06-16T12:00:22.249Z ::1 GET /api/v1/discounts?fields=name,desc,code,beginDate,endDate,quantity,unlimitedQty,discount,discountType,minimumTotal,maximumApplied,image
2023-06-16T12:00:22.267Z ::1 GET /api/v1/products/search/suggest?keyword=
2023-06-16T12:00:22.284Z ::1 GET /api/v1/products/search/suggest?keyword= (404)
2023-06-16T12:00:22.317Z ::1 POST / (200)
2023-06-16T12:00:22.365Z ::1 GET /?fields=name%20slug%20image (304)
2023-06-16T12:00:22.385Z ::1 GET /?fields=name%20slug%20image (304)
2023-06-16T12:00:22.388Z ::1 GET /?fields=name,desc,code,beginDate,endDate,quantity,unlimitedQty,discount,discountType,minimumTotal,maximumApplied,image (304)
2023-06-16T12:00:22.541Z ::1 GET /api/v1/products?search=&page=1&limit=20&b=&c=
2023-06-16T12:00:22.688Z ::1 GET /?search=&page=1&limit=20&b=&c= (304)
2023-06-16T12:00:25.181Z ::1 GET /api/v1/products/iphone-12-pro-max-quoc-te-like-new-99?fields=_id%20name%20slug%20desc%20video%20overSpecs%20policies%20detailSpecs%20origin%20category%20brand%20tags%20views%20rate%20variants%20quantity%20warrantyPeriod%20isHide%20createdAt%20updatedAt
2023-06-16T12:00:25.291Z ::1 GET /iphone-12-pro-max-quoc-te-like-new-99?fields=_id%20name%20slug%20desc%20video%20overSpecs%20policies%20detailSpecs%20origin%20category%20brand%20tags%20views%20rate%20variants%20quantity%20warrantyPeriod%20isHide%20createdAt%20updatedAt (200)
2023-06-16T12:00:27.092Z ::1 POST /api/v1/cart/add
2023-06-16T12:00:27.153Z ::1 POST /add (200)
2023-06-16T12:00:30.051Z ::1 GET /api/v1/account
2023-06-16T12:00:30.070Z ::1 GET / (304)
2023-06-16T12:00:32.893Z ::1 GET /api/v1/orders?page=1&status=&paymentStatus=&limit=1000000000
2023-06-16T12:00:32.924Z ::1 GET /?page=1&status=&paymentStatus=&limit=1000000000 (200)
2023-06-16T12:00:35.972Z ::1 GET /api/v1/account
2023-06-16T12:00:35.995Z ::1 GET / (304)
2023-06-16T12:01:06.625Z ::1 GET /api/v1/account
2023-06-16T12:01:06.681Z ::1 GET / (304)
2023-06-16T12:01:07.165Z ::1 GET /api/v1/products/search/suggest?keyword=
2023-06-16T12:01:07.170Z ::1 GET /api/v1/products/search/suggest?keyword= (404)
2023-06-16T12:01:07.178Z ::1 POST /api/v1/cart
2023-06-16T12:01:07.187Z ::1 GET /api/v1/products/search/suggest?keyword=
2023-06-16T12:01:07.192Z ::1 GET /api/v1/products/search/suggest?keyword= (404)
2023-06-16T12:01:07.194Z ::1 GET /api/v1/categories?fields=name%20slug%20image
2023-06-16T12:01:07.200Z ::1 GET /api/v1/brands?fields=name%20slug%20image
2023-06-16T12:01:07.205Z ::1 GET /api/v1/discounts?fields=name,desc,code,beginDate,endDate,quantity,unlimitedQty,discount,discountType,minimumTotal,maximumApplied,image
2023-06-16T12:01:07.301Z ::1 GET /?fields=name%20slug%20image (304)
2023-06-16T12:01:07.435Z ::1 GET /?fields=name%20slug%20image (304)
2023-06-16T12:01:07.459Z ::1 GET /?fields=name,desc,code,beginDate,endDate,quantity,unlimitedQty,discount,discountType,minimumTotal,maximumApplied,image (304)
2023-06-16T12:01:07.463Z ::1 POST / (200)
2023-06-16T12:01:07.759Z ::1 POST /api/v1/cart
2023-06-16T12:01:07.779Z ::1 POST / (200)
2023-06-16T12:03:44.008Z ::1 PATCH /api/v1/cart
2023-06-16T12:03:44.054Z ::1 PATCH / (200)
2023-06-16T12:03:44.768Z ::1 PATCH /api/v1/cart
2023-06-16T12:03:44.805Z ::1 PATCH / (200)
2023-06-16T12:07:56.347Z ::1 GET /api/v1/products/search/suggest?keyword=z
2023-06-16T12:07:56.352Z ::1 GET /api/v1/products/search/suggest?keyword=z (404)
2023-06-16T12:07:56.504Z ::1 GET /api/v1/products/search/suggest?keyword=zx
2023-06-16T12:07:56.508Z ::1 GET /api/v1/products/search/suggest?keyword=zx (404)
2023-06-16T12:07:56.579Z ::1 GET /api/v1/products/search/suggest?keyword=zxc
2023-06-16T12:07:56.584Z ::1 GET /api/v1/products/search/suggest?keyword=zxc (404)
2023-06-16T12:07:56.782Z ::1 GET /api/v1/products/search/suggest?keyword=zxcc
2023-06-16T12:07:56.788Z ::1 GET /api/v1/products/search/suggest?keyword=zxcc (404)
2023-06-16T12:07:57.092Z ::1 GET /api/v1/categories?fields=_id%20name%20slug
2023-06-16T12:07:57.122Z ::1 GET /?fields=_id%20name%20slug (200)
2023-06-16T12:07:57.130Z ::1 GET /api/v1/brands?fields=_id%20name%20slug
2023-06-16T12:07:57.151Z ::1 GET /?fields=_id%20name%20slug (200)
2023-06-16T12:07:58.642Z ::1 GET /api/v1/products?search=&page=1&limit=20&b=&c=
2023-06-16T12:07:58.773Z ::1 GET /?search=&page=1&limit=20&b=&c= (200)
2023-06-16T12:09:44.264Z ::1 GET /api/v1/products/search/suggest?keyword=
2023-06-16T12:09:44.271Z ::1 GET /api/v1/products/search/suggest?keyword= (404)
2023-06-16T12:10:12.325Z ::1 GET /api/v1/account
2023-06-16T12:10:12.348Z ::1 GET / (304)
2023-06-16T12:10:13.057Z ::1 GET /api/v1/products/search/suggest?keyword=
2023-06-16T12:10:13.063Z ::1 GET /api/v1/products/search/suggest?keyword= (404)
2023-06-16T12:10:13.067Z ::1 GET /api/v1/products/search/suggest?keyword=
2023-06-16T12:10:13.071Z ::1 GET /api/v1/products/search/suggest?keyword= (404)
2023-06-16T12:10:13.076Z ::1 GET /api/v1/categories?fields=name%20slug%20image
2023-06-16T12:10:13.085Z ::1 GET /api/v1/brands?fields=name%20slug%20image
2023-06-16T12:10:13.093Z ::1 GET /api/v1/discounts?fields=name,desc,code,beginDate,endDate,quantity,unlimitedQty,discount,discountType,minimumTotal,maximumApplied,image
2023-06-16T12:10:13.104Z ::1 POST /api/v1/cart
2023-06-16T12:10:13.126Z ::1 GET /?fields=name%20slug%20image (304)
2023-06-16T12:10:13.143Z ::1 GET /?fields=name%20slug%20image (304)
2023-06-16T12:10:13.149Z ::1 GET /?fields=name,desc,code,beginDate,endDate,quantity,unlimitedQty,discount,discountType,minimumTotal,maximumApplied,image (304)
2023-06-16T12:10:13.162Z ::1 POST / (200)
2023-06-16T12:10:13.986Z ::1 GET /api/v1/products?search=&page=1&limit=20&b=&c=
2023-06-16T12:10:14.077Z ::1 GET /?search=&page=1&limit=20&b=&c= (304)
2023-06-16T12:11:34.226Z ::1 GET /api/v1/account
2023-06-16T12:11:34.244Z ::1 GET / (304)
2023-06-16T12:11:34.825Z ::1 GET /api/v1/products/search/suggest?keyword=
2023-06-16T12:11:34.830Z ::1 GET /api/v1/products/search/suggest?keyword= (404)
2023-06-16T12:11:34.833Z ::1 GET /api/v1/categories?fields=name%20slug%20image
2023-06-16T12:11:34.839Z ::1 GET /api/v1/products/search/suggest?keyword=
2023-06-16T12:11:34.844Z ::1 GET /api/v1/products/search/suggest?keyword= (404)
2023-06-16T12:11:34.863Z ::1 GET /?fields=name%20slug%20image (304)
2023-06-16T12:11:34.867Z ::1 GET /api/v1/brands?fields=name%20slug%20image
2023-06-16T12:11:34.870Z ::1 GET /api/v1/discounts?fields=name,desc,code,beginDate,endDate,quantity,unlimitedQty,discount,discountType,minimumTotal,maximumApplied,image
2023-06-16T12:11:34.875Z ::1 POST /api/v1/cart
2023-06-16T12:11:34.888Z ::1 GET /?fields=name,desc,code,beginDate,endDate,quantity,unlimitedQty,discount,discountType,minimumTotal,maximumApplied,image (304)
2023-06-16T12:11:34.911Z ::1 GET /?fields=name%20slug%20image (304)
2023-06-16T12:11:34.926Z ::1 POST / (200)
2023-06-16T12:11:35.668Z ::1 GET /api/v1/products?search=&page=1&limit=20&b=&c=
2023-06-16T12:11:35.759Z ::1 GET /?search=&page=1&limit=20&b=&c= (304)
2023-06-16T12:12:06.665Z ::1 GET /api/v1/products/search/suggest?keyword=
2023-06-16T12:12:06.671Z ::1 GET /api/v1/products/search/suggest?keyword= (404)
2023-06-16T12:12:13.774Z ::1 GET /api/v1/products/search/suggest?keyword=
2023-06-16T12:12:13.780Z ::1 GET /api/v1/products/search/suggest?keyword= (404)
2023-06-16T12:15:03.862Z ::1 GET /api/v1/account
2023-06-16T12:15:03.957Z ::1 GET / (304)
2023-06-16T12:15:05.615Z ::1 GET /api/v1/products/search/suggest?keyword=
2023-06-16T12:15:05.622Z ::1 GET /api/v1/products/search/suggest?keyword= (404)
2023-06-16T12:15:05.633Z ::1 GET /api/v1/products/search/suggest?keyword=
2023-06-16T12:15:05.639Z ::1 GET /api/v1/products/search/suggest?keyword= (404)
2023-06-16T12:15:05.647Z ::1 GET /api/v1/categories?fields=name%20slug%20image
2023-06-16T12:15:05.666Z ::1 GET /api/v1/brands?fields=name%20slug%20image
2023-06-16T12:15:05.672Z ::1 GET /api/v1/discounts?fields=name,desc,code,beginDate,endDate,quantity,unlimitedQty,discount,discountType,minimumTotal,maximumApplied,image
2023-06-16T12:15:05.708Z ::1 GET /?fields=name%20slug%20image (304)
2023-06-16T12:15:05.722Z ::1 GET /?fields=name%20slug%20image (304)
2023-06-16T12:15:05.726Z ::1 GET /?fields=name,desc,code,beginDate,endDate,quantity,unlimitedQty,discount,discountType,minimumTotal,maximumApplied,image (304)
2023-06-16T12:15:05.731Z ::1 POST /api/v1/cart
2023-06-16T12:15:05.762Z ::1 POST / (200)
2023-06-16T12:15:07.118Z ::1 GET /api/v1/products?search=&page=1&limit=20&b=&c=
2023-06-16T12:15:07.260Z ::1 GET /?search=&page=1&limit=20&b=&c= (304)
2023-06-16T12:16:01.990Z ::1 GET /api/v1/account
2023-06-16T12:16:02.141Z ::1 GET / (304)
2023-06-16T12:16:03.939Z ::1 GET /api/v1/products/search/suggest?keyword=
2023-06-16T12:16:03.947Z ::1 GET /api/v1/products/search/suggest?keyword= (404)
2023-06-16T12:16:03.954Z ::1 GET /api/v1/products/search/suggest?keyword=
2023-06-16T12:16:03.960Z ::1 GET /api/v1/products/search/suggest?keyword= (404)
2023-06-16T12:16:03.968Z ::1 GET /api/v1/categories?fields=name%20slug%20image
2023-06-16T12:16:03.979Z ::1 GET /api/v1/brands?fields=name%20slug%20image
2023-06-16T12:16:03.993Z ::1 GET /api/v1/discounts?fields=name,desc,code,beginDate,endDate,quantity,unlimitedQty,discount,discountType,minimumTotal,maximumApplied,image
2023-06-16T12:16:04.009Z ::1 POST /api/v1/cart
2023-06-16T12:16:04.134Z ::1 GET /?fields=name%20slug%20image (304)
2023-06-16T12:16:04.137Z ::1 GET /?fields=name,desc,code,beginDate,endDate,quantity,unlimitedQty,discount,discountType,minimumTotal,maximumApplied,image (304)
2023-06-16T12:16:04.158Z ::1 GET /?fields=name%20slug%20image (304)
2023-06-16T12:16:04.270Z ::1 POST / (200)
2023-06-16T12:16:05.458Z ::1 GET /api/v1/products?search=&page=1&limit=20&b=&c=
2023-06-16T12:16:05.611Z ::1 GET /?search=&page=1&limit=20&b=&c= (304)
2023-06-16T12:17:15.850Z ::1 GET /api/v1/account
2023-06-16T12:17:15.908Z ::1 GET / (304)
2023-06-16T12:17:16.746Z ::1 GET /api/v1/products/search/suggest?keyword=
2023-06-16T12:17:16.751Z ::1 GET /api/v1/products/search/suggest?keyword= (404)
2023-06-16T12:17:16.755Z ::1 GET /api/v1/products/search/suggest?keyword=
2023-06-16T12:17:16.762Z ::1 GET /api/v1/products/search/suggest?keyword= (404)
2023-06-16T12:17:16.771Z ::1 GET /api/v1/categories?fields=name%20slug%20image
2023-06-16T12:17:16.779Z ::1 GET /api/v1/brands?fields=name%20slug%20image
2023-06-16T12:17:16.794Z ::1 POST /api/v1/cart
2023-06-16T12:17:16.853Z ::1 GET /api/v1/discounts?fields=name,desc,code,beginDate,endDate,quantity,unlimitedQty,discount,discountType,minimumTotal,maximumApplied,image
2023-06-16T12:17:16.970Z ::1 GET /?fields=name%20slug%20image (304)
2023-06-16T12:17:17.049Z ::1 GET /?fields=name%20slug%20image (304)
2023-06-16T12:17:17.058Z ::1 GET /?fields=name,desc,code,beginDate,endDate,quantity,unlimitedQty,discount,discountType,minimumTotal,maximumApplied,image (304)
2023-06-16T12:17:17.083Z ::1 POST / (200)
2023-06-16T12:17:17.488Z ::1 GET /api/v1/products?search=&page=1&limit=20&b=&c=
2023-06-16T12:17:17.679Z ::1 GET /?search=&page=1&limit=20&b=&c= (304)
2023-06-16T12:17:30.213Z ::1 GET /api/v1/products/search/suggest?keyword=
2023-06-16T12:17:30.218Z ::1 GET /api/v1/products/search/suggest?keyword= (404)
2023-06-16T12:17:34.147Z ::1 GET /api/v1/products/search/suggest?keyword=
2023-06-16T12:17:34.153Z ::1 GET /api/v1/products/search/suggest?keyword= (404)
2023-06-16T12:17:56.297Z ::1 GET /api/v1/account
2023-06-16T12:17:56.465Z ::1 GET / (304)
2023-06-16T12:17:57.580Z ::1 GET /api/v1/products/search/suggest?keyword=
2023-06-16T12:17:57.588Z ::1 GET /api/v1/products/search/suggest?keyword= (404)
2023-06-16T12:17:57.593Z ::1 GET /api/v1/products/search/suggest?keyword=
2023-06-16T12:17:57.598Z ::1 GET /api/v1/products/search/suggest?keyword= (404)
2023-06-16T12:17:57.614Z ::1 GET /api/v1/categories?fields=name%20slug%20image
2023-06-16T12:17:57.624Z ::1 GET /api/v1/brands?fields=name%20slug%20image
2023-06-16T12:17:57.650Z ::1 GET /api/v1/discounts?fields=name,desc,code,beginDate,endDate,quantity,unlimitedQty,discount,discountType,minimumTotal,maximumApplied,image
2023-06-16T12:17:57.661Z ::1 POST /api/v1/cart
2023-06-16T12:17:57.794Z ::1 GET /?fields=name%20slug%20image (304)
2023-06-16T12:17:57.851Z ::1 GET /?fields=name%20slug%20image (304)
2023-06-16T12:17:57.862Z ::1 GET /?fields=name,desc,code,beginDate,endDate,quantity,unlimitedQty,discount,discountType,minimumTotal,maximumApplied,image (304)
2023-06-16T12:17:57.938Z ::1 POST / (200)
2023-06-16T12:17:59.022Z ::1 GET /api/v1/products?search=&page=1&limit=20&b=&c=
2023-06-16T12:17:59.178Z ::1 GET /?search=&page=1&limit=20&b=&c= (304)
2023-06-16T12:18:06.829Z ::1 GET /api/v1/products/search/suggest?keyword=
2023-06-16T12:18:06.834Z ::1 GET /api/v1/products/search/suggest?keyword= (404)
2023-06-16T12:18:13.871Z ::1 GET /api/v1/categories?fields=_id%20name%20slug
2023-06-16T12:18:13.926Z ::1 GET /?fields=_id%20name%20slug (200)
2023-06-16T12:18:13.943Z ::1 GET /api/v1/brands?fields=_id%20name%20slug
2023-06-16T12:18:13.965Z ::1 GET /?fields=_id%20name%20slug (200)
2023-06-16T12:19:10.650Z ::1 GET /api/v1/products/search/suggest?keyword=
2023-06-16T12:19:10.657Z ::1 GET /api/v1/products/search/suggest?keyword= (404)
2023-06-16T12:19:23.147Z ::1 GET /api/v1/products/search/suggest?keyword=
2023-06-16T12:19:23.151Z ::1 GET /api/v1/products/search/suggest?keyword= (404)
2023-06-16T12:20:12.041Z ::1 GET /api/v1/products/search/suggest?keyword=
2023-06-16T12:20:12.046Z ::1 GET /api/v1/products/search/suggest?keyword= (404)
2023-06-16T12:20:41.284Z ::1 GET /api/v1/products/search/suggest?keyword=
2023-06-16T12:20:41.289Z ::1 GET /api/v1/products/search/suggest?keyword= (404)
2023-06-16T12:22:49.034Z ::1 GET /api/v1/account
2023-06-16T12:22:49.113Z ::1 GET / (304)
2023-06-16T12:22:49.392Z ::1 GET /api/v1/products/search/suggest?keyword=
2023-06-16T12:22:49.396Z ::1 GET /api/v1/products/search/suggest?keyword= (404)
2023-06-16T12:22:49.407Z ::1 GET /api/v1/products/search/suggest?keyword=
2023-06-16T12:22:49.411Z ::1 GET /api/v1/products/search/suggest?keyword= (404)
2023-06-16T12:22:49.424Z ::1 GET /api/v1/categories?fields=name%20slug%20image
2023-06-16T12:22:49.428Z ::1 GET /api/v1/brands?fields=name%20slug%20image
2023-06-16T12:22:49.435Z ::1 GET /api/v1/discounts?fields=name,desc,code,beginDate,endDate,quantity,unlimitedQty,discount,discountType,minimumTotal,maximumApplied,image
2023-06-16T12:22:49.444Z ::1 POST /api/v1/cart
2023-06-16T12:22:49.629Z ::1 GET /?fields=name%20slug%20image (304)
2023-06-16T12:22:49.640Z ::1 GET /?fields=name,desc,code,beginDate,endDate,quantity,unlimitedQty,discount,discountType,minimumTotal,maximumApplied,image (304)
2023-06-16T12:22:49.653Z ::1 GET /?fields=name%20slug%20image (304)
2023-06-16T12:22:49.664Z ::1 POST / (200)
2023-06-16T12:22:50.117Z ::1 POST /api/v1/cart
2023-06-16T12:22:50.135Z ::1 POST / (200)
2023-06-16T12:22:51.316Z ::1 GET /api/v1/account/addresses
2023-06-16T12:22:51.355Z ::1 GET /addresses (200)
2023-06-16T12:26:35.065Z ::1 POST /api/v1/orders
2023-06-16T12:26:35.297Z ::1 POST / (200)
2023-06-16T12:26:35.453Z ::1 DELETE /api/v1/cart/6482dc93001cc6cad866d0ee/0000000000355
2023-06-16T12:26:35.530Z ::1 DELETE /6482dc93001cc6cad866d0ee/0000000000355 (200)
2023-06-16T12:26:37.174Z ::1 GET /api/v1/account
2023-06-16T12:26:37.223Z ::1 GET / (304)
2023-06-16T12:26:37.815Z ::1 GET /api/v1/products/search/suggest?keyword=
2023-06-16T12:26:37.820Z ::1 GET /api/v1/products/search/suggest?keyword= (404)
2023-06-16T12:26:37.827Z ::1 GET /api/v1/products/search/suggest?keyword=
2023-06-16T12:26:37.834Z ::1 GET /api/v1/products/search/suggest?keyword= (404)
2023-06-16T12:26:37.837Z ::1 GET /api/v1/categories?fields=name%20slug%20image
2023-06-16T12:26:37.852Z ::1 GET /api/v1/brands?fields=name%20slug%20image
2023-06-16T12:26:37.860Z ::1 GET /api/v1/discounts?fields=name,desc,code,beginDate,endDate,quantity,unlimitedQty,discount,discountType,minimumTotal,maximumApplied,image
2023-06-16T12:26:37.868Z ::1 POST /api/v1/cart
2023-06-16T12:26:37.910Z ::1 GET /?fields=name%20slug%20image (304)
2023-06-16T12:26:37.948Z ::1 GET /?fields=name,desc,code,beginDate,endDate,quantity,unlimitedQty,discount,discountType,minimumTotal,maximumApplied,image (304)
2023-06-16T12:26:37.990Z ::1 GET /?fields=name%20slug%20image (304)
2023-06-16T12:26:38.017Z ::1 POST / (200)
2023-06-16T12:26:39.417Z ::1 GET /api/v1/orders/648c54fb8e8789a71ea486e4
2023-06-16T12:26:39.442Z ::1 GET /648c54fb8e8789a71ea486e4 (200)
2023-06-16T12:26:52.234Z ::1 GET /api/v1/orders?page=1&status=&paymentStatus=&limit=1000000000
2023-06-16T12:26:52.269Z ::1 GET /?page=1&status=&paymentStatus=&limit=1000000000 (200)
2023-06-16T12:27:17.466Z ::1 GET /api/v1/account
2023-06-16T12:27:17.488Z ::1 GET / (304)
2023-06-16T12:27:17.582Z ::1 POST /api/v1/cart
2023-06-16T12:27:17.595Z ::1 POST / (200)
2023-06-16T12:27:27.569Z ::1 GET /api/v1/account
2023-06-16T12:27:27.609Z ::1 GET / (304)
2023-06-16T12:27:28.149Z ::1 POST /api/v1/cart
2023-06-16T12:27:28.160Z ::1 POST / (200)
2023-06-16T12:27:33.264Z ::1 GET /api/v1/categories
2023-06-16T12:27:33.310Z ::1 GET / (200)
2023-06-16T12:27:51.633Z ::1 POST /api/v1/categories
2023-06-16T12:27:51.741Z ::1 POST / (200)
2023-06-16T12:28:04.853Z ::1 GET /api/v1/brands
2023-06-16T12:28:04.964Z ::1 GET / (304)
2023-06-16T12:28:55.188Z ::1 GET /api/v1/brands
2023-06-16T12:28:55.222Z ::1 GET / (304)
2023-06-16T12:28:58.040Z ::1 GET /api/v1/categories
2023-06-16T12:28:58.080Z ::1 GET / (200)
2023-06-16T12:29:03.586Z ::1 GET /api/v1/brands
2023-06-16T12:29:03.612Z ::1 GET / (304)