
2023-06-25T13:09:24.886Z ::1 GET /api/v1/account
2023-06-25T13:09:25.094Z ::1 GET / (304)
2023-06-25T13:09:25.674Z ::1 POST /api/v1/cart
2023-06-25T13:09:25.838Z ::1 POST / (200)
2023-06-25T13:09:26.234Z ::1 GET /api/v1/users/customer
2023-06-25T13:09:26.284Z ::1 GET /customer (304)
2023-06-25T13:10:35.136Z ::1 GET /api/v1/account
2023-06-25T13:10:35.200Z ::1 GET / (304)
2023-06-25T13:10:39.040Z ::1 POST /api/v1/cart
2023-06-25T13:10:39.169Z ::1 POST / (200)
2023-06-25T13:13:25.274Z ::1 GET /api/v1/account
2023-06-25T13:13:25.339Z ::1 GET / (304)
2023-06-25T13:13:26.779Z ::1 POST /api/v1/cart
2023-06-25T13:13:26.822Z ::1 POST / (200)
2023-06-25T13:14:51.004Z ::1 GET /api/v1/account
2023-06-25T13:14:51.043Z ::1 GET / (304)
2023-06-25T13:14:51.742Z ::1 POST /api/v1/cart
2023-06-25T13:14:51.758Z ::1 POST / (200)
2023-06-25T13:15:07.681Z ::1 POST /api/v1/users/customer
2023-06-25T13:15:08.024Z ::1 POST /api/v1/users/customer (500)
2023-06-25T13:16:53.814Z ::1 GET /api/v1/account
2023-06-25T13:16:53.918Z ::1 GET / (304)
2023-06-25T13:16:54.844Z ::1 POST /api/v1/cart
2023-06-25T13:16:54.979Z ::1 POST / (200)
2023-06-25T13:17:07.093Z ::1 POST /api/v1/users/customer
2023-06-25T13:17:07.384Z ::1 POST /api/v1/users/customer (500)
2023-06-25T13:19:03.974Z ::1 GET /api/v1/account
2023-06-25T13:19:04.022Z ::1 GET / (304)
2023-06-25T13:19:05.209Z ::1 POST /api/v1/cart
2023-06-25T13:19:05.260Z ::1 POST / (200)
2023-06-25T13:19:18.695Z ::1 POST /api/v1/users/customer
2023-06-25T13:19:19.048Z ::1 POST /api/v1/users/customer (500)
2023-06-25T13:21:43.744Z ::1 GET /api/v1/account
2023-06-25T13:21:43.838Z ::1 GET / (304)
2023-06-25T13:21:44.950Z ::1 POST /api/v1/cart
2023-06-25T13:21:45.035Z ::1 POST / (200)
2023-06-25T13:21:57.950Z ::1 POST /api/v1/users/customer
2023-06-25T13:21:58.008Z ::1 POST /api/v1/users/customer (500)
2023-06-25T13:27:55.384Z ::1 POST /api/v1/users/customer
2023-06-25T13:27:55.592Z ::1 POST /api/v1/users/customer (500)
2023-06-25T13:28:16.030Z ::1 POST /api/v1/users/customer
2023-06-25T13:28:16.641Z ::1 POST /customer (200)
2023-06-25T13:29:56.028Z ::1 POST /api/v1/users/customer
2023-06-25T13:29:57.073Z ::1 POST /customer (200)
2023-06-25T13:31:14.477Z ::1 POST /api/v1/users/customer
2023-06-25T13:31:14.867Z ::1 POST /customer (200)
2023-06-25T13:34:15.857Z ::1 POST /api/v1/users/customer
2023-06-25T13:34:16.037Z ::1 POST /api/v1/users/customer (500)
2023-06-25T13:36:47.263Z ::1 POST /api/v1/users/customer
2023-06-25T13:36:47.645Z ::1 POST /api/v1/users/customer (500)
2023-06-25T13:37:33.749Z ::1 POST /api/v1/users/customer
2023-06-25T13:37:34.128Z ::1 POST /api/v1/users/customer (500)
2023-06-25T13:38:00.708Z ::1 POST /api/v1/users/customer
2023-06-25T13:38:00.810Z ::1 POST /api/v1/users/customer (500)
2023-06-25T13:39:31.031Z ::1 POST /api/v1/users/customer
2023-06-25T13:39:31.781Z ::1 POST /customer (200)
2023-06-25T13:41:24.171Z ::1 POST /api/v1/users/customer
2023-06-25T13:41:24.691Z ::1 POST /customer (200)
2023-06-25T13:43:33.004Z ::1 POST /api/v1/users/customer
2023-06-25T13:43:33.691Z ::1 POST /customer (200)
2023-06-25T13:48:10.643Z ::1 GET /api/v1/account
2023-06-25T13:48:10.869Z ::1 GET / (304)
2023-06-25T13:48:13.175Z ::1 POST /api/v1/cart
2023-06-25T13:48:13.354Z ::1 POST / (200)
2023-06-25T13:49:22.430Z ::1 POST /api/v1/users/customer
2023-06-25T13:49:22.925Z ::1 POST /api/v1/users/customer (500)
2023-06-25T13:52:39.500Z ::1 POST /api/v1/users/customer
2023-06-25T13:52:39.889Z ::1 POST /api/v1/users/customer (500)
2023-06-25T13:53:06.665Z ::1 POST /api/v1/users/customer
2023-06-25T13:53:06.989Z ::1 POST /customer (200)
2023-06-25T13:56:51.044Z ::1 GET /api/v1/account
2023-06-25T13:56:51.139Z ::1 GET / (304)
2023-06-25T13:56:53.458Z ::1 POST /api/v1/cart
2023-06-25T13:56:53.515Z ::1 POST / (200)
2023-06-25T13:58:39.181Z ::1 GET /api/v1/account
2023-06-25T13:58:39.219Z ::1 GET / (304)
2023-06-25T13:58:40.270Z ::1 POST /api/v1/cart
2023-06-25T13:58:40.290Z ::1 POST / (200)
2023-06-25T14:00:42.338Z ::1 GET /api/v1/account
2023-06-25T14:00:42.468Z ::1 GET / (304)
2023-06-25T14:00:43.696Z ::1 POST /api/v1/cart
2023-06-25T14:00:43.806Z ::1 POST / (200)
2023-06-25T14:01:26.281Z ::1 POST /api/v1/users/customer
2023-06-25T14:01:26.403Z ::1 POST /api/v1/users/customer (500)
2023-06-25T14:06:41.267Z ::1 GET /api/v1/account
2023-06-25T14:06:41.445Z ::1 GET / (304)
2023-06-25T14:06:42.905Z ::1 POST /api/v1/cart
2023-06-25T14:06:43.081Z ::1 POST / (200)
2023-06-25T14:07:05.610Z ::1 POST /api/v1/users/customer
2023-06-25T14:07:05.716Z ::1 POST /api/v1/users/customer (500)
2023-06-25T14:08:05.552Z ::1 GET /api/v1/account
2023-06-25T14:08:05.598Z ::1 GET / (304)
2023-06-25T14:08:06.733Z ::1 POST /api/v1/cart
2023-06-25T14:08:06.982Z ::1 POST / (200)
2023-06-25T14:08:27.113Z ::1 POST /api/v1/users/customer
2023-06-25T14:08:27.349Z ::1 POST /api/v1/users/customer (500)
2023-06-25T14:12:05.047Z ::1 POST /api/v1/users/customer
2023-06-25T14:12:05.679Z ::1 POST /customer (200)
2023-06-25T14:13:31.805Z ::1 POST /api/v1/users/customer
2023-06-25T14:13:32.357Z ::1 POST /customer (200)
2023-06-25T14:18:28.175Z ::1 GET /api/v1/account
2023-06-25T14:18:28.240Z ::1 GET / (304)
2023-06-25T14:18:29.546Z ::1 POST /api/v1/cart
2023-06-25T14:18:29.630Z ::1 POST / (200)
2023-06-25T14:18:40.655Z ::1 GET /api/v1/account
2023-06-25T14:18:40.702Z ::1 GET / (304)
2023-06-25T14:18:41.936Z ::1 POST /api/v1/cart
2023-06-25T14:18:42.089Z ::1 POST / (200)
2023-06-25T14:18:45.391Z ::1 POST /api/v1/cart
2023-06-25T14:18:45.412Z ::1 POST / (200)
2023-06-25T14:18:49.535Z ::1 POST /api/v1/cart
2023-06-25T14:18:49.578Z ::1 POST / (200)
2023-06-25T14:18:52.916Z ::1 GET /api/v1/users/customer
2023-06-25T14:18:52.979Z ::1 GET /customer (200)
2023-06-25T14:20:56.359Z ::1 PATCH /api/v1/users/64984b8cbf3f7d99c9947636/toggleHide
2023-06-25T14:20:56.495Z ::1 PATCH /64984b8cbf3f7d99c9947636/toggleHide (200)
2023-06-25T14:20:59.961Z ::1 GET /api/v1/users/64984b8cbf3f7d99c9947636
2023-06-25T14:21:00.052Z ::1 GET /64984b8cbf3f7d99c9947636 (200)
2023-06-25T14:27:52.239Z ::1 GET /api/v1/account
2023-06-25T14:27:52.756Z ::1 GET / (304)
2023-06-25T14:27:54.634Z ::1 POST /api/v1/cart
2023-06-25T14:27:54.743Z ::1 POST / (200)
2023-06-25T14:27:55.629Z ::1 GET /api/v1/users/64984b8cbf3f7d99c9947636
2023-06-25T14:27:55.678Z ::1 GET /api/v1/users/64984b8cbf3f7d99c9947636 (500)
2023-06-25T14:29:56.949Z ::1 GET /api/v1/account
2023-06-25T14:29:57.098Z ::1 GET / (304)
2023-06-25T14:29:58.376Z ::1 POST /api/v1/cart
2023-06-25T14:29:58.535Z ::1 POST / (200)
2023-06-25T14:29:59.465Z ::1 GET /api/v1/users/64984b8cbf3f7d99c9947636
2023-06-25T14:29:59.544Z ::1 GET /api/v1/users/64984b8cbf3f7d99c9947636 (500)
2023-06-25T14:30:10.727Z ::1 GET /api/v1/account
2023-06-25T14:30:10.796Z ::1 GET / (304)
2023-06-25T14:30:11.620Z ::1 POST /api/v1/cart
2023-06-25T14:30:11.664Z ::1 POST / (200)
2023-06-25T14:30:12.408Z ::1 GET /api/v1/users/64984b8cbf3f7d99c9947636
2023-06-25T14:30:12.446Z ::1 GET /api/v1/users/64984b8cbf3f7d99c9947636 (500)
2023-06-25T14:31:05.751Z ::1 GET /api/v1/account
2023-06-25T14:31:05.804Z ::1 GET / (304)
2023-06-25T14:31:06.814Z ::1 POST /api/v1/cart
2023-06-25T14:31:06.859Z ::1 POST / (200)
2023-06-25T14:31:07.591Z ::1 GET /api/v1/users/64984b8cbf3f7d99c9947636
2023-06-25T14:31:07.627Z ::1 GET /api/v1/users/64984b8cbf3f7d99c9947636 (500)
2023-06-25T14:31:54.807Z ::1 GET /api/v1/account
2023-06-25T14:31:54.856Z ::1 GET / (304)
2023-06-25T14:31:55.655Z ::1 POST /api/v1/cart
2023-06-25T14:31:55.735Z ::1 POST / (200)
2023-06-25T14:31:56.614Z ::1 GET /api/v1/users/649727962a05a096774cc4cb
2023-06-25T14:31:56.671Z ::1 GET /api/v1/users/649727962a05a096774cc4cb (500)
2023-06-25T14:32:08.095Z ::1 GET /api/v1/account
2023-06-25T14:32:08.139Z ::1 GET / (304)
2023-06-25T14:32:09.028Z ::1 POST /api/v1/cart
2023-06-25T14:32:09.082Z ::1 POST / (200)
2023-06-25T14:32:09.924Z ::1 GET /api/v1/users/64737901abe90914be3adec1
2023-06-25T14:32:09.991Z ::1 GET /api/v1/users/64737901abe90914be3adec1 (500)
2023-06-25T14:32:41.948Z ::1 GET /api/v1/account
2023-06-25T14:32:42.035Z ::1 GET / (304)
2023-06-25T14:32:43.017Z ::1 POST /api/v1/cart
2023-06-25T14:32:43.083Z ::1 POST / (200)
2023-06-25T14:32:44.147Z ::1 GET /api/v1/users/64737901abe90914be3adec1
2023-06-25T14:32:44.221Z ::1 GET /64737901abe90914be3adec1 (200)
2023-06-25T14:32:49.612Z ::1 GET /api/v1/users/customer
2023-06-25T14:32:49.668Z ::1 GET /customer (200)
2023-06-25T14:35:37.204Z ::1 GET /api/v1/account
2023-06-25T14:35:37.323Z ::1 GET / (304)
2023-06-25T14:35:38.434Z ::1 POST /api/v1/cart
2023-06-25T14:35:38.520Z ::1 POST / (200)
2023-06-25T14:35:39.594Z ::1 GET /api/v1/users/customer
2023-06-25T14:35:39.669Z ::1 GET /api/v1/users/customer (500)
2023-06-25T14:36:34.471Z ::1 GET /api/v1/account
2023-06-25T14:36:34.533Z ::1 GET / (304)
2023-06-25T14:36:35.746Z ::1 POST /api/v1/cart
2023-06-25T14:36:35.806Z ::1 POST / (200)
2023-06-25T14:36:36.817Z ::1 GET /api/v1/users/customer
2023-06-25T14:36:36.991Z ::1 GET /api/v1/users/customer (500)
2023-06-25T14:37:14.663Z ::1 GET /api/v1/account
2023-06-25T14:37:14.707Z ::1 GET / (304)
2023-06-25T14:37:15.223Z ::1 POST /api/v1/cart
2023-06-25T14:37:15.266Z ::1 POST / (200)
2023-06-25T14:37:16.939Z ::1 GET /api/v1/users/customer
2023-06-25T14:37:16.961Z ::1 GET /api/v1/users/customer (500)
2023-06-25T14:37:35.279Z ::1 GET /api/v1/account
2023-06-25T14:37:35.338Z ::1 GET / (304)
2023-06-25T14:37:36.769Z ::1 POST /api/v1/cart
2023-06-25T14:37:36.834Z ::1 POST / (200)
2023-06-25T14:37:37.752Z ::1 GET /api/v1/users/customer
2023-06-25T14:37:37.778Z ::1 GET /customer (200)
2023-06-25T14:37:44.027Z ::1 PATCH /api/v1/users/64984b8cbf3f7d99c9947636/toggleHide
2023-06-25T14:37:44.134Z ::1 PATCH /64984b8cbf3f7d99c9947636/toggleHide (200)
2023-06-25T14:39:17.681Z ::1 GET /api/v1/account
2023-06-25T14:39:20.447Z ::1 GET / (304)
2023-06-25T14:39:23.370Z ::1 POST /api/v1/cart
2023-06-25T14:39:24.715Z ::1 POST / (200)
2023-06-25T14:39:42.473Z ::1 GET /api/v1/account
2023-06-25T14:39:42.551Z ::1 GET / (304)
2023-06-25T14:39:44.452Z ::1 POST /api/v1/cart
2023-06-25T14:39:44.502Z ::1 POST / (200)
2023-06-25T14:40:42.062Z ::1 GET /api/v1/account
2023-06-25T14:40:42.103Z ::1 GET / (304)
2023-06-25T14:40:42.930Z ::1 POST /api/v1/cart
2023-06-25T14:40:42.961Z ::1 POST / (200)
2023-06-25T14:42:41.227Z ::1 GET /api/v1/account
2023-06-25T14:42:41.350Z ::1 GET / (304)
2023-06-25T14:42:43.574Z ::1 POST /api/v1/cart
2023-06-25T14:42:43.786Z ::1 POST / (200)
2023-06-25T14:43:16.883Z ::1 GET /api/v1/account
2023-06-25T14:43:18.734Z ::1 GET / (304)
2023-06-25T14:43:22.310Z ::1 POST /api/v1/cart
2023-06-25T14:43:22.971Z ::1 POST / (200)
2023-06-25T14:43:54.250Z ::1 POST /api/v1/users/staff
2023-06-25T14:43:54.625Z ::1 POST /api/v1/users/staff (500)
2023-06-25T14:44:03.338Z ::1 GET /api/v1/account
2023-06-25T14:44:03.368Z ::1 GET / (304)
2023-06-25T14:44:05.340Z ::1 POST /api/v1/cart
2023-06-25T14:44:05.361Z ::1 POST / (200)
2023-06-25T14:44:23.563Z ::1 POST /api/v1/users/staff
2023-06-25T14:44:23.600Z ::1 POST /api/v1/users/staff (500)
2023-06-25T14:45:06.524Z ::1 POST /api/v1/users/staff
2023-06-25T14:45:06.572Z ::1 POST /api/v1/users/staff (500)
2023-06-25T14:48:40.970Z ::1 GET /api/v1/account
2023-06-25T14:48:41.207Z ::1 GET / (304)
2023-06-25T14:48:42.255Z ::1 POST /api/v1/cart
2023-06-25T14:48:42.928Z ::1 POST / (200)
2023-06-25T14:48:50.969Z ::1 POST /api/v1/users/staff
2023-06-25T14:48:51.035Z ::1 POST /api/v1/users/staff (500)
2023-06-25T14:49:26.000Z ::1 POST /api/v1/users/staff
2023-06-25T14:49:26.383Z ::1 POST /api/v1/users/staff (500)
2023-06-25T14:52:07.677Z ::1 GET /api/v1/account
2023-06-25T14:52:07.832Z ::1 GET / (304)
2023-06-25T14:52:15.310Z ::1 POST /api/v1/cart
2023-06-25T14:52:15.482Z ::1 POST / (200)
2023-06-25T14:52:49.584Z ::1 POST /api/v1/users/staff
2023-06-25T14:52:49.934Z ::1 POST /api/v1/users/staff (500)
2023-06-25T14:54:20.529Z ::1 GET /api/v1/account
2023-06-25T14:54:20.557Z ::1 GET /api/v1/account (401)
2023-06-25T14:54:48.186Z ::1 POST /api/v1/auth/login
2023-06-25T14:54:48.598Z ::1 POST /login (200)
2023-06-25T14:54:49.454Z ::1 POST /api/v1/cart
2023-06-25T14:54:49.465Z ::1 POST / (200)
2023-06-25T14:54:56.611Z ::1 POST /api/v1/users/staff
2023-06-25T14:54:56.619Z ::1 POST /api/v1/users/staff (401)
2023-06-25T14:55:45.195Z ::1 GET /api/v1/account
2023-06-25T14:55:45.207Z ::1 GET /api/v1/account (401)
2023-06-25T14:56:06.542Z ::1 POST /api/v1/auth/login
2023-06-25T14:56:06.562Z ::1 POST /login (200)
2023-06-25T14:57:05.832Z ::1 GET /api/v1/account
2023-06-25T14:57:05.842Z ::1 GET /api/v1/account (401)
2023-06-25T14:57:10.014Z ::1 POST /api/v1/auth/login
2023-06-25T14:57:10.024Z ::1 POST /login (200)
2023-06-25T14:57:43.417Z ::1 GET /api/v1/account
2023-06-25T14:57:43.571Z ::1 GET / (304)
2023-06-25T14:57:45.202Z ::1 POST /api/v1/cart
2023-06-25T14:57:45.243Z ::1 POST / (200)
2023-06-25T14:58:36.883Z ::1 POST /api/v1/users/customer
2023-06-25T14:58:37.367Z ::1 POST /api/v1/users/customer (500)
2023-06-25T14:59:08.108Z ::1 POST /api/v1/users/customer
2023-06-25T14:59:08.839Z ::1 POST /customer (200)
2023-06-25T15:00:55.119Z ::1 POST /api/v1/users/staff
2023-06-25T15:00:55.240Z ::1 POST /api/v1/users/staff (500)
2023-06-25T15:03:10.717Z ::1 GET /api/v1/account
2023-06-25T15:03:10.890Z ::1 GET / (304)
2023-06-25T15:03:12.634Z ::1 POST /api/v1/cart
2023-06-25T15:03:12.784Z ::1 POST / (200)
2023-06-25T15:03:43.370Z ::1 GET /api/v1/account
2023-06-25T15:03:43.510Z ::1 GET / (304)
2023-06-25T15:03:47.209Z ::1 POST /api/v1/cart
2023-06-25T15:03:47.258Z ::1 POST / (200)
2023-06-25T15:04:55.352Z ::1 GET /api/v1/account
2023-06-25T15:04:56.649Z ::1 GET / (304)
2023-06-25T15:05:19.670Z ::1 POST /api/v1/cart
2023-06-25T15:05:19.711Z ::1 POST / (200)
2023-06-25T15:05:44.331Z ::1 GET /api/v1/account
2023-06-25T15:05:44.559Z ::1 GET / (304)
2023-06-25T15:05:46.946Z ::1 POST /api/v1/cart
2023-06-25T15:05:47.125Z ::1 POST / (200)
2023-06-25T15:05:55.726Z ::1 POST /api/v1/users/customer
2023-06-25T15:05:55.867Z ::1 POST /api/v1/users/customer (500)
2023-06-25T15:06:05.496Z ::1 POST /api/v1/users/customer
2023-06-25T15:06:05.547Z ::1 POST /api/v1/users/customer (500)
2023-06-25T15:07:45.679Z ::1 GET /api/v1/account
2023-06-25T15:07:45.800Z ::1 GET / (304)
2023-06-25T15:07:47.707Z ::1 POST /api/v1/cart
2023-06-25T15:07:47.800Z ::1 POST / (200)
2023-06-25T15:08:02.970Z ::1 POST /api/v1/users/customer
2023-06-25T15:08:03.132Z ::1 POST /api/v1/users/customer (500)
2023-06-25T15:09:04.462Z ::1 GET /api/v1/account
2023-06-25T15:09:04.553Z ::1 GET / (304)
2023-06-25T15:09:07.956Z ::1 POST /api/v1/cart
2023-06-25T15:09:07.983Z ::1 POST / (200)
2023-06-25T15:09:43.138Z ::1 POST /api/v1/users/customer
2023-06-25T15:09:43.755Z ::1 POST /api/v1/users/customer (500)
2023-06-25T15:15:25.848Z ::1 POST /api/v1/users/customer
2023-06-25T15:15:26.155Z ::1 POST /api/v1/users/customer (500)
2023-06-25T15:21:33.688Z ::1 GET /api/v1/account
2023-06-25T15:21:33.777Z ::1 GET / (304)
2023-06-25T15:21:34.844Z ::1 POST /api/v1/cart
2023-06-25T15:21:34.953Z ::1 POST / (200)
2023-06-25T15:21:46.325Z ::1 POST /api/v1/users/customer
2023-06-25T15:21:46.564Z ::1 POST /api/v1/users/customer (500)
2023-06-25T15:22:44.687Z ::1 GET /api/v1/account
2023-06-25T15:22:44.749Z ::1 GET / (304)
2023-06-25T15:22:46.778Z ::1 POST /api/v1/cart
2023-06-25T15:22:46.809Z ::1 POST / (200)
2023-06-25T15:23:05.374Z ::1 POST /api/v1/users/customer
2023-06-25T15:23:05.706Z ::1 POST /api/v1/users/customer (500)
2023-06-25T15:23:35.621Z ::1 GET /api/v1/account
2023-06-25T15:23:35.650Z ::1 GET / (304)
2023-06-25T15:23:37.444Z ::1 POST /api/v1/cart
2023-06-25T15:23:37.464Z ::1 POST / (200)
2023-06-25T15:24:21.096Z ::1 GET /api/v1/account
2023-06-25T15:24:21.125Z ::1 GET / (304)
2023-06-25T15:24:24.318Z ::1 POST /api/v1/cart
2023-06-25T15:24:24.342Z ::1 POST / (200)
2023-06-25T15:24:43.601Z ::1 POST /api/v1/users/customer
2023-06-25T15:24:43.867Z ::1 POST /api/v1/users/customer (500)
2023-06-25T15:25:09.602Z ::1 POST /api/v1/users/customer
2023-06-25T15:25:10.022Z ::1 POST /customer (200)
2023-06-25T15:26:42.486Z ::1 POST /api/v1/users/customer
2023-06-25T15:26:42.802Z ::1 POST /api/v1/users/customer (500)
2023-06-25T15:27:12.469Z ::1 GET /api/v1/account
2023-06-25T15:27:12.522Z ::1 GET / (304)
2023-06-25T15:27:13.978Z ::1 POST /api/v1/cart
2023-06-25T15:27:14.341Z ::1 POST / (200)
2023-06-25T15:27:30.473Z ::1 POST /api/v1/users/customer
2023-06-25T15:27:30.814Z ::1 POST /api/v1/users/customer (500)
2023-06-25T15:28:55.814Z ::1 POST /api/v1/users/customer
2023-06-25T15:28:56.080Z ::1 POST /customer (200)
2023-06-25T15:30:26.385Z ::1 POST /api/v1/users/customer
2023-06-25T15:30:26.571Z ::1 POST /api/v1/users/customer (500)
2023-06-25T15:31:12.111Z ::1 POST /api/v1/users/customer
2023-06-25T15:31:12.371Z ::1 POST /customer (200)
2023-06-25T15:36:51.460Z ::1 GET /api/v1/account
2023-06-25T15:36:51.721Z ::1 GET / (304)
2023-06-25T15:36:52.807Z ::1 POST /api/v1/cart
2023-06-25T15:36:52.904Z ::1 POST / (200)
2023-06-25T15:37:27.678Z ::1 GET /api/v1/account
2023-06-25T15:37:27.768Z ::1 GET / (304)
2023-06-25T15:37:28.679Z ::1 POST /api/v1/cart
2023-06-25T15:37:28.790Z ::1 POST / (200)
2023-06-25T15:37:37.269Z ::1 POST /api/v1/users/customer
2023-06-25T15:37:37.546Z ::1 POST /api/v1/users/customer (500)
2023-06-25T15:43:39.543Z ::1 GET /api/v1/account
2023-06-25T15:43:39.604Z ::1 GET / (304)
2023-06-25T15:43:40.823Z ::1 POST /api/v1/cart
2023-06-25T15:43:40.874Z ::1 POST / (200)
2023-06-25T15:44:13.037Z ::1 GET /api/v1/account
2023-06-25T15:44:13.071Z ::1 GET / (304)
2023-06-25T15:44:13.592Z ::1 POST /api/v1/cart
2023-06-25T15:44:13.609Z ::1 POST / (200)
2023-06-25T15:46:08.640Z ::1 GET /api/v1/account
2023-06-25T15:46:08.737Z ::1 GET / (304)
2023-06-25T15:46:10.212Z ::1 POST /api/v1/cart
2023-06-25T15:46:10.246Z ::1 POST / (200)
2023-06-25T15:46:44.525Z ::1 POST /api/v1/users/customer
2023-06-25T15:46:44.891Z ::1 POST /api/v1/users/customer (500)
2023-06-25T15:50:40.258Z ::1 GET /api/v1/account
2023-06-25T15:50:40.516Z ::1 GET / (304)
2023-06-25T15:50:41.821Z ::1 POST /api/v1/cart
2023-06-25T15:50:41.862Z ::1 POST / (200)
2023-06-25T15:51:32.092Z ::1 POST /api/v1/users/customer
2023-06-25T15:51:32.414Z ::1 POST /api/v1/users/customer (500)
2023-06-25T15:55:30.304Z ::1 GET /api/v1/account
2023-06-25T15:55:30.410Z ::1 GET / (304)
2023-06-25T15:55:32.176Z ::1 POST /api/v1/cart
2023-06-25T15:55:32.224Z ::1 POST / (200)
2023-06-25T15:56:22.832Z ::1 GET /api/v1/account
2023-06-25T15:56:22.913Z ::1 GET / (304)
2023-06-25T15:56:24.363Z ::1 POST /api/v1/cart
2023-06-25T15:56:24.426Z ::1 POST / (200)
2023-06-25T15:58:36.339Z ::1 GET /api/v1/account
2023-06-25T15:58:36.478Z ::1 GET / (304)
2023-06-25T15:58:38.061Z ::1 POST /api/v1/cart
2023-06-25T15:58:38.089Z ::1 POST / (200)
2023-06-25T16:03:03.942Z ::1 GET /api/v1/account
2023-06-25T16:03:04.069Z ::1 GET / (304)
2023-06-25T16:03:05.765Z ::1 POST /api/v1/cart
2023-06-25T16:03:05.799Z ::1 POST / (200)
2023-06-25T16:03:30.205Z ::1 POST /api/v1/users/customer
2023-06-25T16:03:30.442Z ::1 POST /api/v1/users/customer (500)
2023-06-25T16:05:33.165Z ::1 POST /api/v1/users/customer
2023-06-25T16:05:33.483Z ::1 POST /api/v1/users/customer (500)
2023-06-25T16:07:40.304Z ::1 POST /api/v1/users/customer
2023-06-25T16:07:40.430Z ::1 POST /customer (200)
2023-06-25T16:09:50.124Z ::1 GET /api/v1/account
2023-06-25T16:09:50.178Z ::1 GET / (304)
2023-06-25T16:09:54.374Z ::1 POST /api/v1/cart
2023-06-25T16:09:54.465Z ::1 POST / (200)
2023-06-25T16:10:06.810Z ::1 POST /api/v1/users/customer
2023-06-25T16:10:06.848Z ::1 POST /customer (200)
2023-06-25T16:11:00.927Z ::1 GET /api/v1/account
2023-06-25T16:11:01.054Z ::1 GET / (304)
2023-06-25T16:11:03.505Z ::1 POST /api/v1/cart
2023-06-25T16:11:03.578Z ::1 POST / (200)
2023-06-25T16:11:56.047Z ::1 POST /api/v1/users/customer
2023-06-25T16:11:56.174Z ::1 POST /customer (200)
2023-06-25T16:12:57.233Z ::1 GET /api/v1/account
2023-06-25T16:12:57.291Z ::1 GET / (304)
2023-06-25T16:13:00.521Z ::1 POST /api/v1/cart
2023-06-25T16:13:00.559Z ::1 POST / (200)
2023-06-25T16:14:07.643Z ::1 POST /api/v1/users/customer
2023-06-25T16:14:07.685Z ::1 POST /customer (200)
2023-06-25T16:15:40.142Z ::1 GET /api/v1/account
2023-06-25T16:15:40.340Z ::1 GET / (304)
2023-06-25T16:15:41.030Z ::1 POST /api/v1/cart
2023-06-25T16:15:41.093Z ::1 POST / (200)
2023-06-25T16:15:54.027Z ::1 POST /api/v1/users/customer
2023-06-25T16:15:54.066Z ::1 POST /customer (200)
2023-06-25T16:16:29.715Z ::1 GET /api/v1/account
2023-06-25T16:16:29.753Z ::1 GET / (304)
2023-06-25T16:16:30.993Z ::1 POST /api/v1/cart
2023-06-25T16:16:31.014Z ::1 POST / (200)
2023-06-25T16:22:22.852Z ::1 GET /api/v1/account
2023-06-25T16:22:23.058Z ::1 GET / (304)
2023-06-25T16:22:24.788Z ::1 POST /api/v1/cart
2023-06-25T16:22:24.823Z ::1 POST / (200)
2023-06-25T16:22:51.479Z ::1 POST /api/v1/users/customer
2023-06-25T16:22:51.705Z ::1 POST /customer (200)
2023-06-25T16:23:40.627Z ::1 GET /api/v1/account
2023-06-25T16:23:40.790Z ::1 GET / (304)
2023-06-25T16:23:42.518Z ::1 POST /api/v1/cart
2023-06-25T16:23:42.550Z ::1 POST / (200)
2023-06-25T16:24:39.581Z ::1 POST /api/v1/users/customer
2023-06-25T16:24:39.634Z ::1 POST /customer (200)
2023-06-25T16:25:44.701Z ::1 GET /api/v1/account
2023-06-25T16:25:44.763Z ::1 GET / (304)
2023-06-25T16:25:47.920Z ::1 POST /api/v1/cart
2023-06-25T16:25:48.029Z ::1 POST / (200)
2023-06-25T16:28:09.014Z ::1 GET /api/v1/account
2023-06-25T16:28:09.187Z ::1 GET / (304)
2023-06-25T16:28:11.125Z ::1 POST /api/v1/cart
2023-06-25T16:28:11.161Z ::1 POST / (200)
2023-06-25T16:30:36.958Z ::1 GET /api/v1/account
2023-06-25T16:30:37.046Z ::1 GET / (304)
2023-06-25T16:30:38.042Z ::1 POST /api/v1/cart
2023-06-25T16:30:38.093Z ::1 POST / (200)
2023-06-25T16:31:01.830Z ::1 POST /api/v1/users/customer
2023-06-25T16:31:01.881Z ::1 POST /customer (200)
2023-06-25T16:31:32.619Z ::1 POST /api/v1/users/customer
2023-06-25T16:31:32.653Z ::1 POST /customer (200)
2023-06-25T16:32:17.635Z ::1 POST /api/v1/users/customer
2023-06-25T16:32:18.042Z ::1 POST /customer (200)
2023-06-25T16:34:13.348Z ::1 GET /api/v1/account
2023-06-25T16:34:13.861Z ::1 GET / (304)
2023-06-25T16:34:15.026Z ::1 POST /api/v1/cart
2023-06-25T16:34:15.274Z ::1 POST / (200)
2023-06-25T16:35:03.884Z ::1 GET /api/v1/account
2023-06-25T16:35:04.092Z ::1 GET / (304)
2023-06-25T16:35:05.467Z ::1 POST /api/v1/cart
2023-06-25T16:35:05.494Z ::1 POST / (200)
2023-06-25T16:37:29.220Z ::1 GET /api/v1/account
2023-06-25T16:37:29.570Z ::1 GET / (304)
2023-06-25T16:37:31.698Z ::1 POST /api/v1/cart
2023-06-25T16:37:31.844Z ::1 POST / (200)
2023-06-25T16:38:03.885Z ::1 GET /api/v1/account
2023-06-25T16:38:04.320Z ::1 GET / (304)
2023-06-25T16:38:05.712Z ::1 POST /api/v1/cart
2023-06-25T16:38:05.758Z ::1 POST / (200)
2023-06-25T16:39:27.670Z ::1 GET /api/v1/account
2023-06-25T16:39:27.935Z ::1 GET / (304)
2023-06-25T16:39:30.495Z ::1 POST /api/v1/cart
2023-06-25T16:39:30.524Z ::1 POST / (200)
2023-06-25T16:39:51.758Z ::1 POST /api/v1/users/customer
2023-06-25T16:39:51.966Z ::1 POST /customer (200)
2023-06-25T16:41:08.760Z ::1 GET /api/v1/account
2023-06-25T16:41:10.348Z ::1 GET / (304)
2023-06-25T16:41:22.526Z ::1 POST /api/v1/cart
2023-06-25T16:41:22.582Z ::1 POST / (200)
2023-06-25T16:41:45.284Z ::1 POST /api/v1/users/customer
2023-06-25T16:41:45.521Z ::1 POST /customer (200)
2023-06-25T16:45:19.411Z ::1 POST /api/v1/users/customer
2023-06-25T16:45:19.835Z ::1 POST /customer (200)
2023-06-25T16:47:55.804Z ::1 GET /api/v1/account
2023-06-25T16:47:55.972Z ::1 GET / (304)
2023-06-25T16:47:56.899Z ::1 POST /api/v1/cart
2023-06-25T16:47:56.942Z ::1 POST / (200)
2023-06-25T16:48:09.851Z ::1 POST /api/v1/users/customer
2023-06-25T16:48:09.884Z ::1 POST /customer (200)
2023-06-25T17:05:38.567Z ::1 GET /api/v1/account
2023-06-25T17:05:39.171Z ::1 GET / (304)
2023-06-25T17:05:40.503Z ::1 GET /api/v1/products/search/suggest?keyword=
2023-06-25T17:05:40.515Z ::1 GET /api/v1/products/search/suggest?keyword= (404)
2023-06-25T17:05:40.517Z ::1 GET /api/v1/categories?fields=name%20slug%20image
2023-06-25T17:05:40.542Z ::1 GET /api/v1/brands?fields=name%20slug%20image&isHidden=0
2023-06-25T17:05:40.559Z ::1 POST /api/v1/cart
2023-06-25T17:05:40.693Z ::1 GET /api/v1/discounts?fields=name,desc,code,beginDate,endDate,quantity,unlimitedQty,discount,discountType,minimumTotal,maximumApplied,image
2023-06-25T17:05:40.719Z ::1 GET /api/v1/products/search/suggest?keyword=
2023-06-25T17:05:40.728Z ::1 GET /api/v1/products/search/suggest?keyword= (404)
2023-06-25T17:05:40.749Z ::1 GET /?fields=name%20slug%20image&isHidden=0 (200)
2023-06-25T17:05:40.820Z ::1 POST / (200)
2023-06-25T17:05:40.906Z ::1 GET /?fields=name%20slug%20image (200)
2023-06-25T17:05:41.097Z ::1 GET /?fields=name,desc,code,beginDate,endDate,quantity,unlimitedQty,discount,discountType,minimumTotal,maximumApplied,image (200)
2023-06-25T17:05:41.863Z ::1 GET /api/v1/products?search=&page=1&limit=20&b=&c=
2023-06-25T17:05:42.283Z ::1 GET /?search=&page=1&limit=20&b=&c= (200)
2023-06-25T17:05:43.255Z ::1 GET /api/v1/account
2023-06-25T17:05:43.574Z ::1 GET / (304)
2023-06-25T17:05:44.068Z ::1 POST /api/v1/cart
2023-06-25T17:05:44.083Z ::1 POST / (200)
2023-06-25T17:05:44.979Z ::1 GET /api/v1/users/customer
2023-06-25T17:05:45.046Z ::1 GET /customer (200)
2023-06-25T17:06:54.639Z ::1 GET /api/v1/account
2023-06-25T17:06:54.934Z ::1 GET / (304)
2023-06-25T17:06:56.429Z ::1 POST /api/v1/cart
2023-06-25T17:06:56.475Z ::1 POST / (200)
2023-06-25T17:08:00.026Z ::1 GET /api/v1/account
2023-06-25T17:08:00.361Z ::1 GET / (304)
2023-06-25T17:08:02.002Z ::1 POST /api/v1/cart
2023-06-25T17:08:02.040Z ::1 POST / (200)
2023-06-25T17:08:50.615Z ::1 GET /api/v1/account
2023-06-25T17:08:50.980Z ::1 GET / (304)
2023-06-25T17:08:52.086Z ::1 POST /api/v1/cart
2023-06-25T17:08:52.124Z ::1 POST / (200)
2023-06-25T17:11:04.073Z ::1 GET /api/v1/account
2023-06-25T17:11:04.366Z ::1 GET / (304)
2023-06-25T17:11:08.786Z ::1 POST /api/v1/cart
2023-06-25T17:11:08.817Z ::1 POST / (200)
2023-06-25T17:12:42.508Z ::1 GET /api/v1/account
2023-06-25T17:12:42.790Z ::1 GET / (304)
2023-06-25T17:12:44.459Z ::1 POST /api/v1/cart
2023-06-25T17:12:44.533Z ::1 POST / (200)
2023-06-25T17:13:41.908Z ::1 GET /api/v1/account
2023-06-25T17:13:43.340Z ::1 GET / (304)
2023-06-25T17:13:44.731Z ::1 POST /api/v1/cart
2023-06-25T17:13:44.891Z ::1 POST / (200)
2023-06-25T17:14:34.421Z ::1 GET /api/v1/account
2023-06-25T17:14:34.706Z ::1 GET / (304)
2023-06-25T17:14:36.359Z ::1 POST /api/v1/cart
2023-06-25T17:14:37.571Z ::1 POST / (200)
2023-06-25T17:16:01.506Z ::1 GET /api/v1/account
2023-06-25T17:16:01.768Z ::1 GET / (304)
2023-06-25T17:16:18.107Z ::1 POST /api/v1/cart
2023-06-25T17:16:18.142Z ::1 POST / (200)
2023-06-25T17:16:57.686Z ::1 POST /api/v1/users/customer
2023-06-25T17:16:58.090Z ::1 POST /customer (200)