
2023-05-15T06:19:30.792Z ::1 GET /api/v1/account
2023-05-15T06:19:31.533Z ::1 GET / (200)
2023-05-15T06:19:31.983Z ::1 GET /api/v1/products/search/suggest?keyword=
2023-05-15T06:19:31.997Z ::1 GET /api/v1/products/search/suggest?keyword= (404)
2023-05-15T06:19:31.999Z ::1 GET /api/v1/categories?fields=name%20slug%20image
2023-05-15T06:19:32.013Z ::1 POST /api/v1/cart
2023-05-15T06:19:32.143Z ::1 GET /api/v1/brands?fields=name%20slug%20image
2023-05-15T06:19:32.148Z ::1 GET /api/v1/discounts?fields=name,desc,code,beginDate,endDate,quantity,unlimitedQty,discount,discountType,minimumTotal,maximumApplied,image
2023-05-15T06:19:32.305Z ::1 GET /api/v1/products?search=&page=1&limit=20&b=&c=
2023-05-15T06:19:32.387Z ::1 POST / (200)
2023-05-15T06:19:32.393Z ::1 GET /?fields=name%20slug%20image (200)
2023-05-15T06:19:32.408Z ::1 GET /?fields=name,desc,code,beginDate,endDate,quantity,unlimitedQty,discount,discountType,minimumTotal,maximumApplied,image (200)
2023-05-15T06:19:32.760Z ::1 GET /api/v1/products/best-seller
2023-05-15T06:19:33.071Z ::1 GET /?fields=name%20slug%20image (200)
2023-05-15T06:19:33.109Z ::1 GET /best-seller (200)
2023-05-15T06:19:40.352Z ::1 GET /?search=&page=1&limit=20&b=&c= (200)
2023-05-15T06:19:40.405Z ::1 GET /api/v1/account
2023-05-15T06:19:40.922Z ::1 GET / (304)
2023-05-15T06:19:45.882Z ::1 GET /api/v1/orders?page=1&status=&paymentStatus=&limit=1000000000
2023-05-15T06:19:46.141Z ::1 GET /?page=1&status=&paymentStatus=&limit=1000000000 (200)
2023-05-15T06:19:47.372Z ::1 GET /api/v1/account/addresses
2023-05-15T06:19:47.888Z ::1 GET /addresses (200)
2023-05-15T06:19:58.607Z ::1 PATCH /api/v1/account/change-password
2023-05-15T06:19:59.221Z ::1 PATCH /api/v1/account/change-password (401)
2023-05-15T06:20:06.876Z ::1 PATCH /api/v1/account/change-password
2023-05-15T06:20:07.549Z ::1 PATCH /api/v1/account/change-password (401)
2023-05-15T06:20:19.982Z ::1 POST /api/v1/auth/login
2023-05-15T06:20:20.396Z ::1 POST /api/v1/auth/login (401)
2023-05-15T06:20:26.840Z ::1 POST /api/v1/auth/login
2023-05-15T06:20:27.198Z ::1 POST /api/v1/auth/login (401)
2023-05-15T06:20:37.793Z ::1 POST /api/v1/auth/google
2023-05-15T06:20:38.624Z ::1 POST /google (200)
2023-05-15T06:20:41.342Z ::1 POST /api/v1/cart
2023-05-15T06:20:41.594Z ::1 POST / (200)
2023-05-15T06:20:45.976Z ::1 GET /api/v1/account
2023-05-15T06:20:46.491Z ::1 GET / (304)
2023-05-15T06:22:25.320Z ::1 GET /api/v1/products/search/suggest?keyword=
2023-05-15T06:22:25.327Z ::1 GET /api/v1/products/search/suggest?keyword= (404)
2023-05-15T06:22:25.329Z ::1 GET /api/v1/categories?fields=name%20slug%20image
2023-05-15T06:22:25.334Z ::1 GET /api/v1/brands?fields=name%20slug%20image
2023-05-15T06:22:25.340Z ::1 GET /api/v1/discounts?fields=name,desc,code,beginDate,endDate,quantity,unlimitedQty,discount,discountType,minimumTotal,maximumApplied,image
2023-05-15T06:22:25.581Z ::1 GET /?fields=name%20slug%20image (304)
2023-05-15T06:22:25.599Z ::1 GET /?fields=name,desc,code,beginDate,endDate,quantity,unlimitedQty,discount,discountType,minimumTotal,maximumApplied,image (304)
2023-05-15T06:22:26.139Z ::1 GET /?fields=name%20slug%20image (304)
2023-05-15T06:22:27.307Z ::1 GET /api/v1/products?search=&page=1&limit=20&b=&c=
2023-05-15T06:22:27.382Z ::1 GET /api/v1/products/best-seller
2023-05-15T06:22:27.647Z ::1 GET /best-seller (304)
2023-05-15T06:22:37.879Z ::1 POST /api/v1/auth/register
2023-05-15T06:22:38.300Z ::1 POST /api/v1/auth/register (500)
2023-05-15T06:22:51.892Z ::1 POST /api/v1/auth/register
2023-05-15T06:22:52.260Z ::1 POST /api/v1/auth/register (500)
2023-05-15T06:23:06.186Z ::1 POST /api/v1/auth/register
2023-05-15T06:23:06.568Z ::1 POST /api/v1/auth/register (500)
2023-05-15T06:28:11.804Z ::1 POST /api/v1/auth/register
2023-05-15T06:28:12.122Z ::1 POST /register (400)
2023-05-15T06:28:29.510Z ::1 POST /api/v1/auth/register
2023-05-15T06:28:33.316Z ::1 POST /register (400)
2023-05-15T06:29:42.707Z ::1 POST /api/v1/auth/register
2023-05-15T06:29:43.410Z ::1 POST /register (200)
2023-05-15T06:29:43.965Z ::1 POST /api/v1/auth/send-otp
2023-05-15T06:29:47.477Z ::1 POST /send-otp (200)
2023-05-15T06:30:26.888Z ::1 POST /api/v1/auth/google
2023-05-15T06:30:27.644Z ::1 POST /google (200)
2023-05-15T06:30:28.673Z ::1 POST /api/v1/cart
2023-05-15T06:30:28.691Z ::1 GET /api/v1/products/search/suggest?keyword=
2023-05-15T06:30:28.698Z ::1 GET /api/v1/products/search/suggest?keyword= (404)
2023-05-15T06:30:28.700Z ::1 GET /api/v1/categories?fields=name%20slug%20image
2023-05-15T06:30:28.714Z ::1 GET /api/v1/brands?fields=name%20slug%20image
2023-05-15T06:30:28.723Z ::1 GET /api/v1/discounts?fields=name,desc,code,beginDate,endDate,quantity,unlimitedQty,discount,discountType,minimumTotal,maximumApplied,image
2023-05-15T06:30:28.932Z ::1 POST / (200)
2023-05-15T06:30:28.974Z ::1 GET /?fields=name%20slug%20image (304)
2023-05-15T06:30:29.000Z ::1 GET /?fields=name,desc,code,beginDate,endDate,quantity,unlimitedQty,discount,discountType,minimumTotal,maximumApplied,image (304)
2023-05-15T06:30:29.394Z ::1 GET /api/v1/products?search=&page=1&limit=20&b=&c=
2023-05-15T06:30:29.554Z ::1 GET /?fields=name%20slug%20image (304)
2023-05-15T06:30:30.208Z ::1 GET /api/v1/products/best-seller
2023-05-15T06:30:30.480Z ::1 GET /best-seller (304)
2023-05-15T06:30:35.915Z ::1 GET /?search=&page=1&limit=20&b=&c= (200)
2023-05-15T06:30:42.455Z ::1 GET /api/v1/account
2023-05-15T06:30:42.962Z ::1 GET / (304)
2023-05-15T06:33:41.030Z ::1 GET /api/v1/products/search/suggest?keyword=
2023-05-15T06:33:41.041Z ::1 GET /api/v1/products/search/suggest?keyword= (404)
2023-05-15T06:33:41.043Z ::1 GET /api/v1/products?search=&page=1&limit=20&b=&c=
2023-05-15T06:33:41.047Z ::1 GET /api/v1/categories?fields=name%20slug%20image
2023-05-15T06:33:41.057Z ::1 GET /api/v1/brands?fields=name%20slug%20image
2023-05-15T06:33:41.061Z ::1 GET /api/v1/discounts?fields=name,desc,code,beginDate,endDate,quantity,unlimitedQty,discount,discountType,minimumTotal,maximumApplied,image
2023-05-15T06:33:41.297Z ::1 GET /api/v1/products/best-seller
2023-05-15T06:33:41.308Z ::1 GET /?fields=name%20slug%20image (304)
2023-05-15T06:33:41.315Z ::1 GET /?fields=name,desc,code,beginDate,endDate,quantity,unlimitedQty,discount,discountType,minimumTotal,maximumApplied,image (304)
2023-05-15T06:33:41.557Z ::1 GET /best-seller (304)
2023-05-15T06:33:41.824Z ::1 GET /?fields=name%20slug%20image (304)
2023-05-15T06:33:45.087Z ::1 GET /api/v1/products/search/suggest?keyword=
2023-05-15T06:33:45.093Z ::1 GET /api/v1/products/search/suggest?keyword= (404)
2023-05-15T06:33:45.108Z ::1 GET /api/v1/categories?fields=name%20slug%20image
2023-05-15T06:33:45.116Z ::1 GET /api/v1/brands?fields=name%20slug%20image
2023-05-15T06:33:45.126Z ::1 GET /api/v1/discounts?fields=name,desc,code,beginDate,endDate,quantity,unlimitedQty,discount,discountType,minimumTotal,maximumApplied,image
2023-05-15T06:33:45.239Z ::1 GET /api/v1/products/best-seller
2023-05-15T06:33:45.368Z ::1 GET /?fields=name%20slug%20image (304)
2023-05-15T06:33:45.391Z ::1 GET /?fields=name,desc,code,beginDate,endDate,quantity,unlimitedQty,discount,discountType,minimumTotal,maximumApplied,image (304)
2023-05-15T06:33:45.487Z ::1 GET /best-seller (304)
2023-05-15T06:33:45.891Z ::1 GET /?fields=name%20slug%20image (304)
2023-05-15T06:33:50.274Z ::1 GET /api/v1/account
2023-05-15T06:33:55.954Z ::1 GET / (304)
2023-05-15T06:33:56.612Z ::1 POST /api/v1/cart
2023-05-15T06:33:56.641Z ::1 GET /api/v1/products/search/suggest?keyword=
2023-05-15T06:33:56.645Z ::1 GET /api/v1/products/search/suggest?keyword= (404)
2023-05-15T06:33:56.647Z ::1 GET /api/v1/categories?fields=name%20slug%20image
2023-05-15T06:33:56.651Z ::1 GET /api/v1/brands?fields=name%20slug%20image
2023-05-15T06:33:56.654Z ::1 GET /api/v1/discounts?fields=name,desc,code,beginDate,endDate,quantity,unlimitedQty,discount,discountType,minimumTotal,maximumApplied,image
2023-05-15T06:33:56.871Z ::1 POST / (200)
2023-05-15T06:33:56.907Z ::1 GET /?fields=name%20slug%20image (304)
2023-05-15T06:33:56.917Z ::1 GET /?fields=name,desc,code,beginDate,endDate,quantity,unlimitedQty,discount,discountType,minimumTotal,maximumApplied,image (304)
2023-05-15T06:33:57.440Z ::1 GET /?fields=name%20slug%20image (304)
2023-05-15T06:34:23.375Z ::1 GET /api/v1/account
2023-05-15T06:34:23.881Z ::1 GET / (304)
2023-05-15T06:34:24.935Z ::1 POST /api/v1/cart
2023-05-15T06:34:24.941Z ::1 GET /api/v1/products/search/suggest?keyword=
2023-05-15T06:34:24.945Z ::1 GET /api/v1/products/search/suggest?keyword= (404)
2023-05-15T06:34:24.962Z ::1 GET /api/v1/categories?fields=name%20slug%20image
2023-05-15T06:34:24.965Z ::1 GET /api/v1/brands?fields=name%20slug%20image
2023-05-15T06:34:24.983Z ::1 GET /api/v1/discounts?fields=name,desc,code,beginDate,endDate,quantity,unlimitedQty,discount,discountType,minimumTotal,maximumApplied,image
2023-05-15T06:34:25.184Z ::1 POST / (200)
2023-05-15T06:34:25.217Z ::1 GET /?fields=name%20slug%20image (304)
2023-05-15T06:34:25.230Z ::1 GET /?fields=name,desc,code,beginDate,endDate,quantity,unlimitedQty,discount,discountType,minimumTotal,maximumApplied,image (304)
2023-05-15T06:34:25.780Z ::1 GET /?fields=name%20slug%20image (304)
2023-05-15T06:34:34.726Z ::1 GET /api/v1/products?search=&page=1&limit=20&b=&c=
2023-05-15T06:34:34.844Z ::1 GET /api/v1/products/best-seller
2023-05-15T06:34:35.092Z ::1 GET /best-seller (304)
2023-05-15T06:34:41.371Z ::1 GET /?search=&page=1&limit=20&b=&c= (200)
2023-05-15T06:34:41.449Z ::1 GET /api/v1/products/search/suggest?keyword=ads
2023-05-15T06:34:41.508Z ::1 GET /api/v1/products/search/suggest?keyword=ads (404)
2023-05-15T06:34:41.593Z ::1 GET /api/v1/products/search/suggest?keyword=adsad
2023-05-15T06:34:41.746Z ::1 GET /api/v1/products/search/suggest?keyword=adsad (404)
2023-05-15T06:34:41.778Z ::1 GET /api/v1/products/search/suggest?keyword=adsa
2023-05-15T06:34:41.823Z ::1 GET /api/v1/products/search/suggest?keyword=adsa (404)
2023-05-15T06:34:41.843Z ::1 GET /api/v1/products/search/suggest?keyword=ad
2023-05-15T06:34:41.860Z ::1 GET /api/v1/products/search/suggest?keyword=ad (404)
2023-05-15T06:34:41.878Z ::1 GET /api/v1/products/search/suggest?keyword=a
2023-05-15T06:34:41.883Z ::1 GET /api/v1/products/search/suggest?keyword=a (404)
2023-05-15T06:34:41.888Z ::1 GET /api/v1/products/search/suggest?keyword=
2023-05-15T06:34:41.916Z ::1 GET /api/v1/products/search/suggest?keyword= (404)
2023-05-15T06:34:41.927Z ::1 GET /api/v1/products/search/suggest?keyword=a
2023-05-15T06:34:41.949Z ::1 GET /api/v1/products/search/suggest?keyword=a (404)
2023-05-15T06:34:41.959Z ::1 GET /api/v1/products/search/suggest?keyword=
2023-05-15T06:34:42.030Z ::1 GET /api/v1/products/search/suggest?keyword= (404)
2023-05-15T06:37:16.117Z ::1 GET /api/v1/products/iphone-12-pro-max-01?fields=_id%20name%20slug%20desc%20video%20overSpecs%20policies%20detailSpecs%20origin%20category%20brand%20tags%20views%20rate%20variants%20quantity%20warrantyPeriod%20isHide%20createdAt%20updatedAt
2023-05-15T06:37:17.085Z ::1 GET /iphone-12-pro-max-01?fields=_id%20name%20slug%20desc%20video%20overSpecs%20policies%20detailSpecs%20origin%20category%20brand%20tags%20views%20rate%20variants%20quantity%20warrantyPeriod%20isHide%20createdAt%20updatedAt (200)
2023-05-15T06:37:31.015Z ::1 GET /api/v1/comments/d00000000000000000000005
2023-05-15T06:37:31.034Z ::1 GET /api/v1/account
2023-05-15T06:37:31.269Z ::1 GET /d00000000000000000000005 (200)
2023-05-15T06:37:31.279Z ::1 GET /api/v1/comments/d00000000000000000000005
2023-05-15T06:37:31.535Z ::1 GET / (304)
2023-05-15T06:37:31.538Z ::1 GET /d00000000000000000000005 (304)
2023-05-15T06:37:45.583Z ::1 POST /api/v1/comments
2023-05-15T06:37:45.867Z ::1 POST / (200)
2023-05-15T06:37:55.374Z ::1 GET /api/v1/account
2023-05-15T06:37:55.880Z ::1 GET / (304)
2023-05-15T06:37:56.626Z ::1 GET /api/v1/products/search/suggest?keyword=
2023-05-15T06:37:56.630Z ::1 GET /api/v1/products/search/suggest?keyword= (404)
2023-05-15T06:37:56.632Z ::1 GET /api/v1/categories?fields=name%20slug%20image
2023-05-15T06:37:56.646Z ::1 GET /api/v1/brands?fields=name%20slug%20image
2023-05-15T06:37:56.657Z ::1 POST /api/v1/cart
2023-05-15T06:37:56.687Z ::1 GET /api/v1/discounts?fields=name,desc,code,beginDate,endDate,quantity,unlimitedQty,discount,discountType,minimumTotal,maximumApplied,image
2023-05-15T06:37:56.896Z ::1 GET /?fields=name%20slug%20image (304)
2023-05-15T06:37:56.909Z ::1 POST / (200)
2023-05-15T06:37:56.935Z ::1 GET /?fields=name,desc,code,beginDate,endDate,quantity,unlimitedQty,discount,discountType,minimumTotal,maximumApplied,image (304)
2023-05-15T06:37:57.442Z ::1 GET /?fields=name%20slug%20image (304)
2023-05-15T06:37:57.513Z ::1 GET /api/v1/products/iphone-12-pro-max-01?fields=_id%20name%20slug%20desc%20video%20overSpecs%20policies%20detailSpecs%20origin%20category%20brand%20tags%20views%20rate%20variants%20quantity%20warrantyPeriod%20isHide%20createdAt%20updatedAt
2023-05-15T06:37:58.431Z ::1 GET /iphone-12-pro-max-01?fields=_id%20name%20slug%20desc%20video%20overSpecs%20policies%20detailSpecs%20origin%20category%20brand%20tags%20views%20rate%20variants%20quantity%20warrantyPeriod%20isHide%20createdAt%20updatedAt (200)
2023-05-15T06:38:18.179Z ::1 GET /api/v1/comments/d00000000000000000000005
2023-05-15T06:38:18.184Z ::1 GET /api/v1/account
2023-05-15T06:38:18.680Z ::1 GET / (304)
2023-05-15T06:38:18.695Z ::1 GET /d00000000000000000000005 (200)
2023-05-15T06:38:18.706Z ::1 GET /api/v1/comments/d00000000000000000000005
2023-05-15T06:38:19.211Z ::1 GET /d00000000000000000000005 (304)
2023-05-15T06:40:02.329Z ::1 GET /api/v1/account
2023-05-15T06:40:02.838Z ::1 GET / (304)
2023-05-15T06:40:03.643Z ::1 POST /api/v1/cart
2023-05-15T06:40:03.682Z ::1 GET /api/v1/categories?fields=name%20slug%20image
2023-05-15T06:40:03.695Z ::1 GET /api/v1/brands?fields=name%20slug%20image
2023-05-15T06:40:03.698Z ::1 GET /api/v1/discounts?fields=name,desc,code,beginDate,endDate,quantity,unlimitedQty,discount,discountType,minimumTotal,maximumApplied,image
2023-05-15T06:40:03.911Z ::1 POST / (200)
2023-05-15T06:40:03.943Z ::1 GET /?fields=name%20slug%20image (304)
2023-05-15T06:40:03.951Z ::1 GET /?fields=name,desc,code,beginDate,endDate,quantity,unlimitedQty,discount,discountType,minimumTotal,maximumApplied,image (304)
2023-05-15T06:40:04.307Z ::1 GET /api/v1/products/iphone-12-pro-max-01?fields=_id%20name%20slug%20desc%20video%20overSpecs%20policies%20detailSpecs%20origin%20category%20brand%20tags%20views%20rate%20variants%20quantity%20warrantyPeriod%20isHide%20createdAt%20updatedAt
2023-05-15T06:40:04.484Z ::1 GET /?fields=name%20slug%20image (304)
2023-05-15T06:40:05.229Z ::1 GET /iphone-12-pro-max-01?fields=_id%20name%20slug%20desc%20video%20overSpecs%20policies%20detailSpecs%20origin%20category%20brand%20tags%20views%20rate%20variants%20quantity%20warrantyPeriod%20isHide%20createdAt%20updatedAt (200)
2023-05-15T06:40:30.743Z ::1 GET /api/v1/account
2023-05-15T06:40:31.244Z ::1 GET / (304)
2023-05-15T06:40:32.769Z ::1 GET /api/v1/products/search/suggest?keyword=
2023-05-15T06:40:32.774Z ::1 GET /api/v1/products/search/suggest?keyword= (404)
2023-05-15T06:40:32.779Z ::1 GET /api/v1/categories?fields=name%20slug%20image
2023-05-15T06:40:32.827Z ::1 GET /api/v1/brands?fields=name%20slug%20image
2023-05-15T06:40:32.846Z ::1 GET /api/v1/discounts?fields=name,desc,code,beginDate,endDate,quantity,unlimitedQty,discount,discountType,minimumTotal,maximumApplied,image
2023-05-15T06:40:32.856Z ::1 POST /api/v1/cart
2023-05-15T06:40:33.072Z ::1 GET /?fields=name%20slug%20image (304)
2023-05-15T06:40:33.095Z ::1 GET /?fields=name,desc,code,beginDate,endDate,quantity,unlimitedQty,discount,discountType,minimumTotal,maximumApplied,image (304)
2023-05-15T06:40:33.107Z ::1 POST / (200)
2023-05-15T06:40:33.572Z ::1 GET /?fields=name%20slug%20image (304)
2023-05-15T06:40:35.224Z ::1 GET /api/v1/products/iphone-12-pro-max-01?fields=_id%20name%20slug%20desc%20video%20overSpecs%20policies%20detailSpecs%20origin%20category%20brand%20tags%20views%20rate%20variants%20quantity%20warrantyPeriod%20isHide%20createdAt%20updatedAt
2023-05-15T06:40:36.121Z ::1 GET /iphone-12-pro-max-01?fields=_id%20name%20slug%20desc%20video%20overSpecs%20policies%20detailSpecs%20origin%20category%20brand%20tags%20views%20rate%20variants%20quantity%20warrantyPeriod%20isHide%20createdAt%20updatedAt (200)
2023-05-15T06:42:21.043Z ::1 POST /api/v1/cart/add
2023-05-15T06:42:22.108Z ::1 POST /add (200)
2023-05-15T06:42:35.910Z ::1 POST /api/v1/cart/add
2023-05-15T06:42:36.956Z ::1 POST /add (200)
2023-05-15T06:42:40.541Z ::1 GET /api/v1/account
2023-05-15T06:42:41.047Z ::1 GET / (304)
2023-05-15T06:42:41.782Z ::1 POST /api/v1/cart
2023-05-15T06:42:41.805Z ::1 GET /api/v1/products/search/suggest?keyword=
2023-05-15T06:42:41.810Z ::1 GET /api/v1/products/search/suggest?keyword= (404)
2023-05-15T06:42:41.813Z ::1 GET /api/v1/categories?fields=name%20slug%20image
2023-05-15T06:42:41.817Z ::1 GET /api/v1/brands?fields=name%20slug%20image
2023-05-15T06:42:41.821Z ::1 GET /api/v1/discounts?fields=name,desc,code,beginDate,endDate,quantity,unlimitedQty,discount,discountType,minimumTotal,maximumApplied,image
2023-05-15T06:42:42.065Z ::1 GET /?fields=name%20slug%20image (304)
2023-05-15T06:42:42.071Z ::1 GET /?fields=name,desc,code,beginDate,endDate,quantity,unlimitedQty,discount,discountType,minimumTotal,maximumApplied,image (304)
2023-05-15T06:42:42.288Z ::1 POST / (200)
2023-05-15T06:42:42.607Z ::1 GET /?fields=name%20slug%20image (304)
2023-05-15T06:42:46.534Z ::1 GET /api/v1/account/addresses
2023-05-15T06:42:47.028Z ::1 GET /addresses (304)
2023-05-15T06:43:20.098Z ::1 POST /api/v1/orders
2023-05-15T06:43:21.941Z ::1 POST / (200)
2023-05-15T06:43:22.107Z ::1 DELETE /api/v1/cart/d00000000000000000000005/0000000000366
2023-05-15T06:43:23.903Z ::1 GET /api/v1/account
2023-05-15T06:43:24.409Z ::1 GET / (304)
2023-05-15T06:43:25.194Z ::1 GET /api/v1/products/search/suggest?keyword=
2023-05-15T06:43:25.200Z ::1 GET /api/v1/products/search/suggest?keyword= (404)
2023-05-15T06:43:25.205Z ::1 POST /api/v1/cart
2023-05-15T06:43:25.217Z ::1 GET /api/v1/categories?fields=name%20slug%20image
2023-05-15T06:43:25.222Z ::1 GET /api/v1/brands?fields=name%20slug%20image
2023-05-15T06:43:25.244Z ::1 GET /api/v1/discounts?fields=name,desc,code,beginDate,endDate,quantity,unlimitedQty,discount,discountType,minimumTotal,maximumApplied,image
2023-05-15T06:43:25.461Z ::1 POST / (200)
2023-05-15T06:43:25.478Z ::1 GET /?fields=name%20slug%20image (304)
2023-05-15T06:43:25.492Z ::1 GET /?fields=name,desc,code,beginDate,endDate,quantity,unlimitedQty,discount,discountType,minimumTotal,maximumApplied,image (304)
2023-05-15T06:43:26.018Z ::1 GET /?fields=name%20slug%20image (304)
2023-05-15T06:43:26.696Z ::1 GET /api/v1/orders/6461d4888ab2fbf535357f2f
2023-05-15T06:43:27.207Z ::1 GET /6461d4888ab2fbf535357f2f (200)
2023-05-15T06:43:37.239Z ::1 GET /api/v1/orders?page=1&status=&paymentStatus=&limit=1000000000
2023-05-15T06:43:37.742Z ::1 GET /?page=1&status=&paymentStatus=&limit=1000000000 (200)
2023-05-15T06:45:38.763Z ::1 GET /api/v1/account/addresses
2023-05-15T06:45:39.259Z ::1 GET /addresses (304)
2023-05-15T06:45:46.187Z ::1 GET /api/v1/account
2023-05-15T06:45:46.686Z ::1 GET / (304)
2023-05-15T06:45:53.235Z ::1 GET /api/v1/orders?page=1&status=&paymentStatus=&limit=1000000000
2023-05-15T06:45:53.730Z ::1 GET /?page=1&status=&paymentStatus=&limit=1000000000 (304)
2023-05-15T06:45:53.984Z ::1 GET /api/v1/account/addresses
2023-05-15T06:45:54.484Z ::1 GET /addresses (304)
2023-05-15T06:46:08.683Z ::1 GET /api/v1/categories?fields=_id%20name%20slug
2023-05-15T06:46:08.687Z ::1 GET /api/v1/products?search=&c=&b=&page=1&limit=10&getBrandFilter=1&getCategoryFilter=1&isShowHidden=0&fullTextSearch=1
2023-05-15T06:46:09.480Z ::1 GET /?fields=_id%20name%20slug (200)
2023-05-15T06:46:09.495Z ::1 GET /api/v1/brands?fields=_id%20name%20slug
2023-05-15T06:46:09.748Z ::1 GET /?fields=_id%20name%20slug (200)
2023-05-15T06:46:10.119Z ::1 GET /api/v1/products?search=&c=c00000000000000000000001&b=&page=1&limit=10&getBrandFilter=1&getCategoryFilter=1&isShowHidden=0&fullTextSearch=1
2023-05-15T06:46:14.946Z ::1 GET /?search=&c=&b=&page=1&limit=10&getBrandFilter=1&getCategoryFilter=1&isShowHidden=0&fullTextSearch=1 (200)
2023-05-15T06:46:19.201Z ::1 GET /?search=&c=c00000000000000000000001&b=&page=1&limit=10&getBrandFilter=1&getCategoryFilter=1&isShowHidden=0&fullTextSearch=1 (200)
2023-05-15T06:46:21.545Z ::1 GET /api/v1/products?search=&c=c00000000000000000000001&b=&page=2&limit=10&getBrandFilter=1&getCategoryFilter=1&isShowHidden=0&fullTextSearch=1
2023-05-15T06:46:25.330Z ::1 GET /?search=&c=c00000000000000000000001&b=&page=2&limit=10&getBrandFilter=1&getCategoryFilter=1&isShowHidden=0&fullTextSearch=1 (200)
2023-05-15T06:46:30.255Z ::1 GET /api/v1/products?search=&c=c00000000000000000000003&b=&page=2&limit=10&getBrandFilter=1&getCategoryFilter=1&isShowHidden=0&fullTextSearch=1
2023-05-15T06:46:33.521Z ::1 GET /?search=&c=c00000000000000000000003&b=&page=2&limit=10&getBrandFilter=1&getCategoryFilter=1&isShowHidden=0&fullTextSearch=1 (200)
2023-05-15T06:46:38.042Z ::1 GET /api/v1/products?search=&c=c00000000000000000000003&b=&page=2&limit=10&getBrandFilter=1&getCategoryFilter=1&isShowHidden=0&fullTextSearch=1
2023-05-15T06:46:38.047Z ::1 GET /api/v1/products?search=&c=c00000000000000000000003&b=&page=1&limit=10&getBrandFilter=1&getCategoryFilter=1&isShowHidden=0&fullTextSearch=1
2023-05-15T06:46:41.193Z ::1 GET /?search=&c=c00000000000000000000003&b=&page=1&limit=10&getBrandFilter=1&getCategoryFilter=1&isShowHidden=0&fullTextSearch=1 (200)
2023-05-15T06:46:41.705Z ::1 GET /?search=&c=c00000000000000000000003&b=&page=2&limit=10&getBrandFilter=1&getCategoryFilter=1&isShowHidden=0&fullTextSearch=1 (304)
2023-05-15T06:46:59.137Z ::1 GET /api/v1/products/apple-watch-s6-44mm-vien-nhom-day-cao-su?fields=_id%20name%20slug%20desc%20video%20overSpecs%20policies%20detailSpecs%20origin%20category%20brand%20tags%20views%20rate%20variants%20quantity%20warrantyPeriod%20isHide%20createdAt%20updatedAt
2023-05-15T06:47:00.080Z ::1 GET /apple-watch-s6-44mm-vien-nhom-day-cao-su?fields=_id%20name%20slug%20desc%20video%20overSpecs%20policies%20detailSpecs%20origin%20category%20brand%20tags%20views%20rate%20variants%20quantity%20warrantyPeriod%20isHide%20createdAt%20updatedAt (200)
2023-05-15T06:47:26.120Z ::1 GET /api/v1/account
2023-05-15T06:47:26.631Z ::1 GET / (304)
2023-05-15T06:47:27.081Z ::1 GET /api/v1/products/search/suggest?keyword=
2023-05-15T06:47:27.087Z ::1 GET /api/v1/products/search/suggest?keyword= (404)
2023-05-15T06:47:27.088Z ::1 GET /api/v1/categories?fields=name%20slug%20image
2023-05-15T06:47:27.107Z ::1 POST /api/v1/cart
2023-05-15T06:47:27.117Z ::1 GET /api/v1/brands?fields=name%20slug%20image
2023-05-15T06:47:27.130Z ::1 GET /api/v1/discounts?fields=name,desc,code,beginDate,endDate,quantity,unlimitedQty,discount,discountType,minimumTotal,maximumApplied,image
2023-05-15T06:47:27.275Z ::1 POST /api/v1/products/get-by-ids
2023-05-15T06:47:27.282Z ::1 POST /api/v1/products/get-by-ids (404)
2023-05-15T06:47:27.284Z ::1 GET /api/v1/products/apple-watch-s6-44mm-vien-nhom-day-cao-su?fields=_id%20name%20slug%20desc%20video%20overSpecs%20policies%20detailSpecs%20origin%20category%20brand%20tags%20views%20rate%20variants%20quantity%20warrantyPeriod%20isHide%20createdAt%20updatedAt
2023-05-15T06:47:27.379Z ::1 GET /?fields=name%20slug%20image (304)
2023-05-15T06:47:27.384Z ::1 POST / (200)
2023-05-15T06:47:27.388Z ::1 GET /?fields=name,desc,code,beginDate,endDate,quantity,unlimitedQty,discount,discountType,minimumTotal,maximumApplied,image (304)
2023-05-15T06:47:27.965Z ::1 GET /?fields=name%20slug%20image (304)
2023-05-15T06:47:28.121Z ::1 GET /apple-watch-s6-44mm-vien-nhom-day-cao-su?fields=_id%20name%20slug%20desc%20video%20overSpecs%20policies%20detailSpecs%20origin%20category%20brand%20tags%20views%20rate%20variants%20quantity%20warrantyPeriod%20isHide%20createdAt%20updatedAt (200)
2023-05-15T06:47:35.551Z ::1 GET /api/v1/categories?fields=_id%20name%20slug
2023-05-15T06:47:35.556Z ::1 GET /api/v1/products?search=&c=&b=&page=1&limit=10&getBrandFilter=1&getCategoryFilter=1&isShowHidden=0&fullTextSearch=1
2023-05-15T06:47:36.375Z ::1 GET /?fields=_id%20name%20slug (304)
2023-05-15T06:47:36.403Z ::1 GET /api/v1/brands?fields=_id%20name%20slug
2023-05-15T06:47:36.653Z ::1 GET /?fields=_id%20name%20slug (304)
2023-05-15T06:47:36.862Z ::1 GET /api/v1/products?search=&c=c00000000000000000000004&b=&page=1&limit=10&getBrandFilter=1&getCategoryFilter=1&isShowHidden=0&fullTextSearch=1
2023-05-15T06:47:42.112Z ::1 GET /?search=&c=&b=&page=1&limit=10&getBrandFilter=1&getCategoryFilter=1&isShowHidden=0&fullTextSearch=1 (304)
2023-05-15T06:47:42.463Z ::1 GET /?search=&c=c00000000000000000000004&b=&page=1&limit=10&getBrandFilter=1&getCategoryFilter=1&isShowHidden=0&fullTextSearch=1 (200)
2023-05-15T06:47:47.899Z ::1 GET /api/v1/products/acer-aspire-3-a315-58-59ly-i5-1135g7-8gb-512gb-win11-nx-addsv-00g?fields=_id%20name%20slug%20desc%20video%20overSpecs%20policies%20detailSpecs%20origin%20category%20brand%20tags%20views%20rate%20variants%20quantity%20warrantyPeriod%20isHide%20createdAt%20updatedAt
2023-05-15T06:47:48.462Z ::1 GET /acer-aspire-3-a315-58-59ly-i5-1135g7-8gb-512gb-win11-nx-addsv-00g?fields=_id%20name%20slug%20desc%20video%20overSpecs%20policies%20detailSpecs%20origin%20category%20brand%20tags%20views%20rate%20variants%20quantity%20warrantyPeriod%20isHide%20createdAt%20updatedAt (200)
2023-05-15T06:47:58.836Z ::1 POST /api/v1/cart/add
2023-05-15T06:47:59.866Z ::1 POST /add (200)
2023-05-15T06:48:05.505Z ::1 GET /api/v1/comments/d00000000000000000000304
2023-05-15T06:48:05.519Z ::1 GET /api/v1/account
2023-05-15T06:48:05.759Z ::1 GET /d00000000000000000000304 (200)
2023-05-15T06:48:05.769Z ::1 GET /api/v1/comments/d00000000000000000000304
2023-05-15T06:48:06.024Z ::1 GET /d00000000000000000000304 (304)
2023-05-15T06:48:06.052Z ::1 GET / (304)
2023-05-15T06:48:29.244Z ::1 GET /api/v1/products?search=&c=c00000000000000000000005&b=&page=1&limit=10&getBrandFilter=1&getCategoryFilter=1&isShowHidden=0&fullTextSearch=1
2023-05-15T06:48:29.248Z ::1 GET /api/v1/categories?fields=_id%20name%20slug
2023-05-15T06:48:30.184Z ::1 GET /?fields=_id%20name%20slug (304)
2023-05-15T06:48:30.195Z ::1 GET /api/v1/brands?fields=_id%20name%20slug
2023-05-15T06:48:30.445Z ::1 GET /?fields=_id%20name%20slug (304)
2023-05-15T06:48:32.194Z ::1 GET /?search=&c=c00000000000000000000005&b=&page=1&limit=10&getBrandFilter=1&getCategoryFilter=1&isShowHidden=0&fullTextSearch=1 (200)
2023-05-15T06:48:37.667Z ::1 GET /api/v1/products?search=&c=c00000000000000000000005&b=&page=2&limit=10&getBrandFilter=1&getCategoryFilter=1&isShowHidden=0&fullTextSearch=1
2023-05-15T06:48:40.389Z ::1 GET /?search=&c=c00000000000000000000005&b=&page=2&limit=10&getBrandFilter=1&getCategoryFilter=1&isShowHidden=0&fullTextSearch=1 (200)
2023-05-15T06:48:45.125Z ::1 GET /api/v1/products?search=&c=c00000000000000000000005&b=&page=3&limit=10&getBrandFilter=1&getCategoryFilter=1&isShowHidden=0&fullTextSearch=1
2023-05-15T06:48:48.082Z ::1 GET /?search=&c=c00000000000000000000005&b=&page=3&limit=10&getBrandFilter=1&getCategoryFilter=1&isShowHidden=0&fullTextSearch=1 (200)
2023-05-15T06:48:50.763Z ::1 GET /api/v1/products?search=&c=c00000000000000000000005&b=&page=4&limit=10&getBrandFilter=1&getCategoryFilter=1&isShowHidden=0&fullTextSearch=1
2023-05-15T06:48:53.855Z ::1 GET /?search=&c=c00000000000000000000005&b=&page=4&limit=10&getBrandFilter=1&getCategoryFilter=1&isShowHidden=0&fullTextSearch=1 (200)
2023-05-15T06:48:54.116Z ::1 GET /api/v1/products/tai-nghe-bluetooth-true-wireless-jabra-elite-2-den?fields=_id%20name%20slug%20desc%20video%20overSpecs%20policies%20detailSpecs%20origin%20category%20brand%20tags%20views%20rate%20variants%20quantity%20warrantyPeriod%20isHide%20createdAt%20updatedAt
2023-05-15T06:48:54.664Z ::1 GET /tai-nghe-bluetooth-true-wireless-jabra-elite-2-den?fields=_id%20name%20slug%20desc%20video%20overSpecs%20policies%20detailSpecs%20origin%20category%20brand%20tags%20views%20rate%20variants%20quantity%20warrantyPeriod%20isHide%20createdAt%20updatedAt (200)
2023-05-15T06:49:02.769Z ::1 GET /api/v1/comments/d00000000000000000000662
2023-05-15T06:49:02.773Z ::1 GET /api/v1/account
2023-05-15T06:49:03.021Z ::1 GET /d00000000000000000000662 (200)
2023-05-15T06:49:03.028Z ::1 GET /api/v1/comments/d00000000000000000000662
2023-05-15T06:49:03.282Z ::1 GET /d00000000000000000000662 (304)
2023-05-15T06:49:03.306Z ::1 GET / (304)
2023-05-15T06:49:15.248Z ::1 POST /api/v1/cart
2023-05-15T06:49:15.753Z ::1 POST / (200)
2023-05-15T06:49:19.003Z ::1 GET /api/v1/account
2023-05-15T06:49:19.015Z ::1 GET /api/v1/comments/d00000000000000000000662
2023-05-15T06:49:19.268Z ::1 GET /d00000000000000000000662 (304)
2023-05-15T06:49:19.288Z ::1 GET /api/v1/comments/d00000000000000000000662
2023-05-15T06:49:19.511Z ::1 GET / (304)
2023-05-15T06:49:19.538Z ::1 GET /d00000000000000000000662 (304)
2023-05-15T06:49:29.005Z ::1 GET /api/v1/account
2023-05-15T06:49:29.518Z ::1 GET / (304)
2023-05-15T06:49:29.869Z ::1 POST /api/v1/cart
2023-05-15T06:49:29.883Z ::1 GET /api/v1/brands?fields=name%20slug%20image
2023-05-15T06:49:29.885Z ::1 GET /api/v1/products/search/suggest?keyword=
2023-05-15T06:49:29.889Z ::1 GET /api/v1/products/search/suggest?keyword= (404)
2023-05-15T06:49:29.891Z ::1 GET /api/v1/categories?fields=name%20slug%20image
2023-05-15T06:49:29.896Z ::1 GET /api/v1/discounts?fields=name,desc,code,beginDate,endDate,quantity,unlimitedQty,discount,discountType,minimumTotal,maximumApplied,image
2023-05-15T06:49:30.133Z ::1 GET /?fields=name%20slug%20image (304)
2023-05-15T06:49:30.144Z ::1 GET /?fields=name,desc,code,beginDate,endDate,quantity,unlimitedQty,discount,discountType,minimumTotal,maximumApplied,image (304)
2023-05-15T06:49:30.372Z ::1 POST / (200)
2023-05-15T06:49:30.701Z ::1 GET /?fields=name%20slug%20image (304)
2023-05-15T06:49:38.334Z ::1 GET /api/v1/account/addresses
2023-05-15T06:49:38.828Z ::1 GET /addresses (304)
2023-05-15T06:50:00.385Z ::1 POST /api/v1/account/addresses
2023-05-15T06:50:01.625Z ::1 POST /addresses (200)
2023-05-15T06:50:08.843Z ::1 POST /api/v1/orders
2023-05-15T06:50:10.861Z ::1 POST / (200)
2023-05-15T06:50:10.993Z ::1 DELETE /api/v1/cart/d00000000000000000000304/0000000001005
2023-05-15T06:50:11.692Z ::1 GET /api/v1/account
2023-05-15T06:50:12.199Z ::1 GET / (200)
2023-05-15T06:50:12.541Z ::1 POST /api/v1/cart
2023-05-15T06:50:12.545Z ::1 GET /api/v1/products/search/suggest?keyword=
2023-05-15T06:50:12.550Z ::1 GET /api/v1/products/search/suggest?keyword= (404)
2023-05-15T06:50:12.552Z ::1 GET /api/v1/categories?fields=name%20slug%20image
2023-05-15T06:50:12.561Z ::1 GET /api/v1/brands?fields=name%20slug%20image
2023-05-15T06:50:12.565Z ::1 GET /api/v1/discounts?fields=name,desc,code,beginDate,endDate,quantity,unlimitedQty,discount,discountType,minimumTotal,maximumApplied,image
2023-05-15T06:50:12.789Z ::1 POST / (200)
2023-05-15T06:50:12.806Z ::1 GET /?fields=name%20slug%20image (304)
2023-05-15T06:50:12.822Z ::1 GET /?fields=name,desc,code,beginDate,endDate,quantity,unlimitedQty,discount,discountType,minimumTotal,maximumApplied,image (304)
2023-05-15T06:50:13.258Z ::1 GET /api/v1/orders/6461d6218ab2fbf535358011
2023-05-15T06:50:13.351Z ::1 GET /?fields=name%20slug%20image (304)
2023-05-15T06:50:13.771Z ::1 GET /6461d6218ab2fbf535358011 (200)
2023-05-15T06:50:24.385Z ::1 GET /api/v1/account
2023-05-15T06:50:24.899Z ::1 GET / (304)
2023-05-15T06:50:27.343Z ::1 GET /api/v1/orders?page=1&status=&paymentStatus=&limit=1000000000
2023-05-15T06:50:27.845Z ::1 GET /?page=1&status=&paymentStatus=&limit=1000000000 (200)
2023-05-15T06:50:48.606Z ::1 GET /api/v1/products?search=&page=1&limit=20&b=&c=
2023-05-15T06:50:48.718Z ::1 GET /api/v1/products/best-seller
2023-05-15T06:50:48.972Z ::1 GET /best-seller (304)
2023-05-15T06:50:54.892Z ::1 GET /?search=&page=1&limit=20&b=&c= (200)
2023-05-15T06:51:24.938Z ::1 GET /api/v1/categories?fields=_id%20name%20slug
2023-05-15T06:51:24.942Z ::1 GET /api/v1/products?search=&c=&b=&page=1&limit=10&getBrandFilter=1&getCategoryFilter=1&isShowHidden=0&fullTextSearch=1
2023-05-15T06:51:25.767Z ::1 GET /?fields=_id%20name%20slug (304)
2023-05-15T06:51:25.798Z ::1 GET /api/v1/brands?fields=_id%20name%20slug
2023-05-15T06:51:26.050Z ::1 GET /?fields=_id%20name%20slug (304)
2023-05-15T06:51:26.349Z ::1 GET /api/v1/products?search=&c=c00000000000000000000004&b=&page=1&limit=10&getBrandFilter=1&getCategoryFilter=1&isShowHidden=0&fullTextSearch=1
2023-05-15T06:51:26.982Z ::1 GET /api/v1/products?search=&c=c00000000000000000000005&b=&page=1&limit=10&getBrandFilter=1&getCategoryFilter=1&isShowHidden=0&fullTextSearch=1
2023-05-15T06:51:30.634Z ::1 GET /?search=&c=&b=&page=1&limit=10&getBrandFilter=1&getCategoryFilter=1&isShowHidden=0&fullTextSearch=1 (304)
2023-05-15T06:51:30.768Z ::1 GET /api/v1/products?search=&c=c00000000000000000000002&b=&page=1&limit=10&getBrandFilter=1&getCategoryFilter=1&isShowHidden=0&fullTextSearch=1
2023-05-15T06:51:31.342Z ::1 GET /?search=&c=c00000000000000000000004&b=&page=1&limit=10&getBrandFilter=1&getCategoryFilter=1&isShowHidden=0&fullTextSearch=1 (200)
2023-05-15T06:51:32.285Z ::1 GET /?search=&c=c00000000000000000000005&b=&page=1&limit=10&getBrandFilter=1&getCategoryFilter=1&isShowHidden=0&fullTextSearch=1 (304)
2023-05-15T06:51:36.553Z ::1 GET /?search=&c=c00000000000000000000002&b=&page=1&limit=10&getBrandFilter=1&getCategoryFilter=1&isShowHidden=0&fullTextSearch=1 (200)
2023-05-15T06:51:41.847Z ::1 GET /api/v1/products/ipad-mini-6-wifi-cellular?fields=_id%20name%20slug%20desc%20video%20overSpecs%20policies%20detailSpecs%20origin%20category%20brand%20tags%20views%20rate%20variants%20quantity%20warrantyPeriod%20isHide%20createdAt%20updatedAt
2023-05-15T06:51:42.675Z ::1 GET /ipad-mini-6-wifi-cellular?fields=_id%20name%20slug%20desc%20video%20overSpecs%20policies%20detailSpecs%20origin%20category%20brand%20tags%20views%20rate%20variants%20quantity%20warrantyPeriod%20isHide%20createdAt%20updatedAt (200)
2023-05-15T06:53:54.057Z ::1 GET /api/v1/account
2023-05-15T06:53:54.564Z ::1 GET / (304)
2023-05-15T06:53:55.007Z ::1 POST /api/v1/cart
2023-05-15T06:53:55.024Z ::1 GET /api/v1/products/search/suggest?keyword=
2023-05-15T06:53:55.029Z ::1 GET /api/v1/products/search/suggest?keyword= (404)
2023-05-15T06:53:55.033Z ::1 GET /api/v1/categories?fields=name%20slug%20image
2023-05-15T06:53:55.039Z ::1 GET /api/v1/brands?fields=name%20slug%20image
2023-05-15T06:53:55.042Z ::1 GET /api/v1/discounts?fields=name,desc,code,beginDate,endDate,quantity,unlimitedQty,discount,discountType,minimumTotal,maximumApplied,image
2023-05-15T06:53:55.257Z ::1 POST / (200)
2023-05-15T06:53:55.288Z ::1 GET /?fields=name%20slug%20image (304)
2023-05-15T06:53:55.293Z ::1 GET /?fields=name,desc,code,beginDate,endDate,quantity,unlimitedQty,discount,discountType,minimumTotal,maximumApplied,image (304)
2023-05-15T06:53:55.403Z ::1 GET /api/v1/products/ipad-mini-6-wifi-cellular?fields=_id%20name%20slug%20desc%20video%20overSpecs%20policies%20detailSpecs%20origin%20category%20brand%20tags%20views%20rate%20variants%20quantity%20warrantyPeriod%20isHide%20createdAt%20updatedAt
2023-05-15T06:53:55.839Z ::1 GET /?fields=name%20slug%20image (304)
2023-05-15T06:53:56.251Z ::1 GET /ipad-mini-6-wifi-cellular?fields=_id%20name%20slug%20desc%20video%20overSpecs%20policies%20detailSpecs%20origin%20category%20brand%20tags%20views%20rate%20variants%20quantity%20warrantyPeriod%20isHide%20createdAt%20updatedAt (200)
2023-05-15T06:54:02.153Z ::1 GET /api/v1/comments/d00000000000000000000134
2023-05-15T06:54:02.157Z ::1 GET /api/v1/account
2023-05-15T06:54:02.406Z ::1 GET /d00000000000000000000134 (200)
2023-05-15T06:54:02.423Z ::1 GET /api/v1/comments/d00000000000000000000134
2023-05-15T06:54:02.655Z ::1 GET / (304)
2023-05-15T06:54:02.682Z ::1 GET /d00000000000000000000134 (304)
2023-05-15T06:54:05.220Z ::1 GET /api/v1/comments/d00000000000000000000134
2023-05-15T06:54:05.223Z ::1 GET /api/v1/account
2023-05-15T06:54:05.482Z ::1 GET /d00000000000000000000134 (304)
2023-05-15T06:54:05.487Z ::1 GET /api/v1/comments/d00000000000000000000134
2023-05-15T06:54:05.730Z ::1 GET / (304)
2023-05-15T06:54:05.744Z ::1 GET /d00000000000000000000134 (304)
2023-05-15T06:54:09.346Z ::1 GET /api/v1/comments/d00000000000000000000134
2023-05-15T06:54:09.352Z ::1 GET /api/v1/account
2023-05-15T06:54:09.600Z ::1 GET /d00000000000000000000134 (304)
2023-05-15T06:54:09.617Z ::1 GET /api/v1/comments/d00000000000000000000134
2023-05-15T06:54:09.850Z ::1 GET / (304)
2023-05-15T06:54:09.876Z ::1 GET /d00000000000000000000134 (304)
2023-05-15T16:23:30.118Z ::1 GET /api/v1/account
2023-05-15T16:23:30.697Z ::1 GET / (304)
2023-05-15T16:23:31.645Z ::1 GET /api/v1/products/search/suggest?keyword=
2023-05-15T16:23:31.655Z ::1 GET /api/v1/products/search/suggest?keyword= (404)
2023-05-15T16:23:31.691Z ::1 GET /api/v1/categories?fields=name%20slug%20image
2023-05-15T16:23:31.725Z ::1 GET /api/v1/discounts?fields=name,desc,code,beginDate,endDate,quantity,unlimitedQty,discount,discountType,minimumTotal,maximumApplied,image
2023-05-15T16:23:31.733Z ::1 GET /api/v1/brands?fields=name%20slug%20image
2023-05-15T16:23:31.747Z ::1 POST /api/v1/cart
2023-05-15T16:23:31.997Z ::1 GET /?fields=name,desc,code,beginDate,endDate,quantity,unlimitedQty,discount,discountType,minimumTotal,maximumApplied,image (304)
2023-05-15T16:23:32.002Z ::1 GET /?fields=name%20slug%20image (304)
2023-05-15T16:23:32.084Z ::1 POST / (200)
2023-05-15T16:23:32.523Z ::1 GET /?fields=name%20slug%20image (304)
2023-05-15T16:23:32.619Z ::1 GET /api/v1/products?search=&page=1&limit=20&b=&c=
2023-05-15T16:23:33.133Z ::1 GET /api/v1/products/best-seller
2023-05-15T16:23:33.441Z ::1 GET /best-seller (200)
2023-05-15T16:23:45.229Z ::1 GET /?search=&page=1&limit=20&b=&c= (200)
2023-05-15T16:23:49.310Z ::1 GET /api/v1/products/iphone-11?fields=_id%20name%20slug%20desc%20video%20overSpecs%20policies%20detailSpecs%20origin%20category%20brand%20tags%20views%20rate%20variants%20quantity%20warrantyPeriod%20isHide%20createdAt%20updatedAt
2023-05-15T16:23:50.521Z ::1 GET /iphone-11?fields=_id%20name%20slug%20desc%20video%20overSpecs%20policies%20detailSpecs%20origin%20category%20brand%20tags%20views%20rate%20variants%20quantity%20warrantyPeriod%20isHide%20createdAt%20updatedAt (200)
2023-05-15T16:23:58.284Z ::1 GET /api/v1/comments/d00000000000000000000001
2023-05-15T16:23:58.291Z ::1 GET /api/v1/account
2023-05-15T16:23:59.037Z ::1 GET /d00000000000000000000001 (200)
2023-05-15T16:23:59.048Z ::1 GET / (304)
2023-05-15T16:23:59.051Z ::1 GET /api/v1/comments/d00000000000000000000001
2023-05-15T16:23:59.591Z ::1 GET /d00000000000000000000001 (304)
2023-05-15T16:25:17.589Z ::1 GET /api/v1/comments/d00000000000000000000001
2023-05-15T16:25:17.593Z ::1 GET /api/v1/account
2023-05-15T16:25:18.419Z ::1 GET / (304)
2023-05-15T16:25:18.423Z ::1 GET /d00000000000000000000001 (304)
2023-05-15T16:25:18.432Z ::1 GET /api/v1/comments/d00000000000000000000001
2023-05-15T16:25:19.950Z ::1 GET /d00000000000000000000001 (304)
2023-05-15T16:27:04.012Z ::1 GET /api/v1/account
2023-05-15T16:27:04.576Z ::1 GET / (304)
2023-05-15T16:27:05.973Z ::1 GET /api/v1/products/search/suggest?keyword=
2023-05-15T16:27:05.979Z ::1 GET /api/v1/products/search/suggest?keyword= (404)
2023-05-15T16:27:05.982Z ::1 GET /api/v1/categories?fields=name%20slug%20image
2023-05-15T16:27:05.991Z ::1 POST /api/v1/cart
2023-05-15T16:27:05.996Z ::1 GET /api/v1/brands?fields=name%20slug%20image
2023-05-15T16:27:06.000Z ::1 GET /api/v1/discounts?fields=name,desc,code,beginDate,endDate,quantity,unlimitedQty,discount,discountType,minimumTotal,maximumApplied,image
2023-05-15T16:27:06.254Z ::1 POST / (200)
2023-05-15T16:27:06.280Z ::1 GET /?fields=name%20slug%20image (304)
2023-05-15T16:27:06.283Z ::1 GET /?fields=name,desc,code,beginDate,endDate,quantity,unlimitedQty,discount,discountType,minimumTotal,maximumApplied,image (304)
2023-05-15T16:27:06.847Z ::1 GET /?fields=name%20slug%20image (304)
2023-05-15T16:27:06.850Z ::1 GET /api/v1/products/iphone-11?fields=_id%20name%20slug%20desc%20video%20overSpecs%20policies%20detailSpecs%20origin%20category%20brand%20tags%20views%20rate%20variants%20quantity%20warrantyPeriod%20isHide%20createdAt%20updatedAt
2023-05-15T16:27:09.980Z ::1 GET /iphone-11?fields=_id%20name%20slug%20desc%20video%20overSpecs%20policies%20detailSpecs%20origin%20category%20brand%20tags%20views%20rate%20variants%20quantity%20warrantyPeriod%20isHide%20createdAt%20updatedAt (200)
2023-05-15T16:27:16.356Z ::1 GET /api/v1/comments/d00000000000000000000001
2023-05-15T16:27:16.361Z ::1 GET /api/v1/account
2023-05-15T16:27:16.958Z ::1 GET / (304)
2023-05-15T16:27:16.964Z ::1 GET /d00000000000000000000001 (304)
2023-05-15T16:27:16.976Z ::1 GET /api/v1/comments/d00000000000000000000001
2023-05-15T16:27:17.505Z ::1 GET /d00000000000000000000001 (304)
2023-05-15T16:27:59.477Z ::1 POST /api/v1/comments
2023-05-15T16:27:59.844Z ::1 POST / (200)
2023-05-15T16:31:21.453Z ::1 GET /api/v1/account
2023-05-15T16:31:21.969Z ::1 GET / (304)
2023-05-15T16:31:22.882Z ::1 POST /api/v1/cart
2023-05-15T16:31:22.888Z ::1 GET /api/v1/products/search/suggest?keyword=
2023-05-15T16:31:22.893Z ::1 GET /api/v1/products/search/suggest?keyword= (404)
2023-05-15T16:31:22.899Z ::1 GET /api/v1/categories?fields=name%20slug%20image
2023-05-15T16:31:22.910Z ::1 GET /api/v1/discounts?fields=name,desc,code,beginDate,endDate,quantity,unlimitedQty,discount,discountType,minimumTotal,maximumApplied,image
2023-05-15T16:31:22.915Z ::1 GET /api/v1/brands?fields=name%20slug%20image
2023-05-15T16:31:23.144Z ::1 POST / (200)
2023-05-15T16:31:23.167Z ::1 GET /?fields=name,desc,code,beginDate,endDate,quantity,unlimitedQty,discount,discountType,minimumTotal,maximumApplied,image (304)
2023-05-15T16:31:23.171Z ::1 GET /?fields=name%20slug%20image (304)
2023-05-15T16:31:23.485Z ::1 GET /api/v1/products/iphone-11?fields=_id%20name%20slug%20desc%20video%20overSpecs%20policies%20detailSpecs%20origin%20category%20brand%20tags%20views%20rate%20variants%20quantity%20warrantyPeriod%20isHide%20createdAt%20updatedAt
2023-05-15T16:31:23.754Z ::1 GET /?fields=name%20slug%20image (304)
2023-05-15T16:31:24.711Z ::1 GET /iphone-11?fields=_id%20name%20slug%20desc%20video%20overSpecs%20policies%20detailSpecs%20origin%20category%20brand%20tags%20views%20rate%20variants%20quantity%20warrantyPeriod%20isHide%20createdAt%20updatedAt (200)
2023-05-15T16:31:28.550Z ::1 GET /api/v1/account
2023-05-15T16:31:28.557Z ::1 GET /api/v1/comments/d00000000000000000000001
2023-05-15T16:31:29.076Z ::1 GET / (304)
2023-05-15T16:31:29.649Z ::1 GET /d00000000000000000000001 (200)
2023-05-15T16:31:29.659Z ::1 GET /api/v1/comments/d00000000000000000000001
2023-05-15T16:31:30.168Z ::1 GET /d00000000000000000000001 (304)
2023-05-15T16:32:16.827Z ::1 GET /api/v1/account
2023-05-15T16:32:17.349Z ::1 GET / (304)
2023-05-15T16:32:18.982Z ::1 GET /api/v1/products/search/suggest?keyword=
2023-05-15T16:32:18.987Z ::1 GET /api/v1/products/search/suggest?keyword= (404)
2023-05-15T16:32:18.999Z ::1 GET /api/v1/categories?fields=name%20slug%20image
2023-05-15T16:32:19.019Z ::1 GET /api/v1/brands?fields=name%20slug%20image
2023-05-15T16:32:19.036Z ::1 GET /api/v1/discounts?fields=name,desc,code,beginDate,endDate,quantity,unlimitedQty,discount,discountType,minimumTotal,maximumApplied,image
2023-05-15T16:32:19.042Z ::1 POST /api/v1/cart
2023-05-15T16:32:19.307Z ::1 GET /?fields=name%20slug%20image (304)
2023-05-15T16:32:19.309Z ::1 GET /?fields=name,desc,code,beginDate,endDate,quantity,unlimitedQty,discount,discountType,minimumTotal,maximumApplied,image (304)
2023-05-15T16:32:19.316Z ::1 POST / (200)
2023-05-15T16:32:19.930Z ::1 GET /?fields=name%20slug%20image (304)
2023-05-15T16:32:22.942Z ::1 GET /api/v1/products/iphone-11?fields=_id%20name%20slug%20desc%20video%20overSpecs%20policies%20detailSpecs%20origin%20category%20brand%20tags%20views%20rate%20variants%20quantity%20warrantyPeriod%20isHide%20createdAt%20updatedAt
2023-05-15T16:32:25.029Z ::1 GET /api/v1/account
2023-05-15T16:32:25.546Z ::1 GET / (304)
2023-05-15T16:32:28.126Z ::1 POST /api/v1/cart
2023-05-15T16:32:28.134Z ::1 GET /api/v1/products/search/suggest?keyword=
2023-05-15T16:32:28.139Z ::1 GET /api/v1/products/search/suggest?keyword= (404)
2023-05-15T16:32:28.141Z ::1 GET /api/v1/categories?fields=name%20slug%20image
2023-05-15T16:32:28.146Z ::1 GET /api/v1/brands?fields=name%20slug%20image
2023-05-15T16:32:28.154Z ::1 GET /api/v1/discounts?fields=name,desc,code,beginDate,endDate,quantity,unlimitedQty,discount,discountType,minimumTotal,maximumApplied,image
2023-05-15T16:32:28.441Z ::1 GET /?fields=name,desc,code,beginDate,endDate,quantity,unlimitedQty,discount,discountType,minimumTotal,maximumApplied,image (304)
2023-05-15T16:32:28.446Z ::1 GET /?fields=name%20slug%20image (304)
2023-05-15T16:32:28.457Z ::1 POST / (200)
2023-05-15T16:32:29.054Z ::1 GET /?fields=name%20slug%20image (304)
2023-05-15T16:32:29.765Z ::1 GET /api/v1/products/iphone-11?fields=_id%20name%20slug%20desc%20video%20overSpecs%20policies%20detailSpecs%20origin%20category%20brand%20tags%20views%20rate%20variants%20quantity%20warrantyPeriod%20isHide%20createdAt%20updatedAt
2023-05-15T16:32:31.281Z ::1 GET /iphone-11?fields=_id%20name%20slug%20desc%20video%20overSpecs%20policies%20detailSpecs%20origin%20category%20brand%20tags%20views%20rate%20variants%20quantity%20warrantyPeriod%20isHide%20createdAt%20updatedAt (200)
2023-05-15T16:32:35.470Z ::1 GET /api/v1/comments/d00000000000000000000001
2023-05-15T16:32:35.474Z ::1 GET /api/v1/account
2023-05-15T16:32:35.986Z ::1 GET / (304)
2023-05-15T16:32:36.005Z ::1 GET /d00000000000000000000001 (304)
2023-05-15T16:32:36.027Z ::1 GET /api/v1/comments/d00000000000000000000001
2023-05-15T16:32:36.535Z ::1 GET /d00000000000000000000001 (304)
2023-05-15T16:33:13.250Z ::1 GET /api/v1/account
2023-05-15T16:33:13.803Z ::1 GET / (304)
2023-05-15T16:33:14.804Z ::1 GET /api/v1/products/search/suggest?keyword=
2023-05-15T16:33:14.809Z ::1 GET /api/v1/products/search/suggest?keyword= (404)
2023-05-15T16:33:14.823Z ::1 GET /api/v1/categories?fields=name%20slug%20image
2023-05-15T16:33:14.872Z ::1 GET /api/v1/brands?fields=name%20slug%20image
2023-05-15T16:33:14.887Z ::1 GET /api/v1/discounts?fields=name,desc,code,beginDate,endDate,quantity,unlimitedQty,discount,discountType,minimumTotal,maximumApplied,image
2023-05-15T16:33:14.892Z ::1 POST /api/v1/cart
2023-05-15T16:33:15.125Z ::1 GET /?fields=name%20slug%20image (304)
2023-05-15T16:33:15.137Z ::1 GET /?fields=name,desc,code,beginDate,endDate,quantity,unlimitedQty,discount,discountType,minimumTotal,maximumApplied,image (304)
2023-05-15T16:33:15.148Z ::1 POST / (200)
2023-05-15T16:33:15.377Z ::1 GET /api/v1/products/iphone-11?fields=_id%20name%20slug%20desc%20video%20overSpecs%20policies%20detailSpecs%20origin%20category%20brand%20tags%20views%20rate%20variants%20quantity%20warrantyPeriod%20isHide%20createdAt%20updatedAt
2023-05-15T16:33:16.146Z ::1 GET /?fields=name%20slug%20image (304)
2023-05-15T16:33:16.962Z ::1 GET /iphone-11?fields=_id%20name%20slug%20desc%20video%20overSpecs%20policies%20detailSpecs%20origin%20category%20brand%20tags%20views%20rate%20variants%20quantity%20warrantyPeriod%20isHide%20createdAt%20updatedAt (200)
2023-05-15T16:33:27.668Z ::1 GET /api/v1/account
2023-05-15T16:33:28.214Z ::1 GET / (304)
2023-05-15T16:33:29.155Z ::1 GET /api/v1/products/search/suggest?keyword=
2023-05-15T16:33:29.159Z ::1 GET /api/v1/products/search/suggest?keyword= (404)
2023-05-15T16:33:29.167Z ::1 GET /api/v1/categories?fields=name%20slug%20image
2023-05-15T16:33:29.178Z ::1 GET /api/v1/brands?fields=name%20slug%20image
2023-05-15T16:33:29.189Z ::1 GET /api/v1/discounts?fields=name,desc,code,beginDate,endDate,quantity,unlimitedQty,discount,discountType,minimumTotal,maximumApplied,image
2023-05-15T16:33:29.195Z ::1 POST /api/v1/cart
2023-05-15T16:33:29.492Z ::1 POST / (200)
2023-05-15T16:33:29.495Z ::1 GET /?fields=name,desc,code,beginDate,endDate,quantity,unlimitedQty,discount,discountType,minimumTotal,maximumApplied,image (304)
2023-05-15T16:33:29.505Z ::1 GET /?fields=name%20slug%20image (304)
2023-05-15T16:33:29.700Z ::1 GET /api/v1/products/iphone-11?fields=_id%20name%20slug%20desc%20video%20overSpecs%20policies%20detailSpecs%20origin%20category%20brand%20tags%20views%20rate%20variants%20quantity%20warrantyPeriod%20isHide%20createdAt%20updatedAt
2023-05-15T16:33:30.070Z ::1 GET /?fields=name%20slug%20image (304)
2023-05-15T16:33:30.933Z ::1 GET /iphone-11?fields=_id%20name%20slug%20desc%20video%20overSpecs%20policies%20detailSpecs%20origin%20category%20brand%20tags%20views%20rate%20variants%20quantity%20warrantyPeriod%20isHide%20createdAt%20updatedAt (200)