
2023-06-20T04:44:33.183Z ::1 GET /api/v1/account
2023-06-20T04:44:33.309Z ::1 GET / (200)
2023-06-20T04:44:33.881Z ::1 GET /api/v1/products/search/suggest?keyword=
2023-06-20T04:44:33.890Z ::1 GET /api/v1/products/search/suggest?keyword= (404)
2023-06-20T04:44:33.892Z ::1 GET /api/v1/categories?fields=name%20slug%20image
2023-06-20T04:44:33.904Z ::1 GET /api/v1/brands?fields=name%20slug%20image
2023-06-20T04:44:33.929Z ::1 POST /api/v1/cart
2023-06-20T04:44:33.982Z ::1 GET /api/v1/discounts?fields=name,desc,code,beginDate,endDate,quantity,unlimitedQty,discount,discountType,minimumTotal,maximumApplied,image
2023-06-20T04:44:34.065Z ::1 GET /?fields=name%20slug%20image (200)
2023-06-20T04:44:34.130Z ::1 GET /?fields=name%20slug%20image (200)
2023-06-20T04:44:34.140Z ::1 GET /api/v1/products/search/suggest?keyword=
2023-06-20T04:44:34.156Z ::1 GET /api/v1/products/search/suggest?keyword= (404)
2023-06-20T04:44:34.174Z ::1 GET /?fields=name,desc,code,beginDate,endDate,quantity,unlimitedQty,discount,discountType,minimumTotal,maximumApplied,image (200)
2023-06-20T04:44:34.196Z ::1 POST / (200)
2023-06-20T04:44:34.770Z ::1 GET /api/v1/products?search=&page=1&limit=20&b=&c=
2023-06-20T04:44:34.987Z ::1 GET /?search=&page=1&limit=20&b=&c= (200)
2023-06-20T04:44:44.046Z ::1 GET /api/v1/products/iphone-11-quoc-te-like-new-99?fields=_id%20name%20slug%20desc%20video%20overSpecs%20policies%20detailSpecs%20origin%20category%20brand%20tags%20views%20rate%20variants%20quantity%20warrantyPeriod%20isHide%20createdAt%20updatedAt
2023-06-20T04:44:44.207Z ::1 GET /iphone-11-quoc-te-like-new-99?fields=_id%20name%20slug%20desc%20video%20overSpecs%20policies%20detailSpecs%20origin%20category%20brand%20tags%20views%20rate%20variants%20quantity%20warrantyPeriod%20isHide%20createdAt%20updatedAt (200)
2023-06-20T04:44:56.751Z ::1 GET /api/v1/products/search/suggest?keyword=z
2023-06-20T04:44:56.756Z ::1 GET /api/v1/products/search/suggest?keyword=z (404)
2023-06-20T04:44:56.877Z ::1 GET /api/v1/products/search/suggest?keyword=zx
2023-06-20T04:44:56.884Z ::1 GET /api/v1/products/search/suggest?keyword=zx (404)
2023-06-20T04:44:57.021Z ::1 GET /api/v1/products/search/suggest?keyword=zxc
2023-06-20T04:44:57.028Z ::1 GET /api/v1/products/search/suggest?keyword=zxc (404)
2023-06-20T04:44:57.377Z ::1 GET /api/v1/categories?fields=_id%20name%20slug
2023-06-20T04:44:57.405Z ::1 GET /?fields=_id%20name%20slug (200)
2023-06-20T04:44:57.427Z ::1 GET /api/v1/brands?fields=_id%20name%20slug
2023-06-20T04:44:57.443Z ::1 GET /?fields=_id%20name%20slug (200)
2023-06-20T04:45:00.006Z ::1 GET /api/v1/products/search/suggest?keyword=zxcz
2023-06-20T04:45:00.012Z ::1 GET /api/v1/products/search/suggest?keyword=zxcz (404)
2023-06-20T04:45:00.075Z ::1 GET /api/v1/products/search/suggest?keyword=zxczx
2023-06-20T04:45:00.079Z ::1 GET /api/v1/products/search/suggest?keyword=zxczx (404)
2023-06-20T04:45:00.185Z ::1 GET /api/v1/products/search/suggest?keyword=zxczxc
2023-06-20T04:45:00.193Z ::1 GET /api/v1/products/search/suggest?keyword=zxczxc (404)
2023-06-20T04:45:08.721Z ::1 GET /api/v1/products?search=&page=1&limit=20&b=&c=
2023-06-20T04:45:08.811Z ::1 GET /?search=&page=1&limit=20&b=&c= (200)
2023-06-20T04:45:14.685Z ::1 GET /api/v1/account
2023-06-20T04:45:14.705Z ::1 GET / (304)
2023-06-20T04:45:15.332Z ::1 POST /api/v1/cart
2023-06-20T04:45:15.357Z ::1 POST / (200)
2023-06-20T04:45:18.583Z ::1 GET /api/v1/categories
2023-06-20T04:45:18.630Z ::1 GET / (200)
2023-06-20T04:53:02.402Z ::1 GET /api/v1/account
2023-06-20T04:53:02.613Z ::1 GET / (304)
2023-06-20T04:53:03.248Z ::1 POST /api/v1/cart
2023-06-20T04:53:03.362Z ::1 POST / (200)
2023-06-20T04:53:03.965Z ::1 GET /api/v1/categories
2023-06-20T04:53:04.036Z ::1 GET / (304)
2023-06-20T04:55:25.046Z ::1 GET /api/v1/account
2023-06-20T04:55:25.068Z ::1 GET / (304)
2023-06-20T04:55:27.204Z ::1 POST /api/v1/cart
2023-06-20T04:55:27.252Z ::1 POST / (200)
2023-06-20T04:55:29.001Z ::1 GET /api/v1/categories
2023-06-20T04:55:29.044Z ::1 GET / (304)
2023-06-20T04:57:00.314Z ::1 GET /api/v1/account
2023-06-20T04:57:00.336Z ::1 GET / (304)
2023-06-20T04:57:01.680Z ::1 POST /api/v1/cart
2023-06-20T04:57:01.708Z ::1 POST / (200)
2023-06-20T04:57:02.573Z ::1 GET /api/v1/categories
2023-06-20T04:57:02.612Z ::1 GET / (304)
2023-06-20T04:57:38.129Z ::1 GET /api/v1/account
2023-06-20T04:57:38.157Z ::1 GET / (304)
2023-06-20T04:57:38.812Z ::1 POST /api/v1/cart
2023-06-20T04:57:38.835Z ::1 POST / (200)
2023-06-20T05:14:06.002Z ::1 GET /api/v1/account
2023-06-20T05:14:06.116Z ::1 GET / (304)
2023-06-20T05:14:07.498Z ::1 POST /api/v1/cart
2023-06-20T05:14:07.564Z ::1 POST / (200)
2023-06-20T05:14:07.930Z ::1 GET /api/v1/products?search=&c=createdAt&b=&page=1&limit=10&sort=false&sortBy=desc&getBrandFilter=1&getCategoryFilter=1&isShowHidden=0
2023-06-20T05:14:07.992Z ::1 GET /api/v1/products?search=&c=createdAt&b=&page=1&limit=10&sort=false&sortBy=desc&getBrandFilter=1&getCategoryFilter=1&isShowHidden=0 (500)
2023-06-20T05:14:24.329Z ::1 GET /api/v1/products?search=&c=createdAt&b=&page=1&limit=10&sort=false&sortBy=desc&getBrandFilter=1&getCategoryFilter=1&isShowHidden=0
2023-06-20T05:14:24.400Z ::1 GET /api/v1/products?search=&c=createdAt&b=&page=1&limit=10&sort=false&sortBy=desc&getBrandFilter=1&getCategoryFilter=1&isShowHidden=0 (500)
2023-06-20T05:17:14.258Z ::1 GET /api/v1/categories
2023-06-20T05:17:14.324Z ::1 GET / (304)
2023-06-20T05:17:21.720Z ::1 GET /api/v1/products?search=&c=createdAt&b=&page=1&limit=10&sort=false&sortBy=desc&getBrandFilter=1&getCategoryFilter=1&isShowHidden=0
2023-06-20T05:17:21.749Z ::1 GET /api/v1/products?search=&c=createdAt&b=&page=1&limit=10&sort=false&sortBy=desc&getBrandFilter=1&getCategoryFilter=1&isShowHidden=0 (500)
2023-06-20T05:19:01.051Z ::1 GET /api/v1/account
2023-06-20T05:19:01.106Z ::1 GET / (304)
2023-06-20T05:19:02.614Z ::1 POST /api/v1/cart
2023-06-20T05:19:02.737Z ::1 POST / (200)
2023-06-20T05:19:03.385Z ::1 GET /api/v1/products?search=&c=createdAt&b=&page=1&limit=10&sort=false&sortBy=desc&getBrandFilter=1&getCategoryFilter=1&isShowHidden=0
2023-06-20T05:19:03.421Z ::1 GET /api/v1/products?search=&c=createdAt&b=&page=1&limit=10&sort=false&sortBy=desc&getBrandFilter=1&getCategoryFilter=1&isShowHidden=0 (500)
2023-06-20T05:20:59.010Z ::1 GET /api/v1/account
2023-06-20T05:20:59.050Z ::1 GET / (304)
2023-06-20T05:21:04.854Z ::1 POST /api/v1/cart
2023-06-20T05:21:04.909Z ::1 POST / (200)
2023-06-20T05:21:06.915Z ::1 GET /api/v1/products?search=&c=createdAt&b=&page=1&limit=10&sort=false&sortBy=desc&getBrandFilter=1&getCategoryFilter=1&isShowHidden=0
2023-06-20T05:21:06.933Z ::1 GET /api/v1/products?search=&c=createdAt&b=&page=1&limit=10&sort=false&sortBy=desc&getBrandFilter=1&getCategoryFilter=1&isShowHidden=0 (500)
2023-06-20T05:27:36.089Z ::1 GET /api/v1/account
2023-06-20T05:27:36.172Z ::1 GET / (304)
2023-06-20T05:27:37.697Z ::1 POST /api/v1/cart
2023-06-20T05:27:37.738Z ::1 POST / (200)
2023-06-20T05:27:39.459Z ::1 GET /api/v1/products?search=&c=createdAt&b=&page=1&limit=10&sort=false&sortBy=desc&getBrandFilter=1&getCategoryFilter=1&isShowHidden=0
2023-06-20T05:27:39.474Z ::1 GET /api/v1/products?search=&c=createdAt&b=&page=1&limit=10&sort=false&sortBy=desc&getBrandFilter=1&getCategoryFilter=1&isShowHidden=0 (500)
2023-06-20T05:28:14.684Z ::1 GET /api/v1/products?search=&c=createdAt&b=&page=1&limit=10&sort=true&sortBy=desc&getBrandFilter=1&getCategoryFilter=1&isShowHidden=0
2023-06-20T05:28:14.753Z ::1 GET /api/v1/products?search=&c=createdAt&b=&page=1&limit=10&sort=true&sortBy=desc&getBrandFilter=1&getCategoryFilter=1&isShowHidden=0 (500)
2023-06-20T05:28:16.262Z ::1 GET /api/v1/products?search=&c=createdAt&b=&page=1&limit=10&sort=false&sortBy=desc&getBrandFilter=1&getCategoryFilter=1&isShowHidden=0
2023-06-20T05:28:16.302Z ::1 GET /api/v1/products?search=&c=createdAt&b=&page=1&limit=10&sort=false&sortBy=desc&getBrandFilter=1&getCategoryFilter=1&isShowHidden=0 (500)
2023-06-20T05:32:45.850Z ::1 GET /api/v1/products?search=&c=createdAt&b=&page=1&limit=10&sort=false&sortBy=desc&getBrandFilter=1&getCategoryFilter=1&isShowHidden=0
2023-06-20T05:32:45.872Z ::1 GET /api/v1/products?search=&c=createdAt&b=&page=1&limit=10&sort=false&sortBy=desc&getBrandFilter=1&getCategoryFilter=1&isShowHidden=0 (500)
2023-06-20T05:35:21.180Z ::1 GET /api/v1/account
2023-06-20T05:35:21.397Z ::1 GET / (304)
2023-06-20T05:35:23.156Z ::1 POST /api/v1/cart
2023-06-20T05:35:24.697Z ::1 POST / (200)
2023-06-20T05:35:26.230Z ::1 GET /api/v1/products?search=&c=&b=&page=1&limit=10&sort=desc&sortBy=createdAt&getBrandFilter=1&getCategoryFilter=1&isShowHidden=0
2023-06-20T05:35:26.847Z ::1 GET /?search=&c=&b=&page=1&limit=10&sort=desc&sortBy=createdAt&getBrandFilter=1&getCategoryFilter=1&isShowHidden=0 (200)
2023-06-20T05:39:44.400Z ::1 GET /api/v1/account
2023-06-20T05:39:44.501Z ::1 GET / (304)
2023-06-20T05:39:46.186Z ::1 POST /api/v1/cart
2023-06-20T05:39:46.331Z ::1 POST / (200)
2023-06-20T05:39:48.085Z ::1 GET /api/v1/products?search=&c=&b=&page=1&limit=10&sort=desc&sortBy=createdAt&getBrandFilter=1&getCategoryFilter=1&isShowHidden=0
2023-06-20T05:39:48.343Z ::1 GET /?search=&c=&b=&page=1&limit=10&sort=desc&sortBy=createdAt&getBrandFilter=1&getCategoryFilter=1&isShowHidden=0 (304)
2023-06-20T05:40:47.562Z ::1 GET /api/v1/products?search=&c=&b=&page=1&limit=10&sort=desc&sortBy=createdAt&getBrandFilter=1&getCategoryFilter=1&isShowHidden=1
2023-06-20T05:40:47.787Z ::1 GET /?search=&c=&b=&page=1&limit=10&sort=desc&sortBy=createdAt&getBrandFilter=1&getCategoryFilter=1&isShowHidden=1 (200)
2023-06-20T05:40:48.383Z ::1 GET /api/v1/products?search=&c=&b=&page=1&limit=10&sort=desc&sortBy=createdAt&getBrandFilter=1&getCategoryFilter=1&isShowHidden=0
2023-06-20T05:40:48.561Z ::1 GET /?search=&c=&b=&page=1&limit=10&sort=desc&sortBy=createdAt&getBrandFilter=1&getCategoryFilter=1&isShowHidden=0 (304)
2023-06-20T05:41:08.229Z ::1 GET /api/v1/products?search=asd&c=&b=&page=1&limit=10&sort=desc&sortBy=createdAt&getBrandFilter=1&getCategoryFilter=1&isShowHidden=0
2023-06-20T05:41:08.384Z ::1 GET /?search=asd&c=&b=&page=1&limit=10&sort=desc&sortBy=createdAt&getBrandFilter=1&getCategoryFilter=1&isShowHidden=0 (200)
2023-06-20T05:41:13.655Z ::1 GET /api/v1/products?search=iphone&c=&b=&page=1&limit=10&sort=desc&sortBy=createdAt&getBrandFilter=1&getCategoryFilter=1&isShowHidden=0
2023-06-20T05:41:13.831Z ::1 GET /?search=iphone&c=&b=&page=1&limit=10&sort=desc&sortBy=createdAt&getBrandFilter=1&getCategoryFilter=1&isShowHidden=0 (200)
2023-06-20T05:41:21.325Z ::1 GET /api/v1/products?search=iphone&c=&b=&page=1&limit=10&sort=desc&sortBy=createdAt&getBrandFilter=1&getCategoryFilter=1&isShowHidden=1
2023-06-20T05:41:21.589Z ::1 GET /?search=iphone&c=&b=&page=1&limit=10&sort=desc&sortBy=createdAt&getBrandFilter=1&getCategoryFilter=1&isShowHidden=1 (200)
2023-06-20T05:41:23.250Z ::1 GET /api/v1/products?search=iphone&c=&b=&page=1&limit=10&sort=desc&sortBy=createdAt&getBrandFilter=1&getCategoryFilter=1&isShowHidden=0
2023-06-20T05:41:23.382Z ::1 GET /?search=iphone&c=&b=&page=1&limit=10&sort=desc&sortBy=createdAt&getBrandFilter=1&getCategoryFilter=1&isShowHidden=0 (304)
2023-06-20T05:41:47.127Z ::1 GET /api/v1/products?search=&c=&b=&page=1&limit=10&sort=desc&sortBy=createdAt&getBrandFilter=1&getCategoryFilter=1&isShowHidden=0
2023-06-20T05:41:47.285Z ::1 GET /?search=&c=&b=&page=1&limit=10&sort=desc&sortBy=createdAt&getBrandFilter=1&getCategoryFilter=1&isShowHidden=0 (304)
2023-06-20T05:43:08.662Z ::1 GET /api/v1/account
2023-06-20T05:43:09.280Z ::1 GET / (304)
2023-06-20T05:43:11.587Z ::1 POST /api/v1/cart
2023-06-20T05:43:11.968Z ::1 POST / (200)
2023-06-20T05:43:14.039Z ::1 GET /api/v1/products?search=&c=&b=&page=1&limit=10&sort=desc&sortBy=createdAt&getBrandFilter=1&getCategoryFilter=1&isShowHidden=0
2023-06-20T05:43:14.458Z ::1 GET /?search=&c=&b=&page=1&limit=10&sort=desc&sortBy=createdAt&getBrandFilter=1&getCategoryFilter=1&isShowHidden=0 (304)
2023-06-20T05:45:15.898Z ::1 GET /api/v1/products?search=&c=&b=&page=1&limit=10&sort=desc&sortBy=createdAt&getBrandFilter=1&getCategoryFilter=1&isShowHidden=0
2023-06-20T05:45:16.211Z ::1 GET /?search=&c=&b=&page=1&limit=10&sort=desc&sortBy=createdAt&getBrandFilter=1&getCategoryFilter=1&isShowHidden=0 (304)
2023-06-20T05:49:06.342Z ::1 PATCH /api/v1/products/6482dd50001cc6cad866d0fa/toggleHide
2023-06-20T05:49:06.651Z ::1 PATCH /6482dd50001cc6cad866d0fa/toggleHide (200)
2023-06-20T05:49:14.745Z ::1 GET /api/v1/products?search=&c=&b=&page=1&limit=10&sort=desc&sortBy=createdAt&getBrandFilter=1&getCategoryFilter=1&isShowHidden=1
2023-06-20T05:49:14.998Z ::1 GET /?search=&c=&b=&page=1&limit=10&sort=desc&sortBy=createdAt&getBrandFilter=1&getCategoryFilter=1&isShowHidden=1 (200)
2023-06-20T05:49:16.055Z ::1 GET /api/v1/products?search=&c=&b=&page=1&limit=10&sort=desc&sortBy=createdAt&getBrandFilter=1&getCategoryFilter=1&isShowHidden=0
2023-06-20T05:49:16.260Z ::1 GET /?search=&c=&b=&page=1&limit=10&sort=desc&sortBy=createdAt&getBrandFilter=1&getCategoryFilter=1&isShowHidden=0 (200)
2023-06-20T05:49:18.348Z ::1 GET /api/v1/products?search=&c=&b=&page=1&limit=10&sort=desc&sortBy=createdAt&getBrandFilter=1&getCategoryFilter=1&isShowHidden=1
2023-06-20T05:49:18.538Z ::1 GET /?search=&c=&b=&page=1&limit=10&sort=desc&sortBy=createdAt&getBrandFilter=1&getCategoryFilter=1&isShowHidden=1 (304)
2023-06-20T05:49:24.976Z ::1 GET /api/v1/products?search=&c=&b=&page=1&limit=10&sort=desc&sortBy=createdAt&getBrandFilter=1&getCategoryFilter=1&isShowHidden=0
2023-06-20T05:49:25.087Z ::1 GET /?search=&c=&b=&page=1&limit=10&sort=desc&sortBy=createdAt&getBrandFilter=1&getCategoryFilter=1&isShowHidden=0 (304)
2023-06-20T05:50:15.962Z ::1 PATCH /api/v1/products?/api/v1/products/6482dc93001cc6cad866d0ee/toggleHide
2023-06-20T05:50:16.132Z ::1 PATCH /api/v1/products?/api/v1/products/6482dc93001cc6cad866d0ee/toggleHide (404)
2023-06-20T05:51:27.040Z ::1 POST /api/v1/auth/login
2023-06-20T05:51:27.561Z ::1 POST /login (200)
2023-06-20T05:51:36.961Z ::1 PATCH /api/v1/products/6482dc93001cc6cad866d0ee/toggleHide
2023-06-20T05:51:37.042Z ::1 PATCH /6482dc93001cc6cad866d0ee/toggleHide (200)
2023-06-20T05:51:44.370Z ::1 GET /api/v1/account
2023-06-20T05:51:44.452Z ::1 GET / (304)
2023-06-20T05:51:45.853Z ::1 POST /api/v1/cart
2023-06-20T05:51:45.953Z ::1 POST / (200)
2023-06-20T05:51:47.120Z ::1 GET /api/v1/products?search=&c=&b=&page=1&limit=10&sort=desc&sortBy=createdAt&getBrandFilter=1&getCategoryFilter=1&isShowHidden=0
2023-06-20T05:51:47.329Z ::1 GET /?search=&c=&b=&page=1&limit=10&sort=desc&sortBy=createdAt&getBrandFilter=1&getCategoryFilter=1&isShowHidden=0 (200)
2023-06-20T05:53:15.121Z ::1 GET /api/v1/account
2023-06-20T05:53:15.196Z ::1 GET / (304)
2023-06-20T05:53:17.047Z ::1 POST /api/v1/cart
2023-06-20T05:53:17.156Z ::1 POST / (200)
2023-06-20T05:53:18.410Z ::1 GET /api/v1/products?search=&c=&b=&page=1&limit=10&sort=desc&sortBy=createdAt&getBrandFilter=1&getCategoryFilter=1&isShowHidden=0
2023-06-20T05:53:18.544Z ::1 GET /?search=&c=&b=&page=1&limit=10&sort=desc&sortBy=createdAt&getBrandFilter=1&getCategoryFilter=1&isShowHidden=0 (304)
2023-06-20T05:55:34.726Z ::1 GET /api/v1/products?search=&c=&b=&page=1&limit=10&sort=desc&sortBy=createdAt&getBrandFilter=1&getCategoryFilter=1&isShowHidden=1
2023-06-20T05:55:34.961Z ::1 GET /?search=&c=&b=&page=1&limit=10&sort=desc&sortBy=createdAt&getBrandFilter=1&getCategoryFilter=1&isShowHidden=1 (200)
2023-06-20T05:55:39.145Z ::1 PATCH /api/v1/products/6482dd50001cc6cad866d0fa/toggleHide
2023-06-20T05:55:39.283Z ::1 PATCH /6482dd50001cc6cad866d0fa/toggleHide (200)
2023-06-20T05:55:45.447Z ::1 GET /api/v1/products?search=&c=&b=&page=1&limit=10&sort=desc&sortBy=createdAt&getBrandFilter=1&getCategoryFilter=1&isShowHidden=0
2023-06-20T05:55:45.615Z ::1 GET /?search=&c=&b=&page=1&limit=10&sort=desc&sortBy=createdAt&getBrandFilter=1&getCategoryFilter=1&isShowHidden=0 (200)
2023-06-20T05:55:46.427Z ::1 GET /api/v1/products?search=&c=&b=&page=1&limit=10&sort=desc&sortBy=createdAt&getBrandFilter=1&getCategoryFilter=1&isShowHidden=1
2023-06-20T05:55:46.643Z ::1 GET /?search=&c=&b=&page=1&limit=10&sort=desc&sortBy=createdAt&getBrandFilter=1&getCategoryFilter=1&isShowHidden=1 (200)
2023-06-20T05:55:50.560Z ::1 PATCH /api/v1/products/6482dc93001cc6cad866d0ee/toggleHide
2023-06-20T05:55:50.670Z ::1 PATCH /6482dc93001cc6cad866d0ee/toggleHide (200)
2023-06-20T05:55:52.036Z ::1 GET /api/v1/products?search=&c=&b=&page=1&limit=10&sort=desc&sortBy=createdAt&getBrandFilter=1&getCategoryFilter=1&isShowHidden=0
2023-06-20T05:55:52.274Z ::1 GET /?search=&c=&b=&page=1&limit=10&sort=desc&sortBy=createdAt&getBrandFilter=1&getCategoryFilter=1&isShowHidden=0 (200)
2023-06-20T05:55:53.110Z ::1 GET /api/v1/products?search=&c=&b=&page=1&limit=10&sort=desc&sortBy=createdAt&getBrandFilter=1&getCategoryFilter=1&isShowHidden=1
2023-06-20T05:55:53.286Z ::1 GET /?search=&c=&b=&page=1&limit=10&sort=desc&sortBy=createdAt&getBrandFilter=1&getCategoryFilter=1&isShowHidden=1 (200)
2023-06-20T05:55:54.916Z ::1 GET /api/v1/products?search=&c=&b=&page=1&limit=10&sort=desc&sortBy=createdAt&getBrandFilter=1&getCategoryFilter=1&isShowHidden=0
2023-06-20T05:55:55.117Z ::1 GET /?search=&c=&b=&page=1&limit=10&sort=desc&sortBy=createdAt&getBrandFilter=1&getCategoryFilter=1&isShowHidden=0 (304)
2023-06-20T05:56:12.494Z ::1 GET /api/v1/products?search=&c=&b=6482c01fe5302aece9f4d327&page=1&limit=10&sort=desc&sortBy=createdAt&getBrandFilter=1&getCategoryFilter=1&isShowHidden=0
2023-06-20T05:56:12.639Z ::1 GET /?search=&c=&b=6482c01fe5302aece9f4d327&page=1&limit=10&sort=desc&sortBy=createdAt&getBrandFilter=1&getCategoryFilter=1&isShowHidden=0 (200)
2023-06-20T05:56:17.055Z ::1 GET /api/v1/products?search=&c=&b=&page=1&limit=10&sort=desc&sortBy=createdAt&getBrandFilter=1&getCategoryFilter=1&isShowHidden=0
2023-06-20T05:56:17.218Z ::1 GET /?search=&c=&b=&page=1&limit=10&sort=desc&sortBy=createdAt&getBrandFilter=1&getCategoryFilter=1&isShowHidden=0 (304)
2023-06-20T05:56:20.208Z ::1 GET /api/v1/products?search=&c=&b=&page=1&limit=10&sort=desc&sortBy=createdAt&getBrandFilter=1&getCategoryFilter=1&isShowHidden=1
2023-06-20T05:56:20.449Z ::1 GET /?search=&c=&b=&page=1&limit=10&sort=desc&sortBy=createdAt&getBrandFilter=1&getCategoryFilter=1&isShowHidden=1 (304)
2023-06-20T05:56:22.245Z ::1 GET /api/v1/products?search=zxc&c=&b=&page=1&limit=10&sort=desc&sortBy=createdAt&getBrandFilter=1&getCategoryFilter=1&isShowHidden=1
2023-06-20T05:56:22.337Z ::1 GET /?search=zxc&c=&b=&page=1&limit=10&sort=desc&sortBy=createdAt&getBrandFilter=1&getCategoryFilter=1&isShowHidden=1 (200)
2023-06-20T05:56:33.030Z ::1 GET /api/v1/products?search=zxc&c=&b=&page=1&limit=10&sort=desc&sortBy=createdAt&getBrandFilter=1&getCategoryFilter=1&isShowHidden=0
2023-06-20T05:56:33.118Z ::1 GET /?search=zxc&c=&b=&page=1&limit=10&sort=desc&sortBy=createdAt&getBrandFilter=1&getCategoryFilter=1&isShowHidden=0 (200)
2023-06-20T05:56:34.796Z ::1 GET /api/v1/products?search=zxc&c=&b=&page=1&limit=10&sort=desc&sortBy=createdAt&getBrandFilter=1&getCategoryFilter=1&isShowHidden=1
2023-06-20T05:56:34.868Z ::1 GET /?search=zxc&c=&b=&page=1&limit=10&sort=desc&sortBy=createdAt&getBrandFilter=1&getCategoryFilter=1&isShowHidden=1 (304)
2023-06-20T05:56:43.331Z ::1 GET /api/v1/products?search=zxc&c=&b=&page=1&limit=10&sort=asc&sortBy=isHide&getBrandFilter=1&getCategoryFilter=1&isShowHidden=1
2023-06-20T05:56:43.480Z ::1 GET /?search=zxc&c=&b=&page=1&limit=10&sort=asc&sortBy=isHide&getBrandFilter=1&getCategoryFilter=1&isShowHidden=1 (200)
2023-06-20T05:56:47.864Z ::1 GET /api/v1/products?search=iphone&c=&b=&page=1&limit=10&sort=asc&sortBy=isHide&getBrandFilter=1&getCategoryFilter=1&isShowHidden=1
2023-06-20T05:56:47.997Z ::1 GET /?search=iphone&c=&b=&page=1&limit=10&sort=asc&sortBy=isHide&getBrandFilter=1&getCategoryFilter=1&isShowHidden=1 (200)
2023-06-20T05:57:16.110Z ::1 GET /api/v1/products?search=&c=&b=&page=1&limit=10&sort=desc&sortBy=createdAt&getBrandFilter=1&getCategoryFilter=1&isShowHidden=0
2023-06-20T05:57:16.280Z ::1 GET /?search=&c=&b=&page=1&limit=10&sort=desc&sortBy=createdAt&getBrandFilter=1&getCategoryFilter=1&isShowHidden=0 (304)
2023-06-20T05:57:19.892Z ::1 GET /api/v1/products?search=asd&c=&b=&page=1&limit=10&sort=desc&sortBy=createdAt&getBrandFilter=1&getCategoryFilter=1&isShowHidden=0
2023-06-20T05:57:19.931Z ::1 GET /?search=asd&c=&b=&page=1&limit=10&sort=desc&sortBy=createdAt&getBrandFilter=1&getCategoryFilter=1&isShowHidden=0 (304)
2023-06-20T05:57:23.113Z ::1 GET /api/v1/products?search=iph&c=&b=&page=1&limit=10&sort=desc&sortBy=createdAt&getBrandFilter=1&getCategoryFilter=1&isShowHidden=0
2023-06-20T05:57:23.163Z ::1 GET /?search=iph&c=&b=&page=1&limit=10&sort=desc&sortBy=createdAt&getBrandFilter=1&getCategoryFilter=1&isShowHidden=0 (200)
2023-06-20T05:57:25.113Z ::1 GET /api/v1/products?search=iphone&c=&b=&page=1&limit=10&sort=desc&sortBy=createdAt&getBrandFilter=1&getCategoryFilter=1&isShowHidden=0
2023-06-20T05:57:25.229Z ::1 GET /?search=iphone&c=&b=&page=1&limit=10&sort=desc&sortBy=createdAt&getBrandFilter=1&getCategoryFilter=1&isShowHidden=0 (200)
2023-06-20T05:57:30.244Z ::1 GET /api/v1/products?search=iphone&c=6482ba75e5302aece9f4d20c&b=&page=1&limit=10&sort=desc&sortBy=createdAt&getBrandFilter=1&getCategoryFilter=1&isShowHidden=0
2023-06-20T05:57:30.355Z ::1 GET /?search=iphone&c=6482ba75e5302aece9f4d20c&b=&page=1&limit=10&sort=desc&sortBy=createdAt&getBrandFilter=1&getCategoryFilter=1&isShowHidden=0 (200)
2023-06-20T05:57:32.078Z ::1 GET /api/v1/products?search=iphone&c=&b=&page=1&limit=10&sort=desc&sortBy=createdAt&getBrandFilter=1&getCategoryFilter=1&isShowHidden=0
2023-06-20T05:57:32.227Z ::1 GET /?search=iphone&c=&b=&page=1&limit=10&sort=desc&sortBy=createdAt&getBrandFilter=1&getCategoryFilter=1&isShowHidden=0 (304)
2023-06-20T05:59:39.722Z ::1 GET /api/v1/account
2023-06-20T05:59:39.801Z ::1 GET / (304)
2023-06-20T05:59:41.003Z ::1 POST /api/v1/cart
2023-06-20T05:59:41.130Z ::1 POST / (200)
2023-06-20T05:59:42.687Z ::1 GET /api/v1/brands
2023-06-20T05:59:42.691Z ::1 GET /api/v1/categories
2023-06-20T05:59:42.742Z ::1 GET / (200)
2023-06-20T05:59:42.774Z ::1 GET / (304)
2023-06-20T06:00:35.789Z ::1 GET /api/v1/products?search=&c=&b=&page=1&limit=10&sort=desc&sortBy=createdAt&getBrandFilter=1&getCategoryFilter=1&isShowHidden=0
2023-06-20T06:00:36.018Z ::1 GET /?search=&c=&b=&page=1&limit=10&sort=desc&sortBy=createdAt&getBrandFilter=1&getCategoryFilter=1&isShowHidden=0 (304)
2023-06-20T06:00:39.744Z ::1 GET /api/v1/brands
2023-06-20T06:00:39.748Z ::1 GET /api/v1/categories
2023-06-20T06:00:39.791Z ::1 GET / (304)
2023-06-20T06:00:39.820Z ::1 GET / (304)
2023-06-20T06:00:45.230Z ::1 GET /api/v1/products?search=&c=&b=&page=1&limit=10&sort=desc&sortBy=createdAt&getBrandFilter=1&getCategoryFilter=1&isShowHidden=0
2023-06-20T06:00:45.360Z ::1 GET /?search=&c=&b=&page=1&limit=10&sort=desc&sortBy=createdAt&getBrandFilter=1&getCategoryFilter=1&isShowHidden=0 (304)
2023-06-20T06:00:51.114Z ::1 GET /api/v1/brands
2023-06-20T06:00:51.119Z ::1 GET /api/v1/categories
2023-06-20T06:00:51.182Z ::1 GET / (304)
2023-06-20T06:00:51.213Z ::1 GET / (304)
2023-06-20T06:01:01.453Z ::1 GET /api/v1/account
2023-06-20T06:01:01.484Z ::1 GET / (304)
2023-06-20T06:01:02.097Z ::1 GET /api/v1/products/search/suggest?keyword=
2023-06-20T06:01:02.113Z ::1 GET /api/v1/products/search/suggest?keyword= (404)
2023-06-20T06:01:02.117Z ::1 POST /api/v1/cart
2023-06-20T06:01:02.128Z ::1 GET /api/v1/categories?fields=name%20slug%20image
2023-06-20T06:01:02.134Z ::1 GET /api/v1/brands?fields=name%20slug%20image
2023-06-20T06:01:02.138Z ::1 GET /api/v1/discounts?fields=name,desc,code,beginDate,endDate,quantity,unlimitedQty,discount,discountType,minimumTotal,maximumApplied,image
2023-06-20T06:01:02.189Z ::1 GET /api/v1/products/search/suggest?keyword=
2023-06-20T06:01:02.213Z ::1 GET /api/v1/products/search/suggest?keyword= (404)
2023-06-20T06:01:02.247Z ::1 GET /?fields=name%20slug%20image (200)
2023-06-20T06:01:02.344Z ::1 GET /?fields=name%20slug%20image (200)
2023-06-20T06:01:02.358Z ::1 POST / (200)
2023-06-20T06:01:02.373Z ::1 GET /?fields=name,desc,code,beginDate,endDate,quantity,unlimitedQty,discount,discountType,minimumTotal,maximumApplied,image (200)
2023-06-20T06:01:02.820Z ::1 GET /api/v1/products?search=&page=1&limit=20&b=&c=
2023-06-20T06:01:03.040Z ::1 GET /?search=&page=1&limit=20&b=&c= (200)
2023-06-20T06:01:05.278Z ::1 POST /api/v1/cart
2023-06-20T06:01:05.299Z ::1 POST / (200)
2023-06-20T06:02:21.822Z ::1 GET /api/v1/products?search=&c=&b=&page=1&limit=10&sort=desc&sortBy=createdAt&getBrandFilter=1&getCategoryFilter=1&isShowHidden=0
2023-06-20T06:02:21.971Z ::1 GET /?search=&c=&b=&page=1&limit=10&sort=desc&sortBy=createdAt&getBrandFilter=1&getCategoryFilter=1&isShowHidden=0 (304)
2023-06-20T06:02:27.626Z ::1 GET /api/v1/categories
2023-06-20T06:02:27.670Z ::1 GET / (304)
2023-06-20T06:02:32.287Z ::1 GET /api/v1/products?search=&c=&b=&page=1&limit=10&sort=desc&sortBy=createdAt&getBrandFilter=1&getCategoryFilter=1&isShowHidden=0
2023-06-20T06:02:32.414Z ::1 GET /?search=&c=&b=&page=1&limit=10&sort=desc&sortBy=createdAt&getBrandFilter=1&getCategoryFilter=1&isShowHidden=0 (304)
2023-06-20T06:02:40.605Z ::1 GET /api/v1/brands
2023-06-20T06:02:40.608Z ::1 GET /api/v1/categories
2023-06-20T06:02:40.653Z ::1 GET / (304)
2023-06-20T06:02:40.678Z ::1 GET / (304)
2023-06-20T06:04:55.917Z ::1 GET /api/v1/account
2023-06-20T06:04:56.015Z ::1 GET / (304)
2023-06-20T06:04:57.344Z ::1 POST /api/v1/cart
2023-06-20T06:04:57.649Z ::1 POST / (200)
2023-06-20T06:04:59.311Z ::1 GET /api/v1/brands
2023-06-20T06:04:59.334Z ::1 GET /api/v1/categories
2023-06-20T06:04:59.495Z ::1 GET / (304)
2023-06-20T06:04:59.539Z ::1 GET / (304)