
2023-07-10T03:06:20.756Z Connected successfully to mongodb+srv://ansovoi113:ansovoi113@cluster0.m789ckj.mongodb.net/
2023-07-10T03:06:20.758Z Connected successfully to MongoDB
2023-07-10T03:14:43.227Z Connected successfully to mongodb+srv://ansovoi113:ansovoi113@cluster0.m789ckj.mongodb.net/
2023-07-10T03:14:43.231Z Connected successfully to MongoDB
2023-07-10T03:14:53.512Z Connected successfully to mongodb+srv://ansovoi113:ansovoi113@cluster0.m789ckj.mongodb.net/locmobile
2023-07-10T03:14:53.514Z Connected successfully to MongoDB
2023-07-10T03:18:03.285Z Connected successfully to mongodb+srv://ansovoi113:ansovoi113@cluster0.m789ckj.mongodb.net/locmobile
2023-07-10T03:18:03.290Z Connected successfully to MongoDB
2023-07-10T03:46:51.023Z Connected successfully to mongodb://172.30.128.1:27018/locmobile?replicaSet=mongoRepSet
2023-07-10T03:46:51.032Z Connected successfully to MongoDB
2023-07-10T04:43:55.038Z Connected successfully to mongodb://172.30.128.1:27018/locmobile?replicaSet=mongoRepSet
2023-07-10T04:43:55.040Z Connected successfully to MongoDB
2023-07-10T05:06:17.950Z Connected successfully to mongodb://172.30.128.1:27018/locmobile?replicaSet=mongoRepSet
2023-07-10T05:06:17.954Z Connected successfully to MongoDB
2023-07-10T05:14:02.790Z Connected successfully to mongodb://172.30.128.1:27018/locmobile?replicaSet=mongoRepSet
2023-07-10T05:14:02.793Z Connected successfully to MongoDB
2023-07-10T05:15:54.732Z Connected successfully to mongodb://172.30.128.1:27018/locmobile?replicaSet=mongoRepSet
2023-07-10T05:15:54.734Z Connected successfully to MongoDB
2023-07-10T05:29:34.337Z Connected successfully to mongodb://172.30.128.1:27018/locmobile?replicaSet=mongoRepSet
2023-07-10T05:29:34.348Z Connected successfully to MongoDB
2023-07-10T05:29:51.104Z Connected successfully to mongodb://172.30.128.1:27018/locmobile?replicaSet=mongoRepSet
2023-07-10T05:29:51.107Z Connected successfully to MongoDB
2023-07-10T05:40:20.364Z Connected successfully to mongodb://172.30.128.1:27018/locmobile?replicaSet=mongoRepSet
2023-07-10T05:40:20.367Z Connected successfully to MongoDB
2023-07-10T05:41:21.916Z Connected successfully to mongodb://172.30.128.1:27018/locmobile?replicaSet=mongoRepSet
2023-07-10T05:41:21.918Z Connected successfully to MongoDB
2023-07-10T05:42:00.768Z Connected successfully to mongodb://172.30.128.1:27018/locmobile?replicaSet=mongoRepSet
2023-07-10T05:42:00.771Z Connected successfully to MongoDB
2023-07-10T05:43:12.431Z Connected successfully to mongodb://172.30.128.1:27018/locmobile?replicaSet=mongoRepSet
2023-07-10T05:43:12.433Z Connected successfully to MongoDB
2023-07-10T05:44:13.413Z Connected successfully to mongodb://172.30.128.1:27018/locmobile?replicaSet=mongoRepSet
2023-07-10T05:44:13.416Z Connected successfully to MongoDB
2023-07-10T05:46:52.084Z Connected successfully to mongodb://172.30.128.1:27018/locmobile?replicaSet=mongoRepSet
2023-07-10T05:46:52.090Z Connected successfully to MongoDB
2023-07-10T15:05:01.917Z Connect to MongoDB failed
2023-07-10T15:10:58.198Z Connected successfully to mongodb://172.30.128.1:27018/locmobile?replicaSet=mongoRepSet
2023-07-10T15:10:58.200Z Connected successfully to MongoDB
2023-07-10T15:11:09.569Z Connected successfully to mongodb+srv://ansovoi113:ansovoi113@cluster0.m789ckj.mongodb.net/locmobile
2023-07-10T15:11:09.571Z Connected successfully to MongoDB
2023-07-10T15:49:02.933Z Connected successfully to mongodb+srv://ansovoi113:ansovoi113@cluster0.m789ckj.mongodb.net/locmobile
2023-07-10T15:49:02.936Z Connected successfully to MongoDB
2023-07-10T16:12:49.148Z Connected successfully to mongodb+srv://ansovoi113:ansovoi113@cluster0.m789ckj.mongodb.net/locmobile
2023-07-10T16:12:49.305Z Connected successfully to MongoDB
2023-07-10T16:13:01.680Z Connected successfully to mongodb+srv://ansovoi113:ansovoi113@cluster0.m789ckj.mongodb.net/locmobile
2023-07-10T16:13:01.682Z Connected successfully to MongoDB
2023-07-10T16:13:58.565Z Connected successfully to mongodb+srv://ansovoi113:ansovoi113@cluster0.m789ckj.mongodb.net/locmobile
2023-07-10T16:13:58.568Z Connected successfully to MongoDB
2023-07-10T16:14:48.090Z Connected successfully to mongodb+srv://ansovoi113:ansovoi113@cluster0.m789ckj.mongodb.net/locmobile
2023-07-10T16:14:48.093Z Connected successfully to MongoDB
2023-07-10T16:17:42.900Z Connected successfully to mongodb+srv://ansovoi113:ansovoi113@cluster0.m789ckj.mongodb.net/locmobile
2023-07-10T16:17:42.903Z Connected successfully to MongoDB
2023-07-10T16:18:16.036Z Connected successfully to mongodb+srv://ansovoi113:ansovoi113@cluster0.m789ckj.mongodb.net/locmobile
2023-07-10T16:18:16.038Z Connected successfully to MongoDB
2023-07-10T16:19:53.133Z Connected successfully to mongodb+srv://ansovoi113:ansovoi113@cluster0.m789ckj.mongodb.net/locmobile
2023-07-10T16:19:53.135Z Connected successfully to MongoDB
2023-07-10T16:22:16.650Z Connected successfully to mongodb+srv://ansovoi113:ansovoi113@cluster0.m789ckj.mongodb.net/locmobile
2023-07-10T16:22:16.654Z Connected successfully to MongoDB
2023-07-10T16:23:28.530Z Connected successfully to mongodb+srv://ansovoi113:ansovoi113@cluster0.m789ckj.mongodb.net/locmobile
2023-07-10T16:23:28.532Z Connected successfully to MongoDB
2023-07-10T16:31:41.948Z Connected successfully to mongodb+srv://ansovoi113:ansovoi113@cluster0.m789ckj.mongodb.net/locmobile
2023-07-10T16:31:41.951Z Connected successfully to MongoDB
2023-07-10T16:44:33.184Z Connected successfully to mongodb+srv://ansovoi113:ansovoi113@cluster0.m789ckj.mongodb.net/locmobile
2023-07-10T16:44:33.192Z Connected successfully to MongoDB
2023-07-10T16:50:30.152Z Connected successfully to mongodb+srv://ansovoi113:ansovoi113@cluster0.m789ckj.mongodb.net/locmobile
2023-07-10T16:50:30.156Z Connected successfully to MongoDB
2023-07-10T16:50:43.242Z Connected successfully to mongodb+srv://ansovoi113:ansovoi113@cluster0.m789ckj.mongodb.net/locmobile
2023-07-10T16:50:43.244Z Connected successfully to MongoDB
2023-07-10T16:50:53.159Z Connected successfully to mongodb+srv://ansovoi113:ansovoi113@cluster0.m789ckj.mongodb.net/locmobile
2023-07-10T16:50:53.161Z Connected successfully to MongoDB
2023-07-10T16:51:25.179Z Connected successfully to mongodb+srv://ansovoi113:ansovoi113@cluster0.m789ckj.mongodb.net/locmobile
2023-07-10T16:51:25.232Z Connected successfully to MongoDB
2023-07-10T16:53:07.023Z Connected successfully to mongodb+srv://ansovoi113:ansovoi113@cluster0.m789ckj.mongodb.net/locmobile
2023-07-10T16:53:07.027Z Connected successfully to MongoDB
2023-07-10T16:54:14.753Z Connected successfully to mongodb+srv://ansovoi113:ansovoi113@cluster0.m789ckj.mongodb.net/locmobile
2023-07-10T16:54:14.755Z Connected successfully to MongoDB
2023-07-10T16:59:10.095Z Connected successfully to mongodb+srv://ansovoi113:ansovoi113@cluster0.m789ckj.mongodb.net/locmobile
2023-07-10T16:59:10.102Z Connected successfully to MongoDB
2023-07-10T17:05:21.673Z Connected successfully to mongodb+srv://ansovoi113:ansovoi113@cluster0.m789ckj.mongodb.net/locmobile
2023-07-10T17:05:21.675Z Connected successfully to MongoDB
2023-07-10T17:07:48.050Z Connected successfully to mongodb+srv://ansovoi113:ansovoi113@cluster0.m789ckj.mongodb.net/locmobile
2023-07-10T17:07:48.092Z Connected successfully to MongoDB